{"D:\\legal_debate_mvp\\src\\app\\api\\health\\route.ts": {"path":"D:\\legal_debate_mvp\\src\\app\\api\\health\\route.ts","statementMap":{"0":{"start":{"line":1,"column":0},"end":{"line":1,"column":56}},"1":{"start":{"line":2,"column":0},"end":{"line":2,"column":70}},"2":{"start":{"line":3,"column":0},"end":{"line":3,"column":76}},"3":{"start":{"line":9,"column":13},"end":{"line":54,"column":3}},"4":{"start":{"line":11,"column":17},"end":{"line":11,"column":26}},"5":{"start":{"line":12,"column":23},"end":{"line":12,"column":24}},"6":{"start":{"line":14,"column":2},"end":{"line":21,"column":3}},"7":{"start":{"line":15,"column":22},"end":{"line":15,"column":32}},"8":{"start":{"line":18,"column":4},"end":{"line":18,"column":44}},"9":{"start":{"line":20,"column":4},"end":{"line":20,"column":27}},"10":{"start":{"line":24,"column":17},"end":{"line":24,"column":26}},"11":{"start":{"line":25,"column":2},"end":{"line":30,"column":3}},"12":{"start":{"line":29,"column":4},"end":{"line":29,"column":27}},"13":{"start":{"line":32,"column":24},"end":{"line":32,"column":98}},"14":{"start":{"line":34,"column":2},"end":{"line":53,"column":5}},"15":{"start":{"line":60,"column":13},"end":{"line":62,"column":3}},"16":{"start":{"line":61,"column":2},"end":{"line":61,"column":49}}},"fnMap":{"0":{"name":"(anonymous_0)","decl":{"start":{"line":9,"column":36},"end":{"line":9,"column":41}},"loc":{"start":{"line":9,"column":67},"end":{"line":54,"column":1}}},"1":{"name":"(anonymous_1)","decl":{"start":{"line":60,"column":37},"end":{"line":60,"column":42}},"loc":{"start":{"line":60,"column":68},"end":{"line":62,"column":1}}}},"branchMap":{"0":{"loc":{"start":{"line":32,"column":24},"end":{"line":32,"column":98}},"type":"cond-expr","locations":[{"start":{"line":32,"column":75},"end":{"line":32,"column":84}},{"start":{"line":32,"column":87},"end":{"line":32,"column":98}}]},"1":{"loc":{"start":{"line":32,"column":24},"end":{"line":32,"column":72}},"type":"binary-expr","locations":[{"start":{"line":32,"column":24},"end":{"line":32,"column":46}},{"start":{"line":32,"column":50},"end":{"line":32,"column":72}}]}},"s":{"0":1,"1":1,"2":1,"3":1,"4":6,"5":6,"6":6,"7":6,"8":6,"9":0,"10":6,"11":6,"12":0,"13":6,"14":6,"15":1,"16":2},"f":{"0":6,"1":2},"b":{"0":[6,0],"1":[6,6]}}
,"D:\\legal_debate_mvp\\src\\app\\api\\lib\\errors\\api-error.ts": {"path":"D:\\legal_debate_mvp\\src\\app\\api\\lib\\errors\\api-error.ts","statementMap":{"0":{"start":{"line":1,"column":0},"end":{"line":1,"column":43}},"1":{"start":{"line":13,"column":4},"end":{"line":13,"column":19}},"2":{"start":{"line":8,"column":11},"end":{"line":8,"column":29}},"3":{"start":{"line":9,"column":11},"end":{"line":9,"column":23}},"4":{"start":{"line":11,"column":11},"end":{"line":11,"column":44}},"5":{"start":{"line":14,"column":4},"end":{"line":14,"column":27}},"6":{"start":{"line":21,"column":4},"end":{"line":32,"column":6}},"7":{"start":{"line":6,"column":0},"end":{"line":6,"column":13}},"8":{"start":{"line":41,"column":4},"end":{"line":41,"column":53}},"9":{"start":{"line":39,"column":0},"end":{"line":39,"column":13}},"10":{"start":{"line":47,"column":4},"end":{"line":47,"column":53}},"11":{"start":{"line":45,"column":0},"end":{"line":45,"column":13}},"12":{"start":{"line":53,"column":4},"end":{"line":53,"column":40}},"13":{"start":{"line":51,"column":0},"end":{"line":51,"column":13}},"14":{"start":{"line":59,"column":4},"end":{"line":59,"column":37}},"15":{"start":{"line":57,"column":0},"end":{"line":57,"column":13}},"16":{"start":{"line":65,"column":4},"end":{"line":65,"column":58}},"17":{"start":{"line":63,"column":0},"end":{"line":63,"column":13}}},"fnMap":{"0":{"name":"(anonymous_0)","decl":{"start":{"line":7,"column":2},"end":{"line":7,"column":null}},"loc":{"start":{"line":11,"column":44},"end":{"line":15,"column":3}}},"1":{"name":"(anonymous_1)","decl":{"start":{"line":20,"column":2},"end":{"line":20,"column":12}},"loc":{"start":{"line":20,"column":12},"end":{"line":33,"column":3}}},"2":{"name":"(anonymous_2)","decl":{"start":{"line":40,"column":2},"end":{"line":40,"column":14}},"loc":{"start":{"line":40,"column":64},"end":{"line":42,"column":3}}},"3":{"name":"(anonymous_3)","decl":{"start":{"line":46,"column":2},"end":{"line":46,"column":14}},"loc":{"start":{"line":46,"column":43},"end":{"line":48,"column":3}}},"4":{"name":"(anonymous_4)","decl":{"start":{"line":52,"column":2},"end":{"line":52,"column":14}},"loc":{"start":{"line":52,"column":46},"end":{"line":54,"column":3}}},"5":{"name":"(anonymous_5)","decl":{"start":{"line":58,"column":2},"end":{"line":58,"column":14}},"loc":{"start":{"line":58,"column":43},"end":{"line":60,"column":3}}},"6":{"name":"(anonymous_6)","decl":{"start":{"line":64,"column":2},"end":{"line":64,"column":14}},"loc":{"start":{"line":64,"column":90},"end":{"line":66,"column":3}}}},"branchMap":{"0":{"loc":{"start":{"line":46,"column":14},"end":{"line":46,"column":43}},"type":"default-arg","locations":[{"start":{"line":46,"column":33},"end":{"line":46,"column":43}}]},"1":{"loc":{"start":{"line":52,"column":14},"end":{"line":52,"column":46}},"type":"default-arg","locations":[{"start":{"line":52,"column":32},"end":{"line":52,"column":46}}]},"2":{"loc":{"start":{"line":58,"column":14},"end":{"line":58,"column":43}},"type":"default-arg","locations":[{"start":{"line":58,"column":32},"end":{"line":58,"column":43}}]},"3":{"loc":{"start":{"line":64,"column":14},"end":{"line":64,"column":55}},"type":"default-arg","locations":[{"start":{"line":64,"column":32},"end":{"line":64,"column":55}}]}},"s":{"0":8,"1":65,"2":65,"3":65,"4":65,"5":65,"6":22,"7":8,"8":46,"9":8,"10":4,"11":8,"12":2,"13":8,"14":2,"15":8,"16":3,"17":8},"f":{"0":65,"1":22,"2":46,"3":4,"4":2,"5":2,"6":3},"b":{"0":[1],"1":[1],"2":[1],"3":[1]}}
,"D:\\legal_debate_mvp\\src\\app\\api\\lib\\errors\\error-handler.ts": {"path":"D:\\legal_debate_mvp\\src\\app\\api\\lib\\errors\\error-handler.ts","statementMap":{"0":{"start":{"line":8,"column":0},"end":{"line":8,"column":16}},"1":{"start":{"line":94,"column":0},"end":{"line":94,"column":16}},"2":{"start":{"line":109,"column":0},"end":{"line":109,"column":7}},"3":{"start":{"line":1,"column":0},"end":{"line":1,"column":56}},"4":{"start":{"line":2,"column":0},"end":{"line":2,"column":39}},"5":{"start":{"line":10,"column":2},"end":{"line":16,"column":5}},"6":{"start":{"line":19,"column":2},"end":{"line":21,"column":3}},"7":{"start":{"line":20,"column":4},"end":{"line":20,"column":30}},"8":{"start":{"line":24,"column":2},"end":{"line":39,"column":3}},"9":{"start":{"line":25,"column":4},"end":{"line":38,"column":6}},"10":{"start":{"line":42,"column":2},"end":{"line":73,"column":3}},"11":{"start":{"line":43,"column":24},"end":{"line":43,"column":66}},"12":{"start":{"line":45,"column":4},"end":{"line":72,"column":5}},"13":{"start":{"line":47,"column":8},"end":{"line":57,"column":10}},"14":{"start":{"line":59,"column":8},"end":{"line":69,"column":10}},"15":{"start":{"line":71,"column":8},"end":{"line":71,"column":14}},"16":{"start":{"line":76,"column":2},"end":{"line":88,"column":4}},"17":{"start":{"line":97,"column":2},"end":{"line":103,"column":4}},"18":{"start":{"line":98,"column":4},"end":{"line":102,"column":5}},"19":{"start":{"line":99,"column":6},"end":{"line":99,"column":45}},"20":{"start":{"line":101,"column":6},"end":{"line":101,"column":44}},"21":{"start":{"line":113,"column":2},"end":{"line":118,"column":3}},"22":{"start":{"line":114,"column":19},"end":{"line":114,"column":32}},"23":{"start":{"line":115,"column":4},"end":{"line":115,"column":26}},"24":{"start":{"line":117,"column":4},"end":{"line":117,"column":50}}},"fnMap":{"0":{"name":"handleApiError","decl":{"start":{"line":8,"column":16},"end":{"line":8,"column":30}},"loc":{"start":{"line":8,"column":67},"end":{"line":89,"column":1}}},"1":{"name":"withErrorHandler","decl":{"start":{"line":94,"column":16},"end":{"line":94,"column":32}},"loc":{"start":{"line":95,"column":74},"end":{"line":104,"column":1}}},"2":{"name":"(anonymous_2)","decl":{"start":{"line":97,"column":9},"end":{"line":97,"column":14}},"loc":{"start":{"line":97,"column":79},"end":{"line":103,"column":3}}},"3":{"name":"withErrorHandling","decl":{"start":{"line":109,"column":22},"end":{"line":109,"column":39}},"loc":{"start":{"line":111,"column":22},"end":{"line":119,"column":1}}}},"branchMap":{"0":{"loc":{"start":{"line":11,"column":11},"end":{"line":11,"column":67}},"type":"cond-expr","locations":[{"start":{"line":11,"column":36},"end":{"line":11,"column":49}},{"start":{"line":11,"column":52},"end":{"line":11,"column":67}}]},"1":{"loc":{"start":{"line":12,"column":11},"end":{"line":12,"column":59}},"type":"cond-expr","locations":[{"start":{"line":12,"column":36},"end":{"line":12,"column":47}},{"start":{"line":12,"column":50},"end":{"line":12,"column":59}}]},"2":{"loc":{"start":{"line":19,"column":2},"end":{"line":21,"column":3}},"type":"if","locations":[{"start":{"line":19,"column":2},"end":{"line":21,"column":3}},{"start":{},"end":{}}]},"3":{"loc":{"start":{"line":24,"column":2},"end":{"line":39,"column":3}},"type":"if","locations":[{"start":{"line":24,"column":2},"end":{"line":39,"column":3}},{"start":{},"end":{}}]},"4":{"loc":{"start":{"line":24,"column":6},"end":{"line":24,"column":61}},"type":"binary-expr","locations":[{"start":{"line":24,"column":6},"end":{"line":24,"column":11}},{"start":{"line":24,"column":15},"end":{"line":24,"column":40}},{"start":{"line":24,"column":44},"end":{"line":24,"column":61}}]},"5":{"loc":{"start":{"line":42,"column":2},"end":{"line":73,"column":3}},"type":"if","locations":[{"start":{"line":42,"column":2},"end":{"line":73,"column":3}},{"start":{},"end":{}}]},"6":{"loc":{"start":{"line":42,"column":6},"end":{"line":42,"column":59}},"type":"binary-expr","locations":[{"start":{"line":42,"column":6},"end":{"line":42,"column":11}},{"start":{"line":42,"column":15},"end":{"line":42,"column":40}},{"start":{"line":42,"column":44},"end":{"line":42,"column":59}}]},"7":{"loc":{"start":{"line":45,"column":4},"end":{"line":72,"column":5}},"type":"switch","locations":[{"start":{"line":46,"column":6},"end":{"line":57,"column":10}},{"start":{"line":58,"column":6},"end":{"line":69,"column":10}},{"start":{"line":70,"column":6},"end":{"line":71,"column":14}}]},"8":{"loc":{"start":{"line":81,"column":17},"end":{"line":83,"column":68}},"type":"cond-expr","locations":[{"start":{"line":82,"column":12},"end":{"line":82,"column":35}},{"start":{"line":83,"column":12},"end":{"line":83,"column":68}}]},"9":{"loc":{"start":{"line":83,"column":12},"end":{"line":83,"column":68}},"type":"cond-expr","locations":[{"start":{"line":83,"column":37},"end":{"line":83,"column":50}},{"start":{"line":83,"column":53},"end":{"line":83,"column":68}}]}},"s":{"0":6,"1":6,"2":6,"3":6,"4":6,"5":34,"6":34,"7":20,"8":14,"9":3,"10":11,"11":3,"12":3,"13":1,"14":1,"15":1,"16":9,"17":14,"18":66,"19":66,"20":14,"21":3,"22":3,"23":1,"24":2},"f":{"0":34,"1":14,"2":66,"3":3},"b":{"0":[29,5],"1":[29,5],"2":[20,14],"3":[3,11],"4":[14,14,13],"5":[3,8],"6":[11,11,10],"7":[1,1,1],"8":[1,8],"9":[6,2]}}
,"D:\\legal_debate_mvp\\src\\app\\api\\lib\\middleware\\core.ts": {"path":"D:\\legal_debate_mvp\\src\\app\\api\\lib\\middleware\\core.ts","statementMap":{"0":{"start":{"line":69,"column":0},"end":{"line":69,"column":16}},"1":{"start":{"line":26,"column":10},"end":{"line":26,"column":41}},"2":{"start":{"line":32,"column":4},"end":{"line":32,"column":38}},"3":{"start":{"line":33,"column":4},"end":{"line":33,"column":16}},"4":{"start":{"line":40,"column":16},"end":{"line":40,"column":17}},"5":{"start":{"line":42,"column":17},"end":{"line":60,"column":5}},"6":{"start":{"line":43,"column":6},"end":{"line":45,"column":7}},"7":{"start":{"line":44,"column":8},"end":{"line":44,"column":61}},"8":{"start":{"line":47,"column":25},"end":{"line":47,"column":50}},"9":{"start":{"line":48,"column":6},"end":{"line":59,"column":7}},"10":{"start":{"line":49,"column":23},"end":{"line":49,"column":57}},"11":{"start":{"line":51,"column":8},"end":{"line":53,"column":9}},"12":{"start":{"line":52,"column":10},"end":{"line":52,"column":24}},"13":{"start":{"line":55,"column":8},"end":{"line":55,"column":22}},"14":{"start":{"line":57,"column":35},"end":{"line":57,"column":74}},"15":{"start":{"line":58,"column":8},"end":{"line":58,"column":46}},"16":{"start":{"line":62,"column":4},"end":{"line":62,"column":18}},"17":{"start":{"line":25,"column":0},"end":{"line":25,"column":13}},"18":{"start":{"line":70,"column":2},"end":{"line":74,"column":4}}},"fnMap":{"0":{"name":"(anonymous_9)","decl":{"start":{"line":25,"column":0},"end":{"line":25,"column":13}},"loc":{"start":{"line":25,"column":0},"end":{"line":64,"column":1}}},"1":{"name":"(anonymous_10)","decl":{"start":{"line":31,"column":2},"end":{"line":31,"column":5}},"loc":{"start":{"line":31,"column":28},"end":{"line":34,"column":3}}},"2":{"name":"(anonymous_11)","decl":{"start":{"line":39,"column":2},"end":{"line":39,"column":7}},"loc":{"start":{"line":39,"column":61},"end":{"line":63,"column":3}}},"3":{"name":"(anonymous_12)","decl":{"start":{"line":42,"column":17},"end":{"line":42,"column":22}},"loc":{"start":{"line":42,"column":51},"end":{"line":60,"column":5}}},"4":{"name":"(anonymous_13)","decl":{"start":{"line":57,"column":35},"end":{"line":57,"column":48}},"loc":{"start":{"line":57,"column":35},"end":{"line":57,"column":74}}},"5":{"name":"createRequestContext","decl":{"start":{"line":69,"column":16},"end":{"line":69,"column":36}},"loc":{"start":{"line":69,"column":57},"end":{"line":75,"column":1}}}},"branchMap":{"0":{"loc":{"start":{"line":43,"column":6},"end":{"line":45,"column":7}},"type":"if","locations":[{"start":{"line":43,"column":6},"end":{"line":45,"column":7}},{"start":{},"end":{}}]},"1":{"loc":{"start":{"line":51,"column":8},"end":{"line":53,"column":9}},"type":"if","locations":[{"start":{"line":51,"column":8},"end":{"line":53,"column":9}},{"start":{},"end":{}}]}},"s":{"0":3,"1":33,"2":111,"3":111,"4":39,"5":39,"6":49,"7":2,"8":47,"9":47,"10":47,"11":43,"12":33,"13":10,"14":8,"15":4,"16":39,"17":3,"18":75},"f":{"0":33,"1":111,"2":39,"3":49,"4":4,"5":75},"b":{"0":[2,47],"1":[33,10]}}
,"D:\\legal_debate_mvp\\src\\app\\api\\lib\\middleware\\index.ts": {"path":"D:\\legal_debate_mvp\\src\\app\\api\\lib\\middleware\\index.ts","statementMap":{"0":{"start":{"line":8,"column":0},"end":{"line":8,"column":16}},"1":{"start":{"line":1,"column":0},"end":{"line":1,"column":63}},"2":{"start":{"line":2,"column":0},"end":{"line":2,"column":85}},"3":{"start":{"line":3,"column":0},"end":{"line":3,"column":89}},"4":{"start":{"line":9,"column":2},"end":{"line":15,"column":28}},"5":{"start":{"line":19,"column":0},"end":{"line":19,"column":23}},"6":{"start":{"line":20,"column":0},"end":{"line":20,"column":27}},"7":{"start":{"line":21,"column":0},"end":{"line":21,"column":26}}},"fnMap":{"0":{"name":"createDefaultMiddlewareStack","decl":{"start":{"line":8,"column":16},"end":{"line":8,"column":44}},"loc":{"start":{"line":8,"column":44},"end":{"line":16,"column":1}}}},"branchMap":{},"s":{"0":1,"1":1,"2":1,"3":1,"4":9,"5":1,"6":1,"7":1},"f":{"0":9},"b":{}}
,"D:\\legal_debate_mvp\\src\\app\\api\\lib\\middleware\\logging.ts": {"path":"D:\\legal_debate_mvp\\src\\app\\api\\lib\\middleware\\logging.ts","statementMap":{"0":{"start":{"line":1,"column":0},"end":{"line":1,"column":56}},"1":{"start":{"line":7,"column":45},"end":{"line":24,"column":1}},"2":{"start":{"line":8,"column":26},"end":{"line":8,"column":33}},"3":{"start":{"line":9,"column":20},"end":{"line":9,"column":66}},"4":{"start":{"line":10,"column":13},"end":{"line":10,"column":102}},"5":{"start":{"line":13,"column":2},"end":{"line":20,"column":5}},"6":{"start":{"line":23,"column":2},"end":{"line":23,"column":29}},"7":{"start":{"line":7,"column":13},"end":{"line":7,"column":45}},"8":{"start":{"line":29,"column":50},"end":{"line":39,"column":1}},"9":{"start":{"line":30,"column":20},"end":{"line":30,"column":30}},"10":{"start":{"line":33,"column":19},"end":{"line":33,"column":38}},"11":{"start":{"line":35,"column":2},"end":{"line":35,"column":73}},"12":{"start":{"line":36,"column":2},"end":{"line":36,"column":58}},"13":{"start":{"line":38,"column":2},"end":{"line":38,"column":18}},"14":{"start":{"line":29,"column":13},"end":{"line":29,"column":50}},"15":{"start":{"line":44,"column":45},"end":{"line":57,"column":1}},"16":{"start":{"line":45,"column":14},"end":{"line":45,"column":34}},"17":{"start":{"line":46,"column":23},"end":{"line":46,"column":62}},"18":{"start":{"line":49,"column":23},"end":{"line":49,"column":57}},"19":{"start":{"line":50,"column":18},"end":{"line":50,"column":55}},"20":{"start":{"line":52,"column":19},"end":{"line":52,"column":38}},"21":{"start":{"line":53,"column":2},"end":{"line":53,"column":47}},"22":{"start":{"line":54,"column":2},"end":{"line":54,"column":49}},"23":{"start":{"line":56,"column":2},"end":{"line":56,"column":18}},"24":{"start":{"line":44,"column":13},"end":{"line":44,"column":45}}},"fnMap":{"0":{"name":"(anonymous_0)","decl":{"start":{"line":7,"column":45},"end":{"line":7,"column":50}},"loc":{"start":{"line":7,"column":72},"end":{"line":24,"column":1}}},"1":{"name":"(anonymous_1)","decl":{"start":{"line":29,"column":50},"end":{"line":29,"column":55}},"loc":{"start":{"line":29,"column":77},"end":{"line":39,"column":1}}},"2":{"name":"(anonymous_2)","decl":{"start":{"line":44,"column":45},"end":{"line":44,"column":50}},"loc":{"start":{"line":44,"column":72},"end":{"line":57,"column":1}}}},"branchMap":{"0":{"loc":{"start":{"line":9,"column":20},"end":{"line":9,"column":66}},"type":"binary-expr","locations":[{"start":{"line":9,"column":20},"end":{"line":9,"column":53}},{"start":{"line":9,"column":57},"end":{"line":9,"column":66}}]},"1":{"loc":{"start":{"line":10,"column":13},"end":{"line":10,"column":102}},"type":"binary-expr","locations":[{"start":{"line":10,"column":13},"end":{"line":10,"column":51}},{"start":{"line":10,"column":55},"end":{"line":10,"column":87}},{"start":{"line":10,"column":91},"end":{"line":10,"column":102}}]},"2":{"loc":{"start":{"line":49,"column":23},"end":{"line":49,"column":57}},"type":"cond-expr","locations":[{"start":{"line":49,"column":38},"end":{"line":49,"column":40}},{"start":{"line":49,"column":38},"end":{"line":49,"column":57}}]},"3":{"loc":{"start":{"line":49,"column":23},"end":{"line":49,"column":40}},"type":"binary-expr","locations":[{"start":{"line":49,"column":23},"end":{"line":49,"column":40}},{"start":{"line":49,"column":38},"end":{"line":49,"column":40}}]},"4":{"loc":{"start":{"line":50,"column":18},"end":{"line":50,"column":55}},"type":"cond-expr","locations":[{"start":{"line":50,"column":33},"end":{"line":50,"column":48}},{"start":{"line":50,"column":51},"end":{"line":50,"column":55}}]}},"s":{"0":2,"1":2,"2":2,"3":2,"4":2,"5":2,"6":2,"7":2,"8":2,"9":1,"10":1,"11":1,"12":1,"13":1,"14":2,"15":2,"16":3,"17":3,"18":3,"19":3,"20":3,"21":3,"22":3,"23":3,"24":2},"f":{"0":2,"1":1,"2":3},"b":{"0":[2,1],"1":[2,1,1],"2":[0,3],"3":[3,3],"4":[0,3]}}
,"D:\\legal_debate_mvp\\src\\app\\api\\lib\\middleware\\security.ts": {"path":"D:\\legal_debate_mvp\\src\\app\\api\\lib\\middleware\\security.ts","statementMap":{"0":{"start":{"line":1,"column":0},"end":{"line":1,"column":56}},"1":{"start":{"line":7,"column":42},"end":{"line":34,"column":1}},"2":{"start":{"line":8,"column":17},"end":{"line":8,"column":46}},"3":{"start":{"line":9,"column":25},"end":{"line":13,"column":31}},"4":{"start":{"line":16,"column":2},"end":{"line":26,"column":3}},"5":{"start":{"line":17,"column":21},"end":{"line":17,"column":60}},"6":{"start":{"line":19,"column":4},"end":{"line":19,"column":124}},"7":{"start":{"line":20,"column":4},"end":{"line":20,"column":99}},"8":{"start":{"line":21,"column":4},"end":{"line":21,"column":122}},"9":{"start":{"line":22,"column":4},"end":{"line":22,"column":69}},"10":{"start":{"line":23,"column":4},"end":{"line":23,"column":60}},"11":{"start":{"line":25,"column":4},"end":{"line":25,"column":20}},"12":{"start":{"line":29,"column":19},"end":{"line":29,"column":38}},"13":{"start":{"line":30,"column":2},"end":{"line":30,"column":122}},"14":{"start":{"line":31,"column":2},"end":{"line":31,"column":67}},"15":{"start":{"line":33,"column":2},"end":{"line":33,"column":18}},"16":{"start":{"line":7,"column":13},"end":{"line":7,"column":42}},"17":{"start":{"line":39,"column":46},"end":{"line":54,"column":1}},"18":{"start":{"line":40,"column":19},"end":{"line":40,"column":38}},"19":{"start":{"line":43,"column":2},"end":{"line":43,"column":60}},"20":{"start":{"line":44,"column":2},"end":{"line":44,"column":50}},"21":{"start":{"line":45,"column":2},"end":{"line":45,"column":60}},"22":{"start":{"line":46,"column":2},"end":{"line":46,"column":77}},"23":{"start":{"line":47,"column":2},"end":{"line":47,"column":89}},"24":{"start":{"line":50,"column":2},"end":{"line":50,"column":46}},"25":{"start":{"line":51,"column":2},"end":{"line":51,"column":84}},"26":{"start":{"line":53,"column":2},"end":{"line":53,"column":18}},"27":{"start":{"line":39,"column":13},"end":{"line":39,"column":46}},"28":{"start":{"line":60,"column":10},"end":{"line":60,"column":54}},"29":{"start":{"line":63,"column":16},"end":{"line":63,"column":26}},"30":{"start":{"line":64,"column":21},"end":{"line":64,"column":49}},"31":{"start":{"line":67,"column":26},"end":{"line":67,"column":70}},"32":{"start":{"line":67,"column":50},"end":{"line":67,"column":69}},"33":{"start":{"line":69,"column":4},"end":{"line":71,"column":5}},"34":{"start":{"line":70,"column":6},"end":{"line":70,"column":19}},"35":{"start":{"line":73,"column":4},"end":{"line":73,"column":28}},"36":{"start":{"line":74,"column":4},"end":{"line":74,"column":42}},"37":{"start":{"line":76,"column":4},"end":{"line":76,"column":16}},"38":{"start":{"line":80,"column":16},"end":{"line":80,"column":26}},"39":{"start":{"line":81,"column":21},"end":{"line":81,"column":49}},"40":{"start":{"line":82,"column":4},"end":{"line":82,"column":63}},"41":{"start":{"line":82,"column":35},"end":{"line":82,"column":54}},"42":{"start":{"line":86,"column":20},"end":{"line":86,"column":37}},"43":{"start":{"line":88,"column":47},"end":{"line":125,"column":1}},"44":{"start":{"line":89,"column":13},"end":{"line":89,"column":102}},"45":{"start":{"line":90,"column":14},"end":{"line":90,"column":32}},"46":{"start":{"line":91,"column":16},"end":{"line":91,"column":19}},"47":{"start":{"line":92,"column":17},"end":{"line":92,"column":26}},"48":{"start":{"line":94,"column":2},"end":{"line":114,"column":3}},"49":{"start":{"line":95,"column":4},"end":{"line":113,"column":6}},"50":{"start":{"line":116,"column":19},"end":{"line":116,"column":38}},"51":{"start":{"line":117,"column":23},"end":{"line":117,"column":63}},"52":{"start":{"line":118,"column":20},"end":{"line":118,"column":53}},"53":{"start":{"line":120,"column":2},"end":{"line":120,"column":62}},"54":{"start":{"line":121,"column":2},"end":{"line":121,"column":70}},"55":{"start":{"line":122,"column":2},"end":{"line":122,"column":89}},"56":{"start":{"line":124,"column":2},"end":{"line":124,"column":18}},"57":{"start":{"line":88,"column":13},"end":{"line":88,"column":47}}},"fnMap":{"0":{"name":"(anonymous_0)","decl":{"start":{"line":7,"column":42},"end":{"line":7,"column":47}},"loc":{"start":{"line":7,"column":69},"end":{"line":34,"column":1}}},"1":{"name":"(anonymous_1)","decl":{"start":{"line":39,"column":46},"end":{"line":39,"column":51}},"loc":{"start":{"line":39,"column":73},"end":{"line":54,"column":1}}},"2":{"name":"(anonymous_2)","decl":{"start":{"line":59,"column":0},"end":{"line":59,"column":6}},"loc":{"start":{"line":59,"column":0},"end":{"line":84,"column":1}}},"3":{"name":"(anonymous_3)","decl":{"start":{"line":62,"column":2},"end":{"line":62,"column":11}},"loc":{"start":{"line":62,"column":54},"end":{"line":77,"column":3}}},"4":{"name":"(anonymous_4)","decl":{"start":{"line":67,"column":42},"end":{"line":67,"column":46}},"loc":{"start":{"line":67,"column":50},"end":{"line":67,"column":69}}},"5":{"name":"(anonymous_5)","decl":{"start":{"line":79,"column":2},"end":{"line":79,"column":17}},"loc":{"start":{"line":79,"column":45},"end":{"line":83,"column":3}}},"6":{"name":"(anonymous_6)","decl":{"start":{"line":82,"column":27},"end":{"line":82,"column":31}},"loc":{"start":{"line":82,"column":35},"end":{"line":82,"column":54}}},"7":{"name":"(anonymous_7)","decl":{"start":{"line":88,"column":47},"end":{"line":88,"column":52}},"loc":{"start":{"line":88,"column":74},"end":{"line":125,"column":1}}}},"branchMap":{"0":{"loc":{"start":{"line":16,"column":2},"end":{"line":26,"column":3}},"type":"if","locations":[{"start":{"line":16,"column":2},"end":{"line":26,"column":3}},{"start":{},"end":{}}]},"1":{"loc":{"start":{"line":19,"column":56},"end":{"line":19,"column":122}},"type":"cond-expr","locations":[{"start":{"line":19,"column":96},"end":{"line":19,"column":102}},{"start":{"line":19,"column":105},"end":{"line":19,"column":122}}]},"2":{"loc":{"start":{"line":19,"column":80},"end":{"line":19,"column":92}},"type":"binary-expr","locations":[{"start":{"line":19,"column":80},"end":{"line":19,"column":86}},{"start":{"line":19,"column":90},"end":{"line":19,"column":92}}]},"3":{"loc":{"start":{"line":30,"column":54},"end":{"line":30,"column":120}},"type":"cond-expr","locations":[{"start":{"line":30,"column":94},"end":{"line":30,"column":100}},{"start":{"line":30,"column":103},"end":{"line":30,"column":120}}]},"4":{"loc":{"start":{"line":30,"column":78},"end":{"line":30,"column":90}},"type":"binary-expr","locations":[{"start":{"line":30,"column":78},"end":{"line":30,"column":84}},{"start":{"line":30,"column":88},"end":{"line":30,"column":90}}]},"5":{"loc":{"start":{"line":51,"column":45},"end":{"line":51,"column":82}},"type":"binary-expr","locations":[{"start":{"line":51,"column":45},"end":{"line":51,"column":65}},{"start":{"line":51,"column":69},"end":{"line":51,"column":82}}]},"6":{"loc":{"start":{"line":64,"column":21},"end":{"line":64,"column":49}},"type":"binary-expr","locations":[{"start":{"line":64,"column":21},"end":{"line":64,"column":43}},{"start":{"line":64,"column":47},"end":{"line":64,"column":49}}]},"7":{"loc":{"start":{"line":69,"column":4},"end":{"line":71,"column":5}},"type":"if","locations":[{"start":{"line":69,"column":4},"end":{"line":71,"column":5}},{"start":{},"end":{}}]},"8":{"loc":{"start":{"line":81,"column":21},"end":{"line":81,"column":49}},"type":"binary-expr","locations":[{"start":{"line":81,"column":21},"end":{"line":81,"column":43}},{"start":{"line":81,"column":47},"end":{"line":81,"column":49}}]},"9":{"loc":{"start":{"line":89,"column":13},"end":{"line":89,"column":102}},"type":"binary-expr","locations":[{"start":{"line":89,"column":13},"end":{"line":89,"column":51}},{"start":{"line":89,"column":55},"end":{"line":89,"column":87}},{"start":{"line":89,"column":91},"end":{"line":89,"column":102}}]},"10":{"loc":{"start":{"line":94,"column":2},"end":{"line":114,"column":3}},"type":"if","locations":[{"start":{"line":94,"column":2},"end":{"line":114,"column":3}},{"start":{},"end":{}}]}},"s":{"0":3,"1":3,"2":29,"3":29,"4":29,"5":4,"6":4,"7":4,"8":4,"9":4,"10":4,"11":4,"12":25,"13":25,"14":25,"15":25,"16":3,"17":3,"18":5,"19":5,"20":5,"21":5,"22":5,"23":5,"24":5,"25":5,"26":5,"27":3,"28":3,"29":310,"30":310,"31":310,"32":15250,"33":310,"34":4,"35":306,"36":306,"37":306,"38":306,"39":306,"40":306,"41":15156,"42":3,"43":3,"44":310,"45":310,"46":310,"47":310,"48":310,"49":4,"50":306,"51":306,"52":306,"53":306,"54":306,"55":306,"56":306,"57":3},"f":{"0":29,"1":5,"2":3,"3":310,"4":15250,"5":306,"6":15156,"7":310},"b":{"0":[4,25],"1":[2,2],"2":[4,1],"3":[4,21],"4":[25,21],"5":[5,0],"6":[310,9],"7":[4,306],"8":[306,0],"9":[310,4,2],"10":[4,306]}}
,"D:\\legal_debate_mvp\\src\\app\\api\\lib\\responses\\api-response.ts": {"path":"D:\\legal_debate_mvp\\src\\app\\api\\lib\\responses\\api-response.ts","statementMap":{"0":{"start":{"line":36,"column":0},"end":{"line":36,"column":16}},"1":{"start":{"line":55,"column":0},"end":{"line":55,"column":16}},"2":{"start":{"line":73,"column":0},"end":{"line":73,"column":16}},"3":{"start":{"line":88,"column":0},"end":{"line":88,"column":16}},"4":{"start":{"line":107,"column":0},"end":{"line":107,"column":16}},"5":{"start":{"line":129,"column":0},"end":{"line":129,"column":16}},"6":{"start":{"line":1,"column":0},"end":{"line":1,"column":43}},"7":{"start":{"line":13,"column":0},"end":{"line":13,"column":26}},"8":{"start":{"line":14,"column":0},"end":{"line":14,"column":29}},"9":{"start":{"line":19,"column":0},"end":{"line":19,"column":null}},"10":{"start":{"line":20,"column":2},"end":{"line":20,"column":null}},"11":{"start":{"line":21,"column":2},"end":{"line":21,"column":null}},"12":{"start":{"line":22,"column":2},"end":{"line":22,"column":null}},"13":{"start":{"line":23,"column":2},"end":{"line":23,"column":null}},"14":{"start":{"line":24,"column":2},"end":{"line":24,"column":null}},"15":{"start":{"line":28,"column":0},"end":{"line":28,"column":null}},"16":{"start":{"line":29,"column":2},"end":{"line":29,"column":null}},"17":{"start":{"line":30,"column":2},"end":{"line":30,"column":null}},"18":{"start":{"line":41,"column":2},"end":{"line":47,"column":3}},"19":{"start":{"line":43,"column":20},"end":{"line":45,"column":67}},"20":{"start":{"line":46,"column":4},"end":{"line":46,"column":24}},"21":{"start":{"line":49,"column":2},"end":{"line":49,"column":44}},"22":{"start":{"line":60,"column":19},"end":{"line":65,"column":4}},"23":{"start":{"line":67,"column":2},"end":{"line":67,"column":18}},"24":{"start":{"line":77,"column":2},"end":{"line":82,"column":5}},"25":{"start":{"line":94,"column":19},"end":{"line":98,"column":4}},"26":{"start":{"line":99,"column":2},"end":{"line":99,"column":69}},"27":{"start":{"line":101,"column":2},"end":{"line":101,"column":18}},"28":{"start":{"line":113,"column":19},"end":{"line":117,"column":4}},"29":{"start":{"line":119,"column":2},"end":{"line":121,"column":3}},"30":{"start":{"line":120,"column":4},"end":{"line":120,"column":39}},"31":{"start":{"line":123,"column":2},"end":{"line":123,"column":18}},"32":{"start":{"line":134,"column":2},"end":{"line":149,"column":5}}},"fnMap":{"0":{"name":"(anonymous_4)","decl":{"start":{"line":20,"column":2},"end":{"line":20,"column":23}},"loc":{"start":{"line":20,"column":2},"end":{"line":20,"column":null}}},"1":{"name":"(anonymous_5)","decl":{"start":{"line":21,"column":2},"end":{"line":21,"column":25}},"loc":{"start":{"line":21,"column":2},"end":{"line":21,"column":null}}},"2":{"name":"(anonymous_6)","decl":{"start":{"line":22,"column":2},"end":{"line":22,"column":23}},"loc":{"start":{"line":22,"column":2},"end":{"line":22,"column":null}}},"3":{"name":"(anonymous_7)","decl":{"start":{"line":23,"column":2},"end":{"line":23,"column":25}},"loc":{"start":{"line":23,"column":2},"end":{"line":23,"column":null}}},"4":{"name":"(anonymous_8)","decl":{"start":{"line":24,"column":2},"end":{"line":24,"column":23}},"loc":{"start":{"line":24,"column":2},"end":{"line":24,"column":null}}},"5":{"name":"(anonymous_9)","decl":{"start":{"line":29,"column":2},"end":{"line":29,"column":24}},"loc":{"start":{"line":29,"column":2},"end":{"line":29,"column":null}}},"6":{"name":"(anonymous_10)","decl":{"start":{"line":30,"column":2},"end":{"line":30,"column":26}},"loc":{"start":{"line":30,"column":2},"end":{"line":30,"column":null}}},"7":{"name":"createRedirectResponse","decl":{"start":{"line":36,"column":16},"end":{"line":36,"column":38}},"loc":{"start":{"line":38,"column":22},"end":{"line":50,"column":1}}},"8":{"name":"createDownloadResponse","decl":{"start":{"line":55,"column":16},"end":{"line":55,"column":38}},"loc":{"start":{"line":58,"column":50},"end":{"line":68,"column":1}}},"9":{"name":"createStreamResponse","decl":{"start":{"line":73,"column":16},"end":{"line":73,"column":36}},"loc":{"start":{"line":75,"column":42},"end":{"line":83,"column":1}}},"10":{"name":"createCachedResponse","decl":{"start":{"line":88,"column":16},"end":{"line":88,"column":36}},"loc":{"start":{"line":91,"column":12},"end":{"line":102,"column":1}}},"11":{"name":"createConditionalResponse","decl":{"start":{"line":107,"column":16},"end":{"line":107,"column":41}},"loc":{"start":{"line":110,"column":12},"end":{"line":124,"column":1}}},"12":{"name":"createHealthResponse","decl":{"start":{"line":129,"column":16},"end":{"line":129,"column":36}},"loc":{"start":{"line":132,"column":12},"end":{"line":150,"column":1}}}},"branchMap":{"0":{"loc":{"start":{"line":38,"column":2},"end":{"line":38,"column":22}},"type":"default-arg","locations":[{"start":{"line":38,"column":19},"end":{"line":38,"column":22}}]},"1":{"loc":{"start":{"line":41,"column":2},"end":{"line":47,"column":3}},"type":"if","locations":[{"start":{"line":41,"column":2},"end":{"line":47,"column":3}},{"start":{},"end":{}}]},"2":{"loc":{"start":{"line":43,"column":20},"end":{"line":45,"column":67}},"type":"cond-expr","locations":[{"start":{"line":44,"column":8},"end":{"line":44,"column":31}},{"start":{"line":45,"column":8},"end":{"line":45,"column":67}}]},"3":{"loc":{"start":{"line":45,"column":8},"end":{"line":45,"column":67}},"type":"binary-expr","locations":[{"start":{"line":45,"column":8},"end":{"line":45,"column":40}},{"start":{"line":45,"column":44},"end":{"line":45,"column":67}}]},"4":{"loc":{"start":{"line":58,"column":2},"end":{"line":58,"column":50}},"type":"default-arg","locations":[{"start":{"line":58,"column":24},"end":{"line":58,"column":50}}]},"5":{"loc":{"start":{"line":75,"column":2},"end":{"line":75,"column":42}},"type":"default-arg","locations":[{"start":{"line":75,"column":24},"end":{"line":75,"column":42}}]},"6":{"loc":{"start":{"line":90,"column":2},"end":{"line":90,"column":23}},"type":"default-arg","locations":[{"start":{"line":90,"column":19},"end":{"line":90,"column":23}}]},"7":{"loc":{"start":{"line":97,"column":10},"end":{"line":97,"column":20}},"type":"binary-expr","locations":[{"start":{"line":97,"column":10},"end":{"line":97,"column":14}},{"start":{"line":97,"column":18},"end":{"line":97,"column":20}}]},"8":{"loc":{"start":{"line":116,"column":10},"end":{"line":116,"column":20}},"type":"binary-expr","locations":[{"start":{"line":116,"column":10},"end":{"line":116,"column":14}},{"start":{"line":116,"column":18},"end":{"line":116,"column":20}}]},"9":{"loc":{"start":{"line":119,"column":2},"end":{"line":121,"column":3}},"type":"if","locations":[{"start":{"line":119,"column":2},"end":{"line":121,"column":3}},{"start":{},"end":{}}]},"10":{"loc":{"start":{"line":119,"column":6},"end":{"line":119,"column":41}},"type":"binary-expr","locations":[{"start":{"line":119,"column":6},"end":{"line":119,"column":24}},{"start":{"line":119,"column":28},"end":{"line":119,"column":41}}]},"11":{"loc":{"start":{"line":148,"column":12},"end":{"line":148,"column":74}},"type":"cond-expr","locations":[{"start":{"line":148,"column":35},"end":{"line":148,"column":38}},{"start":{"line":148,"column":41},"end":{"line":148,"column":74}}]},"12":{"loc":{"start":{"line":148,"column":41},"end":{"line":148,"column":74}},"type":"cond-expr","locations":[{"start":{"line":148,"column":65},"end":{"line":148,"column":68}},{"start":{"line":148,"column":71},"end":{"line":148,"column":74}}]}},"s":{"0":5,"1":5,"2":5,"3":5,"4":5,"5":5,"6":5,"7":5,"8":5,"9":5,"10":24,"11":14,"12":14,"13":5,"14":5,"15":5,"16":5,"17":5,"18":4,"19":1,"20":1,"21":4,"22":4,"23":4,"24":3,"25":8,"26":8,"27":8,"28":6,"29":6,"30":3,"31":6,"32":13},"f":{"0":19,"1":9,"2":9,"3":0,"4":0,"5":0,"6":0,"7":4,"8":4,"9":3,"10":8,"11":6,"12":13},"b":{"0":[3],"1":[1,3],"2":[1,0],"3":[0,0],"4":[2],"5":[1],"6":[2],"7":[8,7],"8":[6,4],"9":[3,3],"10":[6,4],"11":[11,2],"12":[1,1]}}
,"D:\\legal_debate_mvp\\src\\app\\api\\lib\\responses\\pagination-core.ts": {"path":"D:\\legal_debate_mvp\\src\\app\\api\\lib\\responses\\pagination-core.ts","statementMap":{"0":{"start":{"line":34,"column":0},"end":{"line":34,"column":16}},"1":{"start":{"line":48,"column":0},"end":{"line":48,"column":16}},"2":{"start":{"line":70,"column":0},"end":{"line":70,"column":16}},"3":{"start":{"line":77,"column":0},"end":{"line":77,"column":16}},"4":{"start":{"line":35,"column":39},"end":{"line":35,"column":44}},"5":{"start":{"line":36,"column":15},"end":{"line":36,"column":33}},"6":{"start":{"line":38,"column":2},"end":{"line":42,"column":4}},"7":{"start":{"line":49,"column":47},"end":{"line":49,"column":52}},"8":{"start":{"line":50,"column":15},"end":{"line":50,"column":33}},"9":{"start":{"line":52,"column":16},"end":{"line":57,"column":8}},"10":{"start":{"line":59,"column":2},"end":{"line":64,"column":4}},"11":{"start":{"line":71,"column":2},"end":{"line":71,"column":28}},"12":{"start":{"line":83,"column":15},"end":{"line":83,"column":39}},"13":{"start":{"line":84,"column":16},"end":{"line":84,"column":42}},"14":{"start":{"line":86,"column":2},"end":{"line":88,"column":3}},"15":{"start":{"line":87,"column":4},"end":{"line":87,"column":51}},"16":{"start":{"line":90,"column":2},"end":{"line":92,"column":3}},"17":{"start":{"line":91,"column":4},"end":{"line":91,"column":55}},"18":{"start":{"line":94,"column":2},"end":{"line":99,"column":4}}},"fnMap":{"0":{"name":"buildPaginationOptions","decl":{"start":{"line":34,"column":16},"end":{"line":34,"column":38}},"loc":{"start":{"line":34,"column":61},"end":{"line":43,"column":1}}},"1":{"name":"buildSearchOptions","decl":{"start":{"line":48,"column":16},"end":{"line":48,"column":34}},"loc":{"start":{"line":48,"column":79},"end":{"line":65,"column":1}}},"2":{"name":"calculateOffset","decl":{"start":{"line":70,"column":16},"end":{"line":70,"column":31}},"loc":{"start":{"line":70,"column":59},"end":{"line":72,"column":1}}},"3":{"name":"validatePaginationParams","decl":{"start":{"line":77,"column":16},"end":{"line":77,"column":40}},"loc":{"start":{"line":82,"column":1},"end":{"line":100,"column":1}}}},"branchMap":{"0":{"loc":{"start":{"line":41,"column":13},"end":{"line":41,"column":70}},"type":"cond-expr","locations":[{"start":{"line":41,"column":20},"end":{"line":41,"column":37}},{"start":{"line":41,"column":40},"end":{"line":41,"column":70}}]},"1":{"loc":{"start":{"line":52,"column":16},"end":{"line":57,"column":8}},"type":"cond-expr","locations":[{"start":{"line":52,"column":25},"end":{"line":57,"column":4}},{"start":{"line":57,"column":6},"end":{"line":57,"column":8}}]},"2":{"loc":{"start":{"line":63,"column":13},"end":{"line":63,"column":70}},"type":"cond-expr","locations":[{"start":{"line":63,"column":20},"end":{"line":63,"column":37}},{"start":{"line":63,"column":40},"end":{"line":63,"column":70}}]},"3":{"loc":{"start":{"line":83,"column":15},"end":{"line":83,"column":39}},"type":"binary-expr","locations":[{"start":{"line":83,"column":15},"end":{"line":83,"column":34}},{"start":{"line":83,"column":38},"end":{"line":83,"column":39}}]},"4":{"loc":{"start":{"line":84,"column":16},"end":{"line":84,"column":42}},"type":"binary-expr","locations":[{"start":{"line":84,"column":16},"end":{"line":84,"column":36}},{"start":{"line":84,"column":40},"end":{"line":84,"column":42}}]},"5":{"loc":{"start":{"line":86,"column":2},"end":{"line":88,"column":3}},"type":"if","locations":[{"start":{"line":86,"column":2},"end":{"line":88,"column":3}},{"start":{},"end":{}}]},"6":{"loc":{"start":{"line":90,"column":2},"end":{"line":92,"column":3}},"type":"if","locations":[{"start":{"line":90,"column":2},"end":{"line":92,"column":3}},{"start":{},"end":{}}]},"7":{"loc":{"start":{"line":90,"column":6},"end":{"line":90,"column":30}},"type":"binary-expr","locations":[{"start":{"line":90,"column":6},"end":{"line":90,"column":15}},{"start":{"line":90,"column":19},"end":{"line":90,"column":30}}]},"8":{"loc":{"start":{"line":98,"column":12},"end":{"line":98,"column":53}},"type":"binary-expr","locations":[{"start":{"line":98,"column":12},"end":{"line":98,"column":43}},{"start":{"line":98,"column":47},"end":{"line":98,"column":53}}]}},"s":{"0":6,"1":6,"2":6,"3":6,"4":15,"5":15,"6":15,"7":8,"8":8,"9":8,"10":8,"11":18,"12":21,"13":21,"14":21,"15":1,"16":20,"17":2,"18":18},"f":{"0":15,"1":8,"2":18,"3":21},"b":{"0":[5,10],"1":[5,3],"2":[2,6],"3":[21,4],"4":[21,6],"5":[1,20],"6":[2,18],"7":[20,19],"8":[18,9]}}
,"D:\\legal_debate_mvp\\src\\app\\api\\lib\\responses\\pagination-utils.ts": {"path":"D:\\legal_debate_mvp\\src\\app\\api\\lib\\responses\\pagination-utils.ts","statementMap":{"0":{"start":{"line":4,"column":0},"end":{"line":4,"column":16}},"1":{"start":{"line":35,"column":0},"end":{"line":35,"column":16}},"2":{"start":{"line":50,"column":0},"end":{"line":50,"column":16}},"3":{"start":{"line":68,"column":0},"end":{"line":68,"column":7}},"4":{"start":{"line":82,"column":0},"end":{"line":82,"column":16}},"5":{"start":{"line":115,"column":0},"end":{"line":115,"column":16}},"6":{"start":{"line":13,"column":2},"end":{"line":18,"column":3}},"7":{"start":{"line":14,"column":4},"end":{"line":17,"column":6}},"8":{"start":{"line":20,"column":19},"end":{"line":20,"column":31}},"9":{"start":{"line":21,"column":21},"end":{"line":23,"column":22}},"10":{"start":{"line":25,"column":2},"end":{"line":29,"column":4}},"11":{"start":{"line":36,"column":2},"end":{"line":38,"column":3}},"12":{"start":{"line":37,"column":4},"end":{"line":37,"column":16}},"13":{"start":{"line":40,"column":2},"end":{"line":44,"column":3}},"14":{"start":{"line":41,"column":4},"end":{"line":41,"column":64}},"15":{"start":{"line":43,"column":4},"end":{"line":43,"column":16}},"16":{"start":{"line":57,"column":23},"end":{"line":57,"column":42}},"17":{"start":{"line":59,"column":2},"end":{"line":62,"column":4}},"18":{"start":{"line":72,"column":2},"end":{"line":74,"column":3}},"19":{"start":{"line":73,"column":4},"end":{"line":73,"column":22}},"20":{"start":{"line":76,"column":2},"end":{"line":76,"column":25}},"21":{"start":{"line":97,"column":23},"end":{"line":97,"column":55}},"22":{"start":{"line":99,"column":19},"end":{"line":102,"column":3}},"23":{"start":{"line":100,"column":4},"end":{"line":100,"column":46}},"24":{"start":{"line":101,"column":4},"end":{"line":101,"column":51}},"25":{"start":{"line":104,"column":2},"end":{"line":109,"column":4}},"26":{"start":{"line":129,"column":21},"end":{"line":129,"column":53}},"27":{"start":{"line":130,"column":20},"end":{"line":130,"column":52}},"28":{"start":{"line":131,"column":18},"end":{"line":131,"column":62}},"29":{"start":{"line":133,"column":2},"end":{"line":142,"column":4}}},"fnMap":{"0":{"name":"createCursor","decl":{"start":{"line":4,"column":16},"end":{"line":4,"column":28}},"loc":{"start":{"line":7,"column":15},"end":{"line":30,"column":1}}},"1":{"name":"parseCursor","decl":{"start":{"line":35,"column":16},"end":{"line":35,"column":27}},"loc":{"start":{"line":35,"column":43},"end":{"line":45,"column":1}}},"2":{"name":"buildCursorOptions","decl":{"start":{"line":50,"column":16},"end":{"line":50,"column":34}},"loc":{"start":{"line":52,"column":20},"end":{"line":63,"column":1}}},"3":{"name":"estimateTotalCount","decl":{"start":{"line":68,"column":22},"end":{"line":68,"column":40}},"loc":{"start":{"line":70,"column":21},"end":{"line":77,"column":1}}},"4":{"name":"createPaginationLinks","decl":{"start":{"line":82,"column":16},"end":{"line":82,"column":37}},"loc":{"start":{"line":90,"column":42},"end":{"line":110,"column":1}}},"5":{"name":"(anonymous_5)","decl":{"start":{"line":99,"column":19},"end":{"line":99,"column":20}},"loc":{"start":{"line":99,"column":36},"end":{"line":102,"column":3}}},"6":{"name":"calculatePaginationStats","decl":{"start":{"line":115,"column":16},"end":{"line":115,"column":40}},"loc":{"start":{"line":118,"column":20},"end":{"line":143,"column":1}}}},"branchMap":{"0":{"loc":{"start":{"line":13,"column":2},"end":{"line":18,"column":3}},"type":"if","locations":[{"start":{"line":13,"column":2},"end":{"line":18,"column":3}},{"start":{},"end":{}}]},"1":{"loc":{"start":{"line":36,"column":2},"end":{"line":38,"column":3}},"type":"if","locations":[{"start":{"line":36,"column":2},"end":{"line":38,"column":3}},{"start":{},"end":{}}]},"2":{"loc":{"start":{"line":52,"column":2},"end":{"line":52,"column":20}},"type":"default-arg","locations":[{"start":{"line":52,"column":18},"end":{"line":52,"column":20}}]},"3":{"loc":{"start":{"line":72,"column":2},"end":{"line":74,"column":3}},"type":"if","locations":[{"start":{"line":72,"column":2},"end":{"line":74,"column":3}},{"start":{},"end":{}}]},"4":{"loc":{"start":{"line":90,"column":2},"end":{"line":90,"column":42}},"type":"default-arg","locations":[{"start":{"line":90,"column":40},"end":{"line":90,"column":42}}]},"5":{"loc":{"start":{"line":106,"column":10},"end":{"line":106,"column":67}},"type":"cond-expr","locations":[{"start":{"line":106,"column":31},"end":{"line":106,"column":60}},{"start":{"line":106,"column":63},"end":{"line":106,"column":67}}]},"6":{"loc":{"start":{"line":107,"column":10},"end":{"line":107,"column":67}},"type":"cond-expr","locations":[{"start":{"line":107,"column":31},"end":{"line":107,"column":60}},{"start":{"line":107,"column":63},"end":{"line":107,"column":67}}]}},"s":{"0":6,"1":6,"2":6,"3":6,"4":6,"5":6,"6":7,"7":3,"8":4,"9":4,"10":3,"11":13,"12":6,"13":7,"14":7,"15":3,"16":6,"17":6,"18":5,"19":2,"20":3,"21":7,"22":7,"23":21,"24":21,"25":7,"26":9,"27":9,"28":9,"29":9},"f":{"0":7,"1":13,"2":6,"3":5,"4":7,"5":21,"6":9},"b":{"0":[3,4],"1":[6,7],"2":[1],"3":[2,3],"4":[4],"5":[3,4],"6":[4,3]}}
,"D:\\legal_debate_mvp\\src\\app\\api\\lib\\responses\\pagination.ts": {"path":"D:\\legal_debate_mvp\\src\\app\\api\\lib\\responses\\pagination.ts","statementMap":{"0":{"start":{"line":2,"column":0},"end":{"line":2,"column":34}},"1":{"start":{"line":3,"column":0},"end":{"line":3,"column":35}}},"fnMap":{},"branchMap":{},"s":{"0":5,"1":5},"f":{},"b":{}}
,"D:\\legal_debate_mvp\\src\\app\\api\\lib\\responses\\success.ts": {"path":"D:\\legal_debate_mvp\\src\\app\\api\\lib\\responses\\success.ts","statementMap":{"0":{"start":{"line":22,"column":0},"end":{"line":22,"column":16}},"1":{"start":{"line":40,"column":0},"end":{"line":40,"column":16}},"2":{"start":{"line":54,"column":0},"end":{"line":54,"column":16}},"3":{"start":{"line":68,"column":0},"end":{"line":68,"column":16}},"4":{"start":{"line":75,"column":0},"end":{"line":75,"column":16}},"5":{"start":{"line":1,"column":0},"end":{"line":1,"column":43}},"6":{"start":{"line":26,"column":2},"end":{"line":34,"column":5}},"7":{"start":{"line":44,"column":2},"end":{"line":48,"column":5}},"8":{"start":{"line":58,"column":19},"end":{"line":58,"column":52}},"9":{"start":{"line":59,"column":2},"end":{"line":62,"column":5}},"10":{"start":{"line":69,"column":2},"end":{"line":69,"column":49}},"11":{"start":{"line":79,"column":19},"end":{"line":79,"column":52}},"12":{"start":{"line":80,"column":2},"end":{"line":83,"column":5}}},"fnMap":{"0":{"name":"createSuccessResponse","decl":{"start":{"line":22,"column":16},"end":{"line":22,"column":37}},"loc":{"start":{"line":24,"column":35},"end":{"line":35,"column":1}}},"1":{"name":"createPaginatedResponse","decl":{"start":{"line":40,"column":16},"end":{"line":40,"column":39}},"loc":{"start":{"line":42,"column":28},"end":{"line":49,"column":1}}},"2":{"name":"createCreatedResponse","decl":{"start":{"line":54,"column":16},"end":{"line":54,"column":37}},"loc":{"start":{"line":56,"column":35},"end":{"line":63,"column":1}}},"3":{"name":"createNoContentResponse","decl":{"start":{"line":68,"column":16},"end":{"line":68,"column":39}},"loc":{"start":{"line":68,"column":39},"end":{"line":70,"column":1}}},"4":{"name":"createPartialResponse","decl":{"start":{"line":75,"column":16},"end":{"line":75,"column":37}},"loc":{"start":{"line":77,"column":35},"end":{"line":84,"column":1}}}},"branchMap":{},"s":{"0":6,"1":6,"2":6,"3":6,"4":6,"5":6,"6":81,"7":16,"8":16,"9":16,"10":5,"11":8,"12":8},"f":{"0":81,"1":16,"2":16,"3":5,"4":8},"b":{}}
,"D:\\legal_debate_mvp\\src\\app\\api\\lib\\validation\\core.ts": {"path":"D:\\legal_debate_mvp\\src\\app\\api\\lib\\validation\\core.ts","statementMap":{"0":{"start":{"line":8,"column":0},"end":{"line":8,"column":7}},"1":{"start":{"line":25,"column":0},"end":{"line":25,"column":16}},"2":{"start":{"line":58,"column":0},"end":{"line":58,"column":16}},"3":{"start":{"line":74,"column":0},"end":{"line":74,"column":16}},"4":{"start":{"line":90,"column":0},"end":{"line":90,"column":16}},"5":{"start":{"line":2,"column":0},"end":{"line":2,"column":42}},"6":{"start":{"line":3,"column":0},"end":{"line":3,"column":54}},"7":{"start":{"line":9,"column":2},"end":{"line":19,"column":3}},"8":{"start":{"line":10,"column":17},"end":{"line":10,"column":37}},"9":{"start":{"line":11,"column":4},"end":{"line":11,"column":30}},"10":{"start":{"line":13,"column":4},"end":{"line":17,"column":5}},"11":{"start":{"line":14,"column":6},"end":{"line":16,"column":9}},"12":{"start":{"line":18,"column":4},"end":{"line":18,"column":62}},"13":{"start":{"line":26,"column":2},"end":{"line":52,"column":3}},"14":{"start":{"line":27,"column":29},"end":{"line":27,"column":49}},"15":{"start":{"line":28,"column":54},"end":{"line":28,"column":56}},"16":{"start":{"line":31,"column":4},"end":{"line":42,"column":7}},"17":{"start":{"line":32,"column":6},"end":{"line":41,"column":7}},"18":{"start":{"line":34,"column":8},"end":{"line":38,"column":9}},"19":{"start":{"line":35,"column":10},"end":{"line":35,"column":34}},"20":{"start":{"line":37,"column":10},"end":{"line":37,"column":55}},"21":{"start":{"line":40,"column":8},"end":{"line":40,"column":28}},"22":{"start":{"line":44,"column":4},"end":{"line":44,"column":32}},"23":{"start":{"line":46,"column":4},"end":{"line":50,"column":5}},"24":{"start":{"line":47,"column":6},"end":{"line":49,"column":9}},"25":{"start":{"line":51,"column":4},"end":{"line":51,"column":58}},"26":{"start":{"line":59,"column":2},"end":{"line":68,"column":3}},"27":{"start":{"line":60,"column":4},"end":{"line":60,"column":32}},"28":{"start":{"line":62,"column":4},"end":{"line":66,"column":5}},"29":{"start":{"line":63,"column":6},"end":{"line":65,"column":9}},"30":{"start":{"line":67,"column":4},"end":{"line":67,"column":57}},"31":{"start":{"line":75,"column":2},"end":{"line":84,"column":3}},"32":{"start":{"line":76,"column":4},"end":{"line":76,"column":31}},"33":{"start":{"line":78,"column":4},"end":{"line":82,"column":5}},"34":{"start":{"line":79,"column":6},"end":{"line":81,"column":9}},"35":{"start":{"line":83,"column":4},"end":{"line":83,"column":56}},"36":{"start":{"line":91,"column":2},"end":{"line":114,"column":4}},"37":{"start":{"line":96,"column":8},"end":{"line":96,"column":10}},"38":{"start":{"line":99,"column":4},"end":{"line":101,"column":5}},"39":{"start":{"line":100,"column":6},"end":{"line":100,"column":67}},"40":{"start":{"line":104,"column":4},"end":{"line":106,"column":5}},"41":{"start":{"line":105,"column":6},"end":{"line":105,"column":63}},"42":{"start":{"line":109,"column":4},"end":{"line":111,"column":5}},"43":{"start":{"line":110,"column":6},"end":{"line":110,"column":69}},"44":{"start":{"line":113,"column":4},"end":{"line":113,"column":18}}},"fnMap":{"0":{"name":"validateRequestBody","decl":{"start":{"line":8,"column":22},"end":{"line":8,"column":41}},"loc":{"start":{"line":8,"column":87},"end":{"line":20,"column":1}}},"1":{"name":"validateQueryParams","decl":{"start":{"line":25,"column":16},"end":{"line":25,"column":35}},"loc":{"start":{"line":25,"column":81},"end":{"line":53,"column":1}}},"2":{"name":"(anonymous_2)","decl":{"start":{"line":31,"column":25},"end":{"line":31,"column":26}},"loc":{"start":{"line":31,"column":40},"end":{"line":42,"column":5}}},"3":{"name":"validatePathParams","decl":{"start":{"line":58,"column":16},"end":{"line":58,"column":34}},"loc":{"start":{"line":58,"column":91},"end":{"line":69,"column":1}}},"4":{"name":"validatePathParam","decl":{"start":{"line":74,"column":16},"end":{"line":74,"column":33}},"loc":{"start":{"line":74,"column":73},"end":{"line":85,"column":1}}},"5":{"name":"validateRequest","decl":{"start":{"line":90,"column":16},"end":{"line":90,"column":31}},"loc":{"start":{"line":90,"column":103},"end":{"line":115,"column":1}}},"6":{"name":"(anonymous_6)","decl":{"start":{"line":91,"column":9},"end":{"line":91,"column":14}},"loc":{"start":{"line":91,"column":87},"end":{"line":114,"column":3}}}},"branchMap":{"0":{"loc":{"start":{"line":13,"column":4},"end":{"line":17,"column":5}},"type":"if","locations":[{"start":{"line":13,"column":4},"end":{"line":17,"column":5}},{"start":{},"end":{}}]},"1":{"loc":{"start":{"line":32,"column":6},"end":{"line":41,"column":7}},"type":"if","locations":[{"start":{"line":32,"column":6},"end":{"line":41,"column":7}},{"start":{"line":39,"column":13},"end":{"line":41,"column":7}}]},"2":{"loc":{"start":{"line":34,"column":8},"end":{"line":38,"column":9}},"type":"if","locations":[{"start":{"line":34,"column":8},"end":{"line":38,"column":9}},{"start":{"line":36,"column":15},"end":{"line":38,"column":9}}]},"3":{"loc":{"start":{"line":46,"column":4},"end":{"line":50,"column":5}},"type":"if","locations":[{"start":{"line":46,"column":4},"end":{"line":50,"column":5}},{"start":{},"end":{}}]},"4":{"loc":{"start":{"line":62,"column":4},"end":{"line":66,"column":5}},"type":"if","locations":[{"start":{"line":62,"column":4},"end":{"line":66,"column":5}},{"start":{},"end":{}}]},"5":{"loc":{"start":{"line":78,"column":4},"end":{"line":82,"column":5}},"type":"if","locations":[{"start":{"line":78,"column":4},"end":{"line":82,"column":5}},{"start":{},"end":{}}]},"6":{"loc":{"start":{"line":99,"column":4},"end":{"line":101,"column":5}},"type":"if","locations":[{"start":{"line":99,"column":4},"end":{"line":101,"column":5}},{"start":{},"end":{}}]},"7":{"loc":{"start":{"line":104,"column":4},"end":{"line":106,"column":5}},"type":"if","locations":[{"start":{"line":104,"column":4},"end":{"line":106,"column":5}},{"start":{},"end":{}}]},"8":{"loc":{"start":{"line":109,"column":4},"end":{"line":111,"column":5}},"type":"if","locations":[{"start":{"line":109,"column":4},"end":{"line":111,"column":5}},{"start":{},"end":{}}]},"9":{"loc":{"start":{"line":109,"column":8},"end":{"line":109,"column":39}},"type":"binary-expr","locations":[{"start":{"line":109,"column":8},"end":{"line":109,"column":18}},{"start":{"line":109,"column":22},"end":{"line":109,"column":37}}]},"10":{"loc":{"start":{"line":109,"column":22},"end":{"line":109,"column":37}},"type":"cond-expr","locations":[{"start":{"line":109,"column":29},"end":{"line":109,"column":31}},{"start":{"line":109,"column":22},"end":{"line":109,"column":37}}]},"11":{"loc":{"start":{"line":109,"column":22},"end":{"line":109,"column":31}},"type":"binary-expr","locations":[{"start":{"line":109,"column":22},"end":{"line":109,"column":31}},{"start":{"line":109,"column":22},"end":{"line":109,"column":31}}]}},"s":{"0":4,"1":4,"2":4,"3":4,"4":4,"5":4,"6":4,"7":27,"8":27,"9":23,"10":12,"11":8,"12":4,"13":31,"14":31,"15":27,"16":27,"17":39,"18":3,"19":1,"20":2,"21":36,"22":27,"23":10,"24":6,"25":4,"26":8,"27":8,"28":4,"29":4,"30":0,"31":24,"32":24,"33":8,"34":8,"35":0,"36":11,"37":11,"38":11,"39":4,"40":10,"41":4,"42":9,"43":3,"44":8},"f":{"0":27,"1":31,"2":39,"3":8,"4":24,"5":11,"6":11},"b":{"0":[8,4],"1":[3,36],"2":[1,2],"3":[6,4],"4":[4,0],"5":[8,0],"6":[4,7],"7":[4,6],"8":[3,6],"9":[9,5],"10":[1,4],"11":[5,5]}}
,"D:\\legal_debate_mvp\\src\\app\\api\\lib\\validation\\schemas.ts": {"path":"D:\\legal_debate_mvp\\src\\app\\api\\lib\\validation\\schemas.ts","statementMap":{"0":{"start":{"line":1,"column":0},"end":{"line":1,"column":24}},"1":{"start":{"line":6,"column":13},"end":{"line":6,"column":65}},"2":{"start":{"line":11,"column":13},"end":{"line":17,"column":3}},"3":{"start":{"line":22,"column":13},"end":{"line":27,"column":3}},"4":{"start":{"line":29,"column":13},"end":{"line":29,"column":59}},"5":{"start":{"line":34,"column":13},"end":{"line":39,"column":3}},"6":{"start":{"line":44,"column":13},"end":{"line":53,"column":3}},"7":{"start":{"line":55,"column":13},"end":{"line":55,"column":63}},"8":{"start":{"line":60,"column":13},"end":{"line":64,"column":3}},"9":{"start":{"line":69,"column":13},"end":{"line":79,"column":3}},"10":{"start":{"line":84,"column":13},"end":{"line":92,"column":3}},"11":{"start":{"line":97,"column":13},"end":{"line":107,"column":3}},"12":{"start":{"line":109,"column":13},"end":{"line":109,"column":59}},"13":{"start":{"line":114,"column":13},"end":{"line":121,"column":3}},"14":{"start":{"line":123,"column":13},"end":{"line":128,"column":3}},"15":{"start":{"line":130,"column":13},"end":{"line":138,"column":3}}},"fnMap":{},"branchMap":{},"s":{"0":3,"1":3,"2":3,"3":3,"4":3,"5":3,"6":3,"7":3,"8":3,"9":3,"10":3,"11":3,"12":3,"13":3,"14":3,"15":3},"f":{},"b":{}}
,"D:\\legal_debate_mvp\\src\\app\\api\\lib\\validation\\utils.ts": {"path":"D:\\legal_debate_mvp\\src\\app\\api\\lib\\validation\\utils.ts","statementMap":{"0":{"start":{"line":9,"column":0},"end":{"line":9,"column":16}},"1":{"start":{"line":16,"column":0},"end":{"line":16,"column":16}},"2":{"start":{"line":29,"column":0},"end":{"line":29,"column":16}},"3":{"start":{"line":36,"column":0},"end":{"line":36,"column":16}},"4":{"start":{"line":48,"column":0},"end":{"line":48,"column":16}},"5":{"start":{"line":95,"column":0},"end":{"line":95,"column":16}},"6":{"start":{"line":2,"column":0},"end":{"line":2,"column":54}},"7":{"start":{"line":3,"column":0},"end":{"line":3,"column":45}},"8":{"start":{"line":4,"column":0},"end":{"line":4,"column":45}},"9":{"start":{"line":10,"column":2},"end":{"line":10,"column":56}},"10":{"start":{"line":17,"column":20},"end":{"line":17,"column":96}},"11":{"start":{"line":19,"column":2},"end":{"line":21,"column":3}},"12":{"start":{"line":20,"column":4},"end":{"line":20,"column":61}},"13":{"start":{"line":23,"column":2},"end":{"line":23,"column":15}},"14":{"start":{"line":30,"column":2},"end":{"line":30,"column":55}},"15":{"start":{"line":37,"column":2},"end":{"line":39,"column":3}},"16":{"start":{"line":38,"column":4},"end":{"line":38,"column":62}},"17":{"start":{"line":40,"column":2},"end":{"line":42,"column":3}},"18":{"start":{"line":41,"column":4},"end":{"line":41,"column":92}},"19":{"start":{"line":50,"column":21},"end":{"line":50,"column":155}},"20":{"start":{"line":53,"column":2},"end":{"line":55,"column":3}},"21":{"start":{"line":54,"column":4},"end":{"line":54,"column":17}},"22":{"start":{"line":57,"column":2},"end":{"line":59,"column":3}},"23":{"start":{"line":58,"column":4},"end":{"line":58,"column":17}},"24":{"start":{"line":61,"column":2},"end":{"line":63,"column":3}},"25":{"start":{"line":62,"column":4},"end":{"line":62,"column":17}},"26":{"start":{"line":66,"column":30},"end":{"line":66,"column":46}},"27":{"start":{"line":67,"column":2},"end":{"line":87,"column":3}},"28":{"start":{"line":69,"column":4},"end":{"line":71,"column":5}},"29":{"start":{"line":70,"column":6},"end":{"line":70,"column":19}},"30":{"start":{"line":74,"column":4},"end":{"line":76,"column":5}},"31":{"start":{"line":75,"column":6},"end":{"line":75,"column":19}},"32":{"start":{"line":79,"column":4},"end":{"line":81,"column":5}},"33":{"start":{"line":80,"column":6},"end":{"line":80,"column":19}},"34":{"start":{"line":84,"column":4},"end":{"line":86,"column":5}},"35":{"start":{"line":85,"column":6},"end":{"line":85,"column":19}},"36":{"start":{"line":89,"column":2},"end":{"line":89,"column":32}},"37":{"start":{"line":99,"column":27},"end":{"line":99,"column":29}},"38":{"start":{"line":102,"column":2},"end":{"line":104,"column":3}},"39":{"start":{"line":103,"column":4},"end":{"line":103,"column":63}},"40":{"start":{"line":106,"column":2},"end":{"line":108,"column":3}},"41":{"start":{"line":107,"column":4},"end":{"line":107,"column":71}},"42":{"start":{"line":110,"column":2},"end":{"line":112,"column":3}},"43":{"start":{"line":111,"column":4},"end":{"line":111,"column":71}},"44":{"start":{"line":114,"column":2},"end":{"line":116,"column":3}},"45":{"start":{"line":115,"column":4},"end":{"line":115,"column":61}},"46":{"start":{"line":118,"column":2},"end":{"line":120,"column":3}},"47":{"start":{"line":119,"column":4},"end":{"line":119,"column":72}},"48":{"start":{"line":122,"column":2},"end":{"line":125,"column":4}},"49":{"start":{"line":129,"column":0},"end":{"line":129,"column":9}},"50":{"start":{"line":129,"column":9},"end":{"line":129,"column":45}}},"fnMap":{"0":{"name":"validatePagination","decl":{"start":{"line":9,"column":16},"end":{"line":9,"column":34}},"loc":{"start":{"line":9,"column":55},"end":{"line":11,"column":1}}},"1":{"name":"validateUUID","decl":{"start":{"line":16,"column":16},"end":{"line":16,"column":28}},"loc":{"start":{"line":16,"column":68},"end":{"line":24,"column":1}}},"2":{"name":"validateFileType","decl":{"start":{"line":29,"column":16},"end":{"line":29,"column":32}},"loc":{"start":{"line":29,"column":73},"end":{"line":31,"column":1}}},"3":{"name":"validateFileSize","decl":{"start":{"line":36,"column":16},"end":{"line":36,"column":32}},"loc":{"start":{"line":36,"column":62},"end":{"line":43,"column":1}}},"4":{"name":"validateEmail","decl":{"start":{"line":48,"column":16},"end":{"line":48,"column":29}},"loc":{"start":{"line":48,"column":43},"end":{"line":90,"column":1}}},"5":{"name":"validatePassword","decl":{"start":{"line":95,"column":16},"end":{"line":95,"column":32}},"loc":{"start":{"line":95,"column":49},"end":{"line":126,"column":1}}},"6":{"name":"(anonymous_6)","decl":{"start":{"line":129,"column":9},"end":{"line":129,"column":28}},"loc":{"start":{"line":129,"column":9},"end":{"line":129,"column":45}}}},"branchMap":{"0":{"loc":{"start":{"line":16,"column":44},"end":{"line":16,"column":68}},"type":"default-arg","locations":[{"start":{"line":16,"column":64},"end":{"line":16,"column":68}}]},"1":{"loc":{"start":{"line":19,"column":2},"end":{"line":21,"column":3}},"type":"if","locations":[{"start":{"line":19,"column":2},"end":{"line":21,"column":3}},{"start":{},"end":{}}]},"2":{"loc":{"start":{"line":37,"column":2},"end":{"line":39,"column":3}},"type":"if","locations":[{"start":{"line":37,"column":2},"end":{"line":39,"column":3}},{"start":{},"end":{}}]},"3":{"loc":{"start":{"line":40,"column":2},"end":{"line":42,"column":3}},"type":"if","locations":[{"start":{"line":40,"column":2},"end":{"line":42,"column":3}},{"start":{},"end":{}}]},"4":{"loc":{"start":{"line":53,"column":2},"end":{"line":55,"column":3}},"type":"if","locations":[{"start":{"line":53,"column":2},"end":{"line":55,"column":3}},{"start":{},"end":{}}]},"5":{"loc":{"start":{"line":53,"column":6},"end":{"line":53,"column":74}},"type":"binary-expr","locations":[{"start":{"line":53,"column":6},"end":{"line":53,"column":26}},{"start":{"line":53,"column":30},"end":{"line":53,"column":51}},{"start":{"line":53,"column":55},"end":{"line":53,"column":74}}]},"6":{"loc":{"start":{"line":57,"column":2},"end":{"line":59,"column":3}},"type":"if","locations":[{"start":{"line":57,"column":2},"end":{"line":59,"column":3}},{"start":{},"end":{}}]},"7":{"loc":{"start":{"line":61,"column":2},"end":{"line":63,"column":3}},"type":"if","locations":[{"start":{"line":61,"column":2},"end":{"line":63,"column":3}},{"start":{},"end":{}}]},"8":{"loc":{"start":{"line":61,"column":6},"end":{"line":61,"column":57}},"type":"binary-expr","locations":[{"start":{"line":61,"column":6},"end":{"line":61,"column":34}},{"start":{"line":61,"column":38},"end":{"line":61,"column":57}}]},"9":{"loc":{"start":{"line":67,"column":2},"end":{"line":87,"column":3}},"type":"if","locations":[{"start":{"line":67,"column":2},"end":{"line":87,"column":3}},{"start":{},"end":{}}]},"10":{"loc":{"start":{"line":69,"column":4},"end":{"line":71,"column":5}},"type":"if","locations":[{"start":{"line":69,"column":4},"end":{"line":71,"column":5}},{"start":{},"end":{}}]},"11":{"loc":{"start":{"line":74,"column":4},"end":{"line":76,"column":5}},"type":"if","locations":[{"start":{"line":74,"column":4},"end":{"line":76,"column":5}},{"start":{},"end":{}}]},"12":{"loc":{"start":{"line":79,"column":4},"end":{"line":81,"column":5}},"type":"if","locations":[{"start":{"line":79,"column":4},"end":{"line":81,"column":5}},{"start":{},"end":{}}]},"13":{"loc":{"start":{"line":84,"column":4},"end":{"line":86,"column":5}},"type":"if","locations":[{"start":{"line":84,"column":4},"end":{"line":86,"column":5}},{"start":{},"end":{}}]},"14":{"loc":{"start":{"line":84,"column":8},"end":{"line":84,"column":54}},"type":"binary-expr","locations":[{"start":{"line":84,"column":8},"end":{"line":84,"column":30}},{"start":{"line":84,"column":34},"end":{"line":84,"column":54}}]},"15":{"loc":{"start":{"line":102,"column":2},"end":{"line":104,"column":3}},"type":"if","locations":[{"start":{"line":102,"column":2},"end":{"line":104,"column":3}},{"start":{},"end":{}}]},"16":{"loc":{"start":{"line":106,"column":2},"end":{"line":108,"column":3}},"type":"if","locations":[{"start":{"line":106,"column":2},"end":{"line":108,"column":3}},{"start":{},"end":{}}]},"17":{"loc":{"start":{"line":110,"column":2},"end":{"line":112,"column":3}},"type":"if","locations":[{"start":{"line":110,"column":2},"end":{"line":112,"column":3}},{"start":{},"end":{}}]},"18":{"loc":{"start":{"line":114,"column":2},"end":{"line":116,"column":3}},"type":"if","locations":[{"start":{"line":114,"column":2},"end":{"line":116,"column":3}},{"start":{},"end":{}}]},"19":{"loc":{"start":{"line":118,"column":2},"end":{"line":120,"column":3}},"type":"if","locations":[{"start":{"line":118,"column":2},"end":{"line":120,"column":3}},{"start":{},"end":{}}]}},"s":{"0":3,"1":3,"2":3,"3":3,"4":3,"5":3,"6":3,"7":3,"8":3,"9":6,"10":6,"11":6,"12":3,"13":3,"14":15,"15":9,"16":1,"17":8,"18":3,"19":22,"20":22,"21":1,"22":21,"23":0,"24":21,"25":1,"26":20,"27":20,"28":16,"29":0,"30":16,"31":1,"32":15,"33":1,"34":14,"35":0,"36":18,"37":32,"38":32,"39":5,"40":32,"41":5,"42":32,"43":3,"44":32,"45":4,"46":32,"47":5,"48":32,"49":3,"50":3},"f":{"0":6,"1":6,"2":15,"3":9,"4":22,"5":32,"6":0},"b":{"0":[5],"1":[3,3],"2":[1,8],"3":[3,5],"4":[1,21],"5":[22,21,21],"6":[0,21],"7":[1,20],"8":[21,20],"9":[16,4],"10":[0,16],"11":[1,15],"12":[1,14],"13":[0,14],"14":[14,14],"15":[5,27],"16":[5,27],"17":[3,29],"18":[4,28],"19":[5,27]}}
,"D:\\legal_debate_mvp\\src\\app\\api\\lib\\validation\\validator.ts": {"path":"D:\\legal_debate_mvp\\src\\app\\api\\lib\\validation\\validator.ts","statementMap":{"0":{"start":{"line":2,"column":0},"end":{"line":2,"column":23}},"1":{"start":{"line":3,"column":0},"end":{"line":3,"column":24}}},"fnMap":{},"branchMap":{},"s":{"0":2,"1":2},"f":{},"b":{}}
,"D:\\legal_debate_mvp\\src\\app\\api\\v1\\cases\\route.ts": {"path":"D:\\legal_debate_mvp\\src\\app\\api\\v1\\cases\\route.ts","statementMap":{"0":{"start":{"line":1,"column":0},"end":{"line":1,"column":56}},"1":{"start":{"line":2,"column":0},"end":{"line":2,"column":70}},"2":{"start":{"line":3,"column":0},"end":{"line":3,"column":125}},"3":{"start":{"line":4,"column":0},"end":{"line":4,"column":94}},"4":{"start":{"line":5,"column":0},"end":{"line":5,"column":86}},"5":{"start":{"line":6,"column":0},"end":{"line":6,"column":76}},"6":{"start":{"line":12,"column":13},"end":{"line":77,"column":3}},"7":{"start":{"line":14,"column":16},"end":{"line":14,"column":62}},"8":{"start":{"line":15,"column":34},"end":{"line":15,"column":39}},"9":{"start":{"line":18,"column":18},"end":{"line":18,"column":47}},"10":{"start":{"line":42,"column":20},"end":{"line":61,"column":4}},"11":{"start":{"line":63,"column":16},"end":{"line":63,"column":25}},"12":{"start":{"line":64,"column":16},"end":{"line":64,"column":32}},"13":{"start":{"line":67,"column":21},"end":{"line":74,"column":4}},"14":{"start":{"line":76,"column":2},"end":{"line":76,"column":52}},"15":{"start":{"line":83,"column":13},"end":{"line":106,"column":3}},"16":{"start":{"line":85,"column":15},"end":{"line":85,"column":67}},"17":{"start":{"line":98,"column":15},"end":{"line":102,"column":null}},"18":{"start":{"line":105,"column":2},"end":{"line":105,"column":40}},"19":{"start":{"line":112,"column":13},"end":{"line":122,"column":3}},"20":{"start":{"line":113,"column":2},"end":{"line":121,"column":5}}},"fnMap":{"0":{"name":"(anonymous_0)","decl":{"start":{"line":12,"column":36},"end":{"line":12,"column":41}},"loc":{"start":{"line":12,"column":67},"end":{"line":77,"column":1}}},"1":{"name":"(anonymous_1)","decl":{"start":{"line":83,"column":37},"end":{"line":83,"column":42}},"loc":{"start":{"line":83,"column":68},"end":{"line":106,"column":1}}},"2":{"name":"(anonymous_2)","decl":{"start":{"line":112,"column":40},"end":{"line":112,"column":45}},"loc":{"start":{"line":112,"column":71},"end":{"line":122,"column":1}}}},"branchMap":{},"s":{"0":1,"1":1,"2":1,"3":1,"4":1,"5":1,"6":1,"7":9,"8":8,"9":8,"10":8,"11":8,"12":8,"13":8,"14":8,"15":1,"16":14,"17":9,"18":9,"19":1,"20":1},"f":{"0":9,"1":14,"2":1},"b":{}}
,"D:\\legal_debate_mvp\\src\\app\\api\\v1\\cases\\[id]\\route.ts": {"path":"D:\\legal_debate_mvp\\src\\app\\api\\v1\\cases\\[id]\\route.ts","statementMap":{"0":{"start":{"line":1,"column":0},"end":{"line":1,"column":56}},"1":{"start":{"line":2,"column":0},"end":{"line":2,"column":70}},"2":{"start":{"line":3,"column":0},"end":{"line":3,"column":77}},"3":{"start":{"line":4,"column":0},"end":{"line":4,"column":71}},"4":{"start":{"line":5,"column":0},"end":{"line":5,"column":62}},"5":{"start":{"line":11,"column":13},"end":{"line":46,"column":3}},"6":{"start":{"line":16,"column":13},"end":{"line":16,"column":53}},"7":{"start":{"line":28,"column":19},"end":{"line":38,"column":4}},"8":{"start":{"line":40,"column":2},"end":{"line":43,"column":3}},"9":{"start":{"line":41,"column":30},"end":{"line":41,"column":76}},"10":{"start":{"line":42,"column":4},"end":{"line":42,"column":36}},"11":{"start":{"line":45,"column":2},"end":{"line":45,"column":41}},"12":{"start":{"line":52,"column":13},"end":{"line":81,"column":3}},"13":{"start":{"line":57,"column":13},"end":{"line":57,"column":53}},"14":{"start":{"line":60,"column":31},"end":{"line":60,"column":79}},"15":{"start":{"line":61,"column":15},"end":{"line":61,"column":35}},"16":{"start":{"line":62,"column":24},"end":{"line":62,"column":52}},"17":{"start":{"line":74,"column":19},"end":{"line":77,"column":null}},"18":{"start":{"line":80,"column":2},"end":{"line":80,"column":44}},"19":{"start":{"line":87,"column":13},"end":{"line":103,"column":3}},"20":{"start":{"line":92,"column":13},"end":{"line":92,"column":53}},"21":{"start":{"line":100,"column":2},"end":{"line":100,"column":46}},"22":{"start":{"line":102,"column":2},"end":{"line":102,"column":49}},"23":{"start":{"line":109,"column":13},"end":{"line":119,"column":3}},"24":{"start":{"line":110,"column":2},"end":{"line":118,"column":5}}},"fnMap":{"0":{"name":"(anonymous_9)","decl":{"start":{"line":11,"column":36},"end":{"line":11,"column":41}},"loc":{"start":{"line":14,"column":4},"end":{"line":46,"column":1}}},"1":{"name":"(anonymous_10)","decl":{"start":{"line":41,"column":30},"end":{"line":41,"column":43}},"loc":{"start":{"line":41,"column":30},"end":{"line":41,"column":76}}},"2":{"name":"(anonymous_11)","decl":{"start":{"line":52,"column":36},"end":{"line":52,"column":41}},"loc":{"start":{"line":55,"column":4},"end":{"line":81,"column":1}}},"3":{"name":"(anonymous_12)","decl":{"start":{"line":60,"column":31},"end":{"line":60,"column":44}},"loc":{"start":{"line":60,"column":31},"end":{"line":60,"column":79}}},"4":{"name":"(anonymous_13)","decl":{"start":{"line":87,"column":39},"end":{"line":87,"column":44}},"loc":{"start":{"line":90,"column":4},"end":{"line":103,"column":1}}},"5":{"name":"(anonymous_14)","decl":{"start":{"line":109,"column":40},"end":{"line":109,"column":45}},"loc":{"start":{"line":109,"column":71},"end":{"line":119,"column":1}}}},"branchMap":{"0":{"loc":{"start":{"line":40,"column":2},"end":{"line":43,"column":3}},"type":"if","locations":[{"start":{"line":40,"column":2},"end":{"line":43,"column":3}},{"start":{},"end":{}}]}},"s":{"0":1,"1":1,"2":1,"3":1,"4":1,"5":1,"6":6,"7":4,"8":4,"9":0,"10":0,"11":4,"12":1,"13":7,"14":12,"15":6,"16":6,"17":4,"18":4,"19":1,"20":5,"21":4,"22":4,"23":1,"24":2},"f":{"0":6,"1":0,"2":7,"3":6,"4":5,"5":2},"b":{"0":[0,4]}}
,"D:\\legal_debate_mvp\\src\\app\\api\\version\\route.ts": {"path":"D:\\legal_debate_mvp\\src\\app\\api\\version\\route.ts","statementMap":{"0":{"start":{"line":1,"column":0},"end":{"line":1,"column":56}},"1":{"start":{"line":2,"column":0},"end":{"line":2,"column":70}},"2":{"start":{"line":3,"column":0},"end":{"line":3,"column":77}},"3":{"start":{"line":9,"column":13},"end":{"line":44,"column":3}},"4":{"start":{"line":10,"column":22},"end":{"line":10,"column":57}},"5":{"start":{"line":12,"column":2},"end":{"line":43,"column":5}},"6":{"start":{"line":50,"column":13},"end":{"line":52,"column":3}},"7":{"start":{"line":51,"column":2},"end":{"line":51,"column":49}}},"fnMap":{"0":{"name":"(anonymous_0)","decl":{"start":{"line":9,"column":36},"end":{"line":9,"column":41}},"loc":{"start":{"line":9,"column":67},"end":{"line":44,"column":1}}},"1":{"name":"(anonymous_1)","decl":{"start":{"line":50,"column":37},"end":{"line":50,"column":42}},"loc":{"start":{"line":50,"column":68},"end":{"line":52,"column":1}}}},"branchMap":{"0":{"loc":{"start":{"line":19,"column":12},"end":{"line":19,"column":50}},"type":"binary-expr","locations":[{"start":{"line":19,"column":12},"end":{"line":19,"column":28}},{"start":{"line":19,"column":32},"end":{"line":19,"column":50}}]},"1":{"loc":{"start":{"line":20,"column":15},"end":{"line":20,"column":45}},"type":"binary-expr","locations":[{"start":{"line":20,"column":15},"end":{"line":20,"column":34}},{"start":{"line":20,"column":38},"end":{"line":20,"column":45}}]},"2":{"loc":{"start":{"line":21,"column":19},"end":{"line":21,"column":71}},"type":"binary-expr","locations":[{"start":{"line":21,"column":19},"end":{"line":21,"column":42}},{"start":{"line":21,"column":46},"end":{"line":21,"column":71}}]}},"s":{"0":1,"1":1,"2":1,"3":1,"4":9,"5":9,"6":1,"7":2},"f":{"0":9,"1":2},"b":{"0":[9,0],"1":[9,0],"2":[9,9]}}
}
