<?xml version="1.0" encoding="UTF-8"?>
<coverage generated="1769694410333" clover="3.2.0">
  <project timestamp="1769694410333" name="All files">
    <metrics statements="292" coveredstatements="194" conditionals="230" coveredconditionals="86" methods="80" coveredmethods="51" elements="602" coveredelements="331" complexity="0" loc="292" ncloc="292" packages="4" files="9" classes="9"/>
    <package name="__tests__.memory">
      <metrics statements="71" coveredstatements="30" conditionals="62" coveredconditionals="7" methods="23" coveredmethods="8"/>
      <file name="test-helpers.ts" path="D:\legal_debate_mvp\src\__tests__\memory\test-helpers.ts">
        <metrics statements="71" coveredstatements="30" conditionals="62" coveredconditionals="7" methods="23" coveredmethods="8"/>
        <line num="8" count="3" type="stmt"/>
        <line num="13" count="3" type="stmt"/>
        <line num="14" count="7" type="stmt"/>
        <line num="15" count="7" type="stmt"/>
        <line num="34" count="3" type="stmt"/>
        <line num="35" count="0" type="stmt"/>
        <line num="41" count="3" type="stmt"/>
        <line num="42" count="0" type="stmt"/>
        <line num="48" count="3" type="stmt"/>
        <line num="49" count="0" type="stmt"/>
        <line num="55" count="3" type="stmt"/>
        <line num="56" count="0" type="stmt"/>
        <line num="62" count="3" type="stmt"/>
        <line num="63" count="0" type="stmt"/>
        <line num="76" count="3" type="stmt"/>
        <line num="77" count="0" type="stmt"/>
        <line num="78" count="0" type="stmt"/>
        <line num="79" count="0" type="stmt"/>
        <line num="87" count="0" type="stmt"/>
        <line num="93" count="3" type="stmt"/>
        <line num="94" count="31" type="stmt"/>
        <line num="96" count="31" type="stmt"/>
        <line num="98" count="11" type="stmt"/>
        <line num="103" count="11" type="stmt"/>
        <line num="104" count="11" type="stmt"/>
        <line num="108" count="18" type="stmt"/>
        <line num="109" count="18" type="stmt"/>
        <line num="111" count="0" type="cond" truecount="0" falsecount="4"/>
        <line num="112" count="0" type="stmt"/>
        <line num="114" count="0" type="cond" truecount="0" falsecount="4"/>
        <line num="115" count="0" type="stmt"/>
        <line num="117" count="0" type="cond" truecount="0" falsecount="4"/>
        <line num="118" count="0" type="stmt"/>
        <line num="120" count="0" type="stmt"/>
        <line num="126" count="0" type="stmt"/>
        <line num="127" count="0" type="cond" truecount="0" falsecount="6"/>
        <line num="128" count="0" type="stmt"/>
        <line num="130" count="0" type="stmt"/>
        <line num="134" count="5" type="stmt"/>
        <line num="135" count="5" type="cond" truecount="1" falsecount="1"/>
        <line num="136" count="0" type="stmt"/>
        <line num="137" count="0" type="stmt"/>
        <line num="138" count="0" type="stmt"/>
        <line num="140" count="5" type="stmt"/>
        <line num="144" count="1" type="stmt"/>
        <line num="145" count="1" type="stmt"/>
        <line num="146" count="0" type="cond" truecount="0" falsecount="4"/>
        <line num="147" count="0" type="stmt"/>
        <line num="149" count="0" type="cond" truecount="0" falsecount="4"/>
        <line num="150" count="0" type="stmt"/>
        <line num="152" count="0" type="stmt"/>
        <line num="154" count="1" type="stmt"/>
        <line num="158" count="1" type="stmt"/>
        <line num="159" count="1" type="stmt"/>
        <line num="160" count="0" type="cond" truecount="0" falsecount="4"/>
        <line num="161" count="0" type="stmt"/>
        <line num="163" count="0" type="cond" truecount="0" falsecount="4"/>
        <line num="164" count="0" type="stmt"/>
        <line num="166" count="0" type="stmt"/>
        <line num="167" count="0" type="stmt"/>
        <line num="169" count="1" type="stmt"/>
        <line num="173" count="1" type="stmt"/>
        <line num="174" count="1" type="cond" truecount="4" falsecount="2"/>
        <line num="175" count="0" type="stmt"/>
        <line num="178" count="1" type="stmt"/>
        <line num="182" count="0" type="stmt"/>
        <line num="183" count="0" type="cond" truecount="0" falsecount="6"/>
        <line num="184" count="0" type="stmt"/>
        <line num="185" count="0" type="cond" truecount="0" falsecount="2"/>
        <line num="187" count="0" type="stmt"/>
        <line num="192" count="0" type="stmt"/>
      </file>
    </package>
    <package name="lib.agent.memory-agent">
      <metrics statements="144" coveredstatements="110" conditionals="82" coveredconditionals="36" methods="36" coveredmethods="31"/>
      <file name="compressor.ts" path="D:\legal_debate_mvp\src\lib\agent\memory-agent\compressor.ts">
        <metrics statements="61" coveredstatements="38" conditionals="54" coveredconditionals="15" methods="14" coveredmethods="10"/>
        <line num="13" count="1" type="stmt"/>
        <line num="21" count="1" type="stmt"/>
        <line num="26" count="1" type="stmt"/>
        <line num="27" count="8" type="stmt"/>
        <line num="33" count="8" type="stmt"/>
        <line num="35" count="8" type="stmt"/>
        <line num="37" count="8" type="cond" truecount="2" falsecount="0"/>
        <line num="39" count="1" type="stmt"/>
        <line num="40" count="0" type="stmt"/>
        <line num="42" count="0" type="stmt"/>
        <line num="53" count="7" type="stmt"/>
        <line num="56" count="1" type="stmt"/>
        <line num="68" count="0" type="cond" truecount="0" falsecount="2"/>
        <line num="69" count="0" type="stmt"/>
        <line num="71" count="0" type="cond" truecount="0" falsecount="2"/>
        <line num="72" count="0" type="stmt"/>
        <line num="74" count="0" type="stmt"/>
        <line num="81" count="1" type="stmt"/>
        <line num="83" count="1" type="stmt"/>
        <line num="101" count="1" type="stmt"/>
        <line num="103" count="0" type="cond" truecount="0" falsecount="14"/>
        <line num="110" count="1" type="stmt"/>
        <line num="112" count="1" type="stmt"/>
        <line num="127" count="0" type="stmt"/>
        <line num="129" count="0" type="stmt"/>
        <line num="147" count="0" type="stmt"/>
        <line num="150" count="0" type="cond" truecount="0" falsecount="10"/>
        <line num="151" count="0" type="stmt"/>
        <line num="152" count="0" type="cond" truecount="0" falsecount="2"/>
        <line num="153" count="0" type="stmt"/>
        <line num="154" count="0" type="stmt"/>
        <line num="155" count="0" type="cond" truecount="0" falsecount="2"/>
        <line num="158" count="0" type="stmt"/>
        <line num="162" count="0" type="stmt"/>
        <line num="169" count="0" type="stmt"/>
        <line num="171" count="0" type="stmt"/>
        <line num="186" count="7" type="stmt"/>
        <line num="188" count="7" type="stmt"/>
        <line num="193" count="18" type="stmt"/>
        <line num="194" count="60" type="cond" truecount="2" falsecount="2"/>
        <line num="195" count="0" type="stmt"/>
        <line num="205" count="7" type="cond" truecount="4" falsecount="0"/>
        <line num="206" count="6" type="stmt"/>
        <line num="209" count="6" type="stmt"/>
        <line num="212" count="6" type="stmt"/>
        <line num="215" count="6" type="stmt"/>
        <line num="219" count="7" type="stmt"/>
        <line num="229" count="7" type="stmt"/>
        <line num="231" count="7" type="stmt"/>
        <line num="233" count="7" type="cond" truecount="1" falsecount="1"/>
        <line num="242" count="7" type="stmt"/>
        <line num="243" count="7" type="stmt"/>
        <line num="245" count="7" type="stmt"/>
        <line num="257" count="7" type="cond" truecount="1" falsecount="1"/>
        <line num="259" count="0" type="cond" truecount="0" falsecount="2"/>
        <line num="262" count="7" type="cond" truecount="4" falsecount="0"/>
        <line num="264" count="6" type="stmt"/>
        <line num="265" count="6" type="stmt"/>
        <line num="267" count="9" type="stmt"/>
        <line num="269" count="6" type="stmt"/>
        <line num="272" count="1" type="stmt"/>
      </file>
      <file name="error-learner.ts" path="D:\legal_debate_mvp\src\lib\agent\memory-agent\error-learner.ts">
        <metrics statements="34" coveredstatements="27" conditionals="5" coveredconditionals="2" methods="4" coveredmethods="3"/>
        <line num="6" count="1" type="stmt"/>
        <line num="11" count="1" type="stmt"/>
        <line num="12" count="1" type="stmt"/>
        <line num="13" count="1" type="stmt"/>
        <line num="19" count="1" type="stmt"/>
        <line num="25" count="11" type="stmt"/>
        <line num="26" count="11" type="stmt"/>
        <line num="27" count="11" type="stmt"/>
        <line num="29" count="11" type="stmt"/>
        <line num="30" count="11" type="stmt"/>
        <line num="31" count="11" type="stmt"/>
        <line num="38" count="11" type="stmt"/>
        <line num="49" count="11" type="cond" truecount="2" falsecount="0"/>
        <line num="50" count="4" type="stmt"/>
        <line num="54" count="7" type="stmt"/>
        <line num="57" count="7" type="stmt"/>
        <line num="64" count="7" type="stmt"/>
        <line num="68" count="7" type="stmt"/>
        <line num="78" count="7" type="stmt"/>
        <line num="87" count="7" type="stmt"/>
        <line num="102" count="3" type="stmt"/>
        <line num="112" count="3" type="stmt"/>
        <line num="114" count="3" type="stmt"/>
        <line num="115" count="3" type="stmt"/>
        <line num="116" count="3" type="stmt"/>
        <line num="117" count="0" type="stmt"/>
        <line num="119" count="3" type="stmt"/>
        <line num="123" count="3" type="stmt"/>
        <line num="130" count="0" type="stmt"/>
        <line num="139" count="0" type="cond" truecount="0" falsecount="2"/>
        <line num="140" count="0" type="stmt"/>
        <line num="143" count="0" type="stmt"/>
        <line num="152" count="0" type="stmt"/>
        <line num="161" count="0" type="stmt"/>
      </file>
      <file name="memory-manager.ts" path="D:\legal_debate_mvp\src\lib\agent\memory-agent\memory-manager.ts">
        <metrics statements="49" coveredstatements="45" conditionals="23" coveredconditionals="19" methods="18" coveredmethods="18"/>
        <line num="15" count="2" type="stmt"/>
        <line num="16" count="2" type="stmt"/>
        <line num="25" count="2" type="stmt"/>
        <line num="26" count="31" type="stmt"/>
        <line num="43" count="11" type="stmt"/>
        <line num="46" count="11" type="stmt"/>
        <line num="49" count="11" type="stmt"/>
        <line num="56" count="11" type="cond" truecount="1" falsecount="1"/>
        <line num="58" count="0" type="stmt"/>
        <line num="69" count="0" type="stmt"/>
        <line num="73" count="11" type="stmt"/>
        <line num="87" count="11" type="stmt"/>
        <line num="101" count="1" type="stmt"/>
        <line num="118" count="3" type="stmt"/>
        <line num="123" count="3" type="stmt"/>
        <line num="124" count="3" type="cond" truecount="4" falsecount="0"/>
        <line num="131" count="1" type="stmt"/>
        <line num="150" count="1" type="stmt"/>
        <line num="166" count="2" type="stmt"/>
        <line num="171" count="2" type="stmt"/>
        <line num="172" count="2" type="cond" truecount="4" falsecount="0"/>
        <line num="179" count="1" type="stmt"/>
        <line num="200" count="9" type="stmt"/>
        <line num="215" count="8" type="stmt"/>
        <line num="220" count="8" type="stmt"/>
        <line num="221" count="8" type="cond" truecount="4" falsecount="0"/>
        <line num="228" count="15" type="stmt"/>
        <line num="230" count="15" type="stmt"/>
        <line num="239" count="15" type="cond" truecount="2" falsecount="0"/>
        <line num="240" count="11" type="stmt"/>
        <line num="244" count="4" type="stmt"/>
        <line num="246" count="4" type="stmt"/>
        <line num="253" count="1" type="stmt"/>
        <line num="262" count="2" type="stmt"/>
        <line num="269" count="1" type="stmt"/>
        <line num="278" count="1" type="stmt"/>
        <line num="285" count="1" type="stmt"/>
        <line num="292" count="1" type="cond" truecount="1" falsecount="1"/>
        <line num="293" count="0" type="stmt"/>
        <line num="296" count="1" type="stmt"/>
        <line num="305" count="1" type="stmt"/>
        <line num="312" count="1" type="cond" truecount="1" falsecount="1"/>
        <line num="313" count="0" type="stmt"/>
        <line num="316" count="1" type="stmt"/>
        <line num="318" count="1" type="stmt"/>
        <line num="337" count="1" type="stmt"/>
        <line num="357" count="1" type="stmt"/>
        <line num="363" count="1" type="stmt"/>
        <line num="381" count="1" type="stmt"/>
      </file>
    </package>
    <package name="lib.agent.memory-agent.error-learner">
      <metrics statements="63" coveredstatements="40" conditionals="78" coveredconditionals="35" methods="18" coveredmethods="9"/>
      <file name="ai-helpers.ts" path="D:\legal_debate_mvp\src\lib\agent\memory-agent\error-learner\ai-helpers.ts">
        <metrics statements="27" coveredstatements="14" conditionals="44" coveredconditionals="18" methods="8" coveredmethods="3"/>
        <line num="6" count="1" type="stmt"/>
        <line num="14" count="1" type="stmt"/>
        <line num="15" count="11" type="stmt"/>
        <line num="28" count="7" type="stmt"/>
        <line num="36" count="0" type="stmt"/>
        <line num="44" count="7" type="stmt"/>
        <line num="61" count="7" type="stmt"/>
        <line num="63" count="7" type="cond" truecount="10" falsecount="4"/>
        <line num="72" count="7" type="stmt"/>
        <line num="84" count="7" type="stmt"/>
        <line num="102" count="7" type="stmt"/>
        <line num="105" count="7" type="cond" truecount="7" falsecount="3"/>
        <line num="106" count="7" type="stmt"/>
        <line num="107" count="7" type="cond" truecount="1" falsecount="1"/>
        <line num="108" count="0" type="stmt"/>
        <line num="109" count="0" type="stmt"/>
        <line num="110" count="0" type="cond" truecount="0" falsecount="2"/>
        <line num="111" count="0" type="stmt"/>
        <line num="120" count="0" type="stmt"/>
        <line num="124" count="7" type="stmt"/>
        <line num="138" count="0" type="stmt"/>
        <line num="147" count="0" type="stmt"/>
        <line num="164" count="0" type="stmt"/>
        <line num="166" count="0" type="cond" truecount="0" falsecount="10"/>
        <line num="167" count="0" type="stmt"/>
        <line num="169" count="0" type="stmt"/>
        <line num="170" count="0" type="stmt"/>
      </file>
      <file name="analyzer.ts" path="D:\legal_debate_mvp\src\lib\agent\memory-agent\error-learner\analyzer.ts">
        <metrics statements="25" coveredstatements="17" conditionals="26" coveredconditionals="11" methods="8" coveredmethods="4"/>
        <line num="6" count="1" type="stmt"/>
        <line num="16" count="1" type="stmt"/>
        <line num="18" count="11" type="stmt"/>
        <line num="19" count="11" type="stmt"/>
        <line num="33" count="7" type="stmt"/>
        <line num="39" count="7" type="stmt"/>
        <line num="42" count="7" type="stmt"/>
        <line num="45" count="7" type="stmt"/>
        <line num="47" count="7" type="stmt"/>
        <line num="60" count="7" type="stmt"/>
        <line num="71" count="7" type="stmt"/>
        <line num="74" count="7" type="cond" truecount="1" falsecount="1"/>
        <line num="75" count="7" type="stmt"/>
        <line num="78" count="0" type="stmt"/>
        <line num="80" count="0" type="stmt"/>
        <line num="84" count="0" type="stmt"/>
        <line num="102" count="0" type="stmt"/>
        <line num="104" count="0" type="cond" truecount="0" falsecount="10"/>
        <line num="105" count="0" type="stmt"/>
        <line num="107" count="0" type="stmt"/>
        <line num="108" count="0" type="stmt"/>
        <line num="122" count="7" type="stmt"/>
        <line num="134" count="7" type="stmt"/>
        <line num="151" count="7" type="stmt"/>
        <line num="153" count="7" type="cond" truecount="10" falsecount="4"/>
      </file>
      <file name="knowledge-base.ts" path="D:\legal_debate_mvp\src\lib\agent\memory-agent\error-learner\knowledge-base.ts">
        <metrics statements="11" coveredstatements="9" conditionals="8" coveredconditionals="6" methods="2" coveredmethods="2"/>
        <line num="12" count="1" type="stmt"/>
        <line num="13" count="11" type="stmt"/>
        <line num="23" count="7" type="stmt"/>
        <line num="24" count="7" type="stmt"/>
        <line num="27" count="7" type="stmt"/>
        <line num="29" count="7" type="stmt"/>
        <line num="33" count="7" type="stmt"/>
        <line num="44" count="7" type="stmt"/>
        <line num="50" count="7" type="stmt"/>
        <line num="52" count="0" type="stmt"/>
        <line num="53" count="0" type="stmt"/>
      </file>
    </package>
    <package name="lib.agent.memory-agent.memory-manager">
      <metrics statements="14" coveredstatements="14" conditionals="8" coveredconditionals="8" methods="3" coveredmethods="3"/>
      <file name="config.ts" path="D:\legal_debate_mvp\src\lib\agent\memory-agent\memory-manager\config.ts">
        <metrics statements="3" coveredstatements="3" conditionals="0" coveredconditionals="0" methods="0" coveredmethods="0"/>
        <line num="9" count="2" type="stmt"/>
        <line num="18" count="2" type="stmt"/>
        <line num="23" count="2" type="stmt"/>
      </file>
      <file name="helpers.ts" path="D:\legal_debate_mvp\src\lib\agent\memory-agent\memory-manager\helpers.ts">
        <metrics statements="11" coveredstatements="11" conditionals="8" coveredconditionals="8" methods="3" coveredmethods="3"/>
        <line num="8" count="2" type="stmt"/>
        <line num="14" count="2" type="stmt"/>
        <line num="18" count="4" type="stmt"/>
        <line num="30" count="2" type="stmt"/>
        <line num="33" count="19" type="stmt"/>
        <line num="51" count="2" type="stmt"/>
        <line num="55" count="11" type="cond" truecount="2" falsecount="0"/>
        <line num="56" count="9" type="stmt"/>
        <line num="59" count="2" type="stmt"/>
        <line num="60" count="2" type="cond" truecount="2" falsecount="0"/>
        <line num="61" count="2" type="stmt"/>
      </file>
    </package>
  </project>
</coverage>
