{"D:\\legal_debate_mvp\\src\\__tests__\\memory\\test-helpers.ts": {"path":"D:\\legal_debate_mvp\\src\\__tests__\\memory\\test-helpers.ts","statementMap":{"0":{"start":{"line":13,"column":0},"end":{"line":13,"column":16}},"1":{"start":{"line":34,"column":0},"end":{"line":34,"column":16}},"2":{"start":{"line":41,"column":0},"end":{"line":41,"column":16}},"3":{"start":{"line":48,"column":0},"end":{"line":48,"column":16}},"4":{"start":{"line":55,"column":0},"end":{"line":55,"column":16}},"5":{"start":{"line":62,"column":0},"end":{"line":62,"column":16}},"6":{"start":{"line":76,"column":0},"end":{"line":76,"column":16}},"7":{"start":{"line":93,"column":0},"end":{"line":93,"column":16}},"8":{"start":{"line":8,"column":0},"end":{"line":8,"column":65}},"9":{"start":{"line":14,"column":14},"end":{"line":14,"column":24}},"10":{"start":{"line":15,"column":2},"end":{"line":27,"column":null}},"11":{"start":{"line":35,"column":2},"end":{"line":35,"column":57}},"12":{"start":{"line":35,"column":32},"end":{"line":35,"column":55}},"13":{"start":{"line":42,"column":2},"end":{"line":42,"column":35}},"14":{"start":{"line":49,"column":2},"end":{"line":49,"column":35}},"15":{"start":{"line":56,"column":2},"end":{"line":56,"column":37}},"16":{"start":{"line":63,"column":2},"end":{"line":70,"column":4}},"17":{"start":{"line":77,"column":29},"end":{"line":77,"column":31}},"18":{"start":{"line":78,"column":2},"end":{"line":86,"column":3}},"19":{"start":{"line":78,"column":15},"end":{"line":78,"column":16}},"20":{"start":{"line":79,"column":4},"end":{"line":85,"column":6}},"21":{"start":{"line":87,"column":2},"end":{"line":87,"column":18}},"22":{"start":{"line":94,"column":19},"end":{"line":94,"column":59}},"23":{"start":{"line":96,"column":2},"end":{"line":194,"column":4}},"24":{"start":{"line":98,"column":21},"end":{"line":102,"column":8}},"25":{"start":{"line":103,"column":6},"end":{"line":103,"column":38}},"26":{"start":{"line":104,"column":6},"end":{"line":104,"column":20}},"27":{"start":{"line":108,"column":22},"end":{"line":108,"column":51}},"28":{"start":{"line":109,"column":6},"end":{"line":122,"column":8}},"29":{"start":{"line":111,"column":10},"end":{"line":113,"column":11}},"30":{"start":{"line":112,"column":12},"end":{"line":112,"column":25}},"31":{"start":{"line":114,"column":10},"end":{"line":116,"column":11}},"32":{"start":{"line":115,"column":12},"end":{"line":115,"column":25}},"33":{"start":{"line":117,"column":10},"end":{"line":119,"column":11}},"34":{"start":{"line":118,"column":12},"end":{"line":118,"column":25}},"35":{"start":{"line":120,"column":10},"end":{"line":120,"column":22}},"36":{"start":{"line":126,"column":22},"end":{"line":126,"column":51}},"37":{"start":{"line":127,"column":6},"end":{"line":129,"column":7}},"38":{"start":{"line":128,"column":8},"end":{"line":128,"column":78}},"39":{"start":{"line":128,"column":39},"end":{"line":128,"column":76}},"40":{"start":{"line":130,"column":6},"end":{"line":130,"column":21}},"41":{"start":{"line":134,"column":21},"end":{"line":134,"column":43}},"42":{"start":{"line":135,"column":6},"end":{"line":139,"column":7}},"43":{"start":{"line":136,"column":21},"end":{"line":136,"column":69}},"44":{"start":{"line":137,"column":8},"end":{"line":137,"column":65}},"45":{"start":{"line":138,"column":8},"end":{"line":138,"column":23}},"46":{"start":{"line":140,"column":6},"end":{"line":140,"column":20}},"47":{"start":{"line":144,"column":22},"end":{"line":144,"column":51}},"48":{"start":{"line":145,"column":20},"end":{"line":153,"column":15}},"49":{"start":{"line":146,"column":8},"end":{"line":148,"column":9}},"50":{"start":{"line":147,"column":10},"end":{"line":147,"column":23}},"51":{"start":{"line":149,"column":8},"end":{"line":151,"column":9}},"52":{"start":{"line":150,"column":10},"end":{"line":150,"column":23}},"53":{"start":{"line":152,"column":8},"end":{"line":152,"column":20}},"54":{"start":{"line":154,"column":6},"end":{"line":154,"column":23}},"55":{"start":{"line":158,"column":18},"end":{"line":158,"column":19}},"56":{"start":{"line":159,"column":6},"end":{"line":168,"column":7}},"57":{"start":{"line":160,"column":8},"end":{"line":162,"column":9}},"58":{"start":{"line":161,"column":10},"end":{"line":161,"column":19}},"59":{"start":{"line":163,"column":8},"end":{"line":165,"column":9}},"60":{"start":{"line":164,"column":10},"end":{"line":164,"column":19}},"61":{"start":{"line":166,"column":8},"end":{"line":166,"column":28}},"62":{"start":{"line":167,"column":8},"end":{"line":167,"column":16}},"63":{"start":{"line":169,"column":6},"end":{"line":169,"column":23}},"64":{"start":{"line":173,"column":22},"end":{"line":173,"column":51}},"65":{"start":{"line":174,"column":6},"end":{"line":177,"column":7}},"66":{"start":{"line":175,"column":8},"end":{"line":176,"column":18}},"67":{"start":{"line":175,"column":39},"end":{"line":175,"column":76}},"68":{"start":{"line":178,"column":6},"end":{"line":178,"column":28}},"69":{"start":{"line":182,"column":22},"end":{"line":182,"column":51}},"70":{"start":{"line":183,"column":6},"end":{"line":186,"column":7}},"71":{"start":{"line":184,"column":20},"end":{"line":184,"column":77}},"72":{"start":{"line":184,"column":51},"end":{"line":184,"column":73}},"73":{"start":{"line":185,"column":8},"end":{"line":185,"column":69}},"74":{"start":{"line":187,"column":6},"end":{"line":187,"column":41}},"75":{"start":{"line":192,"column":6},"end":{"line":192,"column":23}}},"fnMap":{"0":{"name":"createTestMemory","decl":{"start":{"line":13,"column":16},"end":{"line":13,"column":32}},"loc":{"start":{"line":13,"column":60},"end":{"line":29,"column":1}}},"1":{"name":"waitFor","decl":{"start":{"line":34,"column":16},"end":{"line":34,"column":23}},"loc":{"start":{"line":34,"column":34},"end":{"line":36,"column":1}}},"2":{"name":"(anonymous_2)","decl":{"start":{"line":35,"column":21},"end":{"line":35,"column":28}},"loc":{"start":{"line":35,"column":32},"end":{"line":35,"column":55}}},"3":{"name":"createTestUserId","decl":{"start":{"line":41,"column":16},"end":{"line":41,"column":32}},"loc":{"start":{"line":41,"column":32},"end":{"line":43,"column":1}}},"4":{"name":"createTestCaseId","decl":{"start":{"line":48,"column":16},"end":{"line":48,"column":32}},"loc":{"start":{"line":48,"column":32},"end":{"line":50,"column":1}}},"5":{"name":"createTestDebateId","decl":{"start":{"line":55,"column":16},"end":{"line":55,"column":34}},"loc":{"start":{"line":55,"column":34},"end":{"line":57,"column":1}}},"6":{"name":"validateMemory","decl":{"start":{"line":62,"column":16},"end":{"line":62,"column":30}},"loc":{"start":{"line":62,"column":45},"end":{"line":71,"column":1}}},"7":{"name":"createTestMemories","decl":{"start":{"line":76,"column":16},"end":{"line":76,"column":34}},"loc":{"start":{"line":76,"column":48},"end":{"line":88,"column":1}}},"8":{"name":"createMockAgentMemoryDB","decl":{"start":{"line":93,"column":16},"end":{"line":93,"column":39}},"loc":{"start":{"line":93,"column":39},"end":{"line":195,"column":1}}},"9":{"name":"(anonymous_9)","decl":{"start":{"line":97,"column":41},"end":{"line":97,"column":46}},"loc":{"start":{"line":97,"column":54},"end":{"line":105,"column":5}}},"10":{"name":"(anonymous_10)","decl":{"start":{"line":107,"column":44},"end":{"line":107,"column":49}},"loc":{"start":{"line":107,"column":64},"end":{"line":123,"column":5}}},"11":{"name":"(anonymous_11)","decl":{"start":{"line":110,"column":21},"end":{"line":110,"column":26}},"loc":{"start":{"line":110,"column":29},"end":{"line":121,"column":9}}},"12":{"name":"(anonymous_12)","decl":{"start":{"line":125,"column":43},"end":{"line":125,"column":48}},"loc":{"start":{"line":125,"column":63},"end":{"line":131,"column":5}}},"13":{"name":"(anonymous_13)","decl":{"start":{"line":128,"column":30},"end":{"line":128,"column":35}},"loc":{"start":{"line":128,"column":39},"end":{"line":128,"column":76}}},"14":{"name":"(anonymous_14)","decl":{"start":{"line":133,"column":41},"end":{"line":133,"column":46}},"loc":{"start":{"line":133,"column":67},"end":{"line":141,"column":5}}},"15":{"name":"(anonymous_15)","decl":{"start":{"line":143,"column":45},"end":{"line":143,"column":50}},"loc":{"start":{"line":143,"column":71},"end":{"line":155,"column":5}}},"16":{"name":"(anonymous_16)","decl":{"start":{"line":145,"column":35},"end":{"line":145,"column":40}},"loc":{"start":{"line":145,"column":43},"end":{"line":153,"column":7}}},"17":{"name":"(anonymous_17)","decl":{"start":{"line":157,"column":45},"end":{"line":157,"column":50}},"loc":{"start":{"line":157,"column":65},"end":{"line":170,"column":5}}},"18":{"name":"(anonymous_18)","decl":{"start":{"line":172,"column":40},"end":{"line":172,"column":45}},"loc":{"start":{"line":172,"column":60},"end":{"line":179,"column":5}}},"19":{"name":"(anonymous_19)","decl":{"start":{"line":175,"column":30},"end":{"line":175,"column":35}},"loc":{"start":{"line":175,"column":39},"end":{"line":175,"column":76}}},"20":{"name":"(anonymous_20)","decl":{"start":{"line":181,"column":44},"end":{"line":181,"column":49}},"loc":{"start":{"line":181,"column":63},"end":{"line":188,"column":5}}},"21":{"name":"(anonymous_21)","decl":{"start":{"line":184,"column":35},"end":{"line":184,"column":36}},"loc":{"start":{"line":184,"column":51},"end":{"line":184,"column":73}}},"22":{"name":"(anonymous_22)","decl":{"start":{"line":191,"column":19},"end":{"line":191,"column":22}},"loc":{"start":{"line":191,"column":24},"end":{"line":193,"column":5}}}},"branchMap":{"0":{"loc":{"start":{"line":64,"column":4},"end":{"line":69,"column":36}},"type":"binary-expr","locations":[{"start":{"line":64,"column":4},"end":{"line":64,"column":10}},{"start":{"line":65,"column":4},"end":{"line":65,"column":19}},{"start":{"line":66,"column":4},"end":{"line":66,"column":20}},{"start":{"line":67,"column":4},"end":{"line":67,"column":21}},{"start":{"line":68,"column":4},"end":{"line":68,"column":41}},{"start":{"line":69,"column":4},"end":{"line":69,"column":36}}]},"1":{"loc":{"start":{"line":83,"column":20},"end":{"line":83,"column":74}},"type":"cond-expr","locations":[{"start":{"line":83,"column":34},"end":{"line":83,"column":43}},{"start":{"line":83,"column":46},"end":{"line":83,"column":74}}]},"2":{"loc":{"start":{"line":83,"column":46},"end":{"line":83,"column":74}},"type":"cond-expr","locations":[{"start":{"line":83,"column":60},"end":{"line":83,"column":65}},{"start":{"line":83,"column":68},"end":{"line":83,"column":74}}]},"3":{"loc":{"start":{"line":110,"column":8},"end":{"line":121,"column":18}},"type":"binary-expr","locations":[{"start":{"line":110,"column":8},"end":{"line":121,"column":10}},{"start":{"line":121,"column":14},"end":{"line":121,"column":18}}]},"4":{"loc":{"start":{"line":111,"column":10},"end":{"line":113,"column":11}},"type":"if","locations":[{"start":{"line":111,"column":10},"end":{"line":113,"column":11}},{"start":{},"end":{}}]},"5":{"loc":{"start":{"line":111,"column":14},"end":{"line":111,"column":68}},"type":"binary-expr","locations":[{"start":{"line":111,"column":14},"end":{"line":111,"column":29}},{"start":{"line":111,"column":33},"end":{"line":111,"column":68}}]},"6":{"loc":{"start":{"line":114,"column":10},"end":{"line":116,"column":11}},"type":"if","locations":[{"start":{"line":114,"column":10},"end":{"line":116,"column":11}},{"start":{},"end":{}}]},"7":{"loc":{"start":{"line":114,"column":14},"end":{"line":114,"column":71}},"type":"binary-expr","locations":[{"start":{"line":114,"column":14},"end":{"line":114,"column":30}},{"start":{"line":114,"column":34},"end":{"line":114,"column":71}}]},"8":{"loc":{"start":{"line":117,"column":10},"end":{"line":119,"column":11}},"type":"if","locations":[{"start":{"line":117,"column":10},"end":{"line":119,"column":11}},{"start":{},"end":{}}]},"9":{"loc":{"start":{"line":117,"column":14},"end":{"line":117,"column":68}},"type":"binary-expr","locations":[{"start":{"line":117,"column":14},"end":{"line":117,"column":29}},{"start":{"line":117,"column":33},"end":{"line":117,"column":68}}]},"10":{"loc":{"start":{"line":127,"column":6},"end":{"line":129,"column":7}},"type":"if","locations":[{"start":{"line":127,"column":6},"end":{"line":129,"column":7}},{"start":{},"end":{}}]},"11":{"loc":{"start":{"line":127,"column":10},"end":{"line":127,"column":27}},"type":"cond-expr","locations":[{"start":{"line":127,"column":15},"end":{"line":127,"column":17}},{"start":{"line":127,"column":10},"end":{"line":127,"column":27}}]},"12":{"loc":{"start":{"line":127,"column":10},"end":{"line":127,"column":17}},"type":"binary-expr","locations":[{"start":{"line":127,"column":10},"end":{"line":127,"column":17}},{"start":{"line":127,"column":10},"end":{"line":127,"column":17}}]},"13":{"loc":{"start":{"line":135,"column":6},"end":{"line":139,"column":7}},"type":"if","locations":[{"start":{"line":135,"column":6},"end":{"line":139,"column":7}},{"start":{},"end":{}}]},"14":{"loc":{"start":{"line":146,"column":8},"end":{"line":148,"column":9}},"type":"if","locations":[{"start":{"line":146,"column":8},"end":{"line":148,"column":9}},{"start":{},"end":{}}]},"15":{"loc":{"start":{"line":146,"column":12},"end":{"line":146,"column":66}},"type":"binary-expr","locations":[{"start":{"line":146,"column":12},"end":{"line":146,"column":27}},{"start":{"line":146,"column":31},"end":{"line":146,"column":66}}]},"16":{"loc":{"start":{"line":149,"column":8},"end":{"line":151,"column":9}},"type":"if","locations":[{"start":{"line":149,"column":8},"end":{"line":151,"column":9}},{"start":{},"end":{}}]},"17":{"loc":{"start":{"line":149,"column":12},"end":{"line":149,"column":69}},"type":"binary-expr","locations":[{"start":{"line":149,"column":12},"end":{"line":149,"column":28}},{"start":{"line":149,"column":32},"end":{"line":149,"column":69}}]},"18":{"loc":{"start":{"line":160,"column":8},"end":{"line":162,"column":9}},"type":"if","locations":[{"start":{"line":160,"column":8},"end":{"line":162,"column":9}},{"start":{},"end":{}}]},"19":{"loc":{"start":{"line":160,"column":12},"end":{"line":160,"column":66}},"type":"binary-expr","locations":[{"start":{"line":160,"column":12},"end":{"line":160,"column":27}},{"start":{"line":160,"column":31},"end":{"line":160,"column":66}}]},"20":{"loc":{"start":{"line":163,"column":8},"end":{"line":165,"column":9}},"type":"if","locations":[{"start":{"line":163,"column":8},"end":{"line":165,"column":9}},{"start":{},"end":{}}]},"21":{"loc":{"start":{"line":163,"column":12},"end":{"line":163,"column":69}},"type":"binary-expr","locations":[{"start":{"line":163,"column":12},"end":{"line":163,"column":28}},{"start":{"line":163,"column":32},"end":{"line":163,"column":69}}]},"22":{"loc":{"start":{"line":174,"column":6},"end":{"line":177,"column":7}},"type":"if","locations":[{"start":{"line":174,"column":6},"end":{"line":177,"column":7}},{"start":{},"end":{}}]},"23":{"loc":{"start":{"line":174,"column":10},"end":{"line":174,"column":27}},"type":"cond-expr","locations":[{"start":{"line":174,"column":15},"end":{"line":174,"column":17}},{"start":{"line":174,"column":10},"end":{"line":174,"column":27}}]},"24":{"loc":{"start":{"line":174,"column":10},"end":{"line":174,"column":17}},"type":"binary-expr","locations":[{"start":{"line":174,"column":10},"end":{"line":174,"column":17}},{"start":{"line":174,"column":10},"end":{"line":174,"column":17}}]},"25":{"loc":{"start":{"line":183,"column":6},"end":{"line":186,"column":7}},"type":"if","locations":[{"start":{"line":183,"column":6},"end":{"line":186,"column":7}},{"start":{},"end":{}}]},"26":{"loc":{"start":{"line":183,"column":10},"end":{"line":183,"column":26}},"type":"cond-expr","locations":[{"start":{"line":183,"column":14},"end":{"line":183,"column":16}},{"start":{"line":183,"column":10},"end":{"line":183,"column":26}}]},"27":{"loc":{"start":{"line":183,"column":10},"end":{"line":183,"column":16}},"type":"binary-expr","locations":[{"start":{"line":183,"column":10},"end":{"line":183,"column":16}},{"start":{"line":183,"column":10},"end":{"line":183,"column":16}}]},"28":{"loc":{"start":{"line":185,"column":44},"end":{"line":185,"column":63}},"type":"binary-expr","locations":[{"start":{"line":185,"column":44},"end":{"line":185,"column":58}},{"start":{"line":185,"column":62},"end":{"line":185,"column":63}}]}},"s":{"0":3,"1":3,"2":3,"3":3,"4":3,"5":3,"6":3,"7":3,"8":3,"9":7,"10":7,"11":0,"12":0,"13":0,"14":0,"15":0,"16":0,"17":0,"18":0,"19":0,"20":0,"21":0,"22":31,"23":31,"24":11,"25":11,"26":11,"27":18,"28":18,"29":0,"30":0,"31":0,"32":0,"33":0,"34":0,"35":0,"36":0,"37":0,"38":0,"39":0,"40":0,"41":5,"42":5,"43":0,"44":0,"45":0,"46":5,"47":1,"48":1,"49":0,"50":0,"51":0,"52":0,"53":0,"54":1,"55":1,"56":1,"57":0,"58":0,"59":0,"60":0,"61":0,"62":0,"63":1,"64":1,"65":1,"66":0,"67":0,"68":1,"69":0,"70":0,"71":0,"72":0,"73":0,"74":0,"75":0},"f":{"0":7,"1":0,"2":0,"3":0,"4":0,"5":0,"6":0,"7":0,"8":31,"9":11,"10":18,"11":0,"12":0,"13":0,"14":5,"15":1,"16":0,"17":1,"18":1,"19":0,"20":0,"21":0,"22":0},"b":{"0":[0,0,0,0,0,0],"1":[0,0],"2":[0,0],"3":[18,18],"4":[0,0],"5":[0,0],"6":[0,0],"7":[0,0],"8":[0,0],"9":[0,0],"10":[0,0],"11":[0,0],"12":[0,0],"13":[0,5],"14":[0,0],"15":[0,0],"16":[0,0],"17":[0,0],"18":[0,0],"19":[0,0],"20":[0,0],"21":[0,0],"22":[0,1],"23":[0,1],"24":[1,1],"25":[0,0],"26":[0,0],"27":[0,0],"28":[0,0]}}
,"D:\\legal_debate_mvp\\src\\lib\\agent\\memory-agent\\compressor.ts": {"path":"D:\\legal_debate_mvp\\src\\lib\\agent\\memory-agent\\compressor.ts","statementMap":{"0":{"start":{"line":13,"column":33},"end":{"line":16,"column":2}},"1":{"start":{"line":21,"column":36},"end":{"line":21,"column":39}},"2":{"start":{"line":27,"column":22},"end":{"line":27,"column":42}},"3":{"start":{"line":33,"column":4},"end":{"line":60,"column":5}},"4":{"start":{"line":35,"column":20},"end":{"line":35,"column":68}},"5":{"start":{"line":37,"column":6},"end":{"line":54,"column":7}},"6":{"start":{"line":39,"column":24},"end":{"line":39,"column":72}},"7":{"start":{"line":40,"column":24},"end":{"line":40,"column":69}},"8":{"start":{"line":42,"column":8},"end":{"line":50,"column":10}},"9":{"start":{"line":53,"column":8},"end":{"line":53,"column":67}},"10":{"start":{"line":56,"column":6},"end":{"line":59,"column":8}},"11":{"start":{"line":68,"column":4},"end":{"line":70,"column":5}},"12":{"start":{"line":69,"column":6},"end":{"line":69,"column":53}},"13":{"start":{"line":71,"column":4},"end":{"line":73,"column":5}},"14":{"start":{"line":72,"column":6},"end":{"line":72,"column":50}},"15":{"start":{"line":74,"column":4},"end":{"line":74,"column":15}},"16":{"start":{"line":81,"column":19},"end":{"line":81,"column":48}},"17":{"start":{"line":83,"column":43},"end":{"line":98,"column":6}},"18":{"start":{"line":101,"column":6},"end":{"line":101,"column":56}},"19":{"start":{"line":103,"column":4},"end":{"line":103,"column":63}},"20":{"start":{"line":110,"column":17},"end":{"line":110,"column":46}},"21":{"start":{"line":112,"column":4},"end":{"line":120,"column":13}},"22":{"start":{"line":127,"column":19},"end":{"line":127,"column":48}},"23":{"start":{"line":129,"column":43},"end":{"line":144,"column":6}},"24":{"start":{"line":147,"column":6},"end":{"line":147,"column":56}},"25":{"start":{"line":150,"column":20},"end":{"line":150,"column":63}},"26":{"start":{"line":151,"column":22},"end":{"line":151,"column":50}},"27":{"start":{"line":152,"column":4},"end":{"line":160,"column":5}},"28":{"start":{"line":153,"column":6},"end":{"line":159,"column":7}},"29":{"start":{"line":154,"column":23},"end":{"line":154,"column":47}},"30":{"start":{"line":155,"column":8},"end":{"line":155,"column":57}},"31":{"start":{"line":158,"column":8},"end":{"line":158,"column":48}},"32":{"start":{"line":162,"column":4},"end":{"line":162,"column":44}},"33":{"start":{"line":169,"column":17},"end":{"line":169,"column":46}},"34":{"start":{"line":171,"column":4},"end":{"line":179,"column":26}},"35":{"start":{"line":186,"column":31},"end":{"line":186,"column":33}},"36":{"start":{"line":188,"column":25},"end":{"line":202,"column":5}},"37":{"start":{"line":193,"column":6},"end":{"line":201,"column":7}},"38":{"start":{"line":194,"column":8},"end":{"line":200,"column":9}},"39":{"start":{"line":195,"column":10},"end":{"line":199,"column":13}},"40":{"start":{"line":205,"column":4},"end":{"line":216,"column":5}},"41":{"start":{"line":206,"column":22},"end":{"line":206,"column":53}},"42":{"start":{"line":209,"column":6},"end":{"line":209,"column":71}},"43":{"start":{"line":212,"column":6},"end":{"line":212,"column":67}},"44":{"start":{"line":215,"column":6},"end":{"line":215,"column":69}},"45":{"start":{"line":219,"column":4},"end":{"line":219,"column":75}},"46":{"start":{"line":219,"column":34},"end":{"line":219,"column":61}},"47":{"start":{"line":229,"column":25},"end":{"line":229,"column":56}},"48":{"start":{"line":231,"column":6},"end":{"line":231,"column":75}},"49":{"start":{"line":233,"column":4},"end":{"line":233,"column":64}},"50":{"start":{"line":242,"column":20},"end":{"line":242,"column":50}},"51":{"start":{"line":243,"column":20},"end":{"line":243,"column":52}},"52":{"start":{"line":245,"column":4},"end":{"line":250,"column":6}},"53":{"start":{"line":257,"column":4},"end":{"line":260,"column":5}},"54":{"start":{"line":259,"column":6},"end":{"line":259,"column":67}},"55":{"start":{"line":262,"column":4},"end":{"line":270,"column":5}},"56":{"start":{"line":264,"column":19},"end":{"line":264,"column":75}},"57":{"start":{"line":265,"column":20},"end":{"line":267,"column":null}},"58":{"start":{"line":267,"column":10},"end":{"line":267,"column":76}},"59":{"start":{"line":269,"column":6},"end":{"line":269,"column":30}},"60":{"start":{"line":272,"column":4},"end":{"line":272,"column":38}},"61":{"start":{"line":26,"column":0},"end":{"line":26,"column":13}}},"fnMap":{"0":{"name":"(anonymous_0)","decl":{"start":{"line":27,"column":2},"end":{"line":27,"column":22}},"loc":{"start":{"line":27,"column":42},"end":{"line":27,"column":46}}},"1":{"name":"(anonymous_1)","decl":{"start":{"line":32,"column":2},"end":{"line":32,"column":7}},"loc":{"start":{"line":32,"column":37},"end":{"line":61,"column":3}}},"2":{"name":"(anonymous_2)","decl":{"start":{"line":66,"column":10},"end":{"line":66,"column":30}},"loc":{"start":{"line":66,"column":45},"end":{"line":75,"column":3}}},"3":{"name":"(anonymous_3)","decl":{"start":{"line":80,"column":10},"end":{"line":80,"column":15}},"loc":{"start":{"line":80,"column":47},"end":{"line":104,"column":3}}},"4":{"name":"(anonymous_4)","decl":{"start":{"line":109,"column":10},"end":{"line":109,"column":28}},"loc":{"start":{"line":109,"column":42},"end":{"line":121,"column":3}}},"5":{"name":"(anonymous_5)","decl":{"start":{"line":126,"column":10},"end":{"line":126,"column":15}},"loc":{"start":{"line":126,"column":44},"end":{"line":163,"column":3}}},"6":{"name":"(anonymous_6)","decl":{"start":{"line":168,"column":10},"end":{"line":168,"column":28}},"loc":{"start":{"line":168,"column":42},"end":{"line":180,"column":3}}},"7":{"name":"(anonymous_7)","decl":{"start":{"line":185,"column":10},"end":{"line":185,"column":31}},"loc":{"start":{"line":185,"column":45},"end":{"line":220,"column":3}}},"8":{"name":"(anonymous_8)","decl":{"start":{"line":188,"column":25},"end":{"line":188,"column":null}},"loc":{"start":{"line":192,"column":8},"end":{"line":202,"column":5}}},"9":{"name":"(anonymous_9)","decl":{"start":{"line":219,"column":24},"end":{"line":219,"column":25}},"loc":{"start":{"line":219,"column":34},"end":{"line":219,"column":61}}},"10":{"name":"(anonymous_10)","decl":{"start":{"line":225,"column":10},"end":{"line":225,"column":35}},"loc":{"start":{"line":227,"column":55},"end":{"line":234,"column":3}}},"11":{"name":"(anonymous_11)","decl":{"start":{"line":239,"column":10},"end":{"line":239,"column":15}},"loc":{"start":{"line":240,"column":17},"end":{"line":251,"column":3}}},"12":{"name":"(anonymous_12)","decl":{"start":{"line":256,"column":10},"end":{"line":256,"column":29}},"loc":{"start":{"line":256,"column":43},"end":{"line":273,"column":3}}},"13":{"name":"(anonymous_13)","decl":{"start":{"line":266,"column":8},"end":{"line":266,"column":11}},"loc":{"start":{"line":267,"column":10},"end":{"line":267,"column":76}}}},"branchMap":{"0":{"loc":{"start":{"line":37,"column":6},"end":{"line":54,"column":7}},"type":"if","locations":[{"start":{"line":37,"column":6},"end":{"line":54,"column":7}},{"start":{"line":51,"column":13},"end":{"line":54,"column":7}}]},"1":{"loc":{"start":{"line":58,"column":15},"end":{"line":58,"column":69}},"type":"cond-expr","locations":[{"start":{"line":58,"column":40},"end":{"line":58,"column":53}},{"start":{"line":58,"column":56},"end":{"line":58,"column":69}}]},"2":{"loc":{"start":{"line":68,"column":4},"end":{"line":70,"column":5}},"type":"if","locations":[{"start":{"line":68,"column":4},"end":{"line":70,"column":5}},{"start":{},"end":{}}]},"3":{"loc":{"start":{"line":71,"column":4},"end":{"line":73,"column":5}},"type":"if","locations":[{"start":{"line":71,"column":4},"end":{"line":73,"column":5}},{"start":{},"end":{}}]},"4":{"loc":{"start":{"line":103,"column":11},"end":{"line":103,"column":62}},"type":"binary-expr","locations":[{"start":{"line":103,"column":11},"end":{"line":103,"column":56}},{"start":{"line":103,"column":60},"end":{"line":103,"column":62}}]},"5":{"loc":{"start":{"line":103,"column":11},"end":{"line":103,"column":56}},"type":"cond-expr","locations":[{"start":{"line":103,"column":48},"end":{"line":103,"column":50}},{"start":{"line":103,"column":48},"end":{"line":103,"column":56}}]},"6":{"loc":{"start":{"line":103,"column":11},"end":{"line":103,"column":50}},"type":"binary-expr","locations":[{"start":{"line":103,"column":11},"end":{"line":103,"column":50}},{"start":{"line":103,"column":48},"end":{"line":103,"column":50}}]},"7":{"loc":{"start":{"line":103,"column":11},"end":{"line":103,"column":48}},"type":"cond-expr","locations":[{"start":{"line":103,"column":39},"end":{"line":103,"column":41}},{"start":{"line":103,"column":39},"end":{"line":103,"column":48}}]},"8":{"loc":{"start":{"line":103,"column":11},"end":{"line":103,"column":41}},"type":"binary-expr","locations":[{"start":{"line":103,"column":11},"end":{"line":103,"column":41}},{"start":{"line":103,"column":39},"end":{"line":103,"column":41}}]},"9":{"loc":{"start":{"line":103,"column":11},"end":{"line":103,"column":39}},"type":"cond-expr","locations":[{"start":{"line":103,"column":30},"end":{"line":103,"column":32}},{"start":{"line":103,"column":30},"end":{"line":103,"column":39}}]},"10":{"loc":{"start":{"line":103,"column":11},"end":{"line":103,"column":32}},"type":"binary-expr","locations":[{"start":{"line":103,"column":11},"end":{"line":103,"column":32}},{"start":{"line":103,"column":30},"end":{"line":103,"column":32}}]},"11":{"loc":{"start":{"line":150,"column":20},"end":{"line":150,"column":63}},"type":"binary-expr","locations":[{"start":{"line":150,"column":20},"end":{"line":150,"column":57}},{"start":{"line":150,"column":61},"end":{"line":150,"column":63}}]},"12":{"loc":{"start":{"line":150,"column":20},"end":{"line":150,"column":57}},"type":"cond-expr","locations":[{"start":{"line":150,"column":48},"end":{"line":150,"column":50}},{"start":{"line":150,"column":48},"end":{"line":150,"column":57}}]},"13":{"loc":{"start":{"line":150,"column":20},"end":{"line":150,"column":50}},"type":"binary-expr","locations":[{"start":{"line":150,"column":20},"end":{"line":150,"column":50}},{"start":{"line":150,"column":48},"end":{"line":150,"column":50}}]},"14":{"loc":{"start":{"line":150,"column":20},"end":{"line":150,"column":48}},"type":"cond-expr","locations":[{"start":{"line":150,"column":39},"end":{"line":150,"column":41}},{"start":{"line":150,"column":39},"end":{"line":150,"column":48}}]},"15":{"loc":{"start":{"line":150,"column":20},"end":{"line":150,"column":41}},"type":"binary-expr","locations":[{"start":{"line":150,"column":20},"end":{"line":150,"column":41}},{"start":{"line":150,"column":39},"end":{"line":150,"column":41}}]},"16":{"loc":{"start":{"line":152,"column":4},"end":{"line":160,"column":5}},"type":"if","locations":[{"start":{"line":152,"column":4},"end":{"line":160,"column":5}},{"start":{},"end":{}}]},"17":{"loc":{"start":{"line":155,"column":15},"end":{"line":155,"column":56}},"type":"cond-expr","locations":[{"start":{"line":155,"column":39},"end":{"line":155,"column":45}},{"start":{"line":155,"column":48},"end":{"line":155,"column":56}}]},"18":{"loc":{"start":{"line":194,"column":8},"end":{"line":200,"column":9}},"type":"if","locations":[{"start":{"line":194,"column":8},"end":{"line":200,"column":9}},{"start":{},"end":{}}]},"19":{"loc":{"start":{"line":194,"column":12},"end":{"line":194,"column":55}},"type":"binary-expr","locations":[{"start":{"line":194,"column":12},"end":{"line":194,"column":34}},{"start":{"line":194,"column":38},"end":{"line":194,"column":55}}]},"20":{"loc":{"start":{"line":205,"column":4},"end":{"line":216,"column":5}},"type":"if","locations":[{"start":{"line":205,"column":4},"end":{"line":216,"column":5}},{"start":{},"end":{}}]},"21":{"loc":{"start":{"line":205,"column":8},"end":{"line":205,"column":49}},"type":"binary-expr","locations":[{"start":{"line":205,"column":8},"end":{"line":205,"column":32}},{"start":{"line":205,"column":36},"end":{"line":205,"column":49}}]},"22":{"loc":{"start":{"line":233,"column":11},"end":{"line":233,"column":63}},"type":"cond-expr","locations":[{"start":{"line":233,"column":30},"end":{"line":233,"column":59}},{"start":{"line":233,"column":62},"end":{"line":233,"column":63}}]},"23":{"loc":{"start":{"line":257,"column":4},"end":{"line":260,"column":5}},"type":"if","locations":[{"start":{"line":257,"column":4},"end":{"line":260,"column":5}},{"start":{},"end":{}}]},"24":{"loc":{"start":{"line":259,"column":13},"end":{"line":259,"column":66}},"type":"cond-expr","locations":[{"start":{"line":259,"column":33},"end":{"line":259,"column":59}},{"start":{"line":259,"column":62},"end":{"line":259,"column":66}}]},"25":{"loc":{"start":{"line":262,"column":4},"end":{"line":270,"column":5}},"type":"if","locations":[{"start":{"line":262,"column":4},"end":{"line":270,"column":5}},{"start":{},"end":{}}]},"26":{"loc":{"start":{"line":262,"column":8},"end":{"line":262,"column":49}},"type":"binary-expr","locations":[{"start":{"line":262,"column":8},"end":{"line":262,"column":32}},{"start":{"line":262,"column":36},"end":{"line":262,"column":49}}]}},"s":{"0":1,"1":1,"2":8,"3":8,"4":8,"5":8,"6":1,"7":0,"8":0,"9":7,"10":1,"11":0,"12":0,"13":0,"14":0,"15":0,"16":1,"17":1,"18":1,"19":0,"20":1,"21":1,"22":0,"23":0,"24":0,"25":0,"26":0,"27":0,"28":0,"29":0,"30":0,"31":0,"32":0,"33":0,"34":0,"35":7,"36":7,"37":18,"38":60,"39":0,"40":7,"41":6,"42":6,"43":6,"44":6,"45":7,"46":0,"47":7,"48":7,"49":7,"50":7,"51":7,"52":7,"53":7,"54":0,"55":7,"56":6,"57":6,"58":9,"59":6,"60":1,"61":1},"f":{"0":8,"1":8,"2":0,"3":1,"4":1,"5":0,"6":0,"7":7,"8":18,"9":0,"10":7,"11":7,"12":7,"13":9},"b":{"0":[1,7],"1":[1,0],"2":[0,0],"3":[0,0],"4":[0,0],"5":[0,0],"6":[0,0],"7":[0,0],"8":[0,0],"9":[0,0],"10":[0,0],"11":[0,0],"12":[0,0],"13":[0,0],"14":[0,0],"15":[0,0],"16":[0,0],"17":[0,0],"18":[0,60],"19":[60,0],"20":[6,1],"21":[7,7],"22":[7,0],"23":[0,7],"24":[0,0],"25":[6,1],"26":[7,7]}}
,"D:\\legal_debate_mvp\\src\\lib\\agent\\memory-agent\\error-learner.ts": {"path":"D:\\legal_debate_mvp\\src\\lib\\agent\\memory-agent\\error-learner.ts","statementMap":{"0":{"start":{"line":6,"column":0},"end":{"line":6,"column":36}},"1":{"start":{"line":11,"column":0},"end":{"line":11,"column":64}},"2":{"start":{"line":12,"column":0},"end":{"line":12,"column":55}},"3":{"start":{"line":13,"column":0},"end":{"line":13,"column":70}},"4":{"start":{"line":25,"column":12},"end":{"line":25,"column":32}},"5":{"start":{"line":26,"column":12},"end":{"line":26,"column":32}},"6":{"start":{"line":27,"column":12},"end":{"line":27,"column":40}},"7":{"start":{"line":29,"column":4},"end":{"line":29,"column":64}},"8":{"start":{"line":30,"column":4},"end":{"line":30,"column":46}},"9":{"start":{"line":31,"column":4},"end":{"line":31,"column":72}},"10":{"start":{"line":38,"column":19},"end":{"line":40,"column":6}},"11":{"start":{"line":49,"column":4},"end":{"line":51,"column":5}},"12":{"start":{"line":50,"column":6},"end":{"line":50,"column":53}},"13":{"start":{"line":54,"column":20},"end":{"line":54,"column":61}},"14":{"start":{"line":57,"column":26},"end":{"line":59,"column":null}},"15":{"start":{"line":64,"column":6},"end":{"line":64,"column":67}},"16":{"start":{"line":68,"column":6},"end":{"line":74,"column":null}},"17":{"start":{"line":78,"column":4},"end":{"line":85,"column":7}},"18":{"start":{"line":87,"column":4},"end":{"line":95,"column":6}},"19":{"start":{"line":102,"column":28},"end":{"line":110,"column":6}},"20":{"start":{"line":112,"column":38},"end":{"line":112,"column":40}},"21":{"start":{"line":114,"column":4},"end":{"line":121,"column":5}},"22":{"start":{"line":115,"column":6},"end":{"line":120,"column":7}},"23":{"start":{"line":116,"column":23},"end":{"line":116,"column":58}},"24":{"start":{"line":117,"column":8},"end":{"line":117,"column":29}},"25":{"start":{"line":119,"column":8},"end":{"line":119,"column":72}},"26":{"start":{"line":123,"column":4},"end":{"line":123,"column":19}},"27":{"start":{"line":130,"column":19},"end":{"line":132,"column":6}},"28":{"start":{"line":139,"column":4},"end":{"line":141,"column":5}},"29":{"start":{"line":140,"column":6},"end":{"line":140,"column":53}},"30":{"start":{"line":143,"column":20},"end":{"line":149,"column":6}},"31":{"start":{"line":152,"column":29},"end":{"line":158,"column":null}},"32":{"start":{"line":161,"column":4},"end":{"line":167,"column":6}},"33":{"start":{"line":19,"column":0},"end":{"line":19,"column":13}}},"fnMap":{"0":{"name":"(anonymous_0)","decl":{"start":{"line":24,"column":2},"end":{"line":24,"column":null}},"loc":{"start":{"line":27,"column":40},"end":{"line":32,"column":3}}},"1":{"name":"(anonymous_1)","decl":{"start":{"line":37,"column":2},"end":{"line":37,"column":7}},"loc":{"start":{"line":37,"column":38},"end":{"line":96,"column":3}}},"2":{"name":"(anonymous_2)","decl":{"start":{"line":101,"column":2},"end":{"line":101,"column":7}},"loc":{"start":{"line":101,"column":37},"end":{"line":124,"column":3}}},"3":{"name":"(anonymous_3)","decl":{"start":{"line":129,"column":2},"end":{"line":129,"column":7}},"loc":{"start":{"line":129,"column":36},"end":{"line":168,"column":3}}}},"branchMap":{"0":{"loc":{"start":{"line":49,"column":4},"end":{"line":51,"column":5}},"type":"if","locations":[{"start":{"line":49,"column":4},"end":{"line":51,"column":5}},{"start":{},"end":{}}]},"1":{"loc":{"start":{"line":101,"column":19},"end":{"line":101,"column":37}},"type":"default-arg","locations":[{"start":{"line":101,"column":35},"end":{"line":101,"column":37}}]},"2":{"loc":{"start":{"line":139,"column":4},"end":{"line":141,"column":5}},"type":"if","locations":[{"start":{"line":139,"column":4},"end":{"line":141,"column":5}},{"start":{},"end":{}}]}},"s":{"0":1,"1":1,"2":1,"3":1,"4":11,"5":11,"6":11,"7":11,"8":11,"9":11,"10":11,"11":11,"12":4,"13":7,"14":7,"15":7,"16":7,"17":7,"18":7,"19":3,"20":3,"21":3,"22":3,"23":3,"24":0,"25":3,"26":3,"27":0,"28":0,"29":0,"30":0,"31":0,"32":0,"33":1},"f":{"0":11,"1":11,"2":3,"3":0},"b":{"0":[4,7],"1":[0],"2":[0,0]}}
,"D:\\legal_debate_mvp\\src\\lib\\agent\\memory-agent\\memory-manager.ts": {"path":"D:\\legal_debate_mvp\\src\\lib\\agent\\memory-agent\\memory-manager.ts","statementMap":{"0":{"start":{"line":15,"column":0},"end":{"line":15,"column":73}},"1":{"start":{"line":16,"column":0},"end":{"line":16,"column":null}},"2":{"start":{"line":26,"column":22},"end":{"line":26,"column":42}},"3":{"start":{"line":43,"column":8},"end":{"line":43,"column":13}},"4":{"start":{"line":46,"column":22},"end":{"line":46,"column":54}},"5":{"start":{"line":49,"column":21},"end":{"line":54,"column":6}},"6":{"start":{"line":56,"column":4},"end":{"line":70,"column":5}},"7":{"start":{"line":58,"column":22},"end":{"line":67,"column":8}},"8":{"start":{"line":69,"column":6},"end":{"line":69,"column":37}},"9":{"start":{"line":73,"column":20},"end":{"line":85,"column":6}},"10":{"start":{"line":87,"column":4},"end":{"line":87,"column":35}},"11":{"start":{"line":101,"column":4},"end":{"line":111,"column":6}},"12":{"start":{"line":118,"column":34},"end":{"line":121,"column":6}},"13":{"start":{"line":123,"column":19},"end":{"line":123,"column":46}},"14":{"start":{"line":124,"column":4},"end":{"line":124,"column":31}},"15":{"start":{"line":131,"column":4},"end":{"line":137,"column":7}},"16":{"start":{"line":150,"column":4},"end":{"line":159,"column":6}},"17":{"start":{"line":166,"column":34},"end":{"line":169,"column":6}},"18":{"start":{"line":171,"column":19},"end":{"line":171,"column":46}},"19":{"start":{"line":172,"column":4},"end":{"line":172,"column":31}},"20":{"start":{"line":179,"column":4},"end":{"line":189,"column":7}},"21":{"start":{"line":200,"column":4},"end":{"line":208,"column":6}},"22":{"start":{"line":215,"column":34},"end":{"line":218,"column":6}},"23":{"start":{"line":220,"column":19},"end":{"line":220,"column":46}},"24":{"start":{"line":221,"column":4},"end":{"line":221,"column":31}},"25":{"start":{"line":228,"column":38},"end":{"line":228,"column":43}},"26":{"start":{"line":230,"column":19},"end":{"line":237,"column":6}},"27":{"start":{"line":239,"column":4},"end":{"line":241,"column":5}},"28":{"start":{"line":240,"column":6},"end":{"line":240,"column":18}},"29":{"start":{"line":244,"column":4},"end":{"line":244,"column":43}},"30":{"start":{"line":246,"column":4},"end":{"line":246,"column":34}},"31":{"start":{"line":253,"column":20},"end":{"line":260,"column":6}},"32":{"start":{"line":262,"column":4},"end":{"line":262,"column":57}},"33":{"start":{"line":262,"column":33},"end":{"line":262,"column":55}},"34":{"start":{"line":269,"column":19},"end":{"line":276,"column":6}},"35":{"start":{"line":278,"column":4},"end":{"line":278,"column":24}},"36":{"start":{"line":285,"column":19},"end":{"line":290,"column":6}},"37":{"start":{"line":292,"column":4},"end":{"line":294,"column":5}},"38":{"start":{"line":293,"column":6},"end":{"line":293,"column":18}},"39":{"start":{"line":296,"column":4},"end":{"line":296,"column":34}},"40":{"start":{"line":305,"column":19},"end":{"line":310,"column":6}},"41":{"start":{"line":312,"column":4},"end":{"line":314,"column":5}},"42":{"start":{"line":313,"column":6},"end":{"line":313,"column":18}},"43":{"start":{"line":316,"column":19},"end":{"line":316,"column":41}},"44":{"start":{"line":318,"column":4},"end":{"line":322,"column":null}},"45":{"start":{"line":337,"column":8},"end":{"line":354,"column":6}},"46":{"start":{"line":357,"column":25},"end":{"line":361,"column":6}},"47":{"start":{"line":363,"column":4},"end":{"line":371,"column":6}},"48":{"start":{"line":381,"column":4},"end":{"line":388,"column":7}},"49":{"start":{"line":25,"column":0},"end":{"line":25,"column":13}}},"fnMap":{"0":{"name":"(anonymous_0)","decl":{"start":{"line":26,"column":2},"end":{"line":26,"column":22}},"loc":{"start":{"line":26,"column":42},"end":{"line":26,"column":46}}},"1":{"name":"(anonymous_1)","decl":{"start":{"line":31,"column":2},"end":{"line":31,"column":7}},"loc":{"start":{"line":35,"column":21},"end":{"line":88,"column":3}}},"2":{"name":"(anonymous_2)","decl":{"start":{"line":93,"column":2},"end":{"line":93,"column":7}},"loc":{"start":{"line":99,"column":16},"end":{"line":112,"column":3}}},"3":{"name":"(anonymous_3)","decl":{"start":{"line":117,"column":2},"end":{"line":117,"column":7}},"loc":{"start":{"line":117,"column":36},"end":{"line":125,"column":3}}},"4":{"name":"(anonymous_4)","decl":{"start":{"line":130,"column":2},"end":{"line":130,"column":7}},"loc":{"start":{"line":130,"column":39},"end":{"line":138,"column":3}}},"5":{"name":"(anonymous_5)","decl":{"start":{"line":143,"column":2},"end":{"line":143,"column":7}},"loc":{"start":{"line":148,"column":19},"end":{"line":160,"column":3}}},"6":{"name":"(anonymous_6)","decl":{"start":{"line":165,"column":2},"end":{"line":165,"column":7}},"loc":{"start":{"line":165,"column":32},"end":{"line":173,"column":3}}},"7":{"name":"(anonymous_7)","decl":{"start":{"line":178,"column":2},"end":{"line":178,"column":7}},"loc":{"start":{"line":178,"column":51},"end":{"line":190,"column":3}}},"8":{"name":"(anonymous_8)","decl":{"start":{"line":195,"column":2},"end":{"line":195,"column":7}},"loc":{"start":{"line":198,"column":18},"end":{"line":209,"column":3}}},"9":{"name":"(anonymous_9)","decl":{"start":{"line":214,"column":2},"end":{"line":214,"column":7}},"loc":{"start":{"line":214,"column":33},"end":{"line":222,"column":3}}},"10":{"name":"(anonymous_10)","decl":{"start":{"line":227,"column":2},"end":{"line":227,"column":7}},"loc":{"start":{"line":227,"column":39},"end":{"line":247,"column":3}}},"11":{"name":"(anonymous_11)","decl":{"start":{"line":252,"column":2},"end":{"line":252,"column":7}},"loc":{"start":{"line":252,"column":48},"end":{"line":263,"column":3}}},"12":{"name":"(anonymous_12)","decl":{"start":{"line":262,"column":23},"end":{"line":262,"column":29}},"loc":{"start":{"line":262,"column":33},"end":{"line":262,"column":55}}},"13":{"name":"(anonymous_13)","decl":{"start":{"line":268,"column":2},"end":{"line":268,"column":7}},"loc":{"start":{"line":268,"column":20},"end":{"line":279,"column":3}}},"14":{"name":"(anonymous_14)","decl":{"start":{"line":284,"column":2},"end":{"line":284,"column":7}},"loc":{"start":{"line":284,"column":38},"end":{"line":297,"column":3}}},"15":{"name":"(anonymous_15)","decl":{"start":{"line":302,"column":2},"end":{"line":302,"column":7}},"loc":{"start":{"line":303,"column":20},"end":{"line":324,"column":3}}},"16":{"name":"(anonymous_16)","decl":{"start":{"line":329,"column":2},"end":{"line":329,"column":7}},"loc":{"start":{"line":329,"column":16},"end":{"line":372,"column":3}}},"17":{"name":"(anonymous_17)","decl":{"start":{"line":377,"column":2},"end":{"line":377,"column":7}},"loc":{"start":{"line":379,"column":28},"end":{"line":389,"column":3}}}},"branchMap":{"0":{"loc":{"start":{"line":41,"column":6},"end":{"line":41,"column":37}},"type":"default-arg","locations":[{"start":{"line":41,"column":19},"end":{"line":41,"column":37}}]},"1":{"loc":{"start":{"line":56,"column":4},"end":{"line":70,"column":5}},"type":"if","locations":[{"start":{"line":56,"column":4},"end":{"line":70,"column":5}},{"start":{},"end":{}}]},"2":{"loc":{"start":{"line":124,"column":11},"end":{"line":124,"column":30}},"type":"cond-expr","locations":[{"start":{"line":124,"column":17},"end":{"line":124,"column":19}},{"start":{"line":124,"column":11},"end":{"line":124,"column":30}}]},"3":{"loc":{"start":{"line":124,"column":11},"end":{"line":124,"column":19}},"type":"binary-expr","locations":[{"start":{"line":124,"column":11},"end":{"line":124,"column":19}},{"start":{"line":124,"column":11},"end":{"line":124,"column":19}}]},"4":{"loc":{"start":{"line":172,"column":11},"end":{"line":172,"column":30}},"type":"cond-expr","locations":[{"start":{"line":172,"column":17},"end":{"line":172,"column":19}},{"start":{"line":172,"column":11},"end":{"line":172,"column":30}}]},"5":{"loc":{"start":{"line":172,"column":11},"end":{"line":172,"column":19}},"type":"binary-expr","locations":[{"start":{"line":172,"column":11},"end":{"line":172,"column":19}},{"start":{"line":172,"column":11},"end":{"line":172,"column":19}}]},"6":{"loc":{"start":{"line":221,"column":11},"end":{"line":221,"column":30}},"type":"cond-expr","locations":[{"start":{"line":221,"column":17},"end":{"line":221,"column":19}},{"start":{"line":221,"column":11},"end":{"line":221,"column":30}}]},"7":{"loc":{"start":{"line":221,"column":11},"end":{"line":221,"column":19}},"type":"binary-expr","locations":[{"start":{"line":221,"column":11},"end":{"line":221,"column":19}},{"start":{"line":221,"column":11},"end":{"line":221,"column":19}}]},"8":{"loc":{"start":{"line":239,"column":4},"end":{"line":241,"column":5}},"type":"if","locations":[{"start":{"line":239,"column":4},"end":{"line":241,"column":5}},{"start":{},"end":{}}]},"9":{"loc":{"start":{"line":292,"column":4},"end":{"line":294,"column":5}},"type":"if","locations":[{"start":{"line":292,"column":4},"end":{"line":294,"column":5}},{"start":{},"end":{}}]},"10":{"loc":{"start":{"line":312,"column":4},"end":{"line":314,"column":5}},"type":"if","locations":[{"start":{"line":312,"column":4},"end":{"line":314,"column":5}},{"start":{},"end":{}}]},"11":{"loc":{"start":{"line":368,"column":25},"end":{"line":368,"column":59}},"type":"binary-expr","locations":[{"start":{"line":368,"column":25},"end":{"line":368,"column":54}},{"start":{"line":368,"column":58},"end":{"line":368,"column":59}}]}},"s":{"0":2,"1":2,"2":31,"3":11,"4":11,"5":11,"6":11,"7":0,"8":0,"9":11,"10":11,"11":1,"12":3,"13":3,"14":3,"15":1,"16":1,"17":2,"18":2,"19":2,"20":1,"21":9,"22":8,"23":8,"24":8,"25":15,"26":15,"27":15,"28":11,"29":4,"30":4,"31":1,"32":1,"33":2,"34":1,"35":1,"36":1,"37":1,"38":0,"39":1,"40":1,"41":1,"42":0,"43":1,"44":1,"45":1,"46":1,"47":1,"48":1,"49":2},"f":{"0":31,"1":11,"2":1,"3":3,"4":1,"5":1,"6":2,"7":1,"8":9,"9":8,"10":15,"11":1,"12":2,"13":1,"14":1,"15":1,"16":1,"17":1},"b":{"0":[1],"1":[0,11],"2":[1,2],"3":[3,2],"4":[1,1],"5":[2,1],"6":[7,1],"7":[8,1],"8":[11,4],"9":[0,1],"10":[0,1],"11":[1,0]}}
,"D:\\legal_debate_mvp\\src\\lib\\agent\\memory-agent\\error-learner\\ai-helpers.ts": {"path":"D:\\legal_debate_mvp\\src\\lib\\agent\\memory-agent\\error-learner\\ai-helpers.ts","statementMap":{"0":{"start":{"line":6,"column":0},"end":{"line":6,"column":36}},"1":{"start":{"line":15,"column":22},"end":{"line":15,"column":42}},"2":{"start":{"line":28,"column":19},"end":{"line":42,"column":15}},"3":{"start":{"line":36,"column":37},"end":{"line":36,"column":53}},"4":{"start":{"line":44,"column":43},"end":{"line":58,"column":6}},"5":{"start":{"line":61,"column":6},"end":{"line":61,"column":56}},"6":{"start":{"line":63,"column":4},"end":{"line":63,"column":63}},"7":{"start":{"line":72,"column":19},"end":{"line":82,"column":37}},"8":{"start":{"line":84,"column":43},"end":{"line":99,"column":6}},"9":{"start":{"line":102,"column":6},"end":{"line":102,"column":56}},"10":{"start":{"line":105,"column":20},"end":{"line":105,"column":63}},"11":{"start":{"line":106,"column":22},"end":{"line":106,"column":50}},"12":{"start":{"line":107,"column":4},"end":{"line":122,"column":5}},"13":{"start":{"line":108,"column":6},"end":{"line":121,"column":7}},"14":{"start":{"line":109,"column":25},"end":{"line":109,"column":49}},"15":{"start":{"line":110,"column":8},"end":{"line":117,"column":15}},"16":{"start":{"line":111,"column":30},"end":{"line":115,"column":null}},"17":{"start":{"line":120,"column":8},"end":{"line":120,"column":18}},"18":{"start":{"line":124,"column":4},"end":{"line":124,"column":14}},"19":{"start":{"line":138,"column":19},"end":{"line":145,"column":18}},"20":{"start":{"line":147,"column":43},"end":{"line":161,"column":6}},"21":{"start":{"line":164,"column":6},"end":{"line":164,"column":56}},"22":{"start":{"line":166,"column":20},"end":{"line":166,"column":63}},"23":{"start":{"line":167,"column":4},"end":{"line":171,"column":19}},"24":{"start":{"line":169,"column":19},"end":{"line":169,"column":30}},"25":{"start":{"line":170,"column":22},"end":{"line":170,"column":37}},"26":{"start":{"line":14,"column":0},"end":{"line":14,"column":13}}},"fnMap":{"0":{"name":"(anonymous_0)","decl":{"start":{"line":15,"column":2},"end":{"line":15,"column":22}},"loc":{"start":{"line":15,"column":42},"end":{"line":15,"column":46}}},"1":{"name":"(anonymous_1)","decl":{"start":{"line":20,"column":2},"end":{"line":20,"column":7}},"loc":{"start":{"line":26,"column":25},"end":{"line":64,"column":3}}},"2":{"name":"(anonymous_2)","decl":{"start":{"line":36,"column":27},"end":{"line":36,"column":28}},"loc":{"start":{"line":36,"column":37},"end":{"line":36,"column":53}}},"3":{"name":"(anonymous_3)","decl":{"start":{"line":69,"column":2},"end":{"line":69,"column":7}},"loc":{"start":{"line":70,"column":25},"end":{"line":125,"column":3}}},"4":{"name":"(anonymous_4)","decl":{"start":{"line":111,"column":25},"end":{"line":111,"column":26}},"loc":{"start":{"line":111,"column":30},"end":{"line":115,"column":null}}},"5":{"name":"(anonymous_5)","decl":{"start":{"line":130,"column":2},"end":{"line":130,"column":7}},"loc":{"start":{"line":136,"column":25},"end":{"line":172,"column":3}}},"6":{"name":"(anonymous_6)","decl":{"start":{"line":169,"column":11},"end":{"line":169,"column":15}},"loc":{"start":{"line":169,"column":19},"end":{"line":169,"column":30}}},"7":{"name":"(anonymous_7)","decl":{"start":{"line":170,"column":14},"end":{"line":170,"column":18}},"loc":{"start":{"line":170,"column":22},"end":{"line":170,"column":37}}}},"branchMap":{"0":{"loc":{"start":{"line":63,"column":11},"end":{"line":63,"column":62}},"type":"binary-expr","locations":[{"start":{"line":63,"column":11},"end":{"line":63,"column":56}},{"start":{"line":63,"column":60},"end":{"line":63,"column":62}}]},"1":{"loc":{"start":{"line":63,"column":11},"end":{"line":63,"column":56}},"type":"cond-expr","locations":[{"start":{"line":63,"column":48},"end":{"line":63,"column":50}},{"start":{"line":63,"column":48},"end":{"line":63,"column":56}}]},"2":{"loc":{"start":{"line":63,"column":11},"end":{"line":63,"column":50}},"type":"binary-expr","locations":[{"start":{"line":63,"column":11},"end":{"line":63,"column":50}},{"start":{"line":63,"column":48},"end":{"line":63,"column":50}}]},"3":{"loc":{"start":{"line":63,"column":11},"end":{"line":63,"column":48}},"type":"cond-expr","locations":[{"start":{"line":63,"column":39},"end":{"line":63,"column":41}},{"start":{"line":63,"column":39},"end":{"line":63,"column":48}}]},"4":{"loc":{"start":{"line":63,"column":11},"end":{"line":63,"column":41}},"type":"binary-expr","locations":[{"start":{"line":63,"column":11},"end":{"line":63,"column":41}},{"start":{"line":63,"column":39},"end":{"line":63,"column":41}}]},"5":{"loc":{"start":{"line":63,"column":11},"end":{"line":63,"column":39}},"type":"cond-expr","locations":[{"start":{"line":63,"column":30},"end":{"line":63,"column":32}},{"start":{"line":63,"column":30},"end":{"line":63,"column":39}}]},"6":{"loc":{"start":{"line":63,"column":11},"end":{"line":63,"column":32}},"type":"binary-expr","locations":[{"start":{"line":63,"column":11},"end":{"line":63,"column":32}},{"start":{"line":63,"column":30},"end":{"line":63,"column":32}}]},"7":{"loc":{"start":{"line":105,"column":20},"end":{"line":105,"column":63}},"type":"binary-expr","locations":[{"start":{"line":105,"column":20},"end":{"line":105,"column":57}},{"start":{"line":105,"column":61},"end":{"line":105,"column":63}}]},"8":{"loc":{"start":{"line":105,"column":20},"end":{"line":105,"column":57}},"type":"cond-expr","locations":[{"start":{"line":105,"column":48},"end":{"line":105,"column":50}},{"start":{"line":105,"column":48},"end":{"line":105,"column":57}}]},"9":{"loc":{"start":{"line":105,"column":20},"end":{"line":105,"column":50}},"type":"binary-expr","locations":[{"start":{"line":105,"column":20},"end":{"line":105,"column":50}},{"start":{"line":105,"column":48},"end":{"line":105,"column":50}}]},"10":{"loc":{"start":{"line":105,"column":20},"end":{"line":105,"column":48}},"type":"cond-expr","locations":[{"start":{"line":105,"column":39},"end":{"line":105,"column":41}},{"start":{"line":105,"column":39},"end":{"line":105,"column":48}}]},"11":{"loc":{"start":{"line":105,"column":20},"end":{"line":105,"column":41}},"type":"binary-expr","locations":[{"start":{"line":105,"column":20},"end":{"line":105,"column":41}},{"start":{"line":105,"column":39},"end":{"line":105,"column":41}}]},"12":{"loc":{"start":{"line":107,"column":4},"end":{"line":122,"column":5}},"type":"if","locations":[{"start":{"line":107,"column":4},"end":{"line":122,"column":5}},{"start":{},"end":{}}]},"13":{"loc":{"start":{"line":110,"column":15},"end":{"line":117,"column":14}},"type":"cond-expr","locations":[{"start":{"line":111,"column":12},"end":{"line":116,"column":15}},{"start":{"line":117,"column":12},"end":{"line":117,"column":14}}]},"14":{"loc":{"start":{"line":113,"column":25},"end":{"line":113,"column":48}},"type":"binary-expr","locations":[{"start":{"line":113,"column":25},"end":{"line":113,"column":36}},{"start":{"line":113,"column":40},"end":{"line":113,"column":48}}]},"15":{"loc":{"start":{"line":114,"column":24},"end":{"line":114,"column":39}},"type":"binary-expr","locations":[{"start":{"line":114,"column":24},"end":{"line":114,"column":34}},{"start":{"line":114,"column":38},"end":{"line":114,"column":39}}]},"16":{"loc":{"start":{"line":115,"column":38},"end":{"line":115,"column":69}},"type":"binary-expr","locations":[{"start":{"line":115,"column":38},"end":{"line":115,"column":62}},{"start":{"line":115,"column":66},"end":{"line":115,"column":69}}]},"17":{"loc":{"start":{"line":166,"column":20},"end":{"line":166,"column":63}},"type":"binary-expr","locations":[{"start":{"line":166,"column":20},"end":{"line":166,"column":57}},{"start":{"line":166,"column":61},"end":{"line":166,"column":63}}]},"18":{"loc":{"start":{"line":166,"column":20},"end":{"line":166,"column":57}},"type":"cond-expr","locations":[{"start":{"line":166,"column":48},"end":{"line":166,"column":50}},{"start":{"line":166,"column":48},"end":{"line":166,"column":57}}]},"19":{"loc":{"start":{"line":166,"column":20},"end":{"line":166,"column":50}},"type":"binary-expr","locations":[{"start":{"line":166,"column":20},"end":{"line":166,"column":50}},{"start":{"line":166,"column":48},"end":{"line":166,"column":50}}]},"20":{"loc":{"start":{"line":166,"column":20},"end":{"line":166,"column":48}},"type":"cond-expr","locations":[{"start":{"line":166,"column":39},"end":{"line":166,"column":41}},{"start":{"line":166,"column":39},"end":{"line":166,"column":48}}]},"21":{"loc":{"start":{"line":166,"column":20},"end":{"line":166,"column":41}},"type":"binary-expr","locations":[{"start":{"line":166,"column":20},"end":{"line":166,"column":41}},{"start":{"line":166,"column":39},"end":{"line":166,"column":41}}]}},"s":{"0":1,"1":11,"2":7,"3":0,"4":7,"5":7,"6":7,"7":7,"8":7,"9":7,"10":7,"11":7,"12":7,"13":0,"14":0,"15":0,"16":0,"17":0,"18":7,"19":0,"20":0,"21":0,"22":0,"23":0,"24":0,"25":0,"26":1},"f":{"0":11,"1":7,"2":0,"3":7,"4":0,"5":0,"6":0,"7":0},"b":{"0":[7,0],"1":[0,7],"2":[7,7],"3":[0,7],"4":[7,7],"5":[0,7],"6":[7,7],"7":[7,0],"8":[0,7],"9":[7,7],"10":[0,7],"11":[7,7],"12":[0,7],"13":[0,0],"14":[0,0],"15":[0,0],"16":[0,0],"17":[0,0],"18":[0,0],"19":[0,0],"20":[0,0],"21":[0,0]}}
,"D:\\legal_debate_mvp\\src\\lib\\agent\\memory-agent\\error-learner\\analyzer.ts": {"path":"D:\\legal_debate_mvp\\src\\lib\\agent\\memory-agent\\error-learner\\analyzer.ts","statementMap":{"0":{"start":{"line":6,"column":0},"end":{"line":6,"column":36}},"1":{"start":{"line":18,"column":12},"end":{"line":18,"column":32}},"2":{"start":{"line":19,"column":12},"end":{"line":19,"column":32}},"3":{"start":{"line":33,"column":27},"end":{"line":37,"column":6}},"4":{"start":{"line":39,"column":22},"end":{"line":39,"column":43}},"5":{"start":{"line":42,"column":25},"end":{"line":42,"column":72}},"6":{"start":{"line":45,"column":22},"end":{"line":45,"column":56}},"7":{"start":{"line":47,"column":4},"end":{"line":53,"column":6}},"8":{"start":{"line":60,"column":19},"end":{"line":68,"column":6}},"9":{"start":{"line":71,"column":21},"end":{"line":71,"column":47}},"10":{"start":{"line":71,"column":37},"end":{"line":71,"column":46}},"11":{"start":{"line":74,"column":4},"end":{"line":76,"column":5}},"12":{"start":{"line":75,"column":6},"end":{"line":75,"column":16}},"13":{"start":{"line":78,"column":19},"end":{"line":82,"column":17}},"14":{"start":{"line":80,"column":25},"end":{"line":80,"column":57}},"15":{"start":{"line":84,"column":43},"end":{"line":99,"column":6}},"16":{"start":{"line":102,"column":6},"end":{"line":102,"column":56}},"17":{"start":{"line":104,"column":20},"end":{"line":104,"column":63}},"18":{"start":{"line":105,"column":4},"end":{"line":109,"column":19}},"19":{"start":{"line":107,"column":19},"end":{"line":107,"column":30}},"20":{"start":{"line":108,"column":22},"end":{"line":108,"column":37}},"21":{"start":{"line":122,"column":19},"end":{"line":132,"column":16}},"22":{"start":{"line":134,"column":43},"end":{"line":148,"column":6}},"23":{"start":{"line":151,"column":6},"end":{"line":151,"column":56}},"24":{"start":{"line":153,"column":4},"end":{"line":153,"column":63}},"25":{"start":{"line":16,"column":0},"end":{"line":16,"column":13}}},"fnMap":{"0":{"name":"(anonymous_0)","decl":{"start":{"line":17,"column":2},"end":{"line":17,"column":null}},"loc":{"start":{"line":19,"column":32},"end":{"line":20,"column":6}}},"1":{"name":"(anonymous_1)","decl":{"start":{"line":25,"column":2},"end":{"line":25,"column":7}},"loc":{"start":{"line":31,"column":3},"end":{"line":54,"column":3}}},"2":{"name":"(anonymous_2)","decl":{"start":{"line":59,"column":2},"end":{"line":59,"column":7}},"loc":{"start":{"line":59,"column":48},"end":{"line":110,"column":3}}},"3":{"name":"(anonymous_3)","decl":{"start":{"line":71,"column":32},"end":{"line":71,"column":33}},"loc":{"start":{"line":71,"column":37},"end":{"line":71,"column":46}}},"4":{"name":"(anonymous_4)","decl":{"start":{"line":80,"column":15},"end":{"line":80,"column":16}},"loc":{"start":{"line":80,"column":25},"end":{"line":80,"column":57}}},"5":{"name":"(anonymous_5)","decl":{"start":{"line":107,"column":11},"end":{"line":107,"column":15}},"loc":{"start":{"line":107,"column":19},"end":{"line":107,"column":30}}},"6":{"name":"(anonymous_6)","decl":{"start":{"line":108,"column":14},"end":{"line":108,"column":18}},"loc":{"start":{"line":108,"column":22},"end":{"line":108,"column":37}}},"7":{"name":"(anonymous_7)","decl":{"start":{"line":115,"column":2},"end":{"line":115,"column":7}},"loc":{"start":{"line":121,"column":3},"end":{"line":154,"column":3}}}},"branchMap":{"0":{"loc":{"start":{"line":74,"column":4},"end":{"line":76,"column":5}},"type":"if","locations":[{"start":{"line":74,"column":4},"end":{"line":76,"column":5}},{"start":{},"end":{}}]},"1":{"loc":{"start":{"line":104,"column":20},"end":{"line":104,"column":63}},"type":"binary-expr","locations":[{"start":{"line":104,"column":20},"end":{"line":104,"column":57}},{"start":{"line":104,"column":61},"end":{"line":104,"column":63}}]},"2":{"loc":{"start":{"line":104,"column":20},"end":{"line":104,"column":57}},"type":"cond-expr","locations":[{"start":{"line":104,"column":48},"end":{"line":104,"column":50}},{"start":{"line":104,"column":48},"end":{"line":104,"column":57}}]},"3":{"loc":{"start":{"line":104,"column":20},"end":{"line":104,"column":50}},"type":"binary-expr","locations":[{"start":{"line":104,"column":20},"end":{"line":104,"column":50}},{"start":{"line":104,"column":48},"end":{"line":104,"column":50}}]},"4":{"loc":{"start":{"line":104,"column":20},"end":{"line":104,"column":48}},"type":"cond-expr","locations":[{"start":{"line":104,"column":39},"end":{"line":104,"column":41}},{"start":{"line":104,"column":39},"end":{"line":104,"column":48}}]},"5":{"loc":{"start":{"line":104,"column":20},"end":{"line":104,"column":41}},"type":"binary-expr","locations":[{"start":{"line":104,"column":20},"end":{"line":104,"column":41}},{"start":{"line":104,"column":39},"end":{"line":104,"column":41}}]},"6":{"loc":{"start":{"line":153,"column":11},"end":{"line":153,"column":62}},"type":"binary-expr","locations":[{"start":{"line":153,"column":11},"end":{"line":153,"column":56}},{"start":{"line":153,"column":60},"end":{"line":153,"column":62}}]},"7":{"loc":{"start":{"line":153,"column":11},"end":{"line":153,"column":56}},"type":"cond-expr","locations":[{"start":{"line":153,"column":48},"end":{"line":153,"column":50}},{"start":{"line":153,"column":48},"end":{"line":153,"column":56}}]},"8":{"loc":{"start":{"line":153,"column":11},"end":{"line":153,"column":50}},"type":"binary-expr","locations":[{"start":{"line":153,"column":11},"end":{"line":153,"column":50}},{"start":{"line":153,"column":48},"end":{"line":153,"column":50}}]},"9":{"loc":{"start":{"line":153,"column":11},"end":{"line":153,"column":48}},"type":"cond-expr","locations":[{"start":{"line":153,"column":39},"end":{"line":153,"column":41}},{"start":{"line":153,"column":39},"end":{"line":153,"column":48}}]},"10":{"loc":{"start":{"line":153,"column":11},"end":{"line":153,"column":41}},"type":"binary-expr","locations":[{"start":{"line":153,"column":11},"end":{"line":153,"column":41}},{"start":{"line":153,"column":39},"end":{"line":153,"column":41}}]},"11":{"loc":{"start":{"line":153,"column":11},"end":{"line":153,"column":39}},"type":"cond-expr","locations":[{"start":{"line":153,"column":30},"end":{"line":153,"column":32}},{"start":{"line":153,"column":30},"end":{"line":153,"column":39}}]},"12":{"loc":{"start":{"line":153,"column":11},"end":{"line":153,"column":32}},"type":"binary-expr","locations":[{"start":{"line":153,"column":11},"end":{"line":153,"column":32}},{"start":{"line":153,"column":30},"end":{"line":153,"column":32}}]}},"s":{"0":1,"1":11,"2":11,"3":7,"4":7,"5":7,"6":7,"7":7,"8":7,"9":7,"10":0,"11":7,"12":7,"13":0,"14":0,"15":0,"16":0,"17":0,"18":0,"19":0,"20":0,"21":7,"22":7,"23":7,"24":7,"25":1},"f":{"0":11,"1":7,"2":7,"3":0,"4":0,"5":0,"6":0,"7":7},"b":{"0":[7,0],"1":[0,0],"2":[0,0],"3":[0,0],"4":[0,0],"5":[0,0],"6":[7,0],"7":[0,7],"8":[7,7],"9":[0,7],"10":[7,7],"11":[0,7],"12":[7,7]}}
,"D:\\legal_debate_mvp\\src\\lib\\agent\\memory-agent\\error-learner\\knowledge-base.ts": {"path":"D:\\legal_debate_mvp\\src\\lib\\agent\\memory-agent\\error-learner\\knowledge-base.ts","statementMap":{"0":{"start":{"line":13,"column":22},"end":{"line":13,"column":50}},"1":{"start":{"line":23,"column":4},"end":{"line":54,"column":5}},"2":{"start":{"line":24,"column":27},"end":{"line":24,"column":61}},"3":{"start":{"line":27,"column":23},"end":{"line":27,"column":75}},"4":{"start":{"line":29,"column":32},"end":{"line":29,"column":null}},"5":{"start":{"line":33,"column":27},"end":{"line":41,"column":8}},"6":{"start":{"line":44,"column":6},"end":{"line":48,"column":8}},"7":{"start":{"line":50,"column":6},"end":{"line":50,"column":18}},"8":{"start":{"line":52,"column":6},"end":{"line":52,"column":63}},"9":{"start":{"line":53,"column":6},"end":{"line":53,"column":19}},"10":{"start":{"line":12,"column":0},"end":{"line":12,"column":13}}},"fnMap":{"0":{"name":"(anonymous_0)","decl":{"start":{"line":13,"column":2},"end":{"line":13,"column":22}},"loc":{"start":{"line":13,"column":50},"end":{"line":13,"column":54}}},"1":{"name":"(anonymous_1)","decl":{"start":{"line":18,"column":2},"end":{"line":18,"column":7}},"loc":{"start":{"line":21,"column":43},"end":{"line":55,"column":3}}}},"branchMap":{"0":{"loc":{"start":{"line":38,"column":20},"end":{"line":40,"column":29}},"type":"cond-expr","locations":[{"start":{"line":39,"column":12},"end":{"line":39,"column":44}},{"start":{"line":40,"column":12},"end":{"line":40,"column":29}}]},"1":{"loc":{"start":{"line":38,"column":20},"end":{"line":38,"column":49}},"type":"cond-expr","locations":[{"start":{"line":38,"column":37},"end":{"line":38,"column":39}},{"start":{"line":38,"column":20},"end":{"line":38,"column":49}}]},"2":{"loc":{"start":{"line":38,"column":20},"end":{"line":38,"column":39}},"type":"binary-expr","locations":[{"start":{"line":38,"column":20},"end":{"line":38,"column":39}},{"start":{"line":38,"column":20},"end":{"line":38,"column":39}}]},"3":{"loc":{"start":{"line":47,"column":8},"end":{"line":47,"column":32}},"type":"binary-expr","locations":[{"start":{"line":47,"column":8},"end":{"line":47,"column":20}},{"start":{"line":47,"column":24},"end":{"line":47,"column":32}}]}},"s":{"0":11,"1":7,"2":7,"3":7,"4":7,"5":7,"6":7,"7":7,"8":0,"9":0,"10":1},"f":{"0":11,"1":7},"b":{"0":[0,7],"1":[7,0],"2":[7,7],"3":[7,7]}}
,"D:\\legal_debate_mvp\\src\\lib\\agent\\memory-agent\\memory-manager\\config.ts": {"path":"D:\\legal_debate_mvp\\src\\lib\\agent\\memory-agent\\memory-manager\\config.ts","statementMap":{"0":{"start":{"line":9,"column":13},"end":{"line":13,"column":11}},"1":{"start":{"line":18,"column":13},"end":{"line":18,"column":38}},"2":{"start":{"line":23,"column":13},"end":{"line":23,"column":49}}},"fnMap":{},"branchMap":{},"s":{"0":2,"1":2,"2":2},"f":{},"b":{}}
,"D:\\legal_debate_mvp\\src\\lib\\agent\\memory-agent\\memory-manager\\helpers.ts": {"path":"D:\\legal_debate_mvp\\src\\lib\\agent\\memory-agent\\memory-manager\\helpers.ts","statementMap":{"0":{"start":{"line":14,"column":0},"end":{"line":14,"column":7}},"1":{"start":{"line":30,"column":0},"end":{"line":30,"column":16}},"2":{"start":{"line":51,"column":0},"end":{"line":51,"column":16}},"3":{"start":{"line":8,"column":0},"end":{"line":8,"column":38}},"4":{"start":{"line":18,"column":2},"end":{"line":24,"column":5}},"5":{"start":{"line":33,"column":2},"end":{"line":45,"column":4}},"6":{"start":{"line":55,"column":2},"end":{"line":57,"column":3}},"7":{"start":{"line":56,"column":4},"end":{"line":56,"column":16}},"8":{"start":{"line":59,"column":21},"end":{"line":59,"column":43}},"9":{"start":{"line":60,"column":20},"end":{"line":60,"column":37}},"10":{"start":{"line":61,"column":2},"end":{"line":61,"column":49}}},"fnMap":{"0":{"name":"trackAccess","decl":{"start":{"line":14,"column":22},"end":{"line":14,"column":33}},"loc":{"start":{"line":16,"column":46},"end":{"line":25,"column":1}}},"1":{"name":"toMemoryEntity","decl":{"start":{"line":30,"column":16},"end":{"line":30,"column":30}},"loc":{"start":{"line":31,"column":46},"end":{"line":46,"column":1}}},"2":{"name":"calculateExpiry","decl":{"start":{"line":51,"column":16},"end":{"line":51,"column":31}},"loc":{"start":{"line":53,"column":14},"end":{"line":62,"column":1}}}},"branchMap":{"0":{"loc":{"start":{"line":41,"column":15},"end":{"line":41,"column":44}},"type":"binary-expr","locations":[{"start":{"line":41,"column":15},"end":{"line":41,"column":31}},{"start":{"line":41,"column":35},"end":{"line":41,"column":44}}]},"1":{"loc":{"start":{"line":43,"column":22},"end":{"line":43,"column":58}},"type":"binary-expr","locations":[{"start":{"line":43,"column":22},"end":{"line":43,"column":45}},{"start":{"line":43,"column":49},"end":{"line":43,"column":58}}]},"2":{"loc":{"start":{"line":55,"column":2},"end":{"line":57,"column":3}},"type":"if","locations":[{"start":{"line":55,"column":2},"end":{"line":57,"column":3}},{"start":{},"end":{}}]},"3":{"loc":{"start":{"line":60,"column":20},"end":{"line":60,"column":37}},"type":"binary-expr","locations":[{"start":{"line":60,"column":20},"end":{"line":60,"column":23}},{"start":{"line":60,"column":27},"end":{"line":60,"column":37}}]}},"s":{"0":2,"1":2,"2":2,"3":2,"4":4,"5":19,"6":11,"7":9,"8":2,"9":2,"10":2},"f":{"0":4,"1":19,"2":11},"b":{"0":[19,1],"1":[19,19],"2":[9,2],"3":[2,2]}}
}
