TN:
SF:src\__tests__\memory\test-helpers.ts
FN:13,createTestMemory
FN:34,waitFor
FN:35,(anonymous_2)
FN:41,createTestUserId
FN:48,createTestCaseId
FN:55,createTestDebateId
FN:62,validateMemory
FN:76,createTestMemories
FN:93,createMockAgentMemoryDB
FN:97,(anonymous_9)
FN:107,(anonymous_10)
FN:110,(anonymous_11)
FN:125,(anonymous_12)
FN:128,(anonymous_13)
FN:133,(anonymous_14)
FN:143,(anonymous_15)
FN:145,(anonymous_16)
FN:157,(anonymous_17)
FN:172,(anonymous_18)
FN:175,(anonymous_19)
FN:181,(anonymous_20)
FN:184,(anonymous_21)
FN:191,(anonymous_22)
FNF:23
FNH:8
FNDA:7,createTestMemory
FNDA:0,waitFor
FNDA:0,(anonymous_2)
FNDA:0,createTestUserId
FNDA:0,createTestCaseId
FNDA:0,createTestDebateId
FNDA:0,validateMemory
FNDA:0,createTestMemories
FNDA:31,createMockAgentMemoryDB
FNDA:11,(anonymous_9)
FNDA:18,(anonymous_10)
FNDA:0,(anonymous_11)
FNDA:0,(anonymous_12)
FNDA:0,(anonymous_13)
FNDA:5,(anonymous_14)
FNDA:1,(anonymous_15)
FNDA:0,(anonymous_16)
FNDA:1,(anonymous_17)
FNDA:1,(anonymous_18)
FNDA:0,(anonymous_19)
FNDA:0,(anonymous_20)
FNDA:0,(anonymous_21)
FNDA:0,(anonymous_22)
DA:8,3
DA:13,3
DA:14,7
DA:15,7
DA:34,3
DA:35,0
DA:41,3
DA:42,0
DA:48,3
DA:49,0
DA:55,3
DA:56,0
DA:62,3
DA:63,0
DA:76,3
DA:77,0
DA:78,0
DA:79,0
DA:87,0
DA:93,3
DA:94,31
DA:96,31
DA:98,11
DA:103,11
DA:104,11
DA:108,18
DA:109,18
DA:111,0
DA:112,0
DA:114,0
DA:115,0
DA:117,0
DA:118,0
DA:120,0
DA:126,0
DA:127,0
DA:128,0
DA:130,0
DA:134,5
DA:135,5
DA:136,0
DA:137,0
DA:138,0
DA:140,5
DA:144,1
DA:145,1
DA:146,0
DA:147,0
DA:149,0
DA:150,0
DA:152,0
DA:154,1
DA:158,1
DA:159,1
DA:160,0
DA:161,0
DA:163,0
DA:164,0
DA:166,0
DA:167,0
DA:169,1
DA:173,1
DA:174,1
DA:175,0
DA:178,1
DA:182,0
DA:183,0
DA:184,0
DA:185,0
DA:187,0
DA:192,0
LF:71
LH:30
BRDA:64,0,0,0
BRDA:64,0,1,0
BRDA:64,0,2,0
BRDA:64,0,3,0
BRDA:64,0,4,0
BRDA:64,0,5,0
BRDA:83,1,0,0
BRDA:83,1,1,0
BRDA:83,2,0,0
BRDA:83,2,1,0
BRDA:110,3,0,18
BRDA:110,3,1,18
BRDA:111,4,0,0
BRDA:111,4,1,0
BRDA:111,5,0,0
BRDA:111,5,1,0
BRDA:114,6,0,0
BRDA:114,6,1,0
BRDA:114,7,0,0
BRDA:114,7,1,0
BRDA:117,8,0,0
BRDA:117,8,1,0
BRDA:117,9,0,0
BRDA:117,9,1,0
BRDA:127,10,0,0
BRDA:127,10,1,0
BRDA:127,11,0,0
BRDA:127,11,1,0
BRDA:127,12,0,0
BRDA:127,12,1,0
BRDA:135,13,0,0
BRDA:135,13,1,5
BRDA:146,14,0,0
BRDA:146,14,1,0
BRDA:146,15,0,0
BRDA:146,15,1,0
BRDA:149,16,0,0
BRDA:149,16,1,0
BRDA:149,17,0,0
BRDA:149,17,1,0
BRDA:160,18,0,0
BRDA:160,18,1,0
BRDA:160,19,0,0
BRDA:160,19,1,0
BRDA:163,20,0,0
BRDA:163,20,1,0
BRDA:163,21,0,0
BRDA:163,21,1,0
BRDA:174,22,0,0
BRDA:174,22,1,1
BRDA:174,23,0,0
BRDA:174,23,1,1
BRDA:174,24,0,1
BRDA:174,24,1,1
BRDA:183,25,0,0
BRDA:183,25,1,0
BRDA:183,26,0,0
BRDA:183,26,1,0
BRDA:183,27,0,0
BRDA:183,27,1,0
BRDA:185,28,0,0
BRDA:185,28,1,0
BRF:62
BRH:7
end_of_record
TN:
SF:src\lib\agent\memory-agent\compressor.ts
FN:27,(anonymous_0)
FN:32,(anonymous_1)
FN:66,(anonymous_2)
FN:80,(anonymous_3)
FN:109,(anonymous_4)
FN:126,(anonymous_5)
FN:168,(anonymous_6)
FN:185,(anonymous_7)
FN:188,(anonymous_8)
FN:219,(anonymous_9)
FN:225,(anonymous_10)
FN:239,(anonymous_11)
FN:256,(anonymous_12)
FN:266,(anonymous_13)
FNF:14
FNH:10
FNDA:8,(anonymous_0)
FNDA:8,(anonymous_1)
FNDA:0,(anonymous_2)
FNDA:1,(anonymous_3)
FNDA:1,(anonymous_4)
FNDA:0,(anonymous_5)
FNDA:0,(anonymous_6)
FNDA:7,(anonymous_7)
FNDA:18,(anonymous_8)
FNDA:0,(anonymous_9)
FNDA:7,(anonymous_10)
FNDA:7,(anonymous_11)
FNDA:7,(anonymous_12)
FNDA:9,(anonymous_13)
DA:13,1
DA:21,1
DA:26,1
DA:27,8
DA:33,8
DA:35,8
DA:37,8
DA:39,1
DA:40,0
DA:42,0
DA:53,7
DA:56,1
DA:68,0
DA:69,0
DA:71,0
DA:72,0
DA:74,0
DA:81,1
DA:83,1
DA:101,1
DA:103,0
DA:110,1
DA:112,1
DA:127,0
DA:129,0
DA:147,0
DA:150,0
DA:151,0
DA:152,0
DA:153,0
DA:154,0
DA:155,0
DA:158,0
DA:162,0
DA:169,0
DA:171,0
DA:186,7
DA:188,7
DA:193,18
DA:194,60
DA:195,0
DA:205,7
DA:206,6
DA:209,6
DA:212,6
DA:215,6
DA:219,7
DA:229,7
DA:231,7
DA:233,7
DA:242,7
DA:243,7
DA:245,7
DA:257,7
DA:259,0
DA:262,7
DA:264,6
DA:265,6
DA:267,9
DA:269,6
DA:272,1
LF:61
LH:38
BRDA:37,0,0,1
BRDA:37,0,1,7
BRDA:58,1,0,1
BRDA:58,1,1,0
BRDA:68,2,0,0
BRDA:68,2,1,0
BRDA:71,3,0,0
BRDA:71,3,1,0
BRDA:103,4,0,0
BRDA:103,4,1,0
BRDA:103,5,0,0
BRDA:103,5,1,0
BRDA:103,6,0,0
BRDA:103,6,1,0
BRDA:103,7,0,0
BRDA:103,7,1,0
BRDA:103,8,0,0
BRDA:103,8,1,0
BRDA:103,9,0,0
BRDA:103,9,1,0
BRDA:103,10,0,0
BRDA:103,10,1,0
BRDA:150,11,0,0
BRDA:150,11,1,0
BRDA:150,12,0,0
BRDA:150,12,1,0
BRDA:150,13,0,0
BRDA:150,13,1,0
BRDA:150,14,0,0
BRDA:150,14,1,0
BRDA:150,15,0,0
BRDA:150,15,1,0
BRDA:152,16,0,0
BRDA:152,16,1,0
BRDA:155,17,0,0
BRDA:155,17,1,0
BRDA:194,18,0,0
BRDA:194,18,1,60
BRDA:194,19,0,60
BRDA:194,19,1,0
BRDA:205,20,0,6
BRDA:205,20,1,1
BRDA:205,21,0,7
BRDA:205,21,1,7
BRDA:233,22,0,7
BRDA:233,22,1,0
BRDA:257,23,0,0
BRDA:257,23,1,7
BRDA:259,24,0,0
BRDA:259,24,1,0
BRDA:262,25,0,6
BRDA:262,25,1,1
BRDA:262,26,0,7
BRDA:262,26,1,7
BRF:54
BRH:15
end_of_record
TN:
SF:src\lib\agent\memory-agent\error-learner.ts
FN:24,(anonymous_0)
FN:37,(anonymous_1)
FN:101,(anonymous_2)
FN:129,(anonymous_3)
FNF:4
FNH:3
FNDA:11,(anonymous_0)
FNDA:11,(anonymous_1)
FNDA:3,(anonymous_2)
FNDA:0,(anonymous_3)
DA:6,1
DA:11,1
DA:12,1
DA:13,1
DA:19,1
DA:25,11
DA:26,11
DA:27,11
DA:29,11
DA:30,11
DA:31,11
DA:38,11
DA:49,11
DA:50,4
DA:54,7
DA:57,7
DA:64,7
DA:68,7
DA:78,7
DA:87,7
DA:102,3
DA:112,3
DA:114,3
DA:115,3
DA:116,3
DA:117,0
DA:119,3
DA:123,3
DA:130,0
DA:139,0
DA:140,0
DA:143,0
DA:152,0
DA:161,0
LF:34
LH:27
BRDA:49,0,0,4
BRDA:49,0,1,7
BRDA:101,1,0,0
BRDA:139,2,0,0
BRDA:139,2,1,0
BRF:5
BRH:2
end_of_record
TN:
SF:src\lib\agent\memory-agent\memory-manager.ts
FN:26,(anonymous_0)
FN:31,(anonymous_1)
FN:93,(anonymous_2)
FN:117,(anonymous_3)
FN:130,(anonymous_4)
FN:143,(anonymous_5)
FN:165,(anonymous_6)
FN:178,(anonymous_7)
FN:195,(anonymous_8)
FN:214,(anonymous_9)
FN:227,(anonymous_10)
FN:252,(anonymous_11)
FN:262,(anonymous_12)
FN:268,(anonymous_13)
FN:284,(anonymous_14)
FN:302,(anonymous_15)
FN:329,(anonymous_16)
FN:377,(anonymous_17)
FNF:18
FNH:18
FNDA:31,(anonymous_0)
FNDA:11,(anonymous_1)
FNDA:1,(anonymous_2)
FNDA:3,(anonymous_3)
FNDA:1,(anonymous_4)
FNDA:1,(anonymous_5)
FNDA:2,(anonymous_6)
FNDA:1,(anonymous_7)
FNDA:9,(anonymous_8)
FNDA:8,(anonymous_9)
FNDA:15,(anonymous_10)
FNDA:1,(anonymous_11)
FNDA:2,(anonymous_12)
FNDA:1,(anonymous_13)
FNDA:1,(anonymous_14)
FNDA:1,(anonymous_15)
FNDA:1,(anonymous_16)
FNDA:1,(anonymous_17)
DA:15,2
DA:16,2
DA:25,2
DA:26,31
DA:43,11
DA:46,11
DA:49,11
DA:56,11
DA:58,0
DA:69,0
DA:73,11
DA:87,11
DA:101,1
DA:118,3
DA:123,3
DA:124,3
DA:131,1
DA:150,1
DA:166,2
DA:171,2
DA:172,2
DA:179,1
DA:200,9
DA:215,8
DA:220,8
DA:221,8
DA:228,15
DA:230,15
DA:239,15
DA:240,11
DA:244,4
DA:246,4
DA:253,1
DA:262,2
DA:269,1
DA:278,1
DA:285,1
DA:292,1
DA:293,0
DA:296,1
DA:305,1
DA:312,1
DA:313,0
DA:316,1
DA:318,1
DA:337,1
DA:357,1
DA:363,1
DA:381,1
LF:49
LH:45
BRDA:41,0,0,1
BRDA:56,1,0,0
BRDA:56,1,1,11
BRDA:124,2,0,1
BRDA:124,2,1,2
BRDA:124,3,0,3
BRDA:124,3,1,2
BRDA:172,4,0,1
BRDA:172,4,1,1
BRDA:172,5,0,2
BRDA:172,5,1,1
BRDA:221,6,0,7
BRDA:221,6,1,1
BRDA:221,7,0,8
BRDA:221,7,1,1
BRDA:239,8,0,11
BRDA:239,8,1,4
BRDA:292,9,0,0
BRDA:292,9,1,1
BRDA:312,10,0,0
BRDA:312,10,1,1
BRDA:368,11,0,1
BRDA:368,11,1,0
BRF:23
BRH:19
end_of_record
TN:
SF:src\lib\agent\memory-agent\error-learner\ai-helpers.ts
FN:15,(anonymous_0)
FN:20,(anonymous_1)
FN:36,(anonymous_2)
FN:69,(anonymous_3)
FN:111,(anonymous_4)
FN:130,(anonymous_5)
FN:169,(anonymous_6)
FN:170,(anonymous_7)
FNF:8
FNH:3
FNDA:11,(anonymous_0)
FNDA:7,(anonymous_1)
FNDA:0,(anonymous_2)
FNDA:7,(anonymous_3)
FNDA:0,(anonymous_4)
FNDA:0,(anonymous_5)
FNDA:0,(anonymous_6)
FNDA:0,(anonymous_7)
DA:6,1
DA:14,1
DA:15,11
DA:28,7
DA:36,0
DA:44,7
DA:61,7
DA:63,7
DA:72,7
DA:84,7
DA:102,7
DA:105,7
DA:106,7
DA:107,7
DA:108,0
DA:109,0
DA:110,0
DA:111,0
DA:120,0
DA:124,7
DA:138,0
DA:147,0
DA:164,0
DA:166,0
DA:167,0
DA:169,0
DA:170,0
LF:27
LH:14
BRDA:63,0,0,7
BRDA:63,0,1,0
BRDA:63,1,0,0
BRDA:63,1,1,7
BRDA:63,2,0,7
BRDA:63,2,1,7
BRDA:63,3,0,0
BRDA:63,3,1,7
BRDA:63,4,0,7
BRDA:63,4,1,7
BRDA:63,5,0,0
BRDA:63,5,1,7
BRDA:63,6,0,7
BRDA:63,6,1,7
BRDA:105,7,0,7
BRDA:105,7,1,0
BRDA:105,8,0,0
BRDA:105,8,1,7
BRDA:105,9,0,7
BRDA:105,9,1,7
BRDA:105,10,0,0
BRDA:105,10,1,7
BRDA:105,11,0,7
BRDA:105,11,1,7
BRDA:107,12,0,0
BRDA:107,12,1,7
BRDA:110,13,0,0
BRDA:110,13,1,0
BRDA:113,14,0,0
BRDA:113,14,1,0
BRDA:114,15,0,0
BRDA:114,15,1,0
BRDA:115,16,0,0
BRDA:115,16,1,0
BRDA:166,17,0,0
BRDA:166,17,1,0
BRDA:166,18,0,0
BRDA:166,18,1,0
BRDA:166,19,0,0
BRDA:166,19,1,0
BRDA:166,20,0,0
BRDA:166,20,1,0
BRDA:166,21,0,0
BRDA:166,21,1,0
BRF:44
BRH:18
end_of_record
TN:
SF:src\lib\agent\memory-agent\error-learner\analyzer.ts
FN:17,(anonymous_0)
FN:25,(anonymous_1)
FN:59,(anonymous_2)
FN:71,(anonymous_3)
FN:80,(anonymous_4)
FN:107,(anonymous_5)
FN:108,(anonymous_6)
FN:115,(anonymous_7)
FNF:8
FNH:4
FNDA:11,(anonymous_0)
FNDA:7,(anonymous_1)
FNDA:7,(anonymous_2)
FNDA:0,(anonymous_3)
FNDA:0,(anonymous_4)
FNDA:0,(anonymous_5)
FNDA:0,(anonymous_6)
FNDA:7,(anonymous_7)
DA:6,1
DA:16,1
DA:18,11
DA:19,11
DA:33,7
DA:39,7
DA:42,7
DA:45,7
DA:47,7
DA:60,7
DA:71,7
DA:74,7
DA:75,7
DA:78,0
DA:80,0
DA:84,0
DA:102,0
DA:104,0
DA:105,0
DA:107,0
DA:108,0
DA:122,7
DA:134,7
DA:151,7
DA:153,7
LF:25
LH:17
BRDA:74,0,0,7
BRDA:74,0,1,0
BRDA:104,1,0,0
BRDA:104,1,1,0
BRDA:104,2,0,0
BRDA:104,2,1,0
BRDA:104,3,0,0
BRDA:104,3,1,0
BRDA:104,4,0,0
BRDA:104,4,1,0
BRDA:104,5,0,0
BRDA:104,5,1,0
BRDA:153,6,0,7
BRDA:153,6,1,0
BRDA:153,7,0,0
BRDA:153,7,1,7
BRDA:153,8,0,7
BRDA:153,8,1,7
BRDA:153,9,0,0
BRDA:153,9,1,7
BRDA:153,10,0,7
BRDA:153,10,1,7
BRDA:153,11,0,0
BRDA:153,11,1,7
BRDA:153,12,0,7
BRDA:153,12,1,7
BRF:26
BRH:11
end_of_record
TN:
SF:src\lib\agent\memory-agent\error-learner\knowledge-base.ts
FN:13,(anonymous_0)
FN:18,(anonymous_1)
FNF:2
FNH:2
FNDA:11,(anonymous_0)
FNDA:7,(anonymous_1)
DA:12,1
DA:13,11
DA:23,7
DA:24,7
DA:27,7
DA:29,7
DA:33,7
DA:44,7
DA:50,7
DA:52,0
DA:53,0
LF:11
LH:9
BRDA:38,0,0,0
BRDA:38,0,1,7
BRDA:38,1,0,7
BRDA:38,1,1,0
BRDA:38,2,0,7
BRDA:38,2,1,7
BRDA:47,3,0,7
BRDA:47,3,1,7
BRF:8
BRH:6
end_of_record
TN:
SF:src\lib\agent\memory-agent\memory-manager\config.ts
FNF:0
FNH:0
DA:9,2
DA:18,2
DA:23,2
LF:3
LH:3
BRF:0
BRH:0
end_of_record
TN:
SF:src\lib\agent\memory-agent\memory-manager\helpers.ts
FN:14,trackAccess
FN:30,toMemoryEntity
FN:51,calculateExpiry
FNF:3
FNH:3
FNDA:4,trackAccess
FNDA:19,toMemoryEntity
FNDA:11,calculateExpiry
DA:8,2
DA:14,2
DA:18,4
DA:30,2
DA:33,19
DA:51,2
DA:55,11
DA:56,9
DA:59,2
DA:60,2
DA:61,2
LF:11
LH:11
BRDA:41,0,0,19
BRDA:41,0,1,1
BRDA:43,1,0,19
BRDA:43,1,1,19
BRDA:55,2,0,9
BRDA:55,2,1,2
BRDA:60,3,0,2
BRDA:60,3,1,2
BRF:8
BRH:8
end_of_record
