<?xml version="1.0" encoding="UTF-8"?>
<coverage generated="1769696397014" clover="3.2.0">
  <project timestamp="1769696397015" name="All files">
    <metrics statements="115" coveredstatements="104" conditionals="41" coveredconditionals="31" methods="16" coveredmethods="14" elements="172" coveredelements="149" complexity="0" loc="115" ncloc="115" packages="1" files="1" classes="1"/>
    <file name="migrator.ts" path="D:\legal_debate_mvp\src\lib\agent\memory-agent\migrator.ts">
      <metrics statements="115" coveredstatements="104" conditionals="41" coveredconditionals="31" methods="16" coveredmethods="14"/>
      <line num="11" count="1" type="stmt"/>
      <line num="12" count="1" type="stmt"/>
      <line num="17" count="1" type="stmt"/>
      <line num="19" count="1" type="stmt"/>
      <line num="24" count="1" type="stmt"/>
      <line num="29" count="25" type="stmt"/>
      <line num="30" count="25" type="stmt"/>
      <line num="52" count="4" type="stmt"/>
      <line num="53" count="4" type="stmt"/>
      <line num="77" count="0" type="stmt"/>
      <line num="86" count="4" type="cond" truecount="2" falsecount="0"/>
      <line num="87" count="1" type="stmt"/>
      <line num="88" count="1" type="stmt"/>
      <line num="91" count="3" type="stmt"/>
      <line num="94" count="3" type="stmt"/>
      <line num="96" count="0" type="stmt"/>
      <line num="100" count="3" type="stmt"/>
      <line num="101" count="0" type="stmt"/>
      <line num="104" count="3" type="stmt"/>
      <line num="111" count="26" type="cond" truecount="2" falsecount="0"/>
      <line num="112" count="3" type="stmt"/>
      <line num="113" count="3" type="stmt"/>
      <line num="116" count="26" type="cond" truecount="2" falsecount="0"/>
      <line num="117" count="3" type="stmt"/>
      <line num="118" count="3" type="stmt"/>
      <line num="121" count="26" type="stmt"/>
      <line num="128" count="4" type="stmt"/>
      <line num="129" count="4" type="stmt"/>
      <line num="130" count="4" type="stmt"/>
      <line num="131" count="4" type="stmt"/>
      <line num="133" count="4" type="stmt"/>
      <line num="136" count="4" type="stmt"/>
      <line num="138" count="3" type="stmt"/>
      <line num="143" count="3" type="stmt"/>
      <line num="145" count="3" type="stmt"/>
      <line num="148" count="3" type="stmt"/>
      <line num="153" count="3" type="stmt"/>
      <line num="154" count="1" type="stmt"/>
      <line num="155" count="1" type="stmt"/>
      <line num="156" count="0" type="stmt"/>
      <line num="158" count="1" type="stmt"/>
      <line num="159" count="1" type="stmt"/>
      <line num="163" count="3" type="stmt"/>
      <line num="165" count="3" type="stmt"/>
      <line num="169" count="1" type="stmt"/>
      <line num="170" count="1" type="stmt"/>
      <line num="173" count="4" type="stmt"/>
      <line num="185" count="4" type="stmt"/>
      <line num="186" count="4" type="stmt"/>
      <line num="187" count="4" type="stmt"/>
      <line num="188" count="4" type="stmt"/>
      <line num="190" count="4" type="stmt"/>
      <line num="192" count="4" type="stmt"/>
      <line num="194" count="3" type="stmt"/>
      <line num="197" count="3" type="stmt"/>
      <line num="199" count="3" type="stmt"/>
      <line num="202" count="3" type="stmt"/>
      <line num="207" count="3" type="stmt"/>
      <line num="208" count="2" type="stmt"/>
      <line num="209" count="2" type="stmt"/>
      <line num="210" count="0" type="stmt"/>
      <line num="212" count="2" type="stmt"/>
      <line num="213" count="2" type="stmt"/>
      <line num="217" count="3" type="stmt"/>
      <line num="219" count="3" type="stmt"/>
      <line num="223" count="1" type="stmt"/>
      <line num="224" count="1" type="stmt"/>
      <line num="227" count="4" type="stmt"/>
      <line num="243" count="3" type="stmt"/>
      <line num="245" count="3" type="cond" truecount="2" falsecount="0"/>
      <line num="246" count="1" type="stmt"/>
      <line num="250" count="2" type="stmt"/>
      <line num="257" count="13" type="stmt"/>
      <line num="258" count="15" type="cond" truecount="2" falsecount="0"/>
      <line num="259" count="1" type="stmt"/>
      <line num="262" count="14" type="stmt"/>
      <line num="264" count="14" type="cond" truecount="3" falsecount="0"/>
      <line num="268" count="14" type="stmt"/>
      <line num="276" count="13" type="stmt"/>
      <line num="277" count="15" type="cond" truecount="2" falsecount="0"/>
      <line num="278" count="1" type="stmt"/>
      <line num="281" count="14" type="stmt"/>
      <line num="282" count="14" type="stmt"/>
      <line num="296" count="3" type="stmt"/>
      <line num="298" count="3" type="stmt"/>
      <line num="300" count="3" type="stmt"/>
      <line num="304" count="3" type="cond" truecount="2" falsecount="0"/>
      <line num="305" count="1" type="stmt"/>
      <line num="311" count="2" type="cond" truecount="2" falsecount="0"/>
      <line num="312" count="1" type="stmt"/>
      <line num="316" count="2" type="cond" truecount="2" falsecount="0"/>
      <line num="317" count="1" type="stmt"/>
      <line num="326" count="0" type="stmt"/>
      <line num="340" count="1" type="stmt"/>
      <line num="341" count="1" type="stmt"/>
      <line num="353" count="2" type="stmt"/>
      <line num="365" count="2" type="stmt"/>
      <line num="373" count="2" type="stmt"/>
      <line num="375" count="2" type="stmt"/>
      <line num="377" count="2" type="stmt"/>
      <line num="379" count="2" type="cond" truecount="1" falsecount="1"/>
      <line num="380" count="0" type="stmt"/>
      <line num="386" count="2" type="stmt"/>
      <line num="389" count="2" type="stmt"/>
      <line num="397" count="2" type="stmt"/>
      <line num="404" count="0" type="stmt"/>
      <line num="410" count="0" type="stmt"/>
      <line num="424" count="0" type="stmt"/>
      <line num="425" count="0" type="stmt"/>
      <line num="437" count="2" type="stmt"/>
      <line num="444" count="2" type="stmt"/>
      <line num="458" count="11" type="stmt"/>
      <line num="464" count="10" type="stmt"/>
      <line num="466" count="10" type="stmt"/>
      <line num="468" count="10" type="stmt"/>
    </file>
  </project>
</coverage>
