TN:
SF:src\lib\agent\memory-agent\migrator.ts
FN:28,(anonymous_9)
FN:39,(anonymous_10)
FN:85,(anonymous_11)
FN:96,(anonymous_12)
FN:100,(anonymous_13)
FN:110,(anonymous_14)
FN:127,(anonymous_15)
FN:184,(anonymous_16)
FN:238,(anonymous_17)
FN:256,(anonymous_18)
FN:257,(anonymous_19)
FN:275,(anonymous_20)
FN:276,(anonymous_21)
FN:292,(anonymous_22)
FN:372,(anonymous_23)
FN:451,(anonymous_24)
FNF:16
FNH:14
FNDA:25,(anonymous_9)
FNDA:4,(anonymous_10)
FNDA:4,(anonymous_11)
FNDA:0,(anonymous_12)
FNDA:0,(anonymous_13)
FNDA:26,(anonymous_14)
FNDA:4,(anonymous_15)
FNDA:4,(anonymous_16)
FNDA:3,(anonymous_17)
FNDA:13,(anonymous_18)
FNDA:15,(anonymous_19)
FNDA:13,(anonymous_20)
FNDA:15,(anonymous_21)
FNDA:3,(anonymous_22)
FNDA:2,(anonymous_23)
FNDA:11,(anonymous_24)
DA:11,1
DA:12,1
DA:17,1
DA:19,1
DA:24,1
DA:29,25
DA:30,25
DA:52,4
DA:53,4
DA:77,0
DA:86,4
DA:87,1
DA:88,1
DA:91,3
DA:94,3
DA:96,0
DA:100,3
DA:101,0
DA:104,3
DA:111,26
DA:112,3
DA:113,3
DA:116,26
DA:117,3
DA:118,3
DA:121,26
DA:128,4
DA:129,4
DA:130,4
DA:131,4
DA:133,4
DA:136,4
DA:138,3
DA:143,3
DA:145,3
DA:148,3
DA:153,3
DA:154,1
DA:155,1
DA:156,0
DA:158,1
DA:159,1
DA:163,3
DA:165,3
DA:169,1
DA:170,1
DA:173,4
DA:185,4
DA:186,4
DA:187,4
DA:188,4
DA:190,4
DA:192,4
DA:194,3
DA:197,3
DA:199,3
DA:202,3
DA:207,3
DA:208,2
DA:209,2
DA:210,0
DA:212,2
DA:213,2
DA:217,3
DA:219,3
DA:223,1
DA:224,1
DA:227,4
DA:243,3
DA:245,3
DA:246,1
DA:250,2
DA:257,13
DA:258,15
DA:259,1
DA:262,14
DA:264,14
DA:268,14
DA:276,13
DA:277,15
DA:278,1
DA:281,14
DA:282,14
DA:296,3
DA:298,3
DA:300,3
DA:304,3
DA:305,1
DA:311,2
DA:312,1
DA:316,2
DA:317,1
DA:326,0
DA:340,1
DA:341,1
DA:353,2
DA:365,2
DA:373,2
DA:375,2
DA:377,2
DA:379,2
DA:380,0
DA:386,2
DA:389,2
DA:397,2
DA:404,0
DA:410,0
DA:424,0
DA:425,0
DA:437,2
DA:444,2
DA:458,11
DA:464,10
DA:466,10
DA:468,10
LF:115
LH:104
BRDA:58,0,0,2
BRDA:58,0,1,2
BRDA:86,1,0,1
BRDA:86,1,1,3
BRDA:111,2,0,3
BRDA:111,2,1,23
BRDA:116,3,0,3
BRDA:116,3,1,23
BRDA:245,4,0,1
BRDA:245,4,1,2
BRDA:258,5,0,1
BRDA:258,5,1,14
BRDA:264,6,0,14
BRDA:264,6,1,12
BRDA:264,6,2,11
BRDA:277,7,0,1
BRDA:277,7,1,14
BRDA:283,8,0,14
BRDA:283,8,1,14
BRDA:304,9,0,1
BRDA:304,9,1,2
BRDA:311,10,0,1
BRDA:311,10,1,1
BRDA:316,11,0,1
BRDA:316,11,1,1
BRDA:320,12,0,1
BRDA:320,12,1,0
BRDA:322,13,0,1
BRDA:322,13,1,0
BRDA:355,14,0,2
BRDA:355,14,1,0
BRDA:362,15,0,2
BRDA:362,15,1,0
BRDA:379,16,0,0
BRDA:379,16,1,2
BRDA:381,17,0,0
BRDA:381,17,1,0
BRDA:406,18,0,0
BRDA:406,18,1,0
BRDA:442,19,0,2
BRDA:442,19,1,0
BRF:41
BRH:31
end_of_record
