<?xml version="1.0" encoding="UTF-8"?>
<coverage generated="1769695331870" clover="3.2.0">
  <project timestamp="1769695331870" name="All files">
    <metrics statements="462" coveredstatements="367" conditionals="286" coveredconditionals="150" methods="111" coveredmethods="81" elements="859" coveredelements="598" complexity="0" loc="462" ncloc="462" packages="5" files="12" classes="12"/>
    <package name="__tests__.memory">
      <metrics statements="71" coveredstatements="30" conditionals="62" coveredconditionals="7" methods="23" coveredmethods="8"/>
      <file name="test-helpers.ts" path="D:\legal_debate_mvp\src\__tests__\memory\test-helpers.ts">
        <metrics statements="71" coveredstatements="30" conditionals="62" coveredconditionals="7" methods="23" coveredmethods="8"/>
        <line num="8" count="5" type="stmt"/>
        <line num="13" count="5" type="stmt"/>
        <line num="14" count="30" type="stmt"/>
        <line num="15" count="30" type="stmt"/>
        <line num="34" count="5" type="stmt"/>
        <line num="35" count="0" type="stmt"/>
        <line num="41" count="5" type="stmt"/>
        <line num="42" count="0" type="stmt"/>
        <line num="48" count="5" type="stmt"/>
        <line num="49" count="0" type="stmt"/>
        <line num="55" count="5" type="stmt"/>
        <line num="56" count="0" type="stmt"/>
        <line num="62" count="5" type="stmt"/>
        <line num="63" count="0" type="stmt"/>
        <line num="76" count="5" type="stmt"/>
        <line num="77" count="0" type="stmt"/>
        <line num="78" count="0" type="stmt"/>
        <line num="79" count="0" type="stmt"/>
        <line num="87" count="0" type="stmt"/>
        <line num="93" count="5" type="stmt"/>
        <line num="94" count="31" type="stmt"/>
        <line num="96" count="31" type="stmt"/>
        <line num="98" count="11" type="stmt"/>
        <line num="103" count="11" type="stmt"/>
        <line num="104" count="11" type="stmt"/>
        <line num="108" count="18" type="stmt"/>
        <line num="109" count="18" type="stmt"/>
        <line num="111" count="0" type="cond" truecount="0" falsecount="4"/>
        <line num="112" count="0" type="stmt"/>
        <line num="114" count="0" type="cond" truecount="0" falsecount="4"/>
        <line num="115" count="0" type="stmt"/>
        <line num="117" count="0" type="cond" truecount="0" falsecount="4"/>
        <line num="118" count="0" type="stmt"/>
        <line num="120" count="0" type="stmt"/>
        <line num="126" count="0" type="stmt"/>
        <line num="127" count="0" type="cond" truecount="0" falsecount="6"/>
        <line num="128" count="0" type="stmt"/>
        <line num="130" count="0" type="stmt"/>
        <line num="134" count="5" type="stmt"/>
        <line num="135" count="5" type="cond" truecount="1" falsecount="1"/>
        <line num="136" count="0" type="stmt"/>
        <line num="137" count="0" type="stmt"/>
        <line num="138" count="0" type="stmt"/>
        <line num="140" count="5" type="stmt"/>
        <line num="144" count="1" type="stmt"/>
        <line num="145" count="1" type="stmt"/>
        <line num="146" count="0" type="cond" truecount="0" falsecount="4"/>
        <line num="147" count="0" type="stmt"/>
        <line num="149" count="0" type="cond" truecount="0" falsecount="4"/>
        <line num="150" count="0" type="stmt"/>
        <line num="152" count="0" type="stmt"/>
        <line num="154" count="1" type="stmt"/>
        <line num="158" count="1" type="stmt"/>
        <line num="159" count="1" type="stmt"/>
        <line num="160" count="0" type="cond" truecount="0" falsecount="4"/>
        <line num="161" count="0" type="stmt"/>
        <line num="163" count="0" type="cond" truecount="0" falsecount="4"/>
        <line num="164" count="0" type="stmt"/>
        <line num="166" count="0" type="stmt"/>
        <line num="167" count="0" type="stmt"/>
        <line num="169" count="1" type="stmt"/>
        <line num="173" count="1" type="stmt"/>
        <line num="174" count="1" type="cond" truecount="4" falsecount="2"/>
        <line num="175" count="0" type="stmt"/>
        <line num="178" count="1" type="stmt"/>
        <line num="182" count="0" type="stmt"/>
        <line num="183" count="0" type="cond" truecount="0" falsecount="6"/>
        <line num="184" count="0" type="stmt"/>
        <line num="185" count="0" type="cond" truecount="0" falsecount="2"/>
        <line num="187" count="0" type="stmt"/>
        <line num="192" count="0" type="stmt"/>
      </file>
    </package>
    <package name="lib.agent.memory-agent">
      <metrics statements="312" coveredstatements="279" conditionals="138" coveredconditionals="100" methods="67" coveredmethods="61"/>
      <file name="compressor.ts" path="D:\legal_debate_mvp\src\lib\agent\memory-agent\compressor.ts">
        <metrics statements="61" coveredstatements="50" conditionals="54" coveredconditionals="33" methods="14" coveredmethods="12"/>
        <line num="13" count="3" type="stmt"/>
        <line num="21" count="3" type="stmt"/>
        <line num="26" count="3" type="stmt"/>
        <line num="27" count="50" type="stmt"/>
        <line num="33" count="11" type="stmt"/>
        <line num="35" count="11" type="stmt"/>
        <line num="37" count="11" type="cond" truecount="2" falsecount="0"/>
        <line num="39" count="3" type="stmt"/>
        <line num="40" count="2" type="stmt"/>
        <line num="42" count="2" type="stmt"/>
        <line num="53" count="8" type="stmt"/>
        <line num="56" count="1" type="stmt"/>
        <line num="68" count="0" type="cond" truecount="0" falsecount="2"/>
        <line num="69" count="0" type="stmt"/>
        <line num="71" count="0" type="cond" truecount="0" falsecount="2"/>
        <line num="72" count="0" type="stmt"/>
        <line num="74" count="0" type="stmt"/>
        <line num="81" count="3" type="stmt"/>
        <line num="83" count="3" type="stmt"/>
        <line num="101" count="3" type="stmt"/>
        <line num="103" count="2" type="cond" truecount="10" falsecount="4"/>
        <line num="110" count="3" type="stmt"/>
        <line num="112" count="3" type="stmt"/>
        <line num="127" count="2" type="stmt"/>
        <line num="129" count="2" type="stmt"/>
        <line num="147" count="2" type="stmt"/>
        <line num="150" count="2" type="cond" truecount="7" falsecount="3"/>
        <line num="151" count="2" type="stmt"/>
        <line num="152" count="2" type="cond" truecount="1" falsecount="1"/>
        <line num="153" count="0" type="stmt"/>
        <line num="154" count="0" type="stmt"/>
        <line num="155" count="0" type="cond" truecount="0" falsecount="2"/>
        <line num="158" count="0" type="stmt"/>
        <line num="162" count="2" type="stmt"/>
        <line num="169" count="2" type="stmt"/>
        <line num="171" count="2" type="stmt"/>
        <line num="186" count="10" type="stmt"/>
        <line num="188" count="10" type="stmt"/>
        <line num="193" count="27" type="stmt"/>
        <line num="194" count="90" type="cond" truecount="2" falsecount="2"/>
        <line num="195" count="0" type="stmt"/>
        <line num="205" count="10" type="cond" truecount="4" falsecount="0"/>
        <line num="206" count="9" type="stmt"/>
        <line num="209" count="9" type="stmt"/>
        <line num="212" count="9" type="stmt"/>
        <line num="215" count="9" type="stmt"/>
        <line num="219" count="10" type="stmt"/>
        <line num="229" count="10" type="stmt"/>
        <line num="231" count="10" type="stmt"/>
        <line num="233" count="10" type="cond" truecount="1" falsecount="1"/>
        <line num="242" count="8" type="stmt"/>
        <line num="243" count="8" type="stmt"/>
        <line num="245" count="8" type="stmt"/>
        <line num="257" count="8" type="cond" truecount="1" falsecount="1"/>
        <line num="259" count="0" type="cond" truecount="0" falsecount="2"/>
        <line num="262" count="8" type="cond" truecount="4" falsecount="0"/>
        <line num="264" count="7" type="stmt"/>
        <line num="265" count="7" type="stmt"/>
        <line num="267" count="10" type="stmt"/>
        <line num="269" count="7" type="stmt"/>
        <line num="272" count="1" type="stmt"/>
      </file>
      <file name="error-learner.ts" path="D:\legal_debate_mvp\src\lib\agent\memory-agent\error-learner.ts">
        <metrics statements="34" coveredstatements="27" conditionals="5" coveredconditionals="2" methods="4" coveredmethods="3"/>
        <line num="6" count="2" type="stmt"/>
        <line num="11" count="2" type="stmt"/>
        <line num="12" count="2" type="stmt"/>
        <line num="13" count="2" type="stmt"/>
        <line num="19" count="2" type="stmt"/>
        <line num="25" count="28" type="stmt"/>
        <line num="26" count="28" type="stmt"/>
        <line num="27" count="28" type="stmt"/>
        <line num="29" count="28" type="stmt"/>
        <line num="30" count="28" type="stmt"/>
        <line num="31" count="28" type="stmt"/>
        <line num="38" count="12" type="stmt"/>
        <line num="49" count="12" type="cond" truecount="2" falsecount="0"/>
        <line num="50" count="4" type="stmt"/>
        <line num="54" count="8" type="stmt"/>
        <line num="57" count="8" type="stmt"/>
        <line num="64" count="8" type="stmt"/>
        <line num="68" count="8" type="stmt"/>
        <line num="78" count="8" type="stmt"/>
        <line num="87" count="8" type="stmt"/>
        <line num="102" count="4" type="stmt"/>
        <line num="112" count="4" type="stmt"/>
        <line num="114" count="4" type="stmt"/>
        <line num="115" count="3" type="stmt"/>
        <line num="116" count="3" type="stmt"/>
        <line num="117" count="0" type="stmt"/>
        <line num="119" count="3" type="stmt"/>
        <line num="123" count="4" type="stmt"/>
        <line num="130" count="0" type="stmt"/>
        <line num="139" count="0" type="cond" truecount="0" falsecount="2"/>
        <line num="140" count="0" type="stmt"/>
        <line num="143" count="0" type="stmt"/>
        <line num="152" count="0" type="stmt"/>
        <line num="161" count="0" type="stmt"/>
      </file>
      <file name="memory-agent.ts" path="D:\legal_debate_mvp\src\lib\agent\memory-agent\memory-agent.ts">
        <metrics statements="53" coveredstatements="49" conditionals="15" coveredconditionals="12" methods="15" coveredmethods="14"/>
        <line num="68" count="1" type="stmt"/>
        <line num="69" count="1" type="stmt"/>
        <line num="70" count="1" type="stmt"/>
        <line num="71" count="1" type="stmt"/>
        <line num="85" count="1" type="stmt"/>
        <line num="90" count="17" type="stmt"/>
        <line num="93" count="17" type="stmt"/>
        <line num="94" count="17" type="stmt"/>
        <line num="96" count="17" type="stmt"/>
        <line num="97" count="17" type="stmt"/>
        <line num="98" count="17" type="stmt"/>
        <line num="99" count="17" type="stmt"/>
        <line num="106" count="5" type="cond" truecount="2" falsecount="0"/>
        <line num="107" count="1" type="stmt"/>
        <line num="110" count="4" type="stmt"/>
        <line num="113" count="4" type="stmt"/>
        <line num="115" count="4" type="stmt"/>
        <line num="116" count="4" type="stmt"/>
        <line num="123" count="1" type="cond" truecount="1" falsecount="1"/>
        <line num="124" count="0" type="stmt"/>
        <line num="127" count="1" type="stmt"/>
        <line num="130" count="1" type="stmt"/>
        <line num="132" count="1" type="stmt"/>
        <line num="133" count="1" type="stmt"/>
        <line num="145" count="1" type="stmt"/>
        <line num="152" count="0" type="stmt"/>
        <line num="159" count="2" type="stmt"/>
        <line num="161" count="2" type="cond" truecount="2" falsecount="0"/>
        <line num="162" count="1" type="stmt"/>
        <line num="165" count="1" type="stmt"/>
        <line num="176" count="2" type="stmt"/>
        <line num="177" count="2" type="stmt"/>
        <line num="179" count="2" type="cond" truecount="2" falsecount="0"/>
        <line num="181" count="1" type="stmt"/>
        <line num="182" count="1" type="stmt"/>
        <line num="184" count="1" type="cond" truecount="1" falsecount="1"/>
        <line num="185" count="1" type="stmt"/>
        <line num="191" count="0" type="stmt"/>
        <line num="194" count="1" type="stmt"/>
        <line num="201" count="1" type="stmt"/>
        <line num="208" count="2" type="stmt"/>
        <line num="215" count="1" type="stmt"/>
        <line num="224" count="2" type="cond" truecount="2" falsecount="0"/>
        <line num="225" count="1" type="stmt"/>
        <line num="227" count="1" type="stmt"/>
        <line num="241" count="1" type="stmt"/>
        <line num="248" count="1" type="stmt"/>
        <line num="255" count="2" type="cond" truecount="2" falsecount="0"/>
        <line num="256" count="1" type="stmt"/>
        <line num="259" count="1" type="stmt"/>
        <line num="260" count="1" type="stmt"/>
        <line num="261" count="1" type="stmt"/>
        <line num="263" count="0" type="stmt"/>
      </file>
      <file name="memory-manager.ts" path="D:\legal_debate_mvp\src\lib\agent\memory-agent\memory-manager.ts">
        <metrics statements="49" coveredstatements="49" conditionals="23" coveredconditionals="22" methods="18" coveredmethods="18"/>
        <line num="15" count="4" type="stmt"/>
        <line num="16" count="4" type="stmt"/>
        <line num="25" count="4" type="stmt"/>
        <line num="26" count="73" type="stmt"/>
        <line num="43" count="16" type="stmt"/>
        <line num="46" count="16" type="stmt"/>
        <line num="49" count="16" type="stmt"/>
        <line num="56" count="16" type="cond" truecount="2" falsecount="0"/>
        <line num="58" count="1" type="stmt"/>
        <line num="69" count="1" type="stmt"/>
        <line num="73" count="15" type="stmt"/>
        <line num="87" count="15" type="stmt"/>
        <line num="101" count="1" type="stmt"/>
        <line num="118" count="3" type="stmt"/>
        <line num="123" count="3" type="stmt"/>
        <line num="124" count="3" type="cond" truecount="4" falsecount="0"/>
        <line num="131" count="4" type="stmt"/>
        <line num="150" count="2" type="stmt"/>
        <line num="166" count="2" type="stmt"/>
        <line num="171" count="2" type="stmt"/>
        <line num="172" count="2" type="cond" truecount="4" falsecount="0"/>
        <line num="179" count="1" type="stmt"/>
        <line num="200" count="12" type="stmt"/>
        <line num="215" count="9" type="stmt"/>
        <line num="220" count="9" type="stmt"/>
        <line num="221" count="9" type="cond" truecount="4" falsecount="0"/>
        <line num="228" count="18" type="stmt"/>
        <line num="230" count="18" type="stmt"/>
        <line num="239" count="18" type="cond" truecount="2" falsecount="0"/>
        <line num="240" count="13" type="stmt"/>
        <line num="244" count="5" type="stmt"/>
        <line num="246" count="5" type="stmt"/>
        <line num="253" count="49" type="stmt"/>
        <line num="262" count="45" type="stmt"/>
        <line num="269" count="2" type="stmt"/>
        <line num="278" count="2" type="stmt"/>
        <line num="285" count="4" type="stmt"/>
        <line num="292" count="4" type="cond" truecount="2" falsecount="0"/>
        <line num="293" count="1" type="stmt"/>
        <line num="296" count="3" type="stmt"/>
        <line num="305" count="4" type="stmt"/>
        <line num="312" count="4" type="cond" truecount="2" falsecount="0"/>
        <line num="313" count="1" type="stmt"/>
        <line num="316" count="3" type="stmt"/>
        <line num="318" count="3" type="stmt"/>
        <line num="337" count="3" type="stmt"/>
        <line num="357" count="3" type="stmt"/>
        <line num="363" count="3" type="stmt"/>
        <line num="381" count="1" type="stmt"/>
      </file>
      <file name="migrator.ts" path="D:\legal_debate_mvp\src\lib\agent\memory-agent\migrator.ts">
        <metrics statements="115" coveredstatements="104" conditionals="41" coveredconditionals="31" methods="16" coveredmethods="14"/>
        <line num="11" count="2" type="stmt"/>
        <line num="12" count="2" type="stmt"/>
        <line num="17" count="2" type="stmt"/>
        <line num="19" count="2" type="stmt"/>
        <line num="24" count="2" type="stmt"/>
        <line num="29" count="42" type="stmt"/>
        <line num="30" count="42" type="stmt"/>
        <line num="52" count="4" type="stmt"/>
        <line num="53" count="4" type="stmt"/>
        <line num="77" count="0" type="stmt"/>
        <line num="86" count="8" type="cond" truecount="2" falsecount="0"/>
        <line num="87" count="1" type="stmt"/>
        <line num="88" count="1" type="stmt"/>
        <line num="91" count="7" type="stmt"/>
        <line num="94" count="7" type="stmt"/>
        <line num="96" count="0" type="stmt"/>
        <line num="100" count="7" type="stmt"/>
        <line num="101" count="0" type="stmt"/>
        <line num="104" count="7" type="stmt"/>
        <line num="111" count="27" type="cond" truecount="2" falsecount="0"/>
        <line num="112" count="4" type="stmt"/>
        <line num="113" count="4" type="stmt"/>
        <line num="116" count="27" type="cond" truecount="2" falsecount="0"/>
        <line num="117" count="4" type="stmt"/>
        <line num="118" count="4" type="stmt"/>
        <line num="121" count="27" type="stmt"/>
        <line num="128" count="5" type="stmt"/>
        <line num="129" count="5" type="stmt"/>
        <line num="130" count="5" type="stmt"/>
        <line num="131" count="5" type="stmt"/>
        <line num="133" count="5" type="stmt"/>
        <line num="136" count="5" type="stmt"/>
        <line num="138" count="4" type="stmt"/>
        <line num="143" count="4" type="stmt"/>
        <line num="145" count="4" type="stmt"/>
        <line num="148" count="4" type="stmt"/>
        <line num="153" count="4" type="stmt"/>
        <line num="154" count="1" type="stmt"/>
        <line num="155" count="1" type="stmt"/>
        <line num="156" count="0" type="stmt"/>
        <line num="158" count="1" type="stmt"/>
        <line num="159" count="1" type="stmt"/>
        <line num="163" count="4" type="stmt"/>
        <line num="165" count="4" type="stmt"/>
        <line num="169" count="1" type="stmt"/>
        <line num="170" count="1" type="stmt"/>
        <line num="173" count="5" type="stmt"/>
        <line num="185" count="5" type="stmt"/>
        <line num="186" count="5" type="stmt"/>
        <line num="187" count="5" type="stmt"/>
        <line num="188" count="5" type="stmt"/>
        <line num="190" count="5" type="stmt"/>
        <line num="192" count="5" type="stmt"/>
        <line num="194" count="4" type="stmt"/>
        <line num="197" count="4" type="stmt"/>
        <line num="199" count="4" type="stmt"/>
        <line num="202" count="4" type="stmt"/>
        <line num="207" count="4" type="stmt"/>
        <line num="208" count="2" type="stmt"/>
        <line num="209" count="2" type="stmt"/>
        <line num="210" count="0" type="stmt"/>
        <line num="212" count="2" type="stmt"/>
        <line num="213" count="2" type="stmt"/>
        <line num="217" count="4" type="stmt"/>
        <line num="219" count="4" type="stmt"/>
        <line num="223" count="1" type="stmt"/>
        <line num="224" count="1" type="stmt"/>
        <line num="227" count="5" type="stmt"/>
        <line num="243" count="3" type="stmt"/>
        <line num="245" count="3" type="cond" truecount="2" falsecount="0"/>
        <line num="246" count="1" type="stmt"/>
        <line num="250" count="2" type="stmt"/>
        <line num="257" count="15" type="stmt"/>
        <line num="258" count="15" type="cond" truecount="2" falsecount="0"/>
        <line num="259" count="1" type="stmt"/>
        <line num="262" count="14" type="stmt"/>
        <line num="264" count="14" type="cond" truecount="3" falsecount="0"/>
        <line num="268" count="14" type="stmt"/>
        <line num="276" count="15" type="stmt"/>
        <line num="277" count="15" type="cond" truecount="2" falsecount="0"/>
        <line num="278" count="1" type="stmt"/>
        <line num="281" count="14" type="stmt"/>
        <line num="282" count="14" type="stmt"/>
        <line num="296" count="3" type="stmt"/>
        <line num="298" count="3" type="stmt"/>
        <line num="300" count="3" type="stmt"/>
        <line num="304" count="3" type="cond" truecount="2" falsecount="0"/>
        <line num="305" count="1" type="stmt"/>
        <line num="311" count="2" type="cond" truecount="2" falsecount="0"/>
        <line num="312" count="1" type="stmt"/>
        <line num="316" count="2" type="cond" truecount="2" falsecount="0"/>
        <line num="317" count="1" type="stmt"/>
        <line num="326" count="0" type="stmt"/>
        <line num="340" count="1" type="stmt"/>
        <line num="341" count="1" type="stmt"/>
        <line num="353" count="2" type="stmt"/>
        <line num="365" count="2" type="stmt"/>
        <line num="373" count="2" type="stmt"/>
        <line num="375" count="2" type="stmt"/>
        <line num="377" count="2" type="stmt"/>
        <line num="379" count="2" type="cond" truecount="1" falsecount="1"/>
        <line num="380" count="0" type="stmt"/>
        <line num="386" count="2" type="stmt"/>
        <line num="389" count="2" type="stmt"/>
        <line num="397" count="2" type="stmt"/>
        <line num="404" count="0" type="stmt"/>
        <line num="410" count="0" type="stmt"/>
        <line num="424" count="0" type="stmt"/>
        <line num="425" count="0" type="stmt"/>
        <line num="437" count="2" type="stmt"/>
        <line num="444" count="2" type="stmt"/>
        <line num="458" count="12" type="stmt"/>
        <line num="464" count="11" type="stmt"/>
        <line num="466" count="11" type="stmt"/>
        <line num="468" count="11" type="stmt"/>
      </file>
    </package>
    <package name="lib.agent.memory-agent.error-learner">
      <metrics statements="63" coveredstatements="42" conditionals="78" coveredconditionals="35" methods="18" coveredmethods="9"/>
      <file name="ai-helpers.ts" path="D:\legal_debate_mvp\src\lib\agent\memory-agent\error-learner\ai-helpers.ts">
        <metrics statements="27" coveredstatements="14" conditionals="44" coveredconditionals="18" methods="8" coveredmethods="3"/>
        <line num="6" count="2" type="stmt"/>
        <line num="14" count="2" type="stmt"/>
        <line num="15" count="28" type="stmt"/>
        <line num="28" count="8" type="stmt"/>
        <line num="36" count="0" type="stmt"/>
        <line num="44" count="8" type="stmt"/>
        <line num="61" count="8" type="stmt"/>
        <line num="63" count="8" type="cond" truecount="10" falsecount="4"/>
        <line num="72" count="8" type="stmt"/>
        <line num="84" count="8" type="stmt"/>
        <line num="102" count="8" type="stmt"/>
        <line num="105" count="8" type="cond" truecount="7" falsecount="3"/>
        <line num="106" count="8" type="stmt"/>
        <line num="107" count="8" type="cond" truecount="1" falsecount="1"/>
        <line num="108" count="0" type="stmt"/>
        <line num="109" count="0" type="stmt"/>
        <line num="110" count="0" type="cond" truecount="0" falsecount="2"/>
        <line num="111" count="0" type="stmt"/>
        <line num="120" count="0" type="stmt"/>
        <line num="124" count="8" type="stmt"/>
        <line num="138" count="0" type="stmt"/>
        <line num="147" count="0" type="stmt"/>
        <line num="164" count="0" type="stmt"/>
        <line num="166" count="0" type="cond" truecount="0" falsecount="10"/>
        <line num="167" count="0" type="stmt"/>
        <line num="169" count="0" type="stmt"/>
        <line num="170" count="0" type="stmt"/>
      </file>
      <file name="analyzer.ts" path="D:\legal_debate_mvp\src\lib\agent\memory-agent\error-learner\analyzer.ts">
        <metrics statements="25" coveredstatements="17" conditionals="26" coveredconditionals="11" methods="8" coveredmethods="4"/>
        <line num="6" count="2" type="stmt"/>
        <line num="16" count="2" type="stmt"/>
        <line num="18" count="28" type="stmt"/>
        <line num="19" count="28" type="stmt"/>
        <line num="33" count="8" type="stmt"/>
        <line num="39" count="8" type="stmt"/>
        <line num="42" count="8" type="stmt"/>
        <line num="45" count="8" type="stmt"/>
        <line num="47" count="8" type="stmt"/>
        <line num="60" count="8" type="stmt"/>
        <line num="71" count="8" type="stmt"/>
        <line num="74" count="8" type="cond" truecount="1" falsecount="1"/>
        <line num="75" count="8" type="stmt"/>
        <line num="78" count="0" type="stmt"/>
        <line num="80" count="0" type="stmt"/>
        <line num="84" count="0" type="stmt"/>
        <line num="102" count="0" type="stmt"/>
        <line num="104" count="0" type="cond" truecount="0" falsecount="10"/>
        <line num="105" count="0" type="stmt"/>
        <line num="107" count="0" type="stmt"/>
        <line num="108" count="0" type="stmt"/>
        <line num="122" count="8" type="stmt"/>
        <line num="134" count="8" type="stmt"/>
        <line num="151" count="8" type="stmt"/>
        <line num="153" count="8" type="cond" truecount="10" falsecount="4"/>
      </file>
      <file name="knowledge-base.ts" path="D:\legal_debate_mvp\src\lib\agent\memory-agent\error-learner\knowledge-base.ts">
        <metrics statements="11" coveredstatements="11" conditionals="8" coveredconditionals="6" methods="2" coveredmethods="2"/>
        <line num="12" count="2" type="stmt"/>
        <line num="13" count="28" type="stmt"/>
        <line num="23" count="8" type="stmt"/>
        <line num="24" count="8" type="stmt"/>
        <line num="27" count="8" type="stmt"/>
        <line num="29" count="8" type="stmt"/>
        <line num="33" count="8" type="stmt"/>
        <line num="44" count="8" type="stmt"/>
        <line num="50" count="7" type="stmt"/>
        <line num="52" count="1" type="stmt"/>
        <line num="53" count="1" type="stmt"/>
      </file>
    </package>
    <package name="lib.agent.memory-agent.memory-manager">
      <metrics statements="14" coveredstatements="14" conditionals="8" coveredconditionals="8" methods="3" coveredmethods="3"/>
      <file name="config.ts" path="D:\legal_debate_mvp\src\lib\agent\memory-agent\memory-manager\config.ts">
        <metrics statements="3" coveredstatements="3" conditionals="0" coveredconditionals="0" methods="0" coveredmethods="0"/>
        <line num="9" count="4" type="stmt"/>
        <line num="18" count="4" type="stmt"/>
        <line num="23" count="4" type="stmt"/>
      </file>
      <file name="helpers.ts" path="D:\legal_debate_mvp\src\lib\agent\memory-agent\memory-manager\helpers.ts">
        <metrics statements="11" coveredstatements="11" conditionals="8" coveredconditionals="8" methods="3" coveredmethods="3"/>
        <line num="8" count="4" type="stmt"/>
        <line num="14" count="4" type="stmt"/>
        <line num="18" count="5" type="stmt"/>
        <line num="30" count="4" type="stmt"/>
        <line num="33" count="71" type="stmt"/>
        <line num="51" count="4" type="stmt"/>
        <line num="55" count="16" type="cond" truecount="2" falsecount="0"/>
        <line num="56" count="12" type="stmt"/>
        <line num="59" count="4" type="stmt"/>
        <line num="60" count="4" type="cond" truecount="2" falsecount="0"/>
        <line num="61" count="4" type="stmt"/>
      </file>
    </package>
    <package name="lib.agent.memory-agent.migrator">
      <metrics statements="2" coveredstatements="2" conditionals="0" coveredconditionals="0" methods="0" coveredmethods="0"/>
      <file name="config.ts" path="D:\legal_debate_mvp\src\lib\agent\memory-agent\migrator\config.ts">
        <metrics statements="2" coveredstatements="2" conditionals="0" coveredconditionals="0" methods="0" coveredmethods="0"/>
        <line num="9" count="2" type="stmt"/>
        <line num="19" count="2" type="stmt"/>
      </file>
    </package>
  </project>
</coverage>
