{"D:\\legal_debate_mvp\\src\\__tests__\\memory\\test-helpers.ts": {"path":"D:\\legal_debate_mvp\\src\\__tests__\\memory\\test-helpers.ts","statementMap":{"0":{"start":{"line":13,"column":0},"end":{"line":13,"column":16}},"1":{"start":{"line":34,"column":0},"end":{"line":34,"column":16}},"2":{"start":{"line":41,"column":0},"end":{"line":41,"column":16}},"3":{"start":{"line":48,"column":0},"end":{"line":48,"column":16}},"4":{"start":{"line":55,"column":0},"end":{"line":55,"column":16}},"5":{"start":{"line":62,"column":0},"end":{"line":62,"column":16}},"6":{"start":{"line":76,"column":0},"end":{"line":76,"column":16}},"7":{"start":{"line":93,"column":0},"end":{"line":93,"column":16}},"8":{"start":{"line":8,"column":0},"end":{"line":8,"column":65}},"9":{"start":{"line":14,"column":14},"end":{"line":14,"column":24}},"10":{"start":{"line":15,"column":2},"end":{"line":27,"column":null}},"11":{"start":{"line":35,"column":2},"end":{"line":35,"column":57}},"12":{"start":{"line":35,"column":32},"end":{"line":35,"column":55}},"13":{"start":{"line":42,"column":2},"end":{"line":42,"column":35}},"14":{"start":{"line":49,"column":2},"end":{"line":49,"column":35}},"15":{"start":{"line":56,"column":2},"end":{"line":56,"column":37}},"16":{"start":{"line":63,"column":2},"end":{"line":70,"column":4}},"17":{"start":{"line":77,"column":29},"end":{"line":77,"column":31}},"18":{"start":{"line":78,"column":2},"end":{"line":86,"column":3}},"19":{"start":{"line":78,"column":15},"end":{"line":78,"column":16}},"20":{"start":{"line":79,"column":4},"end":{"line":85,"column":6}},"21":{"start":{"line":87,"column":2},"end":{"line":87,"column":18}},"22":{"start":{"line":94,"column":19},"end":{"line":94,"column":59}},"23":{"start":{"line":96,"column":2},"end":{"line":194,"column":4}},"24":{"start":{"line":98,"column":21},"end":{"line":102,"column":8}},"25":{"start":{"line":103,"column":6},"end":{"line":103,"column":38}},"26":{"start":{"line":104,"column":6},"end":{"line":104,"column":20}},"27":{"start":{"line":108,"column":22},"end":{"line":108,"column":51}},"28":{"start":{"line":109,"column":6},"end":{"line":122,"column":8}},"29":{"start":{"line":111,"column":10},"end":{"line":113,"column":11}},"30":{"start":{"line":112,"column":12},"end":{"line":112,"column":25}},"31":{"start":{"line":114,"column":10},"end":{"line":116,"column":11}},"32":{"start":{"line":115,"column":12},"end":{"line":115,"column":25}},"33":{"start":{"line":117,"column":10},"end":{"line":119,"column":11}},"34":{"start":{"line":118,"column":12},"end":{"line":118,"column":25}},"35":{"start":{"line":120,"column":10},"end":{"line":120,"column":22}},"36":{"start":{"line":126,"column":22},"end":{"line":126,"column":51}},"37":{"start":{"line":127,"column":6},"end":{"line":129,"column":7}},"38":{"start":{"line":128,"column":8},"end":{"line":128,"column":78}},"39":{"start":{"line":128,"column":39},"end":{"line":128,"column":76}},"40":{"start":{"line":130,"column":6},"end":{"line":130,"column":21}},"41":{"start":{"line":134,"column":21},"end":{"line":134,"column":43}},"42":{"start":{"line":135,"column":6},"end":{"line":139,"column":7}},"43":{"start":{"line":136,"column":21},"end":{"line":136,"column":69}},"44":{"start":{"line":137,"column":8},"end":{"line":137,"column":65}},"45":{"start":{"line":138,"column":8},"end":{"line":138,"column":23}},"46":{"start":{"line":140,"column":6},"end":{"line":140,"column":20}},"47":{"start":{"line":144,"column":22},"end":{"line":144,"column":51}},"48":{"start":{"line":145,"column":20},"end":{"line":153,"column":15}},"49":{"start":{"line":146,"column":8},"end":{"line":148,"column":9}},"50":{"start":{"line":147,"column":10},"end":{"line":147,"column":23}},"51":{"start":{"line":149,"column":8},"end":{"line":151,"column":9}},"52":{"start":{"line":150,"column":10},"end":{"line":150,"column":23}},"53":{"start":{"line":152,"column":8},"end":{"line":152,"column":20}},"54":{"start":{"line":154,"column":6},"end":{"line":154,"column":23}},"55":{"start":{"line":158,"column":18},"end":{"line":158,"column":19}},"56":{"start":{"line":159,"column":6},"end":{"line":168,"column":7}},"57":{"start":{"line":160,"column":8},"end":{"line":162,"column":9}},"58":{"start":{"line":161,"column":10},"end":{"line":161,"column":19}},"59":{"start":{"line":163,"column":8},"end":{"line":165,"column":9}},"60":{"start":{"line":164,"column":10},"end":{"line":164,"column":19}},"61":{"start":{"line":166,"column":8},"end":{"line":166,"column":28}},"62":{"start":{"line":167,"column":8},"end":{"line":167,"column":16}},"63":{"start":{"line":169,"column":6},"end":{"line":169,"column":23}},"64":{"start":{"line":173,"column":22},"end":{"line":173,"column":51}},"65":{"start":{"line":174,"column":6},"end":{"line":177,"column":7}},"66":{"start":{"line":175,"column":8},"end":{"line":176,"column":18}},"67":{"start":{"line":175,"column":39},"end":{"line":175,"column":76}},"68":{"start":{"line":178,"column":6},"end":{"line":178,"column":28}},"69":{"start":{"line":182,"column":22},"end":{"line":182,"column":51}},"70":{"start":{"line":183,"column":6},"end":{"line":186,"column":7}},"71":{"start":{"line":184,"column":20},"end":{"line":184,"column":77}},"72":{"start":{"line":184,"column":51},"end":{"line":184,"column":73}},"73":{"start":{"line":185,"column":8},"end":{"line":185,"column":69}},"74":{"start":{"line":187,"column":6},"end":{"line":187,"column":41}},"75":{"start":{"line":192,"column":6},"end":{"line":192,"column":23}}},"fnMap":{"0":{"name":"createTestMemory","decl":{"start":{"line":13,"column":16},"end":{"line":13,"column":32}},"loc":{"start":{"line":13,"column":60},"end":{"line":29,"column":1}}},"1":{"name":"waitFor","decl":{"start":{"line":34,"column":16},"end":{"line":34,"column":23}},"loc":{"start":{"line":34,"column":34},"end":{"line":36,"column":1}}},"2":{"name":"(anonymous_2)","decl":{"start":{"line":35,"column":21},"end":{"line":35,"column":28}},"loc":{"start":{"line":35,"column":32},"end":{"line":35,"column":55}}},"3":{"name":"createTestUserId","decl":{"start":{"line":41,"column":16},"end":{"line":41,"column":32}},"loc":{"start":{"line":41,"column":32},"end":{"line":43,"column":1}}},"4":{"name":"createTestCaseId","decl":{"start":{"line":48,"column":16},"end":{"line":48,"column":32}},"loc":{"start":{"line":48,"column":32},"end":{"line":50,"column":1}}},"5":{"name":"createTestDebateId","decl":{"start":{"line":55,"column":16},"end":{"line":55,"column":34}},"loc":{"start":{"line":55,"column":34},"end":{"line":57,"column":1}}},"6":{"name":"validateMemory","decl":{"start":{"line":62,"column":16},"end":{"line":62,"column":30}},"loc":{"start":{"line":62,"column":45},"end":{"line":71,"column":1}}},"7":{"name":"createTestMemories","decl":{"start":{"line":76,"column":16},"end":{"line":76,"column":34}},"loc":{"start":{"line":76,"column":48},"end":{"line":88,"column":1}}},"8":{"name":"createMockAgentMemoryDB","decl":{"start":{"line":93,"column":16},"end":{"line":93,"column":39}},"loc":{"start":{"line":93,"column":39},"end":{"line":195,"column":1}}},"9":{"name":"(anonymous_9)","decl":{"start":{"line":97,"column":41},"end":{"line":97,"column":46}},"loc":{"start":{"line":97,"column":54},"end":{"line":105,"column":5}}},"10":{"name":"(anonymous_10)","decl":{"start":{"line":107,"column":44},"end":{"line":107,"column":49}},"loc":{"start":{"line":107,"column":64},"end":{"line":123,"column":5}}},"11":{"name":"(anonymous_11)","decl":{"start":{"line":110,"column":21},"end":{"line":110,"column":26}},"loc":{"start":{"line":110,"column":29},"end":{"line":121,"column":9}}},"12":{"name":"(anonymous_12)","decl":{"start":{"line":125,"column":43},"end":{"line":125,"column":48}},"loc":{"start":{"line":125,"column":63},"end":{"line":131,"column":5}}},"13":{"name":"(anonymous_13)","decl":{"start":{"line":128,"column":30},"end":{"line":128,"column":35}},"loc":{"start":{"line":128,"column":39},"end":{"line":128,"column":76}}},"14":{"name":"(anonymous_14)","decl":{"start":{"line":133,"column":41},"end":{"line":133,"column":46}},"loc":{"start":{"line":133,"column":67},"end":{"line":141,"column":5}}},"15":{"name":"(anonymous_15)","decl":{"start":{"line":143,"column":45},"end":{"line":143,"column":50}},"loc":{"start":{"line":143,"column":71},"end":{"line":155,"column":5}}},"16":{"name":"(anonymous_16)","decl":{"start":{"line":145,"column":35},"end":{"line":145,"column":40}},"loc":{"start":{"line":145,"column":43},"end":{"line":153,"column":7}}},"17":{"name":"(anonymous_17)","decl":{"start":{"line":157,"column":45},"end":{"line":157,"column":50}},"loc":{"start":{"line":157,"column":65},"end":{"line":170,"column":5}}},"18":{"name":"(anonymous_18)","decl":{"start":{"line":172,"column":40},"end":{"line":172,"column":45}},"loc":{"start":{"line":172,"column":60},"end":{"line":179,"column":5}}},"19":{"name":"(anonymous_19)","decl":{"start":{"line":175,"column":30},"end":{"line":175,"column":35}},"loc":{"start":{"line":175,"column":39},"end":{"line":175,"column":76}}},"20":{"name":"(anonymous_20)","decl":{"start":{"line":181,"column":44},"end":{"line":181,"column":49}},"loc":{"start":{"line":181,"column":63},"end":{"line":188,"column":5}}},"21":{"name":"(anonymous_21)","decl":{"start":{"line":184,"column":35},"end":{"line":184,"column":36}},"loc":{"start":{"line":184,"column":51},"end":{"line":184,"column":73}}},"22":{"name":"(anonymous_22)","decl":{"start":{"line":191,"column":19},"end":{"line":191,"column":22}},"loc":{"start":{"line":191,"column":24},"end":{"line":193,"column":5}}}},"branchMap":{"0":{"loc":{"start":{"line":64,"column":4},"end":{"line":69,"column":36}},"type":"binary-expr","locations":[{"start":{"line":64,"column":4},"end":{"line":64,"column":10}},{"start":{"line":65,"column":4},"end":{"line":65,"column":19}},{"start":{"line":66,"column":4},"end":{"line":66,"column":20}},{"start":{"line":67,"column":4},"end":{"line":67,"column":21}},{"start":{"line":68,"column":4},"end":{"line":68,"column":41}},{"start":{"line":69,"column":4},"end":{"line":69,"column":36}}]},"1":{"loc":{"start":{"line":83,"column":20},"end":{"line":83,"column":74}},"type":"cond-expr","locations":[{"start":{"line":83,"column":34},"end":{"line":83,"column":43}},{"start":{"line":83,"column":46},"end":{"line":83,"column":74}}]},"2":{"loc":{"start":{"line":83,"column":46},"end":{"line":83,"column":74}},"type":"cond-expr","locations":[{"start":{"line":83,"column":60},"end":{"line":83,"column":65}},{"start":{"line":83,"column":68},"end":{"line":83,"column":74}}]},"3":{"loc":{"start":{"line":110,"column":8},"end":{"line":121,"column":18}},"type":"binary-expr","locations":[{"start":{"line":110,"column":8},"end":{"line":121,"column":10}},{"start":{"line":121,"column":14},"end":{"line":121,"column":18}}]},"4":{"loc":{"start":{"line":111,"column":10},"end":{"line":113,"column":11}},"type":"if","locations":[{"start":{"line":111,"column":10},"end":{"line":113,"column":11}},{"start":{},"end":{}}]},"5":{"loc":{"start":{"line":111,"column":14},"end":{"line":111,"column":68}},"type":"binary-expr","locations":[{"start":{"line":111,"column":14},"end":{"line":111,"column":29}},{"start":{"line":111,"column":33},"end":{"line":111,"column":68}}]},"6":{"loc":{"start":{"line":114,"column":10},"end":{"line":116,"column":11}},"type":"if","locations":[{"start":{"line":114,"column":10},"end":{"line":116,"column":11}},{"start":{},"end":{}}]},"7":{"loc":{"start":{"line":114,"column":14},"end":{"line":114,"column":71}},"type":"binary-expr","locations":[{"start":{"line":114,"column":14},"end":{"line":114,"column":30}},{"start":{"line":114,"column":34},"end":{"line":114,"column":71}}]},"8":{"loc":{"start":{"line":117,"column":10},"end":{"line":119,"column":11}},"type":"if","locations":[{"start":{"line":117,"column":10},"end":{"line":119,"column":11}},{"start":{},"end":{}}]},"9":{"loc":{"start":{"line":117,"column":14},"end":{"line":117,"column":68}},"type":"binary-expr","locations":[{"start":{"line":117,"column":14},"end":{"line":117,"column":29}},{"start":{"line":117,"column":33},"end":{"line":117,"column":68}}]},"10":{"loc":{"start":{"line":127,"column":6},"end":{"line":129,"column":7}},"type":"if","locations":[{"start":{"line":127,"column":6},"end":{"line":129,"column":7}},{"start":{},"end":{}}]},"11":{"loc":{"start":{"line":127,"column":10},"end":{"line":127,"column":27}},"type":"cond-expr","locations":[{"start":{"line":127,"column":15},"end":{"line":127,"column":17}},{"start":{"line":127,"column":10},"end":{"line":127,"column":27}}]},"12":{"loc":{"start":{"line":127,"column":10},"end":{"line":127,"column":17}},"type":"binary-expr","locations":[{"start":{"line":127,"column":10},"end":{"line":127,"column":17}},{"start":{"line":127,"column":10},"end":{"line":127,"column":17}}]},"13":{"loc":{"start":{"line":135,"column":6},"end":{"line":139,"column":7}},"type":"if","locations":[{"start":{"line":135,"column":6},"end":{"line":139,"column":7}},{"start":{},"end":{}}]},"14":{"loc":{"start":{"line":146,"column":8},"end":{"line":148,"column":9}},"type":"if","locations":[{"start":{"line":146,"column":8},"end":{"line":148,"column":9}},{"start":{},"end":{}}]},"15":{"loc":{"start":{"line":146,"column":12},"end":{"line":146,"column":66}},"type":"binary-expr","locations":[{"start":{"line":146,"column":12},"end":{"line":146,"column":27}},{"start":{"line":146,"column":31},"end":{"line":146,"column":66}}]},"16":{"loc":{"start":{"line":149,"column":8},"end":{"line":151,"column":9}},"type":"if","locations":[{"start":{"line":149,"column":8},"end":{"line":151,"column":9}},{"start":{},"end":{}}]},"17":{"loc":{"start":{"line":149,"column":12},"end":{"line":149,"column":69}},"type":"binary-expr","locations":[{"start":{"line":149,"column":12},"end":{"line":149,"column":28}},{"start":{"line":149,"column":32},"end":{"line":149,"column":69}}]},"18":{"loc":{"start":{"line":160,"column":8},"end":{"line":162,"column":9}},"type":"if","locations":[{"start":{"line":160,"column":8},"end":{"line":162,"column":9}},{"start":{},"end":{}}]},"19":{"loc":{"start":{"line":160,"column":12},"end":{"line":160,"column":66}},"type":"binary-expr","locations":[{"start":{"line":160,"column":12},"end":{"line":160,"column":27}},{"start":{"line":160,"column":31},"end":{"line":160,"column":66}}]},"20":{"loc":{"start":{"line":163,"column":8},"end":{"line":165,"column":9}},"type":"if","locations":[{"start":{"line":163,"column":8},"end":{"line":165,"column":9}},{"start":{},"end":{}}]},"21":{"loc":{"start":{"line":163,"column":12},"end":{"line":163,"column":69}},"type":"binary-expr","locations":[{"start":{"line":163,"column":12},"end":{"line":163,"column":28}},{"start":{"line":163,"column":32},"end":{"line":163,"column":69}}]},"22":{"loc":{"start":{"line":174,"column":6},"end":{"line":177,"column":7}},"type":"if","locations":[{"start":{"line":174,"column":6},"end":{"line":177,"column":7}},{"start":{},"end":{}}]},"23":{"loc":{"start":{"line":174,"column":10},"end":{"line":174,"column":27}},"type":"cond-expr","locations":[{"start":{"line":174,"column":15},"end":{"line":174,"column":17}},{"start":{"line":174,"column":10},"end":{"line":174,"column":27}}]},"24":{"loc":{"start":{"line":174,"column":10},"end":{"line":174,"column":17}},"type":"binary-expr","locations":[{"start":{"line":174,"column":10},"end":{"line":174,"column":17}},{"start":{"line":174,"column":10},"end":{"line":174,"column":17}}]},"25":{"loc":{"start":{"line":183,"column":6},"end":{"line":186,"column":7}},"type":"if","locations":[{"start":{"line":183,"column":6},"end":{"line":186,"column":7}},{"start":{},"end":{}}]},"26":{"loc":{"start":{"line":183,"column":10},"end":{"line":183,"column":26}},"type":"cond-expr","locations":[{"start":{"line":183,"column":14},"end":{"line":183,"column":16}},{"start":{"line":183,"column":10},"end":{"line":183,"column":26}}]},"27":{"loc":{"start":{"line":183,"column":10},"end":{"line":183,"column":16}},"type":"binary-expr","locations":[{"start":{"line":183,"column":10},"end":{"line":183,"column":16}},{"start":{"line":183,"column":10},"end":{"line":183,"column":16}}]},"28":{"loc":{"start":{"line":185,"column":44},"end":{"line":185,"column":63}},"type":"binary-expr","locations":[{"start":{"line":185,"column":44},"end":{"line":185,"column":58}},{"start":{"line":185,"column":62},"end":{"line":185,"column":63}}]}},"s":{"0":5,"1":5,"2":5,"3":5,"4":5,"5":5,"6":5,"7":5,"8":5,"9":30,"10":30,"11":0,"12":0,"13":0,"14":0,"15":0,"16":0,"17":0,"18":0,"19":0,"20":0,"21":0,"22":31,"23":31,"24":11,"25":11,"26":11,"27":18,"28":18,"29":0,"30":0,"31":0,"32":0,"33":0,"34":0,"35":0,"36":0,"37":0,"38":0,"39":0,"40":0,"41":5,"42":5,"43":0,"44":0,"45":0,"46":5,"47":1,"48":1,"49":0,"50":0,"51":0,"52":0,"53":0,"54":1,"55":1,"56":1,"57":0,"58":0,"59":0,"60":0,"61":0,"62":0,"63":1,"64":1,"65":1,"66":0,"67":0,"68":1,"69":0,"70":0,"71":0,"72":0,"73":0,"74":0,"75":0},"f":{"0":30,"1":0,"2":0,"3":0,"4":0,"5":0,"6":0,"7":0,"8":31,"9":11,"10":18,"11":0,"12":0,"13":0,"14":5,"15":1,"16":0,"17":1,"18":1,"19":0,"20":0,"21":0,"22":0},"b":{"0":[0,0,0,0,0,0],"1":[0,0],"2":[0,0],"3":[18,18],"4":[0,0],"5":[0,0],"6":[0,0],"7":[0,0],"8":[0,0],"9":[0,0],"10":[0,0],"11":[0,0],"12":[0,0],"13":[0,5],"14":[0,0],"15":[0,0],"16":[0,0],"17":[0,0],"18":[0,0],"19":[0,0],"20":[0,0],"21":[0,0],"22":[0,1],"23":[0,1],"24":[1,1],"25":[0,0],"26":[0,0],"27":[0,0],"28":[0,0]}}
,"D:\\legal_debate_mvp\\src\\lib\\agent\\memory-agent\\compressor.ts": {"path":"D:\\legal_debate_mvp\\src\\lib\\agent\\memory-agent\\compressor.ts","statementMap":{"0":{"start":{"line":13,"column":33},"end":{"line":16,"column":2}},"1":{"start":{"line":21,"column":36},"end":{"line":21,"column":39}},"2":{"start":{"line":27,"column":22},"end":{"line":27,"column":42}},"3":{"start":{"line":33,"column":4},"end":{"line":60,"column":5}},"4":{"start":{"line":35,"column":20},"end":{"line":35,"column":68}},"5":{"start":{"line":37,"column":6},"end":{"line":54,"column":7}},"6":{"start":{"line":39,"column":24},"end":{"line":39,"column":72}},"7":{"start":{"line":40,"column":24},"end":{"line":40,"column":69}},"8":{"start":{"line":42,"column":8},"end":{"line":50,"column":10}},"9":{"start":{"line":53,"column":8},"end":{"line":53,"column":67}},"10":{"start":{"line":56,"column":6},"end":{"line":59,"column":8}},"11":{"start":{"line":68,"column":4},"end":{"line":70,"column":5}},"12":{"start":{"line":69,"column":6},"end":{"line":69,"column":53}},"13":{"start":{"line":71,"column":4},"end":{"line":73,"column":5}},"14":{"start":{"line":72,"column":6},"end":{"line":72,"column":50}},"15":{"start":{"line":74,"column":4},"end":{"line":74,"column":15}},"16":{"start":{"line":81,"column":19},"end":{"line":81,"column":48}},"17":{"start":{"line":83,"column":43},"end":{"line":98,"column":6}},"18":{"start":{"line":101,"column":6},"end":{"line":101,"column":56}},"19":{"start":{"line":103,"column":4},"end":{"line":103,"column":63}},"20":{"start":{"line":110,"column":17},"end":{"line":110,"column":46}},"21":{"start":{"line":112,"column":4},"end":{"line":120,"column":13}},"22":{"start":{"line":127,"column":19},"end":{"line":127,"column":48}},"23":{"start":{"line":129,"column":43},"end":{"line":144,"column":6}},"24":{"start":{"line":147,"column":6},"end":{"line":147,"column":56}},"25":{"start":{"line":150,"column":20},"end":{"line":150,"column":63}},"26":{"start":{"line":151,"column":22},"end":{"line":151,"column":50}},"27":{"start":{"line":152,"column":4},"end":{"line":160,"column":5}},"28":{"start":{"line":153,"column":6},"end":{"line":159,"column":7}},"29":{"start":{"line":154,"column":23},"end":{"line":154,"column":47}},"30":{"start":{"line":155,"column":8},"end":{"line":155,"column":57}},"31":{"start":{"line":158,"column":8},"end":{"line":158,"column":48}},"32":{"start":{"line":162,"column":4},"end":{"line":162,"column":44}},"33":{"start":{"line":169,"column":17},"end":{"line":169,"column":46}},"34":{"start":{"line":171,"column":4},"end":{"line":179,"column":26}},"35":{"start":{"line":186,"column":31},"end":{"line":186,"column":33}},"36":{"start":{"line":188,"column":25},"end":{"line":202,"column":5}},"37":{"start":{"line":193,"column":6},"end":{"line":201,"column":7}},"38":{"start":{"line":194,"column":8},"end":{"line":200,"column":9}},"39":{"start":{"line":195,"column":10},"end":{"line":199,"column":13}},"40":{"start":{"line":205,"column":4},"end":{"line":216,"column":5}},"41":{"start":{"line":206,"column":22},"end":{"line":206,"column":53}},"42":{"start":{"line":209,"column":6},"end":{"line":209,"column":71}},"43":{"start":{"line":212,"column":6},"end":{"line":212,"column":67}},"44":{"start":{"line":215,"column":6},"end":{"line":215,"column":69}},"45":{"start":{"line":219,"column":4},"end":{"line":219,"column":75}},"46":{"start":{"line":219,"column":34},"end":{"line":219,"column":61}},"47":{"start":{"line":229,"column":25},"end":{"line":229,"column":56}},"48":{"start":{"line":231,"column":6},"end":{"line":231,"column":75}},"49":{"start":{"line":233,"column":4},"end":{"line":233,"column":64}},"50":{"start":{"line":242,"column":20},"end":{"line":242,"column":50}},"51":{"start":{"line":243,"column":20},"end":{"line":243,"column":52}},"52":{"start":{"line":245,"column":4},"end":{"line":250,"column":6}},"53":{"start":{"line":257,"column":4},"end":{"line":260,"column":5}},"54":{"start":{"line":259,"column":6},"end":{"line":259,"column":67}},"55":{"start":{"line":262,"column":4},"end":{"line":270,"column":5}},"56":{"start":{"line":264,"column":19},"end":{"line":264,"column":75}},"57":{"start":{"line":265,"column":20},"end":{"line":267,"column":null}},"58":{"start":{"line":267,"column":10},"end":{"line":267,"column":76}},"59":{"start":{"line":269,"column":6},"end":{"line":269,"column":30}},"60":{"start":{"line":272,"column":4},"end":{"line":272,"column":38}},"61":{"start":{"line":26,"column":0},"end":{"line":26,"column":13}}},"fnMap":{"0":{"name":"(anonymous_0)","decl":{"start":{"line":27,"column":2},"end":{"line":27,"column":22}},"loc":{"start":{"line":27,"column":42},"end":{"line":27,"column":46}}},"1":{"name":"(anonymous_1)","decl":{"start":{"line":32,"column":2},"end":{"line":32,"column":7}},"loc":{"start":{"line":32,"column":37},"end":{"line":61,"column":3}}},"2":{"name":"(anonymous_2)","decl":{"start":{"line":66,"column":10},"end":{"line":66,"column":30}},"loc":{"start":{"line":66,"column":45},"end":{"line":75,"column":3}}},"3":{"name":"(anonymous_3)","decl":{"start":{"line":80,"column":10},"end":{"line":80,"column":15}},"loc":{"start":{"line":80,"column":47},"end":{"line":104,"column":3}}},"4":{"name":"(anonymous_4)","decl":{"start":{"line":109,"column":10},"end":{"line":109,"column":28}},"loc":{"start":{"line":109,"column":42},"end":{"line":121,"column":3}}},"5":{"name":"(anonymous_5)","decl":{"start":{"line":126,"column":10},"end":{"line":126,"column":15}},"loc":{"start":{"line":126,"column":44},"end":{"line":163,"column":3}}},"6":{"name":"(anonymous_6)","decl":{"start":{"line":168,"column":10},"end":{"line":168,"column":28}},"loc":{"start":{"line":168,"column":42},"end":{"line":180,"column":3}}},"7":{"name":"(anonymous_7)","decl":{"start":{"line":185,"column":10},"end":{"line":185,"column":31}},"loc":{"start":{"line":185,"column":45},"end":{"line":220,"column":3}}},"8":{"name":"(anonymous_8)","decl":{"start":{"line":188,"column":25},"end":{"line":188,"column":null}},"loc":{"start":{"line":192,"column":8},"end":{"line":202,"column":5}}},"9":{"name":"(anonymous_9)","decl":{"start":{"line":219,"column":24},"end":{"line":219,"column":25}},"loc":{"start":{"line":219,"column":34},"end":{"line":219,"column":61}}},"10":{"name":"(anonymous_10)","decl":{"start":{"line":225,"column":10},"end":{"line":225,"column":35}},"loc":{"start":{"line":227,"column":55},"end":{"line":234,"column":3}}},"11":{"name":"(anonymous_11)","decl":{"start":{"line":239,"column":10},"end":{"line":239,"column":15}},"loc":{"start":{"line":240,"column":17},"end":{"line":251,"column":3}}},"12":{"name":"(anonymous_12)","decl":{"start":{"line":256,"column":10},"end":{"line":256,"column":29}},"loc":{"start":{"line":256,"column":43},"end":{"line":273,"column":3}}},"13":{"name":"(anonymous_13)","decl":{"start":{"line":266,"column":8},"end":{"line":266,"column":11}},"loc":{"start":{"line":267,"column":10},"end":{"line":267,"column":76}}}},"branchMap":{"0":{"loc":{"start":{"line":37,"column":6},"end":{"line":54,"column":7}},"type":"if","locations":[{"start":{"line":37,"column":6},"end":{"line":54,"column":7}},{"start":{"line":51,"column":13},"end":{"line":54,"column":7}}]},"1":{"loc":{"start":{"line":58,"column":15},"end":{"line":58,"column":69}},"type":"cond-expr","locations":[{"start":{"line":58,"column":40},"end":{"line":58,"column":53}},{"start":{"line":58,"column":56},"end":{"line":58,"column":69}}]},"2":{"loc":{"start":{"line":68,"column":4},"end":{"line":70,"column":5}},"type":"if","locations":[{"start":{"line":68,"column":4},"end":{"line":70,"column":5}},{"start":{},"end":{}}]},"3":{"loc":{"start":{"line":71,"column":4},"end":{"line":73,"column":5}},"type":"if","locations":[{"start":{"line":71,"column":4},"end":{"line":73,"column":5}},{"start":{},"end":{}}]},"4":{"loc":{"start":{"line":103,"column":11},"end":{"line":103,"column":62}},"type":"binary-expr","locations":[{"start":{"line":103,"column":11},"end":{"line":103,"column":56}},{"start":{"line":103,"column":60},"end":{"line":103,"column":62}}]},"5":{"loc":{"start":{"line":103,"column":11},"end":{"line":103,"column":56}},"type":"cond-expr","locations":[{"start":{"line":103,"column":48},"end":{"line":103,"column":50}},{"start":{"line":103,"column":48},"end":{"line":103,"column":56}}]},"6":{"loc":{"start":{"line":103,"column":11},"end":{"line":103,"column":50}},"type":"binary-expr","locations":[{"start":{"line":103,"column":11},"end":{"line":103,"column":50}},{"start":{"line":103,"column":48},"end":{"line":103,"column":50}}]},"7":{"loc":{"start":{"line":103,"column":11},"end":{"line":103,"column":48}},"type":"cond-expr","locations":[{"start":{"line":103,"column":39},"end":{"line":103,"column":41}},{"start":{"line":103,"column":39},"end":{"line":103,"column":48}}]},"8":{"loc":{"start":{"line":103,"column":11},"end":{"line":103,"column":41}},"type":"binary-expr","locations":[{"start":{"line":103,"column":11},"end":{"line":103,"column":41}},{"start":{"line":103,"column":39},"end":{"line":103,"column":41}}]},"9":{"loc":{"start":{"line":103,"column":11},"end":{"line":103,"column":39}},"type":"cond-expr","locations":[{"start":{"line":103,"column":30},"end":{"line":103,"column":32}},{"start":{"line":103,"column":30},"end":{"line":103,"column":39}}]},"10":{"loc":{"start":{"line":103,"column":11},"end":{"line":103,"column":32}},"type":"binary-expr","locations":[{"start":{"line":103,"column":11},"end":{"line":103,"column":32}},{"start":{"line":103,"column":30},"end":{"line":103,"column":32}}]},"11":{"loc":{"start":{"line":150,"column":20},"end":{"line":150,"column":63}},"type":"binary-expr","locations":[{"start":{"line":150,"column":20},"end":{"line":150,"column":57}},{"start":{"line":150,"column":61},"end":{"line":150,"column":63}}]},"12":{"loc":{"start":{"line":150,"column":20},"end":{"line":150,"column":57}},"type":"cond-expr","locations":[{"start":{"line":150,"column":48},"end":{"line":150,"column":50}},{"start":{"line":150,"column":48},"end":{"line":150,"column":57}}]},"13":{"loc":{"start":{"line":150,"column":20},"end":{"line":150,"column":50}},"type":"binary-expr","locations":[{"start":{"line":150,"column":20},"end":{"line":150,"column":50}},{"start":{"line":150,"column":48},"end":{"line":150,"column":50}}]},"14":{"loc":{"start":{"line":150,"column":20},"end":{"line":150,"column":48}},"type":"cond-expr","locations":[{"start":{"line":150,"column":39},"end":{"line":150,"column":41}},{"start":{"line":150,"column":39},"end":{"line":150,"column":48}}]},"15":{"loc":{"start":{"line":150,"column":20},"end":{"line":150,"column":41}},"type":"binary-expr","locations":[{"start":{"line":150,"column":20},"end":{"line":150,"column":41}},{"start":{"line":150,"column":39},"end":{"line":150,"column":41}}]},"16":{"loc":{"start":{"line":152,"column":4},"end":{"line":160,"column":5}},"type":"if","locations":[{"start":{"line":152,"column":4},"end":{"line":160,"column":5}},{"start":{},"end":{}}]},"17":{"loc":{"start":{"line":155,"column":15},"end":{"line":155,"column":56}},"type":"cond-expr","locations":[{"start":{"line":155,"column":39},"end":{"line":155,"column":45}},{"start":{"line":155,"column":48},"end":{"line":155,"column":56}}]},"18":{"loc":{"start":{"line":194,"column":8},"end":{"line":200,"column":9}},"type":"if","locations":[{"start":{"line":194,"column":8},"end":{"line":200,"column":9}},{"start":{},"end":{}}]},"19":{"loc":{"start":{"line":194,"column":12},"end":{"line":194,"column":55}},"type":"binary-expr","locations":[{"start":{"line":194,"column":12},"end":{"line":194,"column":34}},{"start":{"line":194,"column":38},"end":{"line":194,"column":55}}]},"20":{"loc":{"start":{"line":205,"column":4},"end":{"line":216,"column":5}},"type":"if","locations":[{"start":{"line":205,"column":4},"end":{"line":216,"column":5}},{"start":{},"end":{}}]},"21":{"loc":{"start":{"line":205,"column":8},"end":{"line":205,"column":49}},"type":"binary-expr","locations":[{"start":{"line":205,"column":8},"end":{"line":205,"column":32}},{"start":{"line":205,"column":36},"end":{"line":205,"column":49}}]},"22":{"loc":{"start":{"line":233,"column":11},"end":{"line":233,"column":63}},"type":"cond-expr","locations":[{"start":{"line":233,"column":30},"end":{"line":233,"column":59}},{"start":{"line":233,"column":62},"end":{"line":233,"column":63}}]},"23":{"loc":{"start":{"line":257,"column":4},"end":{"line":260,"column":5}},"type":"if","locations":[{"start":{"line":257,"column":4},"end":{"line":260,"column":5}},{"start":{},"end":{}}]},"24":{"loc":{"start":{"line":259,"column":13},"end":{"line":259,"column":66}},"type":"cond-expr","locations":[{"start":{"line":259,"column":33},"end":{"line":259,"column":59}},{"start":{"line":259,"column":62},"end":{"line":259,"column":66}}]},"25":{"loc":{"start":{"line":262,"column":4},"end":{"line":270,"column":5}},"type":"if","locations":[{"start":{"line":262,"column":4},"end":{"line":270,"column":5}},{"start":{},"end":{}}]},"26":{"loc":{"start":{"line":262,"column":8},"end":{"line":262,"column":49}},"type":"binary-expr","locations":[{"start":{"line":262,"column":8},"end":{"line":262,"column":32}},{"start":{"line":262,"column":36},"end":{"line":262,"column":49}}]}},"s":{"0":3,"1":3,"2":50,"3":11,"4":11,"5":11,"6":3,"7":2,"8":2,"9":8,"10":1,"11":0,"12":0,"13":0,"14":0,"15":0,"16":3,"17":3,"18":3,"19":2,"20":3,"21":3,"22":2,"23":2,"24":2,"25":2,"26":2,"27":2,"28":0,"29":0,"30":0,"31":0,"32":2,"33":2,"34":2,"35":10,"36":10,"37":27,"38":90,"39":0,"40":10,"41":9,"42":9,"43":9,"44":9,"45":10,"46":0,"47":10,"48":10,"49":10,"50":8,"51":8,"52":8,"53":8,"54":0,"55":8,"56":7,"57":7,"58":10,"59":7,"60":1,"61":3},"f":{"0":50,"1":11,"2":0,"3":3,"4":3,"5":2,"6":2,"7":10,"8":27,"9":0,"10":10,"11":8,"12":8,"13":10},"b":{"0":[3,8],"1":[1,0],"2":[0,0],"3":[0,0],"4":[2,0],"5":[0,2],"6":[2,2],"7":[0,2],"8":[2,2],"9":[0,2],"10":[2,2],"11":[2,0],"12":[0,2],"13":[2,2],"14":[0,2],"15":[2,2],"16":[0,2],"17":[0,0],"18":[0,90],"19":[90,0],"20":[9,1],"21":[10,10],"22":[10,0],"23":[0,8],"24":[0,0],"25":[7,1],"26":[8,8]}}
,"D:\\legal_debate_mvp\\src\\lib\\agent\\memory-agent\\error-learner.ts": {"path":"D:\\legal_debate_mvp\\src\\lib\\agent\\memory-agent\\error-learner.ts","statementMap":{"0":{"start":{"line":6,"column":0},"end":{"line":6,"column":36}},"1":{"start":{"line":11,"column":0},"end":{"line":11,"column":64}},"2":{"start":{"line":12,"column":0},"end":{"line":12,"column":55}},"3":{"start":{"line":13,"column":0},"end":{"line":13,"column":70}},"4":{"start":{"line":25,"column":12},"end":{"line":25,"column":32}},"5":{"start":{"line":26,"column":12},"end":{"line":26,"column":32}},"6":{"start":{"line":27,"column":12},"end":{"line":27,"column":40}},"7":{"start":{"line":29,"column":4},"end":{"line":29,"column":64}},"8":{"start":{"line":30,"column":4},"end":{"line":30,"column":46}},"9":{"start":{"line":31,"column":4},"end":{"line":31,"column":72}},"10":{"start":{"line":38,"column":19},"end":{"line":40,"column":6}},"11":{"start":{"line":49,"column":4},"end":{"line":51,"column":5}},"12":{"start":{"line":50,"column":6},"end":{"line":50,"column":53}},"13":{"start":{"line":54,"column":20},"end":{"line":54,"column":61}},"14":{"start":{"line":57,"column":26},"end":{"line":59,"column":null}},"15":{"start":{"line":64,"column":6},"end":{"line":64,"column":67}},"16":{"start":{"line":68,"column":6},"end":{"line":74,"column":null}},"17":{"start":{"line":78,"column":4},"end":{"line":85,"column":7}},"18":{"start":{"line":87,"column":4},"end":{"line":95,"column":6}},"19":{"start":{"line":102,"column":28},"end":{"line":110,"column":6}},"20":{"start":{"line":112,"column":38},"end":{"line":112,"column":40}},"21":{"start":{"line":114,"column":4},"end":{"line":121,"column":5}},"22":{"start":{"line":115,"column":6},"end":{"line":120,"column":7}},"23":{"start":{"line":116,"column":23},"end":{"line":116,"column":58}},"24":{"start":{"line":117,"column":8},"end":{"line":117,"column":29}},"25":{"start":{"line":119,"column":8},"end":{"line":119,"column":72}},"26":{"start":{"line":123,"column":4},"end":{"line":123,"column":19}},"27":{"start":{"line":130,"column":19},"end":{"line":132,"column":6}},"28":{"start":{"line":139,"column":4},"end":{"line":141,"column":5}},"29":{"start":{"line":140,"column":6},"end":{"line":140,"column":53}},"30":{"start":{"line":143,"column":20},"end":{"line":149,"column":6}},"31":{"start":{"line":152,"column":29},"end":{"line":158,"column":null}},"32":{"start":{"line":161,"column":4},"end":{"line":167,"column":6}},"33":{"start":{"line":19,"column":0},"end":{"line":19,"column":13}}},"fnMap":{"0":{"name":"(anonymous_0)","decl":{"start":{"line":24,"column":2},"end":{"line":24,"column":null}},"loc":{"start":{"line":27,"column":40},"end":{"line":32,"column":3}}},"1":{"name":"(anonymous_1)","decl":{"start":{"line":37,"column":2},"end":{"line":37,"column":7}},"loc":{"start":{"line":37,"column":38},"end":{"line":96,"column":3}}},"2":{"name":"(anonymous_2)","decl":{"start":{"line":101,"column":2},"end":{"line":101,"column":7}},"loc":{"start":{"line":101,"column":37},"end":{"line":124,"column":3}}},"3":{"name":"(anonymous_3)","decl":{"start":{"line":129,"column":2},"end":{"line":129,"column":7}},"loc":{"start":{"line":129,"column":36},"end":{"line":168,"column":3}}}},"branchMap":{"0":{"loc":{"start":{"line":49,"column":4},"end":{"line":51,"column":5}},"type":"if","locations":[{"start":{"line":49,"column":4},"end":{"line":51,"column":5}},{"start":{},"end":{}}]},"1":{"loc":{"start":{"line":101,"column":19},"end":{"line":101,"column":37}},"type":"default-arg","locations":[{"start":{"line":101,"column":35},"end":{"line":101,"column":37}}]},"2":{"loc":{"start":{"line":139,"column":4},"end":{"line":141,"column":5}},"type":"if","locations":[{"start":{"line":139,"column":4},"end":{"line":141,"column":5}},{"start":{},"end":{}}]}},"s":{"0":2,"1":2,"2":2,"3":2,"4":28,"5":28,"6":28,"7":28,"8":28,"9":28,"10":12,"11":12,"12":4,"13":8,"14":8,"15":8,"16":8,"17":8,"18":8,"19":4,"20":4,"21":4,"22":3,"23":3,"24":0,"25":3,"26":4,"27":0,"28":0,"29":0,"30":0,"31":0,"32":0,"33":2},"f":{"0":28,"1":12,"2":4,"3":0},"b":{"0":[4,8],"1":[0],"2":[0,0]}}
,"D:\\legal_debate_mvp\\src\\lib\\agent\\memory-agent\\memory-agent.ts": {"path":"D:\\legal_debate_mvp\\src\\lib\\agent\\memory-agent\\memory-agent.ts","statementMap":{"0":{"start":{"line":68,"column":0},"end":{"line":68,"column":49}},"1":{"start":{"line":69,"column":0},"end":{"line":69,"column":48}},"2":{"start":{"line":70,"column":0},"end":{"line":70,"column":44}},"3":{"start":{"line":71,"column":0},"end":{"line":71,"column":47}},"4":{"start":{"line":93,"column":12},"end":{"line":93,"column":32}},"5":{"start":{"line":94,"column":12},"end":{"line":94,"column":32}},"6":{"start":{"line":90,"column":10},"end":{"line":90,"column":39}},"7":{"start":{"line":96,"column":4},"end":{"line":96,"column":51}},"8":{"start":{"line":97,"column":4},"end":{"line":97,"column":54}},"9":{"start":{"line":98,"column":4},"end":{"line":98,"column":76}},"10":{"start":{"line":99,"column":4},"end":{"line":99,"column":80}},"11":{"start":{"line":106,"column":4},"end":{"line":108,"column":5}},"12":{"start":{"line":107,"column":6},"end":{"line":107,"column":13}},"13":{"start":{"line":110,"column":4},"end":{"line":110,"column":47}},"14":{"start":{"line":113,"column":4},"end":{"line":113,"column":26}},"15":{"start":{"line":115,"column":4},"end":{"line":115,"column":28}},"16":{"start":{"line":116,"column":4},"end":{"line":116,"column":56}},"17":{"start":{"line":123,"column":4},"end":{"line":125,"column":5}},"18":{"start":{"line":124,"column":6},"end":{"line":124,"column":13}},"19":{"start":{"line":127,"column":4},"end":{"line":127,"column":48}},"20":{"start":{"line":130,"column":4},"end":{"line":130,"column":25}},"21":{"start":{"line":132,"column":4},"end":{"line":132,"column":29}},"22":{"start":{"line":133,"column":4},"end":{"line":133,"column":54}},"23":{"start":{"line":145,"column":19},"end":{"line":149,"column":null}},"24":{"start":{"line":152,"column":4},"end":{"line":152,"column":27}},"25":{"start":{"line":159,"column":19},"end":{"line":159,"column":60}},"26":{"start":{"line":161,"column":4},"end":{"line":163,"column":5}},"27":{"start":{"line":162,"column":6},"end":{"line":162,"column":18}},"28":{"start":{"line":165,"column":4},"end":{"line":165,"column":30}},"29":{"start":{"line":176,"column":24},"end":{"line":176,"column":77}},"30":{"start":{"line":177,"column":19},"end":{"line":177,"column":65}},"31":{"start":{"line":177,"column":41},"end":{"line":177,"column":64}},"32":{"start":{"line":179,"column":4},"end":{"line":192,"column":5}},"33":{"start":{"line":181,"column":26},"end":{"line":181,"column":75}},"34":{"start":{"line":182,"column":24},"end":{"line":182,"column":70}},"35":{"start":{"line":182,"column":46},"end":{"line":182,"column":69}},"36":{"start":{"line":184,"column":6},"end":{"line":189,"column":7}},"37":{"start":{"line":185,"column":8},"end":{"line":188,"column":10}},"38":{"start":{"line":191,"column":6},"end":{"line":191,"column":61}},"39":{"start":{"line":194,"column":4},"end":{"line":194,"column":56}},"40":{"start":{"line":201,"column":4},"end":{"line":201,"column":65}},"41":{"start":{"line":208,"column":4},"end":{"line":208,"column":47}},"42":{"start":{"line":215,"column":4},"end":{"line":215,"column":51}},"43":{"start":{"line":224,"column":4},"end":{"line":228,"column":5}},"44":{"start":{"line":225,"column":6},"end":{"line":225,"column":55}},"45":{"start":{"line":227,"column":6},"end":{"line":227,"column":53}},"46":{"start":{"line":241,"column":4},"end":{"line":241,"column":51}},"47":{"start":{"line":248,"column":4},"end":{"line":248,"column":53}},"48":{"start":{"line":255,"column":4},"end":{"line":257,"column":5}},"49":{"start":{"line":256,"column":6},"end":{"line":256,"column":19}},"50":{"start":{"line":259,"column":4},"end":{"line":264,"column":5}},"51":{"start":{"line":260,"column":20},"end":{"line":260,"column":41}},"52":{"start":{"line":261,"column":6},"end":{"line":261,"column":41}},"53":{"start":{"line":263,"column":6},"end":{"line":263,"column":19}},"54":{"start":{"line":85,"column":0},"end":{"line":85,"column":13}}},"fnMap":{"0":{"name":"(anonymous_0)","decl":{"start":{"line":92,"column":2},"end":{"line":92,"column":null}},"loc":{"start":{"line":94,"column":32},"end":{"line":100,"column":3}}},"1":{"name":"(anonymous_1)","decl":{"start":{"line":105,"column":2},"end":{"line":105,"column":7}},"loc":{"start":{"line":105,"column":18},"end":{"line":117,"column":3}}},"2":{"name":"(anonymous_2)","decl":{"start":{"line":122,"column":2},"end":{"line":122,"column":7}},"loc":{"start":{"line":122,"column":16},"end":{"line":134,"column":3}}},"3":{"name":"(anonymous_3)","decl":{"start":{"line":139,"column":2},"end":{"line":139,"column":7}},"loc":{"start":{"line":143,"column":21},"end":{"line":153,"column":3}}},"4":{"name":"(anonymous_4)","decl":{"start":{"line":158,"column":2},"end":{"line":158,"column":7}},"loc":{"start":{"line":158,"column":39},"end":{"line":166,"column":3}}},"5":{"name":"(anonymous_5)","decl":{"start":{"line":171,"column":2},"end":{"line":171,"column":7}},"loc":{"start":{"line":171,"column":39},"end":{"line":195,"column":3}}},"6":{"name":"(anonymous_6)","decl":{"start":{"line":177,"column":36},"end":{"line":177,"column":37}},"loc":{"start":{"line":177,"column":41},"end":{"line":177,"column":64}}},"7":{"name":"(anonymous_7)","decl":{"start":{"line":182,"column":41},"end":{"line":182,"column":42}},"loc":{"start":{"line":182,"column":46},"end":{"line":182,"column":69}}},"8":{"name":"(anonymous_8)","decl":{"start":{"line":200,"column":2},"end":{"line":200,"column":7}},"loc":{"start":{"line":200,"column":49},"end":{"line":202,"column":3}}},"9":{"name":"(anonymous_9)","decl":{"start":{"line":207,"column":2},"end":{"line":207,"column":7}},"loc":{"start":{"line":207,"column":16},"end":{"line":209,"column":3}}},"10":{"name":"(anonymous_10)","decl":{"start":{"line":214,"column":2},"end":{"line":214,"column":7}},"loc":{"start":{"line":214,"column":20},"end":{"line":216,"column":3}}},"11":{"name":"(anonymous_11)","decl":{"start":{"line":221,"column":2},"end":{"line":221,"column":7}},"loc":{"start":{"line":222,"column":38},"end":{"line":229,"column":3}}},"12":{"name":"(anonymous_12)","decl":{"start":{"line":234,"column":2},"end":{"line":234,"column":7}},"loc":{"start":{"line":234,"column":25},"end":{"line":242,"column":3}}},"13":{"name":"(anonymous_13)","decl":{"start":{"line":247,"column":2},"end":{"line":247,"column":7}},"loc":{"start":{"line":247,"column":43},"end":{"line":249,"column":3}}},"14":{"name":"(anonymous_14)","decl":{"start":{"line":254,"column":2},"end":{"line":254,"column":7}},"loc":{"start":{"line":254,"column":19},"end":{"line":265,"column":3}}}},"branchMap":{"0":{"loc":{"start":{"line":106,"column":4},"end":{"line":108,"column":5}},"type":"if","locations":[{"start":{"line":106,"column":4},"end":{"line":108,"column":5}},{"start":{},"end":{}}]},"1":{"loc":{"start":{"line":123,"column":4},"end":{"line":125,"column":5}},"type":"if","locations":[{"start":{"line":123,"column":4},"end":{"line":125,"column":5}},{"start":{},"end":{}}]},"2":{"loc":{"start":{"line":161,"column":4},"end":{"line":163,"column":5}},"type":"if","locations":[{"start":{"line":161,"column":4},"end":{"line":163,"column":5}},{"start":{},"end":{}}]},"3":{"loc":{"start":{"line":179,"column":4},"end":{"line":192,"column":5}},"type":"if","locations":[{"start":{"line":179,"column":4},"end":{"line":192,"column":5}},{"start":{},"end":{}}]},"4":{"loc":{"start":{"line":184,"column":6},"end":{"line":189,"column":7}},"type":"if","locations":[{"start":{"line":184,"column":6},"end":{"line":189,"column":7}},{"start":{},"end":{}}]},"5":{"loc":{"start":{"line":224,"column":4},"end":{"line":228,"column":5}},"type":"if","locations":[{"start":{"line":224,"column":4},"end":{"line":228,"column":5}},{"start":{"line":226,"column":11},"end":{"line":228,"column":5}}]},"6":{"loc":{"start":{"line":247,"column":25},"end":{"line":247,"column":43}},"type":"default-arg","locations":[{"start":{"line":247,"column":41},"end":{"line":247,"column":43}}]},"7":{"loc":{"start":{"line":255,"column":4},"end":{"line":257,"column":5}},"type":"if","locations":[{"start":{"line":255,"column":4},"end":{"line":257,"column":5}},{"start":{},"end":{}}]}},"s":{"0":1,"1":1,"2":1,"3":1,"4":17,"5":17,"6":17,"7":17,"8":17,"9":17,"10":17,"11":5,"12":1,"13":4,"14":4,"15":4,"16":4,"17":1,"18":0,"19":1,"20":1,"21":1,"22":1,"23":1,"24":0,"25":2,"26":2,"27":1,"28":1,"29":2,"30":2,"31":1,"32":2,"33":1,"34":1,"35":0,"36":1,"37":1,"38":0,"39":1,"40":1,"41":2,"42":1,"43":2,"44":1,"45":1,"46":1,"47":1,"48":2,"49":1,"50":1,"51":1,"52":1,"53":0,"54":1},"f":{"0":17,"1":5,"2":1,"3":1,"4":2,"5":2,"6":1,"7":0,"8":1,"9":2,"10":1,"11":2,"12":1,"13":1,"14":2},"b":{"0":[1,4],"1":[0,1],"2":[1,1],"3":[1,1],"4":[1,0],"5":[1,1],"6":[0],"7":[1,1]}}
,"D:\\legal_debate_mvp\\src\\lib\\agent\\memory-agent\\memory-manager.ts": {"path":"D:\\legal_debate_mvp\\src\\lib\\agent\\memory-agent\\memory-manager.ts","statementMap":{"0":{"start":{"line":15,"column":0},"end":{"line":15,"column":73}},"1":{"start":{"line":16,"column":0},"end":{"line":16,"column":null}},"2":{"start":{"line":26,"column":22},"end":{"line":26,"column":42}},"3":{"start":{"line":43,"column":8},"end":{"line":43,"column":13}},"4":{"start":{"line":46,"column":22},"end":{"line":46,"column":54}},"5":{"start":{"line":49,"column":21},"end":{"line":54,"column":6}},"6":{"start":{"line":56,"column":4},"end":{"line":70,"column":5}},"7":{"start":{"line":58,"column":22},"end":{"line":67,"column":8}},"8":{"start":{"line":69,"column":6},"end":{"line":69,"column":37}},"9":{"start":{"line":73,"column":20},"end":{"line":85,"column":6}},"10":{"start":{"line":87,"column":4},"end":{"line":87,"column":35}},"11":{"start":{"line":101,"column":4},"end":{"line":111,"column":6}},"12":{"start":{"line":118,"column":34},"end":{"line":121,"column":6}},"13":{"start":{"line":123,"column":19},"end":{"line":123,"column":46}},"14":{"start":{"line":124,"column":4},"end":{"line":124,"column":31}},"15":{"start":{"line":131,"column":4},"end":{"line":137,"column":7}},"16":{"start":{"line":150,"column":4},"end":{"line":159,"column":6}},"17":{"start":{"line":166,"column":34},"end":{"line":169,"column":6}},"18":{"start":{"line":171,"column":19},"end":{"line":171,"column":46}},"19":{"start":{"line":172,"column":4},"end":{"line":172,"column":31}},"20":{"start":{"line":179,"column":4},"end":{"line":189,"column":7}},"21":{"start":{"line":200,"column":4},"end":{"line":208,"column":6}},"22":{"start":{"line":215,"column":34},"end":{"line":218,"column":6}},"23":{"start":{"line":220,"column":19},"end":{"line":220,"column":46}},"24":{"start":{"line":221,"column":4},"end":{"line":221,"column":31}},"25":{"start":{"line":228,"column":38},"end":{"line":228,"column":43}},"26":{"start":{"line":230,"column":19},"end":{"line":237,"column":6}},"27":{"start":{"line":239,"column":4},"end":{"line":241,"column":5}},"28":{"start":{"line":240,"column":6},"end":{"line":240,"column":18}},"29":{"start":{"line":244,"column":4},"end":{"line":244,"column":43}},"30":{"start":{"line":246,"column":4},"end":{"line":246,"column":34}},"31":{"start":{"line":253,"column":20},"end":{"line":260,"column":6}},"32":{"start":{"line":262,"column":4},"end":{"line":262,"column":57}},"33":{"start":{"line":262,"column":33},"end":{"line":262,"column":55}},"34":{"start":{"line":269,"column":19},"end":{"line":276,"column":6}},"35":{"start":{"line":278,"column":4},"end":{"line":278,"column":24}},"36":{"start":{"line":285,"column":19},"end":{"line":290,"column":6}},"37":{"start":{"line":292,"column":4},"end":{"line":294,"column":5}},"38":{"start":{"line":293,"column":6},"end":{"line":293,"column":18}},"39":{"start":{"line":296,"column":4},"end":{"line":296,"column":34}},"40":{"start":{"line":305,"column":19},"end":{"line":310,"column":6}},"41":{"start":{"line":312,"column":4},"end":{"line":314,"column":5}},"42":{"start":{"line":313,"column":6},"end":{"line":313,"column":18}},"43":{"start":{"line":316,"column":19},"end":{"line":316,"column":41}},"44":{"start":{"line":318,"column":4},"end":{"line":322,"column":null}},"45":{"start":{"line":337,"column":8},"end":{"line":354,"column":6}},"46":{"start":{"line":357,"column":25},"end":{"line":361,"column":6}},"47":{"start":{"line":363,"column":4},"end":{"line":371,"column":6}},"48":{"start":{"line":381,"column":4},"end":{"line":388,"column":7}},"49":{"start":{"line":25,"column":0},"end":{"line":25,"column":13}}},"fnMap":{"0":{"name":"(anonymous_0)","decl":{"start":{"line":26,"column":2},"end":{"line":26,"column":22}},"loc":{"start":{"line":26,"column":42},"end":{"line":26,"column":46}}},"1":{"name":"(anonymous_1)","decl":{"start":{"line":31,"column":2},"end":{"line":31,"column":7}},"loc":{"start":{"line":35,"column":21},"end":{"line":88,"column":3}}},"2":{"name":"(anonymous_2)","decl":{"start":{"line":93,"column":2},"end":{"line":93,"column":7}},"loc":{"start":{"line":99,"column":16},"end":{"line":112,"column":3}}},"3":{"name":"(anonymous_3)","decl":{"start":{"line":117,"column":2},"end":{"line":117,"column":7}},"loc":{"start":{"line":117,"column":36},"end":{"line":125,"column":3}}},"4":{"name":"(anonymous_4)","decl":{"start":{"line":130,"column":2},"end":{"line":130,"column":7}},"loc":{"start":{"line":130,"column":39},"end":{"line":138,"column":3}}},"5":{"name":"(anonymous_5)","decl":{"start":{"line":143,"column":2},"end":{"line":143,"column":7}},"loc":{"start":{"line":148,"column":19},"end":{"line":160,"column":3}}},"6":{"name":"(anonymous_6)","decl":{"start":{"line":165,"column":2},"end":{"line":165,"column":7}},"loc":{"start":{"line":165,"column":32},"end":{"line":173,"column":3}}},"7":{"name":"(anonymous_7)","decl":{"start":{"line":178,"column":2},"end":{"line":178,"column":7}},"loc":{"start":{"line":178,"column":51},"end":{"line":190,"column":3}}},"8":{"name":"(anonymous_8)","decl":{"start":{"line":195,"column":2},"end":{"line":195,"column":7}},"loc":{"start":{"line":198,"column":18},"end":{"line":209,"column":3}}},"9":{"name":"(anonymous_9)","decl":{"start":{"line":214,"column":2},"end":{"line":214,"column":7}},"loc":{"start":{"line":214,"column":33},"end":{"line":222,"column":3}}},"10":{"name":"(anonymous_10)","decl":{"start":{"line":227,"column":2},"end":{"line":227,"column":7}},"loc":{"start":{"line":227,"column":39},"end":{"line":247,"column":3}}},"11":{"name":"(anonymous_11)","decl":{"start":{"line":252,"column":2},"end":{"line":252,"column":7}},"loc":{"start":{"line":252,"column":48},"end":{"line":263,"column":3}}},"12":{"name":"(anonymous_12)","decl":{"start":{"line":262,"column":23},"end":{"line":262,"column":29}},"loc":{"start":{"line":262,"column":33},"end":{"line":262,"column":55}}},"13":{"name":"(anonymous_13)","decl":{"start":{"line":268,"column":2},"end":{"line":268,"column":7}},"loc":{"start":{"line":268,"column":20},"end":{"line":279,"column":3}}},"14":{"name":"(anonymous_14)","decl":{"start":{"line":284,"column":2},"end":{"line":284,"column":7}},"loc":{"start":{"line":284,"column":38},"end":{"line":297,"column":3}}},"15":{"name":"(anonymous_15)","decl":{"start":{"line":302,"column":2},"end":{"line":302,"column":7}},"loc":{"start":{"line":303,"column":20},"end":{"line":324,"column":3}}},"16":{"name":"(anonymous_16)","decl":{"start":{"line":329,"column":2},"end":{"line":329,"column":7}},"loc":{"start":{"line":329,"column":16},"end":{"line":372,"column":3}}},"17":{"name":"(anonymous_17)","decl":{"start":{"line":377,"column":2},"end":{"line":377,"column":7}},"loc":{"start":{"line":379,"column":28},"end":{"line":389,"column":3}}}},"branchMap":{"0":{"loc":{"start":{"line":41,"column":6},"end":{"line":41,"column":37}},"type":"default-arg","locations":[{"start":{"line":41,"column":19},"end":{"line":41,"column":37}}]},"1":{"loc":{"start":{"line":56,"column":4},"end":{"line":70,"column":5}},"type":"if","locations":[{"start":{"line":56,"column":4},"end":{"line":70,"column":5}},{"start":{},"end":{}}]},"2":{"loc":{"start":{"line":124,"column":11},"end":{"line":124,"column":30}},"type":"cond-expr","locations":[{"start":{"line":124,"column":17},"end":{"line":124,"column":19}},{"start":{"line":124,"column":11},"end":{"line":124,"column":30}}]},"3":{"loc":{"start":{"line":124,"column":11},"end":{"line":124,"column":19}},"type":"binary-expr","locations":[{"start":{"line":124,"column":11},"end":{"line":124,"column":19}},{"start":{"line":124,"column":11},"end":{"line":124,"column":19}}]},"4":{"loc":{"start":{"line":172,"column":11},"end":{"line":172,"column":30}},"type":"cond-expr","locations":[{"start":{"line":172,"column":17},"end":{"line":172,"column":19}},{"start":{"line":172,"column":11},"end":{"line":172,"column":30}}]},"5":{"loc":{"start":{"line":172,"column":11},"end":{"line":172,"column":19}},"type":"binary-expr","locations":[{"start":{"line":172,"column":11},"end":{"line":172,"column":19}},{"start":{"line":172,"column":11},"end":{"line":172,"column":19}}]},"6":{"loc":{"start":{"line":221,"column":11},"end":{"line":221,"column":30}},"type":"cond-expr","locations":[{"start":{"line":221,"column":17},"end":{"line":221,"column":19}},{"start":{"line":221,"column":11},"end":{"line":221,"column":30}}]},"7":{"loc":{"start":{"line":221,"column":11},"end":{"line":221,"column":19}},"type":"binary-expr","locations":[{"start":{"line":221,"column":11},"end":{"line":221,"column":19}},{"start":{"line":221,"column":11},"end":{"line":221,"column":19}}]},"8":{"loc":{"start":{"line":239,"column":4},"end":{"line":241,"column":5}},"type":"if","locations":[{"start":{"line":239,"column":4},"end":{"line":241,"column":5}},{"start":{},"end":{}}]},"9":{"loc":{"start":{"line":292,"column":4},"end":{"line":294,"column":5}},"type":"if","locations":[{"start":{"line":292,"column":4},"end":{"line":294,"column":5}},{"start":{},"end":{}}]},"10":{"loc":{"start":{"line":312,"column":4},"end":{"line":314,"column":5}},"type":"if","locations":[{"start":{"line":312,"column":4},"end":{"line":314,"column":5}},{"start":{},"end":{}}]},"11":{"loc":{"start":{"line":368,"column":25},"end":{"line":368,"column":59}},"type":"binary-expr","locations":[{"start":{"line":368,"column":25},"end":{"line":368,"column":54}},{"start":{"line":368,"column":58},"end":{"line":368,"column":59}}]}},"s":{"0":4,"1":4,"2":73,"3":16,"4":16,"5":16,"6":16,"7":1,"8":1,"9":15,"10":15,"11":1,"12":3,"13":3,"14":3,"15":4,"16":2,"17":2,"18":2,"19":2,"20":1,"21":12,"22":9,"23":9,"24":9,"25":18,"26":18,"27":18,"28":13,"29":5,"30":5,"31":49,"32":45,"33":44,"34":2,"35":2,"36":4,"37":4,"38":1,"39":3,"40":4,"41":4,"42":1,"43":3,"44":3,"45":3,"46":3,"47":3,"48":1,"49":4},"f":{"0":73,"1":16,"2":1,"3":3,"4":4,"5":2,"6":2,"7":1,"8":12,"9":9,"10":18,"11":49,"12":44,"13":2,"14":4,"15":4,"16":3,"17":1},"b":{"0":[2],"1":[1,15],"2":[1,2],"3":[3,2],"4":[1,1],"5":[2,1],"6":[8,1],"7":[9,1],"8":[13,5],"9":[1,3],"10":[1,3],"11":[3,0]}}
,"D:\\legal_debate_mvp\\src\\lib\\agent\\memory-agent\\migrator.ts": {"path":"D:\\legal_debate_mvp\\src\\lib\\agent\\memory-agent\\migrator.ts","statementMap":{"0":{"start":{"line":11,"column":0},"end":{"line":11,"column":34}},"1":{"start":{"line":12,"column":0},"end":{"line":12,"column":46}},"2":{"start":{"line":17,"column":0},"end":{"line":17,"column":71}},"3":{"start":{"line":19,"column":15},"end":{"line":19,"column":33}},"4":{"start":{"line":29,"column":12},"end":{"line":29,"column":40}},"5":{"start":{"line":30,"column":12},"end":{"line":30,"column":40}},"6":{"start":{"line":52,"column":4},"end":{"line":79,"column":5}},"7":{"start":{"line":53,"column":6},"end":{"line":75,"column":9}},"8":{"start":{"line":77,"column":6},"end":{"line":77,"column":62}},"9":{"start":{"line":86,"column":4},"end":{"line":89,"column":5}},"10":{"start":{"line":87,"column":6},"end":{"line":87,"column":52}},"11":{"start":{"line":88,"column":6},"end":{"line":88,"column":13}},"12":{"start":{"line":91,"column":4},"end":{"line":91,"column":56}},"13":{"start":{"line":94,"column":4},"end":{"line":97,"column":6}},"14":{"start":{"line":96,"column":12},"end":{"line":96,"column":59}},"15":{"start":{"line":100,"column":4},"end":{"line":102,"column":6}},"16":{"start":{"line":101,"column":6},"end":{"line":101,"column":51}},"17":{"start":{"line":104,"column":4},"end":{"line":104,"column":65}},"18":{"start":{"line":111,"column":4},"end":{"line":114,"column":5}},"19":{"start":{"line":112,"column":6},"end":{"line":112,"column":35}},"20":{"start":{"line":113,"column":6},"end":{"line":113,"column":40}},"21":{"start":{"line":116,"column":4},"end":{"line":119,"column":5}},"22":{"start":{"line":117,"column":6},"end":{"line":117,"column":32}},"23":{"start":{"line":118,"column":6},"end":{"line":118,"column":37}},"24":{"start":{"line":121,"column":4},"end":{"line":121,"column":52}},"25":{"start":{"line":128,"column":22},"end":{"line":128,"column":32}},"26":{"start":{"line":129,"column":24},"end":{"line":129,"column":25}},"27":{"start":{"line":130,"column":23},"end":{"line":130,"column":24}},"28":{"start":{"line":131,"column":22},"end":{"line":131,"column":23}},"29":{"start":{"line":133,"column":4},"end":{"line":171,"column":5}},"30":{"start":{"line":136,"column":8},"end":{"line":136,"column":61}},"31":{"start":{"line":138,"column":6},"end":{"line":140,"column":8}},"32":{"start":{"line":143,"column":25},"end":{"line":143,"column":70}},"33":{"start":{"line":145,"column":6},"end":{"line":145,"column":73}},"34":{"start":{"line":148,"column":24},"end":{"line":150,"column":null}},"35":{"start":{"line":153,"column":6},"end":{"line":161,"column":7}},"36":{"start":{"line":154,"column":8},"end":{"line":160,"column":9}},"37":{"start":{"line":155,"column":10},"end":{"line":155,"column":56}},"38":{"start":{"line":156,"column":10},"end":{"line":156,"column":26}},"39":{"start":{"line":158,"column":10},"end":{"line":158,"column":79}},"40":{"start":{"line":159,"column":10},"end":{"line":159,"column":24}},"41":{"start":{"line":163,"column":6},"end":{"line":163,"column":63}},"42":{"start":{"line":165,"column":6},"end":{"line":167,"column":8}},"43":{"start":{"line":169,"column":6},"end":{"line":169,"column":66}},"44":{"start":{"line":170,"column":6},"end":{"line":170,"column":20}},"45":{"start":{"line":173,"column":4},"end":{"line":178,"column":6}},"46":{"start":{"line":185,"column":22},"end":{"line":185,"column":32}},"47":{"start":{"line":186,"column":24},"end":{"line":186,"column":25}},"48":{"start":{"line":187,"column":23},"end":{"line":187,"column":24}},"49":{"start":{"line":188,"column":22},"end":{"line":188,"column":23}},"50":{"start":{"line":190,"column":4},"end":{"line":225,"column":5}},"51":{"start":{"line":192,"column":26},"end":{"line":192,"column":75}},"52":{"start":{"line":194,"column":6},"end":{"line":194,"column":73}},"53":{"start":{"line":197,"column":25},"end":{"line":197,"column":62}},"54":{"start":{"line":199,"column":6},"end":{"line":199,"column":73}},"55":{"start":{"line":202,"column":25},"end":{"line":204,"column":null}},"56":{"start":{"line":207,"column":6},"end":{"line":215,"column":7}},"57":{"start":{"line":208,"column":8},"end":{"line":214,"column":9}},"58":{"start":{"line":209,"column":10},"end":{"line":209,"column":48}},"59":{"start":{"line":210,"column":10},"end":{"line":210,"column":26}},"60":{"start":{"line":212,"column":10},"end":{"line":212,"column":79}},"61":{"start":{"line":213,"column":10},"end":{"line":213,"column":24}},"62":{"start":{"line":217,"column":6},"end":{"line":217,"column":60}},"63":{"start":{"line":219,"column":6},"end":{"line":221,"column":8}},"64":{"start":{"line":223,"column":6},"end":{"line":223,"column":63}},"65":{"start":{"line":224,"column":6},"end":{"line":224,"column":20}},"66":{"start":{"line":227,"column":4},"end":{"line":232,"column":6}},"67":{"start":{"line":243,"column":19},"end":{"line":243,"column":67}},"68":{"start":{"line":245,"column":4},"end":{"line":247,"column":5}},"69":{"start":{"line":246,"column":6},"end":{"line":246,"column":55}},"70":{"start":{"line":250,"column":4},"end":{"line":250,"column":55}},"71":{"start":{"line":257,"column":4},"end":{"line":269,"column":7}},"72":{"start":{"line":258,"column":6},"end":{"line":260,"column":7}},"73":{"start":{"line":259,"column":8},"end":{"line":259,"column":21}},"74":{"start":{"line":262,"column":27},"end":{"line":262,"column":66}},"75":{"start":{"line":264,"column":8},"end":{"line":266,"column":68}},"76":{"start":{"line":268,"column":6},"end":{"line":268,"column":27}},"77":{"start":{"line":276,"column":4},"end":{"line":286,"column":7}},"78":{"start":{"line":277,"column":6},"end":{"line":279,"column":7}},"79":{"start":{"line":278,"column":8},"end":{"line":278,"column":21}},"80":{"start":{"line":281,"column":27},"end":{"line":281,"column":66}},"81":{"start":{"line":282,"column":6},"end":{"line":285,"column":8}},"82":{"start":{"line":296,"column":22},"end":{"line":296,"column":32}},"83":{"start":{"line":298,"column":4},"end":{"line":366,"column":5}},"84":{"start":{"line":300,"column":33},"end":{"line":301,"column":null}},"85":{"start":{"line":304,"column":6},"end":{"line":308,"column":7}},"86":{"start":{"line":305,"column":8},"end":{"line":307,"column":10}},"87":{"start":{"line":311,"column":6},"end":{"line":313,"column":7}},"88":{"start":{"line":312,"column":8},"end":{"line":312,"column":71}},"89":{"start":{"line":316,"column":6},"end":{"line":337,"column":7}},"90":{"start":{"line":317,"column":8},"end":{"line":323,"column":10}},"91":{"start":{"line":326,"column":8},"end":{"line":336,"column":10}},"92":{"start":{"line":340,"column":28},"end":{"line":340,"column":50}},"93":{"start":{"line":341,"column":6},"end":{"line":350,"column":9}},"94":{"start":{"line":353,"column":6},"end":{"line":364,"column":8}},"95":{"start":{"line":365,"column":6},"end":{"line":365,"column":18}},"96":{"start":{"line":373,"column":22},"end":{"line":373,"column":32}},"97":{"start":{"line":375,"column":4},"end":{"line":445,"column":5}},"98":{"start":{"line":377,"column":32},"end":{"line":377,"column":76}},"99":{"start":{"line":379,"column":6},"end":{"line":383,"column":7}},"100":{"start":{"line":380,"column":8},"end":{"line":382,"column":10}},"101":{"start":{"line":386,"column":6},"end":{"line":386,"column":69}},"102":{"start":{"line":389,"column":30},"end":{"line":394,"column":8}},"103":{"start":{"line":397,"column":6},"end":{"line":401,"column":8}},"104":{"start":{"line":404,"column":6},"end":{"line":407,"column":8}},"105":{"start":{"line":410,"column":6},"end":{"line":421,"column":8}},"106":{"start":{"line":424,"column":28},"end":{"line":424,"column":50}},"107":{"start":{"line":425,"column":6},"end":{"line":434,"column":9}},"108":{"start":{"line":437,"column":6},"end":{"line":443,"column":9}},"109":{"start":{"line":444,"column":6},"end":{"line":444,"column":18}},"110":{"start":{"line":458,"column":43},"end":{"line":461,"column":6}},"111":{"start":{"line":464,"column":6},"end":{"line":464,"column":58}},"112":{"start":{"line":466,"column":30},"end":{"line":466,"column":74}},"113":{"start":{"line":468,"column":4},"end":{"line":474,"column":6}},"114":{"start":{"line":24,"column":0},"end":{"line":24,"column":13}}},"fnMap":{"0":{"name":"(anonymous_9)","decl":{"start":{"line":28,"column":2},"end":{"line":28,"column":null}},"loc":{"start":{"line":30,"column":40},"end":{"line":34,"column":3}}},"1":{"name":"(anonymous_10)","decl":{"start":{"line":39,"column":10},"end":{"line":39,"column":15}},"loc":{"start":{"line":50,"column":5},"end":{"line":80,"column":3}}},"2":{"name":"(anonymous_11)","decl":{"start":{"line":85,"column":2},"end":{"line":85,"column":7}},"loc":{"start":{"line":85,"column":7},"end":{"line":105,"column":3}}},"3":{"name":"(anonymous_12)","decl":{"start":{"line":96,"column":6},"end":{"line":96,"column":9}},"loc":{"start":{"line":96,"column":12},"end":{"line":96,"column":59}}},"4":{"name":"(anonymous_13)","decl":{"start":{"line":100,"column":74},"end":{"line":100,"column":77}},"loc":{"start":{"line":101,"column":6},"end":{"line":101,"column":51}}},"5":{"name":"(anonymous_14)","decl":{"start":{"line":110,"column":2},"end":{"line":110,"column":6}},"loc":{"start":{"line":110,"column":6},"end":{"line":122,"column":3}}},"6":{"name":"(anonymous_15)","decl":{"start":{"line":127,"column":2},"end":{"line":127,"column":7}},"loc":{"start":{"line":127,"column":27},"end":{"line":179,"column":3}}},"7":{"name":"(anonymous_16)","decl":{"start":{"line":184,"column":2},"end":{"line":184,"column":7}},"loc":{"start":{"line":184,"column":25},"end":{"line":233,"column":3}}},"8":{"name":"(anonymous_17)","decl":{"start":{"line":238,"column":2},"end":{"line":238,"column":7}},"loc":{"start":{"line":240,"column":30},"end":{"line":251,"column":3}}},"9":{"name":"(anonymous_18)","decl":{"start":{"line":256,"column":10},"end":{"line":256,"column":33}},"loc":{"start":{"line":256,"column":52},"end":{"line":270,"column":3}}},"10":{"name":"(anonymous_19)","decl":{"start":{"line":257,"column":27},"end":{"line":257,"column":33}},"loc":{"start":{"line":257,"column":36},"end":{"line":269,"column":5}}},"11":{"name":"(anonymous_20)","decl":{"start":{"line":275,"column":10},"end":{"line":275,"column":29}},"loc":{"start":{"line":275,"column":48},"end":{"line":287,"column":3}}},"12":{"name":"(anonymous_21)","decl":{"start":{"line":276,"column":27},"end":{"line":276,"column":33}},"loc":{"start":{"line":276,"column":36},"end":{"line":286,"column":5}}},"13":{"name":"(anonymous_22)","decl":{"start":{"line":292,"column":10},"end":{"line":292,"column":15}},"loc":{"start":{"line":294,"column":30},"end":{"line":367,"column":3}}},"14":{"name":"(anonymous_23)","decl":{"start":{"line":372,"column":10},"end":{"line":372,"column":15}},"loc":{"start":{"line":372,"column":49},"end":{"line":446,"column":3}}},"15":{"name":"(anonymous_24)","decl":{"start":{"line":451,"column":2},"end":{"line":451,"column":7}},"loc":{"start":{"line":451,"column":25},"end":{"line":475,"column":3}}}},"branchMap":{"0":{"loc":{"start":{"line":58,"column":12},"end":{"line":60,"column":36}},"type":"cond-expr","locations":[{"start":{"line":59,"column":16},"end":{"line":59,"column":39}},{"start":{"line":60,"column":16},"end":{"line":60,"column":36}}]},"1":{"loc":{"start":{"line":86,"column":4},"end":{"line":89,"column":5}},"type":"if","locations":[{"start":{"line":86,"column":4},"end":{"line":89,"column":5}},{"start":{},"end":{}}]},"2":{"loc":{"start":{"line":111,"column":4},"end":{"line":114,"column":5}},"type":"if","locations":[{"start":{"line":111,"column":4},"end":{"line":114,"column":5}},{"start":{},"end":{}}]},"3":{"loc":{"start":{"line":116,"column":4},"end":{"line":119,"column":5}},"type":"if","locations":[{"start":{"line":116,"column":4},"end":{"line":119,"column":5}},{"start":{},"end":{}}]},"4":{"loc":{"start":{"line":245,"column":4},"end":{"line":247,"column":5}},"type":"if","locations":[{"start":{"line":245,"column":4},"end":{"line":247,"column":5}},{"start":{},"end":{}}]},"5":{"loc":{"start":{"line":258,"column":6},"end":{"line":260,"column":7}},"type":"if","locations":[{"start":{"line":258,"column":6},"end":{"line":260,"column":7}},{"start":{},"end":{}}]},"6":{"loc":{"start":{"line":264,"column":8},"end":{"line":266,"column":68}},"type":"binary-expr","locations":[{"start":{"line":264,"column":8},"end":{"line":264,"column":64}},{"start":{"line":265,"column":8},"end":{"line":265,"column":63}},{"start":{"line":266,"column":8},"end":{"line":266,"column":68}}]},"7":{"loc":{"start":{"line":277,"column":6},"end":{"line":279,"column":7}},"type":"if","locations":[{"start":{"line":277,"column":6},"end":{"line":279,"column":7}},{"start":{},"end":{}}]},"8":{"loc":{"start":{"line":283,"column":8},"end":{"line":284,"column":64}},"type":"binary-expr","locations":[{"start":{"line":283,"column":8},"end":{"line":283,"column":60}},{"start":{"line":284,"column":8},"end":{"line":284,"column":64}}]},"9":{"loc":{"start":{"line":304,"column":6},"end":{"line":308,"column":7}},"type":"if","locations":[{"start":{"line":304,"column":6},"end":{"line":308,"column":7}},{"start":{},"end":{}}]},"10":{"loc":{"start":{"line":311,"column":6},"end":{"line":313,"column":7}},"type":"if","locations":[{"start":{"line":311,"column":6},"end":{"line":313,"column":7}},{"start":{},"end":{}}]},"11":{"loc":{"start":{"line":316,"column":6},"end":{"line":337,"column":7}},"type":"if","locations":[{"start":{"line":316,"column":6},"end":{"line":337,"column":7}},{"start":{},"end":{}}]},"12":{"loc":{"start":{"line":320,"column":10},"end":{"line":320,"column":47}},"type":"binary-expr","locations":[{"start":{"line":320,"column":10},"end":{"line":320,"column":35}},{"start":{"line":320,"column":39},"end":{"line":320,"column":47}}]},"13":{"loc":{"start":{"line":322,"column":10},"end":{"line":322,"column":48}},"type":"binary-expr","locations":[{"start":{"line":322,"column":10},"end":{"line":322,"column":35}},{"start":{"line":322,"column":39},"end":{"line":322,"column":48}}]},"14":{"loc":{"start":{"line":355,"column":8},"end":{"line":355,"column":79}},"type":"cond-expr","locations":[{"start":{"line":355,"column":31},"end":{"line":355,"column":55}},{"start":{"line":355,"column":58},"end":{"line":355,"column":79}}]},"15":{"loc":{"start":{"line":362,"column":17},"end":{"line":362,"column":73}},"type":"cond-expr","locations":[{"start":{"line":362,"column":42},"end":{"line":362,"column":55}},{"start":{"line":362,"column":58},"end":{"line":362,"column":73}}]},"16":{"loc":{"start":{"line":379,"column":6},"end":{"line":383,"column":7}},"type":"if","locations":[{"start":{"line":379,"column":6},"end":{"line":383,"column":7}},{"start":{},"end":{}}]},"17":{"loc":{"start":{"line":381,"column":33},"end":{"line":381,"column":75}},"type":"binary-expr","locations":[{"start":{"line":381,"column":33},"end":{"line":381,"column":56}},{"start":{"line":381,"column":60},"end":{"line":381,"column":75}}]},"18":{"loc":{"start":{"line":406,"column":8},"end":{"line":406,"column":36}},"type":"binary-expr","locations":[{"start":{"line":406,"column":8},"end":{"line":406,"column":31}},{"start":{"line":406,"column":35},"end":{"line":406,"column":36}}]},"19":{"loc":{"start":{"line":442,"column":15},"end":{"line":442,"column":71}},"type":"cond-expr","locations":[{"start":{"line":442,"column":40},"end":{"line":442,"column":53}},{"start":{"line":442,"column":56},"end":{"line":442,"column":71}}]}},"s":{"0":2,"1":2,"2":2,"3":2,"4":42,"5":42,"6":4,"7":4,"8":0,"9":8,"10":1,"11":1,"12":7,"13":7,"14":0,"15":7,"16":0,"17":7,"18":27,"19":4,"20":4,"21":27,"22":4,"23":4,"24":27,"25":5,"26":5,"27":5,"28":5,"29":5,"30":5,"31":4,"32":4,"33":4,"34":4,"35":4,"36":1,"37":1,"38":0,"39":1,"40":1,"41":4,"42":4,"43":1,"44":1,"45":5,"46":5,"47":5,"48":5,"49":5,"50":5,"51":5,"52":4,"53":4,"54":4,"55":4,"56":4,"57":2,"58":2,"59":0,"60":2,"61":2,"62":4,"63":4,"64":1,"65":1,"66":5,"67":3,"68":3,"69":1,"70":2,"71":15,"72":15,"73":1,"74":14,"75":14,"76":14,"77":15,"78":15,"79":1,"80":14,"81":14,"82":3,"83":3,"84":3,"85":3,"86":1,"87":2,"88":1,"89":2,"90":1,"91":0,"92":1,"93":1,"94":2,"95":2,"96":2,"97":2,"98":2,"99":2,"100":0,"101":2,"102":2,"103":2,"104":0,"105":0,"106":0,"107":0,"108":2,"109":2,"110":12,"111":11,"112":11,"113":11,"114":2},"f":{"0":42,"1":4,"2":8,"3":0,"4":0,"5":27,"6":5,"7":5,"8":3,"9":15,"10":15,"11":15,"12":15,"13":3,"14":2,"15":12},"b":{"0":[2,2],"1":[1,7],"2":[4,23],"3":[4,23],"4":[1,2],"5":[1,14],"6":[14,12,11],"7":[1,14],"8":[14,14],"9":[1,2],"10":[1,1],"11":[1,1],"12":[1,0],"13":[1,0],"14":[2,0],"15":[2,0],"16":[0,2],"17":[0,0],"18":[0,0],"19":[2,0]}}
,"D:\\legal_debate_mvp\\src\\lib\\agent\\memory-agent\\error-learner\\ai-helpers.ts": {"path":"D:\\legal_debate_mvp\\src\\lib\\agent\\memory-agent\\error-learner\\ai-helpers.ts","statementMap":{"0":{"start":{"line":6,"column":0},"end":{"line":6,"column":36}},"1":{"start":{"line":15,"column":22},"end":{"line":15,"column":42}},"2":{"start":{"line":28,"column":19},"end":{"line":42,"column":15}},"3":{"start":{"line":36,"column":37},"end":{"line":36,"column":53}},"4":{"start":{"line":44,"column":43},"end":{"line":58,"column":6}},"5":{"start":{"line":61,"column":6},"end":{"line":61,"column":56}},"6":{"start":{"line":63,"column":4},"end":{"line":63,"column":63}},"7":{"start":{"line":72,"column":19},"end":{"line":82,"column":37}},"8":{"start":{"line":84,"column":43},"end":{"line":99,"column":6}},"9":{"start":{"line":102,"column":6},"end":{"line":102,"column":56}},"10":{"start":{"line":105,"column":20},"end":{"line":105,"column":63}},"11":{"start":{"line":106,"column":22},"end":{"line":106,"column":50}},"12":{"start":{"line":107,"column":4},"end":{"line":122,"column":5}},"13":{"start":{"line":108,"column":6},"end":{"line":121,"column":7}},"14":{"start":{"line":109,"column":25},"end":{"line":109,"column":49}},"15":{"start":{"line":110,"column":8},"end":{"line":117,"column":15}},"16":{"start":{"line":111,"column":30},"end":{"line":115,"column":null}},"17":{"start":{"line":120,"column":8},"end":{"line":120,"column":18}},"18":{"start":{"line":124,"column":4},"end":{"line":124,"column":14}},"19":{"start":{"line":138,"column":19},"end":{"line":145,"column":18}},"20":{"start":{"line":147,"column":43},"end":{"line":161,"column":6}},"21":{"start":{"line":164,"column":6},"end":{"line":164,"column":56}},"22":{"start":{"line":166,"column":20},"end":{"line":166,"column":63}},"23":{"start":{"line":167,"column":4},"end":{"line":171,"column":19}},"24":{"start":{"line":169,"column":19},"end":{"line":169,"column":30}},"25":{"start":{"line":170,"column":22},"end":{"line":170,"column":37}},"26":{"start":{"line":14,"column":0},"end":{"line":14,"column":13}}},"fnMap":{"0":{"name":"(anonymous_0)","decl":{"start":{"line":15,"column":2},"end":{"line":15,"column":22}},"loc":{"start":{"line":15,"column":42},"end":{"line":15,"column":46}}},"1":{"name":"(anonymous_1)","decl":{"start":{"line":20,"column":2},"end":{"line":20,"column":7}},"loc":{"start":{"line":26,"column":25},"end":{"line":64,"column":3}}},"2":{"name":"(anonymous_2)","decl":{"start":{"line":36,"column":27},"end":{"line":36,"column":28}},"loc":{"start":{"line":36,"column":37},"end":{"line":36,"column":53}}},"3":{"name":"(anonymous_3)","decl":{"start":{"line":69,"column":2},"end":{"line":69,"column":7}},"loc":{"start":{"line":70,"column":25},"end":{"line":125,"column":3}}},"4":{"name":"(anonymous_4)","decl":{"start":{"line":111,"column":25},"end":{"line":111,"column":26}},"loc":{"start":{"line":111,"column":30},"end":{"line":115,"column":null}}},"5":{"name":"(anonymous_5)","decl":{"start":{"line":130,"column":2},"end":{"line":130,"column":7}},"loc":{"start":{"line":136,"column":25},"end":{"line":172,"column":3}}},"6":{"name":"(anonymous_6)","decl":{"start":{"line":169,"column":11},"end":{"line":169,"column":15}},"loc":{"start":{"line":169,"column":19},"end":{"line":169,"column":30}}},"7":{"name":"(anonymous_7)","decl":{"start":{"line":170,"column":14},"end":{"line":170,"column":18}},"loc":{"start":{"line":170,"column":22},"end":{"line":170,"column":37}}}},"branchMap":{"0":{"loc":{"start":{"line":63,"column":11},"end":{"line":63,"column":62}},"type":"binary-expr","locations":[{"start":{"line":63,"column":11},"end":{"line":63,"column":56}},{"start":{"line":63,"column":60},"end":{"line":63,"column":62}}]},"1":{"loc":{"start":{"line":63,"column":11},"end":{"line":63,"column":56}},"type":"cond-expr","locations":[{"start":{"line":63,"column":48},"end":{"line":63,"column":50}},{"start":{"line":63,"column":48},"end":{"line":63,"column":56}}]},"2":{"loc":{"start":{"line":63,"column":11},"end":{"line":63,"column":50}},"type":"binary-expr","locations":[{"start":{"line":63,"column":11},"end":{"line":63,"column":50}},{"start":{"line":63,"column":48},"end":{"line":63,"column":50}}]},"3":{"loc":{"start":{"line":63,"column":11},"end":{"line":63,"column":48}},"type":"cond-expr","locations":[{"start":{"line":63,"column":39},"end":{"line":63,"column":41}},{"start":{"line":63,"column":39},"end":{"line":63,"column":48}}]},"4":{"loc":{"start":{"line":63,"column":11},"end":{"line":63,"column":41}},"type":"binary-expr","locations":[{"start":{"line":63,"column":11},"end":{"line":63,"column":41}},{"start":{"line":63,"column":39},"end":{"line":63,"column":41}}]},"5":{"loc":{"start":{"line":63,"column":11},"end":{"line":63,"column":39}},"type":"cond-expr","locations":[{"start":{"line":63,"column":30},"end":{"line":63,"column":32}},{"start":{"line":63,"column":30},"end":{"line":63,"column":39}}]},"6":{"loc":{"start":{"line":63,"column":11},"end":{"line":63,"column":32}},"type":"binary-expr","locations":[{"start":{"line":63,"column":11},"end":{"line":63,"column":32}},{"start":{"line":63,"column":30},"end":{"line":63,"column":32}}]},"7":{"loc":{"start":{"line":105,"column":20},"end":{"line":105,"column":63}},"type":"binary-expr","locations":[{"start":{"line":105,"column":20},"end":{"line":105,"column":57}},{"start":{"line":105,"column":61},"end":{"line":105,"column":63}}]},"8":{"loc":{"start":{"line":105,"column":20},"end":{"line":105,"column":57}},"type":"cond-expr","locations":[{"start":{"line":105,"column":48},"end":{"line":105,"column":50}},{"start":{"line":105,"column":48},"end":{"line":105,"column":57}}]},"9":{"loc":{"start":{"line":105,"column":20},"end":{"line":105,"column":50}},"type":"binary-expr","locations":[{"start":{"line":105,"column":20},"end":{"line":105,"column":50}},{"start":{"line":105,"column":48},"end":{"line":105,"column":50}}]},"10":{"loc":{"start":{"line":105,"column":20},"end":{"line":105,"column":48}},"type":"cond-expr","locations":[{"start":{"line":105,"column":39},"end":{"line":105,"column":41}},{"start":{"line":105,"column":39},"end":{"line":105,"column":48}}]},"11":{"loc":{"start":{"line":105,"column":20},"end":{"line":105,"column":41}},"type":"binary-expr","locations":[{"start":{"line":105,"column":20},"end":{"line":105,"column":41}},{"start":{"line":105,"column":39},"end":{"line":105,"column":41}}]},"12":{"loc":{"start":{"line":107,"column":4},"end":{"line":122,"column":5}},"type":"if","locations":[{"start":{"line":107,"column":4},"end":{"line":122,"column":5}},{"start":{},"end":{}}]},"13":{"loc":{"start":{"line":110,"column":15},"end":{"line":117,"column":14}},"type":"cond-expr","locations":[{"start":{"line":111,"column":12},"end":{"line":116,"column":15}},{"start":{"line":117,"column":12},"end":{"line":117,"column":14}}]},"14":{"loc":{"start":{"line":113,"column":25},"end":{"line":113,"column":48}},"type":"binary-expr","locations":[{"start":{"line":113,"column":25},"end":{"line":113,"column":36}},{"start":{"line":113,"column":40},"end":{"line":113,"column":48}}]},"15":{"loc":{"start":{"line":114,"column":24},"end":{"line":114,"column":39}},"type":"binary-expr","locations":[{"start":{"line":114,"column":24},"end":{"line":114,"column":34}},{"start":{"line":114,"column":38},"end":{"line":114,"column":39}}]},"16":{"loc":{"start":{"line":115,"column":38},"end":{"line":115,"column":69}},"type":"binary-expr","locations":[{"start":{"line":115,"column":38},"end":{"line":115,"column":62}},{"start":{"line":115,"column":66},"end":{"line":115,"column":69}}]},"17":{"loc":{"start":{"line":166,"column":20},"end":{"line":166,"column":63}},"type":"binary-expr","locations":[{"start":{"line":166,"column":20},"end":{"line":166,"column":57}},{"start":{"line":166,"column":61},"end":{"line":166,"column":63}}]},"18":{"loc":{"start":{"line":166,"column":20},"end":{"line":166,"column":57}},"type":"cond-expr","locations":[{"start":{"line":166,"column":48},"end":{"line":166,"column":50}},{"start":{"line":166,"column":48},"end":{"line":166,"column":57}}]},"19":{"loc":{"start":{"line":166,"column":20},"end":{"line":166,"column":50}},"type":"binary-expr","locations":[{"start":{"line":166,"column":20},"end":{"line":166,"column":50}},{"start":{"line":166,"column":48},"end":{"line":166,"column":50}}]},"20":{"loc":{"start":{"line":166,"column":20},"end":{"line":166,"column":48}},"type":"cond-expr","locations":[{"start":{"line":166,"column":39},"end":{"line":166,"column":41}},{"start":{"line":166,"column":39},"end":{"line":166,"column":48}}]},"21":{"loc":{"start":{"line":166,"column":20},"end":{"line":166,"column":41}},"type":"binary-expr","locations":[{"start":{"line":166,"column":20},"end":{"line":166,"column":41}},{"start":{"line":166,"column":39},"end":{"line":166,"column":41}}]}},"s":{"0":2,"1":28,"2":8,"3":0,"4":8,"5":8,"6":8,"7":8,"8":8,"9":8,"10":8,"11":8,"12":8,"13":0,"14":0,"15":0,"16":0,"17":0,"18":8,"19":0,"20":0,"21":0,"22":0,"23":0,"24":0,"25":0,"26":2},"f":{"0":28,"1":8,"2":0,"3":8,"4":0,"5":0,"6":0,"7":0},"b":{"0":[8,0],"1":[0,8],"2":[8,8],"3":[0,8],"4":[8,8],"5":[0,8],"6":[8,8],"7":[8,0],"8":[0,8],"9":[8,8],"10":[0,8],"11":[8,8],"12":[0,8],"13":[0,0],"14":[0,0],"15":[0,0],"16":[0,0],"17":[0,0],"18":[0,0],"19":[0,0],"20":[0,0],"21":[0,0]}}
,"D:\\legal_debate_mvp\\src\\lib\\agent\\memory-agent\\error-learner\\analyzer.ts": {"path":"D:\\legal_debate_mvp\\src\\lib\\agent\\memory-agent\\error-learner\\analyzer.ts","statementMap":{"0":{"start":{"line":6,"column":0},"end":{"line":6,"column":36}},"1":{"start":{"line":18,"column":12},"end":{"line":18,"column":32}},"2":{"start":{"line":19,"column":12},"end":{"line":19,"column":32}},"3":{"start":{"line":33,"column":27},"end":{"line":37,"column":6}},"4":{"start":{"line":39,"column":22},"end":{"line":39,"column":43}},"5":{"start":{"line":42,"column":25},"end":{"line":42,"column":72}},"6":{"start":{"line":45,"column":22},"end":{"line":45,"column":56}},"7":{"start":{"line":47,"column":4},"end":{"line":53,"column":6}},"8":{"start":{"line":60,"column":19},"end":{"line":68,"column":6}},"9":{"start":{"line":71,"column":21},"end":{"line":71,"column":47}},"10":{"start":{"line":71,"column":37},"end":{"line":71,"column":46}},"11":{"start":{"line":74,"column":4},"end":{"line":76,"column":5}},"12":{"start":{"line":75,"column":6},"end":{"line":75,"column":16}},"13":{"start":{"line":78,"column":19},"end":{"line":82,"column":17}},"14":{"start":{"line":80,"column":25},"end":{"line":80,"column":57}},"15":{"start":{"line":84,"column":43},"end":{"line":99,"column":6}},"16":{"start":{"line":102,"column":6},"end":{"line":102,"column":56}},"17":{"start":{"line":104,"column":20},"end":{"line":104,"column":63}},"18":{"start":{"line":105,"column":4},"end":{"line":109,"column":19}},"19":{"start":{"line":107,"column":19},"end":{"line":107,"column":30}},"20":{"start":{"line":108,"column":22},"end":{"line":108,"column":37}},"21":{"start":{"line":122,"column":19},"end":{"line":132,"column":16}},"22":{"start":{"line":134,"column":43},"end":{"line":148,"column":6}},"23":{"start":{"line":151,"column":6},"end":{"line":151,"column":56}},"24":{"start":{"line":153,"column":4},"end":{"line":153,"column":63}},"25":{"start":{"line":16,"column":0},"end":{"line":16,"column":13}}},"fnMap":{"0":{"name":"(anonymous_0)","decl":{"start":{"line":17,"column":2},"end":{"line":17,"column":null}},"loc":{"start":{"line":19,"column":32},"end":{"line":20,"column":6}}},"1":{"name":"(anonymous_1)","decl":{"start":{"line":25,"column":2},"end":{"line":25,"column":7}},"loc":{"start":{"line":31,"column":3},"end":{"line":54,"column":3}}},"2":{"name":"(anonymous_2)","decl":{"start":{"line":59,"column":2},"end":{"line":59,"column":7}},"loc":{"start":{"line":59,"column":48},"end":{"line":110,"column":3}}},"3":{"name":"(anonymous_3)","decl":{"start":{"line":71,"column":32},"end":{"line":71,"column":33}},"loc":{"start":{"line":71,"column":37},"end":{"line":71,"column":46}}},"4":{"name":"(anonymous_4)","decl":{"start":{"line":80,"column":15},"end":{"line":80,"column":16}},"loc":{"start":{"line":80,"column":25},"end":{"line":80,"column":57}}},"5":{"name":"(anonymous_5)","decl":{"start":{"line":107,"column":11},"end":{"line":107,"column":15}},"loc":{"start":{"line":107,"column":19},"end":{"line":107,"column":30}}},"6":{"name":"(anonymous_6)","decl":{"start":{"line":108,"column":14},"end":{"line":108,"column":18}},"loc":{"start":{"line":108,"column":22},"end":{"line":108,"column":37}}},"7":{"name":"(anonymous_7)","decl":{"start":{"line":115,"column":2},"end":{"line":115,"column":7}},"loc":{"start":{"line":121,"column":3},"end":{"line":154,"column":3}}}},"branchMap":{"0":{"loc":{"start":{"line":74,"column":4},"end":{"line":76,"column":5}},"type":"if","locations":[{"start":{"line":74,"column":4},"end":{"line":76,"column":5}},{"start":{},"end":{}}]},"1":{"loc":{"start":{"line":104,"column":20},"end":{"line":104,"column":63}},"type":"binary-expr","locations":[{"start":{"line":104,"column":20},"end":{"line":104,"column":57}},{"start":{"line":104,"column":61},"end":{"line":104,"column":63}}]},"2":{"loc":{"start":{"line":104,"column":20},"end":{"line":104,"column":57}},"type":"cond-expr","locations":[{"start":{"line":104,"column":48},"end":{"line":104,"column":50}},{"start":{"line":104,"column":48},"end":{"line":104,"column":57}}]},"3":{"loc":{"start":{"line":104,"column":20},"end":{"line":104,"column":50}},"type":"binary-expr","locations":[{"start":{"line":104,"column":20},"end":{"line":104,"column":50}},{"start":{"line":104,"column":48},"end":{"line":104,"column":50}}]},"4":{"loc":{"start":{"line":104,"column":20},"end":{"line":104,"column":48}},"type":"cond-expr","locations":[{"start":{"line":104,"column":39},"end":{"line":104,"column":41}},{"start":{"line":104,"column":39},"end":{"line":104,"column":48}}]},"5":{"loc":{"start":{"line":104,"column":20},"end":{"line":104,"column":41}},"type":"binary-expr","locations":[{"start":{"line":104,"column":20},"end":{"line":104,"column":41}},{"start":{"line":104,"column":39},"end":{"line":104,"column":41}}]},"6":{"loc":{"start":{"line":153,"column":11},"end":{"line":153,"column":62}},"type":"binary-expr","locations":[{"start":{"line":153,"column":11},"end":{"line":153,"column":56}},{"start":{"line":153,"column":60},"end":{"line":153,"column":62}}]},"7":{"loc":{"start":{"line":153,"column":11},"end":{"line":153,"column":56}},"type":"cond-expr","locations":[{"start":{"line":153,"column":48},"end":{"line":153,"column":50}},{"start":{"line":153,"column":48},"end":{"line":153,"column":56}}]},"8":{"loc":{"start":{"line":153,"column":11},"end":{"line":153,"column":50}},"type":"binary-expr","locations":[{"start":{"line":153,"column":11},"end":{"line":153,"column":50}},{"start":{"line":153,"column":48},"end":{"line":153,"column":50}}]},"9":{"loc":{"start":{"line":153,"column":11},"end":{"line":153,"column":48}},"type":"cond-expr","locations":[{"start":{"line":153,"column":39},"end":{"line":153,"column":41}},{"start":{"line":153,"column":39},"end":{"line":153,"column":48}}]},"10":{"loc":{"start":{"line":153,"column":11},"end":{"line":153,"column":41}},"type":"binary-expr","locations":[{"start":{"line":153,"column":11},"end":{"line":153,"column":41}},{"start":{"line":153,"column":39},"end":{"line":153,"column":41}}]},"11":{"loc":{"start":{"line":153,"column":11},"end":{"line":153,"column":39}},"type":"cond-expr","locations":[{"start":{"line":153,"column":30},"end":{"line":153,"column":32}},{"start":{"line":153,"column":30},"end":{"line":153,"column":39}}]},"12":{"loc":{"start":{"line":153,"column":11},"end":{"line":153,"column":32}},"type":"binary-expr","locations":[{"start":{"line":153,"column":11},"end":{"line":153,"column":32}},{"start":{"line":153,"column":30},"end":{"line":153,"column":32}}]}},"s":{"0":2,"1":28,"2":28,"3":8,"4":8,"5":8,"6":8,"7":8,"8":8,"9":8,"10":0,"11":8,"12":8,"13":0,"14":0,"15":0,"16":0,"17":0,"18":0,"19":0,"20":0,"21":8,"22":8,"23":8,"24":8,"25":2},"f":{"0":28,"1":8,"2":8,"3":0,"4":0,"5":0,"6":0,"7":8},"b":{"0":[8,0],"1":[0,0],"2":[0,0],"3":[0,0],"4":[0,0],"5":[0,0],"6":[8,0],"7":[0,8],"8":[8,8],"9":[0,8],"10":[8,8],"11":[0,8],"12":[8,8]}}
,"D:\\legal_debate_mvp\\src\\lib\\agent\\memory-agent\\error-learner\\knowledge-base.ts": {"path":"D:\\legal_debate_mvp\\src\\lib\\agent\\memory-agent\\error-learner\\knowledge-base.ts","statementMap":{"0":{"start":{"line":13,"column":22},"end":{"line":13,"column":50}},"1":{"start":{"line":23,"column":4},"end":{"line":54,"column":5}},"2":{"start":{"line":24,"column":27},"end":{"line":24,"column":61}},"3":{"start":{"line":27,"column":23},"end":{"line":27,"column":75}},"4":{"start":{"line":29,"column":32},"end":{"line":29,"column":null}},"5":{"start":{"line":33,"column":27},"end":{"line":41,"column":8}},"6":{"start":{"line":44,"column":6},"end":{"line":48,"column":8}},"7":{"start":{"line":50,"column":6},"end":{"line":50,"column":18}},"8":{"start":{"line":52,"column":6},"end":{"line":52,"column":63}},"9":{"start":{"line":53,"column":6},"end":{"line":53,"column":19}},"10":{"start":{"line":12,"column":0},"end":{"line":12,"column":13}}},"fnMap":{"0":{"name":"(anonymous_0)","decl":{"start":{"line":13,"column":2},"end":{"line":13,"column":22}},"loc":{"start":{"line":13,"column":50},"end":{"line":13,"column":54}}},"1":{"name":"(anonymous_1)","decl":{"start":{"line":18,"column":2},"end":{"line":18,"column":7}},"loc":{"start":{"line":21,"column":43},"end":{"line":55,"column":3}}}},"branchMap":{"0":{"loc":{"start":{"line":38,"column":20},"end":{"line":40,"column":29}},"type":"cond-expr","locations":[{"start":{"line":39,"column":12},"end":{"line":39,"column":44}},{"start":{"line":40,"column":12},"end":{"line":40,"column":29}}]},"1":{"loc":{"start":{"line":38,"column":20},"end":{"line":38,"column":49}},"type":"cond-expr","locations":[{"start":{"line":38,"column":37},"end":{"line":38,"column":39}},{"start":{"line":38,"column":20},"end":{"line":38,"column":49}}]},"2":{"loc":{"start":{"line":38,"column":20},"end":{"line":38,"column":39}},"type":"binary-expr","locations":[{"start":{"line":38,"column":20},"end":{"line":38,"column":39}},{"start":{"line":38,"column":20},"end":{"line":38,"column":39}}]},"3":{"loc":{"start":{"line":47,"column":8},"end":{"line":47,"column":32}},"type":"binary-expr","locations":[{"start":{"line":47,"column":8},"end":{"line":47,"column":20}},{"start":{"line":47,"column":24},"end":{"line":47,"column":32}}]}},"s":{"0":28,"1":8,"2":8,"3":8,"4":8,"5":8,"6":8,"7":7,"8":1,"9":1,"10":2},"f":{"0":28,"1":8},"b":{"0":[0,8],"1":[8,0],"2":[8,8],"3":[8,8]}}
,"D:\\legal_debate_mvp\\src\\lib\\agent\\memory-agent\\memory-manager\\config.ts": {"path":"D:\\legal_debate_mvp\\src\\lib\\agent\\memory-agent\\memory-manager\\config.ts","statementMap":{"0":{"start":{"line":9,"column":13},"end":{"line":13,"column":11}},"1":{"start":{"line":18,"column":13},"end":{"line":18,"column":38}},"2":{"start":{"line":23,"column":13},"end":{"line":23,"column":49}}},"fnMap":{},"branchMap":{},"s":{"0":4,"1":4,"2":4},"f":{},"b":{}}
,"D:\\legal_debate_mvp\\src\\lib\\agent\\memory-agent\\memory-manager\\helpers.ts": {"path":"D:\\legal_debate_mvp\\src\\lib\\agent\\memory-agent\\memory-manager\\helpers.ts","statementMap":{"0":{"start":{"line":14,"column":0},"end":{"line":14,"column":7}},"1":{"start":{"line":30,"column":0},"end":{"line":30,"column":16}},"2":{"start":{"line":51,"column":0},"end":{"line":51,"column":16}},"3":{"start":{"line":8,"column":0},"end":{"line":8,"column":38}},"4":{"start":{"line":18,"column":2},"end":{"line":24,"column":5}},"5":{"start":{"line":33,"column":2},"end":{"line":45,"column":4}},"6":{"start":{"line":55,"column":2},"end":{"line":57,"column":3}},"7":{"start":{"line":56,"column":4},"end":{"line":56,"column":16}},"8":{"start":{"line":59,"column":21},"end":{"line":59,"column":43}},"9":{"start":{"line":60,"column":20},"end":{"line":60,"column":37}},"10":{"start":{"line":61,"column":2},"end":{"line":61,"column":49}}},"fnMap":{"0":{"name":"trackAccess","decl":{"start":{"line":14,"column":22},"end":{"line":14,"column":33}},"loc":{"start":{"line":16,"column":46},"end":{"line":25,"column":1}}},"1":{"name":"toMemoryEntity","decl":{"start":{"line":30,"column":16},"end":{"line":30,"column":30}},"loc":{"start":{"line":31,"column":46},"end":{"line":46,"column":1}}},"2":{"name":"calculateExpiry","decl":{"start":{"line":51,"column":16},"end":{"line":51,"column":31}},"loc":{"start":{"line":53,"column":14},"end":{"line":62,"column":1}}}},"branchMap":{"0":{"loc":{"start":{"line":41,"column":15},"end":{"line":41,"column":44}},"type":"binary-expr","locations":[{"start":{"line":41,"column":15},"end":{"line":41,"column":31}},{"start":{"line":41,"column":35},"end":{"line":41,"column":44}}]},"1":{"loc":{"start":{"line":43,"column":22},"end":{"line":43,"column":58}},"type":"binary-expr","locations":[{"start":{"line":43,"column":22},"end":{"line":43,"column":45}},{"start":{"line":43,"column":49},"end":{"line":43,"column":58}}]},"2":{"loc":{"start":{"line":55,"column":2},"end":{"line":57,"column":3}},"type":"if","locations":[{"start":{"line":55,"column":2},"end":{"line":57,"column":3}},{"start":{},"end":{}}]},"3":{"loc":{"start":{"line":60,"column":20},"end":{"line":60,"column":37}},"type":"binary-expr","locations":[{"start":{"line":60,"column":20},"end":{"line":60,"column":23}},{"start":{"line":60,"column":27},"end":{"line":60,"column":37}}]}},"s":{"0":4,"1":4,"2":4,"3":4,"4":5,"5":71,"6":16,"7":12,"8":4,"9":4,"10":4},"f":{"0":5,"1":71,"2":16},"b":{"0":[66,4],"1":[66,66],"2":[12,4],"3":[4,4]}}
,"D:\\legal_debate_mvp\\src\\lib\\agent\\memory-agent\\migrator\\config.ts": {"path":"D:\\legal_debate_mvp\\src\\lib\\agent\\memory-agent\\migrator\\config.ts","statementMap":{"0":{"start":{"line":9,"column":13},"end":{"line":14,"column":11}},"1":{"start":{"line":19,"column":13},"end":{"line":24,"column":11}}},"fnMap":{},"branchMap":{},"s":{"0":2,"1":2},"f":{},"b":{}}
}
