TN:
SF:src\__tests__\memory\test-helpers.ts
FN:13,createTestMemory
FN:34,waitFor
FN:35,(anonymous_2)
FN:41,createTestUserId
FN:48,createTestCaseId
FN:55,createTestDebateId
FN:62,validateMemory
FN:76,createTestMemories
FN:93,createMockAgentMemoryDB
FN:97,(anonymous_9)
FN:107,(anonymous_10)
FN:110,(anonymous_11)
FN:125,(anonymous_12)
FN:128,(anonymous_13)
FN:133,(anonymous_14)
FN:143,(anonymous_15)
FN:145,(anonymous_16)
FN:157,(anonymous_17)
FN:172,(anonymous_18)
FN:175,(anonymous_19)
FN:181,(anonymous_20)
FN:184,(anonymous_21)
FN:191,(anonymous_22)
FNF:23
FNH:8
FNDA:30,createTestMemory
FNDA:0,waitFor
FNDA:0,(anonymous_2)
FNDA:0,createTestUserId
FNDA:0,createTestCaseId
FNDA:0,createTestDebateId
FNDA:0,validateMemory
FNDA:0,createTestMemories
FNDA:31,createMockAgentMemoryDB
FNDA:11,(anonymous_9)
FNDA:18,(anonymous_10)
FNDA:0,(anonymous_11)
FNDA:0,(anonymous_12)
FNDA:0,(anonymous_13)
FNDA:5,(anonymous_14)
FNDA:1,(anonymous_15)
FNDA:0,(anonymous_16)
FNDA:1,(anonymous_17)
FNDA:1,(anonymous_18)
FNDA:0,(anonymous_19)
FNDA:0,(anonymous_20)
FNDA:0,(anonymous_21)
FNDA:0,(anonymous_22)
DA:8,5
DA:13,5
DA:14,30
DA:15,30
DA:34,5
DA:35,0
DA:41,5
DA:42,0
DA:48,5
DA:49,0
DA:55,5
DA:56,0
DA:62,5
DA:63,0
DA:76,5
DA:77,0
DA:78,0
DA:79,0
DA:87,0
DA:93,5
DA:94,31
DA:96,31
DA:98,11
DA:103,11
DA:104,11
DA:108,18
DA:109,18
DA:111,0
DA:112,0
DA:114,0
DA:115,0
DA:117,0
DA:118,0
DA:120,0
DA:126,0
DA:127,0
DA:128,0
DA:130,0
DA:134,5
DA:135,5
DA:136,0
DA:137,0
DA:138,0
DA:140,5
DA:144,1
DA:145,1
DA:146,0
DA:147,0
DA:149,0
DA:150,0
DA:152,0
DA:154,1
DA:158,1
DA:159,1
DA:160,0
DA:161,0
DA:163,0
DA:164,0
DA:166,0
DA:167,0
DA:169,1
DA:173,1
DA:174,1
DA:175,0
DA:178,1
DA:182,0
DA:183,0
DA:184,0
DA:185,0
DA:187,0
DA:192,0
LF:71
LH:30
BRDA:64,0,0,0
BRDA:64,0,1,0
BRDA:64,0,2,0
BRDA:64,0,3,0
BRDA:64,0,4,0
BRDA:64,0,5,0
BRDA:83,1,0,0
BRDA:83,1,1,0
BRDA:83,2,0,0
BRDA:83,2,1,0
BRDA:110,3,0,18
BRDA:110,3,1,18
BRDA:111,4,0,0
BRDA:111,4,1,0
BRDA:111,5,0,0
BRDA:111,5,1,0
BRDA:114,6,0,0
BRDA:114,6,1,0
BRDA:114,7,0,0
BRDA:114,7,1,0
BRDA:117,8,0,0
BRDA:117,8,1,0
BRDA:117,9,0,0
BRDA:117,9,1,0
BRDA:127,10,0,0
BRDA:127,10,1,0
BRDA:127,11,0,0
BRDA:127,11,1,0
BRDA:127,12,0,0
BRDA:127,12,1,0
BRDA:135,13,0,0
BRDA:135,13,1,5
BRDA:146,14,0,0
BRDA:146,14,1,0
BRDA:146,15,0,0
BRDA:146,15,1,0
BRDA:149,16,0,0
BRDA:149,16,1,0
BRDA:149,17,0,0
BRDA:149,17,1,0
BRDA:160,18,0,0
BRDA:160,18,1,0
BRDA:160,19,0,0
BRDA:160,19,1,0
BRDA:163,20,0,0
BRDA:163,20,1,0
BRDA:163,21,0,0
BRDA:163,21,1,0
BRDA:174,22,0,0
BRDA:174,22,1,1
BRDA:174,23,0,0
BRDA:174,23,1,1
BRDA:174,24,0,1
BRDA:174,24,1,1
BRDA:183,25,0,0
BRDA:183,25,1,0
BRDA:183,26,0,0
BRDA:183,26,1,0
BRDA:183,27,0,0
BRDA:183,27,1,0
BRDA:185,28,0,0
BRDA:185,28,1,0
BRF:62
BRH:7
end_of_record
TN:
SF:src\lib\agent\memory-agent\compressor.ts
FN:27,(anonymous_0)
FN:32,(anonymous_1)
FN:66,(anonymous_2)
FN:80,(anonymous_3)
FN:109,(anonymous_4)
FN:126,(anonymous_5)
FN:168,(anonymous_6)
FN:185,(anonymous_7)
FN:188,(anonymous_8)
FN:219,(anonymous_9)
FN:225,(anonymous_10)
FN:239,(anonymous_11)
FN:256,(anonymous_12)
FN:266,(anonymous_13)
FNF:14
FNH:12
FNDA:50,(anonymous_0)
FNDA:11,(anonymous_1)
FNDA:0,(anonymous_2)
FNDA:3,(anonymous_3)
FNDA:3,(anonymous_4)
FNDA:2,(anonymous_5)
FNDA:2,(anonymous_6)
FNDA:10,(anonymous_7)
FNDA:27,(anonymous_8)
FNDA:0,(anonymous_9)
FNDA:10,(anonymous_10)
FNDA:8,(anonymous_11)
FNDA:8,(anonymous_12)
FNDA:10,(anonymous_13)
DA:13,3
DA:21,3
DA:26,3
DA:27,50
DA:33,11
DA:35,11
DA:37,11
DA:39,3
DA:40,2
DA:42,2
DA:53,8
DA:56,1
DA:68,0
DA:69,0
DA:71,0
DA:72,0
DA:74,0
DA:81,3
DA:83,3
DA:101,3
DA:103,2
DA:110,3
DA:112,3
DA:127,2
DA:129,2
DA:147,2
DA:150,2
DA:151,2
DA:152,2
DA:153,0
DA:154,0
DA:155,0
DA:158,0
DA:162,2
DA:169,2
DA:171,2
DA:186,10
DA:188,10
DA:193,27
DA:194,90
DA:195,0
DA:205,10
DA:206,9
DA:209,9
DA:212,9
DA:215,9
DA:219,10
DA:229,10
DA:231,10
DA:233,10
DA:242,8
DA:243,8
DA:245,8
DA:257,8
DA:259,0
DA:262,8
DA:264,7
DA:265,7
DA:267,10
DA:269,7
DA:272,1
LF:61
LH:50
BRDA:37,0,0,3
BRDA:37,0,1,8
BRDA:58,1,0,1
BRDA:58,1,1,0
BRDA:68,2,0,0
BRDA:68,2,1,0
BRDA:71,3,0,0
BRDA:71,3,1,0
BRDA:103,4,0,2
BRDA:103,4,1,0
BRDA:103,5,0,0
BRDA:103,5,1,2
BRDA:103,6,0,2
BRDA:103,6,1,2
BRDA:103,7,0,0
BRDA:103,7,1,2
BRDA:103,8,0,2
BRDA:103,8,1,2
BRDA:103,9,0,0
BRDA:103,9,1,2
BRDA:103,10,0,2
BRDA:103,10,1,2
BRDA:150,11,0,2
BRDA:150,11,1,0
BRDA:150,12,0,0
BRDA:150,12,1,2
BRDA:150,13,0,2
BRDA:150,13,1,2
BRDA:150,14,0,0
BRDA:150,14,1,2
BRDA:150,15,0,2
BRDA:150,15,1,2
BRDA:152,16,0,0
BRDA:152,16,1,2
BRDA:155,17,0,0
BRDA:155,17,1,0
BRDA:194,18,0,0
BRDA:194,18,1,90
BRDA:194,19,0,90
BRDA:194,19,1,0
BRDA:205,20,0,9
BRDA:205,20,1,1
BRDA:205,21,0,10
BRDA:205,21,1,10
BRDA:233,22,0,10
BRDA:233,22,1,0
BRDA:257,23,0,0
BRDA:257,23,1,8
BRDA:259,24,0,0
BRDA:259,24,1,0
BRDA:262,25,0,7
BRDA:262,25,1,1
BRDA:262,26,0,8
BRDA:262,26,1,8
BRF:54
BRH:33
end_of_record
TN:
SF:src\lib\agent\memory-agent\error-learner.ts
FN:24,(anonymous_0)
FN:37,(anonymous_1)
FN:101,(anonymous_2)
FN:129,(anonymous_3)
FNF:4
FNH:3
FNDA:28,(anonymous_0)
FNDA:12,(anonymous_1)
FNDA:4,(anonymous_2)
FNDA:0,(anonymous_3)
DA:6,2
DA:11,2
DA:12,2
DA:13,2
DA:19,2
DA:25,28
DA:26,28
DA:27,28
DA:29,28
DA:30,28
DA:31,28
DA:38,12
DA:49,12
DA:50,4
DA:54,8
DA:57,8
DA:64,8
DA:68,8
DA:78,8
DA:87,8
DA:102,4
DA:112,4
DA:114,4
DA:115,3
DA:116,3
DA:117,0
DA:119,3
DA:123,4
DA:130,0
DA:139,0
DA:140,0
DA:143,0
DA:152,0
DA:161,0
LF:34
LH:27
BRDA:49,0,0,4
BRDA:49,0,1,8
BRDA:101,1,0,0
BRDA:139,2,0,0
BRDA:139,2,1,0
BRF:5
BRH:2
end_of_record
TN:
SF:src\lib\agent\memory-agent\memory-agent.ts
FN:92,(anonymous_0)
FN:105,(anonymous_1)
FN:122,(anonymous_2)
FN:139,(anonymous_3)
FN:158,(anonymous_4)
FN:171,(anonymous_5)
FN:177,(anonymous_6)
FN:182,(anonymous_7)
FN:200,(anonymous_8)
FN:207,(anonymous_9)
FN:214,(anonymous_10)
FN:221,(anonymous_11)
FN:234,(anonymous_12)
FN:247,(anonymous_13)
FN:254,(anonymous_14)
FNF:15
FNH:14
FNDA:17,(anonymous_0)
FNDA:5,(anonymous_1)
FNDA:1,(anonymous_2)
FNDA:1,(anonymous_3)
FNDA:2,(anonymous_4)
FNDA:2,(anonymous_5)
FNDA:1,(anonymous_6)
FNDA:0,(anonymous_7)
FNDA:1,(anonymous_8)
FNDA:2,(anonymous_9)
FNDA:1,(anonymous_10)
FNDA:2,(anonymous_11)
FNDA:1,(anonymous_12)
FNDA:1,(anonymous_13)
FNDA:2,(anonymous_14)
DA:68,1
DA:69,1
DA:70,1
DA:71,1
DA:85,1
DA:90,17
DA:93,17
DA:94,17
DA:96,17
DA:97,17
DA:98,17
DA:99,17
DA:106,5
DA:107,1
DA:110,4
DA:113,4
DA:115,4
DA:116,4
DA:123,1
DA:124,0
DA:127,1
DA:130,1
DA:132,1
DA:133,1
DA:145,1
DA:152,0
DA:159,2
DA:161,2
DA:162,1
DA:165,1
DA:176,2
DA:177,2
DA:179,2
DA:181,1
DA:182,1
DA:184,1
DA:185,1
DA:191,0
DA:194,1
DA:201,1
DA:208,2
DA:215,1
DA:224,2
DA:225,1
DA:227,1
DA:241,1
DA:248,1
DA:255,2
DA:256,1
DA:259,1
DA:260,1
DA:261,1
DA:263,0
LF:53
LH:49
BRDA:106,0,0,1
BRDA:106,0,1,4
BRDA:123,1,0,0
BRDA:123,1,1,1
BRDA:161,2,0,1
BRDA:161,2,1,1
BRDA:179,3,0,1
BRDA:179,3,1,1
BRDA:184,4,0,1
BRDA:184,4,1,0
BRDA:224,5,0,1
BRDA:224,5,1,1
BRDA:247,6,0,0
BRDA:255,7,0,1
BRDA:255,7,1,1
BRF:15
BRH:12
end_of_record
TN:
SF:src\lib\agent\memory-agent\memory-manager.ts
FN:26,(anonymous_0)
FN:31,(anonymous_1)
FN:93,(anonymous_2)
FN:117,(anonymous_3)
FN:130,(anonymous_4)
FN:143,(anonymous_5)
FN:165,(anonymous_6)
FN:178,(anonymous_7)
FN:195,(anonymous_8)
FN:214,(anonymous_9)
FN:227,(anonymous_10)
FN:252,(anonymous_11)
FN:262,(anonymous_12)
FN:268,(anonymous_13)
FN:284,(anonymous_14)
FN:302,(anonymous_15)
FN:329,(anonymous_16)
FN:377,(anonymous_17)
FNF:18
FNH:18
FNDA:73,(anonymous_0)
FNDA:16,(anonymous_1)
FNDA:1,(anonymous_2)
FNDA:3,(anonymous_3)
FNDA:4,(anonymous_4)
FNDA:2,(anonymous_5)
FNDA:2,(anonymous_6)
FNDA:1,(anonymous_7)
FNDA:12,(anonymous_8)
FNDA:9,(anonymous_9)
FNDA:18,(anonymous_10)
FNDA:49,(anonymous_11)
FNDA:44,(anonymous_12)
FNDA:2,(anonymous_13)
FNDA:4,(anonymous_14)
FNDA:4,(anonymous_15)
FNDA:3,(anonymous_16)
FNDA:1,(anonymous_17)
DA:15,4
DA:16,4
DA:25,4
DA:26,73
DA:43,16
DA:46,16
DA:49,16
DA:56,16
DA:58,1
DA:69,1
DA:73,15
DA:87,15
DA:101,1
DA:118,3
DA:123,3
DA:124,3
DA:131,4
DA:150,2
DA:166,2
DA:171,2
DA:172,2
DA:179,1
DA:200,12
DA:215,9
DA:220,9
DA:221,9
DA:228,18
DA:230,18
DA:239,18
DA:240,13
DA:244,5
DA:246,5
DA:253,49
DA:262,45
DA:269,2
DA:278,2
DA:285,4
DA:292,4
DA:293,1
DA:296,3
DA:305,4
DA:312,4
DA:313,1
DA:316,3
DA:318,3
DA:337,3
DA:357,3
DA:363,3
DA:381,1
LF:49
LH:49
BRDA:41,0,0,2
BRDA:56,1,0,1
BRDA:56,1,1,15
BRDA:124,2,0,1
BRDA:124,2,1,2
BRDA:124,3,0,3
BRDA:124,3,1,2
BRDA:172,4,0,1
BRDA:172,4,1,1
BRDA:172,5,0,2
BRDA:172,5,1,1
BRDA:221,6,0,8
BRDA:221,6,1,1
BRDA:221,7,0,9
BRDA:221,7,1,1
BRDA:239,8,0,13
BRDA:239,8,1,5
BRDA:292,9,0,1
BRDA:292,9,1,3
BRDA:312,10,0,1
BRDA:312,10,1,3
BRDA:368,11,0,3
BRDA:368,11,1,0
BRF:23
BRH:22
end_of_record
TN:
SF:src\lib\agent\memory-agent\migrator.ts
FN:28,(anonymous_9)
FN:39,(anonymous_10)
FN:85,(anonymous_11)
FN:96,(anonymous_12)
FN:100,(anonymous_13)
FN:110,(anonymous_14)
FN:127,(anonymous_15)
FN:184,(anonymous_16)
FN:238,(anonymous_17)
FN:256,(anonymous_18)
FN:257,(anonymous_19)
FN:275,(anonymous_20)
FN:276,(anonymous_21)
FN:292,(anonymous_22)
FN:372,(anonymous_23)
FN:451,(anonymous_24)
FNF:16
FNH:14
FNDA:42,(anonymous_9)
FNDA:4,(anonymous_10)
FNDA:8,(anonymous_11)
FNDA:0,(anonymous_12)
FNDA:0,(anonymous_13)
FNDA:27,(anonymous_14)
FNDA:5,(anonymous_15)
FNDA:5,(anonymous_16)
FNDA:3,(anonymous_17)
FNDA:15,(anonymous_18)
FNDA:15,(anonymous_19)
FNDA:15,(anonymous_20)
FNDA:15,(anonymous_21)
FNDA:3,(anonymous_22)
FNDA:2,(anonymous_23)
FNDA:12,(anonymous_24)
DA:11,2
DA:12,2
DA:17,2
DA:19,2
DA:24,2
DA:29,42
DA:30,42
DA:52,4
DA:53,4
DA:77,0
DA:86,8
DA:87,1
DA:88,1
DA:91,7
DA:94,7
DA:96,0
DA:100,7
DA:101,0
DA:104,7
DA:111,27
DA:112,4
DA:113,4
DA:116,27
DA:117,4
DA:118,4
DA:121,27
DA:128,5
DA:129,5
DA:130,5
DA:131,5
DA:133,5
DA:136,5
DA:138,4
DA:143,4
DA:145,4
DA:148,4
DA:153,4
DA:154,1
DA:155,1
DA:156,0
DA:158,1
DA:159,1
DA:163,4
DA:165,4
DA:169,1
DA:170,1
DA:173,5
DA:185,5
DA:186,5
DA:187,5
DA:188,5
DA:190,5
DA:192,5
DA:194,4
DA:197,4
DA:199,4
DA:202,4
DA:207,4
DA:208,2
DA:209,2
DA:210,0
DA:212,2
DA:213,2
DA:217,4
DA:219,4
DA:223,1
DA:224,1
DA:227,5
DA:243,3
DA:245,3
DA:246,1
DA:250,2
DA:257,15
DA:258,15
DA:259,1
DA:262,14
DA:264,14
DA:268,14
DA:276,15
DA:277,15
DA:278,1
DA:281,14
DA:282,14
DA:296,3
DA:298,3
DA:300,3
DA:304,3
DA:305,1
DA:311,2
DA:312,1
DA:316,2
DA:317,1
DA:326,0
DA:340,1
DA:341,1
DA:353,2
DA:365,2
DA:373,2
DA:375,2
DA:377,2
DA:379,2
DA:380,0
DA:386,2
DA:389,2
DA:397,2
DA:404,0
DA:410,0
DA:424,0
DA:425,0
DA:437,2
DA:444,2
DA:458,12
DA:464,11
DA:466,11
DA:468,11
LF:115
LH:104
BRDA:58,0,0,2
BRDA:58,0,1,2
BRDA:86,1,0,1
BRDA:86,1,1,7
BRDA:111,2,0,4
BRDA:111,2,1,23
BRDA:116,3,0,4
BRDA:116,3,1,23
BRDA:245,4,0,1
BRDA:245,4,1,2
BRDA:258,5,0,1
BRDA:258,5,1,14
BRDA:264,6,0,14
BRDA:264,6,1,12
BRDA:264,6,2,11
BRDA:277,7,0,1
BRDA:277,7,1,14
BRDA:283,8,0,14
BRDA:283,8,1,14
BRDA:304,9,0,1
BRDA:304,9,1,2
BRDA:311,10,0,1
BRDA:311,10,1,1
BRDA:316,11,0,1
BRDA:316,11,1,1
BRDA:320,12,0,1
BRDA:320,12,1,0
BRDA:322,13,0,1
BRDA:322,13,1,0
BRDA:355,14,0,2
BRDA:355,14,1,0
BRDA:362,15,0,2
BRDA:362,15,1,0
BRDA:379,16,0,0
BRDA:379,16,1,2
BRDA:381,17,0,0
BRDA:381,17,1,0
BRDA:406,18,0,0
BRDA:406,18,1,0
BRDA:442,19,0,2
BRDA:442,19,1,0
BRF:41
BRH:31
end_of_record
TN:
SF:src\lib\agent\memory-agent\error-learner\ai-helpers.ts
FN:15,(anonymous_0)
FN:20,(anonymous_1)
FN:36,(anonymous_2)
FN:69,(anonymous_3)
FN:111,(anonymous_4)
FN:130,(anonymous_5)
FN:169,(anonymous_6)
FN:170,(anonymous_7)
FNF:8
FNH:3
FNDA:28,(anonymous_0)
FNDA:8,(anonymous_1)
FNDA:0,(anonymous_2)
FNDA:8,(anonymous_3)
FNDA:0,(anonymous_4)
FNDA:0,(anonymous_5)
FNDA:0,(anonymous_6)
FNDA:0,(anonymous_7)
DA:6,2
DA:14,2
DA:15,28
DA:28,8
DA:36,0
DA:44,8
DA:61,8
DA:63,8
DA:72,8
DA:84,8
DA:102,8
DA:105,8
DA:106,8
DA:107,8
DA:108,0
DA:109,0
DA:110,0
DA:111,0
DA:120,0
DA:124,8
DA:138,0
DA:147,0
DA:164,0
DA:166,0
DA:167,0
DA:169,0
DA:170,0
LF:27
LH:14
BRDA:63,0,0,8
BRDA:63,0,1,0
BRDA:63,1,0,0
BRDA:63,1,1,8
BRDA:63,2,0,8
BRDA:63,2,1,8
BRDA:63,3,0,0
BRDA:63,3,1,8
BRDA:63,4,0,8
BRDA:63,4,1,8
BRDA:63,5,0,0
BRDA:63,5,1,8
BRDA:63,6,0,8
BRDA:63,6,1,8
BRDA:105,7,0,8
BRDA:105,7,1,0
BRDA:105,8,0,0
BRDA:105,8,1,8
BRDA:105,9,0,8
BRDA:105,9,1,8
BRDA:105,10,0,0
BRDA:105,10,1,8
BRDA:105,11,0,8
BRDA:105,11,1,8
BRDA:107,12,0,0
BRDA:107,12,1,8
BRDA:110,13,0,0
BRDA:110,13,1,0
BRDA:113,14,0,0
BRDA:113,14,1,0
BRDA:114,15,0,0
BRDA:114,15,1,0
BRDA:115,16,0,0
BRDA:115,16,1,0
BRDA:166,17,0,0
BRDA:166,17,1,0
BRDA:166,18,0,0
BRDA:166,18,1,0
BRDA:166,19,0,0
BRDA:166,19,1,0
BRDA:166,20,0,0
BRDA:166,20,1,0
BRDA:166,21,0,0
BRDA:166,21,1,0
BRF:44
BRH:18
end_of_record
TN:
SF:src\lib\agent\memory-agent\error-learner\analyzer.ts
FN:17,(anonymous_0)
FN:25,(anonymous_1)
FN:59,(anonymous_2)
FN:71,(anonymous_3)
FN:80,(anonymous_4)
FN:107,(anonymous_5)
FN:108,(anonymous_6)
FN:115,(anonymous_7)
FNF:8
FNH:4
FNDA:28,(anonymous_0)
FNDA:8,(anonymous_1)
FNDA:8,(anonymous_2)
FNDA:0,(anonymous_3)
FNDA:0,(anonymous_4)
FNDA:0,(anonymous_5)
FNDA:0,(anonymous_6)
FNDA:8,(anonymous_7)
DA:6,2
DA:16,2
DA:18,28
DA:19,28
DA:33,8
DA:39,8
DA:42,8
DA:45,8
DA:47,8
DA:60,8
DA:71,8
DA:74,8
DA:75,8
DA:78,0
DA:80,0
DA:84,0
DA:102,0
DA:104,0
DA:105,0
DA:107,0
DA:108,0
DA:122,8
DA:134,8
DA:151,8
DA:153,8
LF:25
LH:17
BRDA:74,0,0,8
BRDA:74,0,1,0
BRDA:104,1,0,0
BRDA:104,1,1,0
BRDA:104,2,0,0
BRDA:104,2,1,0
BRDA:104,3,0,0
BRDA:104,3,1,0
BRDA:104,4,0,0
BRDA:104,4,1,0
BRDA:104,5,0,0
BRDA:104,5,1,0
BRDA:153,6,0,8
BRDA:153,6,1,0
BRDA:153,7,0,0
BRDA:153,7,1,8
BRDA:153,8,0,8
BRDA:153,8,1,8
BRDA:153,9,0,0
BRDA:153,9,1,8
BRDA:153,10,0,8
BRDA:153,10,1,8
BRDA:153,11,0,0
BRDA:153,11,1,8
BRDA:153,12,0,8
BRDA:153,12,1,8
BRF:26
BRH:11
end_of_record
TN:
SF:src\lib\agent\memory-agent\error-learner\knowledge-base.ts
FN:13,(anonymous_0)
FN:18,(anonymous_1)
FNF:2
FNH:2
FNDA:28,(anonymous_0)
FNDA:8,(anonymous_1)
DA:12,2
DA:13,28
DA:23,8
DA:24,8
DA:27,8
DA:29,8
DA:33,8
DA:44,8
DA:50,7
DA:52,1
DA:53,1
LF:11
LH:11
BRDA:38,0,0,0
BRDA:38,0,1,8
BRDA:38,1,0,8
BRDA:38,1,1,0
BRDA:38,2,0,8
BRDA:38,2,1,8
BRDA:47,3,0,8
BRDA:47,3,1,8
BRF:8
BRH:6
end_of_record
TN:
SF:src\lib\agent\memory-agent\memory-manager\config.ts
FNF:0
FNH:0
DA:9,4
DA:18,4
DA:23,4
LF:3
LH:3
BRF:0
BRH:0
end_of_record
TN:
SF:src\lib\agent\memory-agent\memory-manager\helpers.ts
FN:14,trackAccess
FN:30,toMemoryEntity
FN:51,calculateExpiry
FNF:3
FNH:3
FNDA:5,trackAccess
FNDA:71,toMemoryEntity
FNDA:16,calculateExpiry
DA:8,4
DA:14,4
DA:18,5
DA:30,4
DA:33,71
DA:51,4
DA:55,16
DA:56,12
DA:59,4
DA:60,4
DA:61,4
LF:11
LH:11
BRDA:41,0,0,66
BRDA:41,0,1,4
BRDA:43,1,0,66
BRDA:43,1,1,66
BRDA:55,2,0,12
BRDA:55,2,1,4
BRDA:60,3,0,4
BRDA:60,3,1,4
BRF:8
BRH:8
end_of_record
TN:
SF:src\lib\agent\memory-agent\migrator\config.ts
FNF:0
FNH:0
DA:9,2
DA:19,2
LF:2
LH:2
BRF:0
BRH:0
end_of_record
