TN:
SF:src\lib\agent\base-agent.ts
FN:65,(anonymous_0)
FN:436,(anonymous_1)
FN:101,(anonymous_2)
FN:112,(anonymous_3)
FN:120,(anonymous_4)
FN:127,(anonymous_5)
FN:142,(anonymous_6)
FN:183,(anonymous_7)
FN:219,(anonymous_8)
FN:285,(anonymous_9)
FN:305,(anonymous_10)
FN:336,(anonymous_11)
FN:354,(anonymous_12)
FN:361,(anonymous_13)
FN:369,(anonymous_14)
FN:383,(anonymous_15)
FN:395,(anonymous_16)
FN:412,(anonymous_17)
FN:464,(anonymous_18)
FNF:19
FNH:8
FNDA:31,(anonymous_0)
FNDA:26,(anonymous_1)
FNDA:0,(anonymous_2)
FNDA:0,(anonymous_3)
FNDA:0,(anonymous_4)
FNDA:0,(anonymous_5)
FNDA:86,(anonymous_6)
FNDA:12,(anonymous_7)
FNDA:12,(anonymous_8)
FNDA:26,(anonymous_9)
FNDA:0,(anonymous_10)
FNDA:0,(anonymous_11)
FNDA:0,(anonymous_12)
FNDA:0,(anonymous_13)
FNDA:12,(anonymous_14)
FNDA:12,(anonymous_15)
FNDA:0,(anonymous_16)
FNDA:0,(anonymous_17)
FNDA:0,(anonymous_18)
DA:10,6
DA:17,6
DA:27,6
DA:31,6
DA:32,6
DA:38,6
DA:46,31
DA:48,31
DA:53,31
DA:56,31
DA:70,31
DA:71,31
DA:74,31
DA:75,31
DA:76,31
DA:77,31
DA:81,31
DA:102,0
DA:113,0
DA:114,0
DA:121,0
DA:128,0
DA:129,0
DA:143,86
DA:145,86
DA:147,86
DA:148,86
DA:149,74
DA:156,74
DA:164,12
DA:165,12
DA:172,12
DA:179,12
DA:181,12
DA:183,12
DA:188,12
DA:191,12
DA:192,2
DA:199,0
DA:202,12
DA:205,12
DA:208,12
DA:220,12
DA:226,12
DA:227,12
DA:229,12
DA:230,0
DA:231,0
DA:234,12
DA:235,12
DA:236,2
DA:239,2
DA:242,10
DA:246,10
DA:251,12
DA:252,12
DA:257,12
DA:259,0
DA:262,0
DA:265,0
DA:267,0
DA:268,0
DA:274,0
DA:291,26
DA:299,26
DA:306,0
DA:307,0
DA:308,0
DA:319,0
DA:323,0
DA:337,0
DA:339,0
DA:340,0
DA:341,0
DA:342,0
DA:343,0
DA:344,0
DA:345,0
DA:346,0
DA:348,0
DA:355,0
DA:361,0
DA:362,0
DA:370,12
DA:371,12
DA:373,12
DA:374,12
DA:376,0
DA:384,12
DA:385,12
DA:386,12
DA:387,0
DA:389,12
DA:396,0
DA:397,0
DA:405,0
DA:414,0
DA:436,31
DA:437,26
DA:438,26
DA:439,26
DA:441,26
DA:442,26
DA:445,24
DA:446,24
DA:448,2
DA:449,2
DA:451,0
DA:452,0
DA:465,0
LF:110
LH:68
BRDA:441,0,0,26
BRDA:441,0,1,0
BRDA:442,1,0,0
BRDA:442,1,1,24
BRDA:442,1,2,2
BRDA:442,1,3,0
BRDA:445,2,0,24
BRDA:445,2,1,0
BRDA:448,3,0,2
BRDA:448,3,1,0
BRDA:451,4,0,0
BRDA:451,4,1,0
BRDA:451,4,2,0
BRDA:70,5,0,31
BRDA:70,5,1,31
BRDA:74,6,0,31
BRDA:74,6,1,0
BRDA:148,7,0,74
BRDA:148,7,1,12
BRDA:179,8,0,12
BRDA:179,8,1,0
BRDA:179,9,0,12
BRDA:179,9,1,12
BRDA:191,10,0,2
BRDA:191,10,1,10
BRDA:212,11,0,0
BRDA:212,11,1,12
BRDA:212,12,0,12
BRDA:212,12,1,12
BRDA:212,12,2,12
BRDA:223,13,0,12
BRDA:223,13,1,12
BRDA:223,13,2,12
BRDA:226,14,0,0
BRDA:226,14,1,12
BRDA:226,15,0,12
BRDA:226,15,1,12
BRDA:229,16,0,0
BRDA:229,16,1,12
BRDA:229,17,0,12
BRDA:229,17,1,12
BRDA:235,18,0,2
BRDA:235,18,1,10
BRDA:306,19,0,0
BRDA:306,19,1,0
BRDA:306,20,0,0
BRDA:306,20,1,0
BRDA:306,20,2,0
BRDA:310,21,0,0
BRDA:310,21,1,0
BRDA:319,22,0,0
BRDA:319,22,1,0
BRDA:319,23,0,0
BRDA:319,23,1,0
BRDA:319,23,2,0
BRDA:339,24,0,0
BRDA:339,24,1,0
BRDA:340,25,0,0
BRDA:340,25,1,0
BRDA:341,26,0,0
BRDA:341,26,1,0
BRDA:343,27,0,0
BRDA:343,27,1,0
BRDA:345,28,0,0
BRDA:345,28,1,0
BRDA:373,29,0,12
BRDA:373,29,1,0
BRDA:386,30,0,0
BRDA:386,30,1,12
BRDA:387,31,0,0
BRDA:387,31,1,0
BRDA:389,32,0,12
BRDA:389,32,1,0
BRDA:396,33,0,0
BRDA:396,33,1,0
BRDA:474,34,0,0
BRDA:474,34,1,0
BRDA:478,35,0,0
BRDA:478,35,1,0
BRDA:484,36,0,0
BRDA:484,36,1,0
BRDA:484,37,0,0
BRDA:484,37,1,0
BRF:83
BRH:33
end_of_record
TN:
SF:src\lib\agent\di-container.ts
FN:52,(anonymous_0)
FN:59,(anonymous_1)
FN:68,(anonymous_2)
FN:84,(anonymous_3)
FN:100,(anonymous_4)
FN:110,(anonymous_5)
FN:146,(anonymous_6)
FN:157,(anonymous_7)
FN:164,(anonymous_8)
FN:181,(anonymous_9)
FN:192,(anonymous_10)
FN:225,(anonymous_11)
FN:251,(anonymous_12)
FN:277,(anonymous_13)
FN:303,(anonymous_14)
FN:317,(anonymous_15)
FN:325,(anonymous_16)
FN:343,(anonymous_17)
FNF:18
FNH:0
FNDA:0,(anonymous_0)
FNDA:0,(anonymous_1)
FNDA:0,(anonymous_2)
FNDA:0,(anonymous_3)
FNDA:0,(anonymous_4)
FNDA:0,(anonymous_5)
FNDA:0,(anonymous_6)
FNDA:0,(anonymous_7)
FNDA:0,(anonymous_8)
FNDA:0,(anonymous_9)
FNDA:0,(anonymous_10)
FNDA:0,(anonymous_11)
FNDA:0,(anonymous_12)
FNDA:0,(anonymous_13)
FNDA:0,(anonymous_14)
FNDA:0,(anonymous_15)
FNDA:0,(anonymous_16)
FNDA:0,(anonymous_17)
DA:46,0
DA:47,0
DA:48,0
DA:53,0
DA:54,0
DA:56,0
DA:73,0
DA:89,0
DA:104,0
DA:111,0
DA:112,0
DA:113,0
DA:117,0
DA:118,0
DA:124,0
DA:125,0
DA:126,0
DA:127,0
DA:132,0
DA:136,0
DA:137,0
DA:140,0
DA:147,0
DA:148,0
DA:150,0
DA:158,0
DA:165,0
DA:166,0
DA:173,0
DA:175,0
DA:182,0
DA:196,0
DA:199,0
DA:202,0
DA:205,0
DA:206,0
DA:207,0
DA:212,0
DA:216,0
DA:219,0
DA:226,0
DA:229,0
DA:230,0
DA:234,0
DA:235,0
DA:236,0
DA:237,0
DA:241,0
DA:255,0
DA:256,0
DA:258,0
DA:259,0
DA:260,0
DA:261,0
DA:263,0
DA:267,0
DA:268,0
DA:271,0
DA:279,0
DA:280,0
DA:288,0
DA:292,0
DA:293,0
DA:316,0
DA:317,0
DA:324,0
DA:325,0
DA:333,0
DA:348,0
DA:350,0
DA:351,0
DA:352,0
DA:356,0
DA:368,0
DA:374,0
LF:75
LH:0
BRDA:53,0,0,0
BRDA:53,0,1,0
BRDA:71,1,0,0
BRDA:87,2,0,0
BRDA:112,3,0,0
BRDA:112,3,1,0
BRDA:117,4,0,0
BRDA:117,4,1,0
BRDA:117,5,0,0
BRDA:117,5,1,0
BRDA:124,6,0,0
BRDA:124,6,1,0
BRDA:126,7,0,0
BRDA:126,7,1,0
BRDA:128,8,0,0
BRDA:128,8,1,0
BRDA:136,9,0,0
BRDA:136,9,1,0
BRDA:166,10,0,0
BRDA:166,10,1,0
BRDA:167,11,0,0
BRDA:167,11,1,0
BRDA:167,11,2,0
BRDA:167,11,3,0
BRDA:167,11,4,0
BRDA:167,12,0,0
BRDA:167,12,1,0
BRDA:167,13,0,0
BRDA:167,13,1,0
BRDA:196,14,0,0
BRDA:196,14,1,0
BRDA:205,15,0,0
BRDA:205,15,1,0
BRDA:206,16,0,0
BRDA:206,16,1,0
BRDA:212,17,0,0
BRDA:212,17,1,0
BRDA:213,18,0,0
BRDA:213,18,1,0
BRDA:229,19,0,0
BRDA:229,19,1,0
BRDA:234,20,0,0
BRDA:234,20,1,0
BRDA:267,21,0,0
BRDA:267,21,1,0
BRDA:280,22,0,0
BRDA:280,22,1,0
BRDA:281,23,0,0
BRDA:281,23,1,0
BRDA:281,23,2,0
BRDA:281,23,3,0
BRDA:281,23,4,0
BRDA:281,23,5,0
BRDA:328,24,0,0
BRDA:328,24,1,0
BRDA:329,25,0,0
BRDA:329,25,1,0
BRDA:351,26,0,0
BRDA:351,26,1,0
BRF:59
BRH:0
end_of_record
TN:
SF:src\lib\agent\init-agents.ts
FN:9,initAgents
FN:41,getDocAnalyzerAgent
FN:52,cleanupAgents
FNF:3
FNH:0
FNDA:0,initAgents
FNDA:0,getDocAnalyzerAgent
FNDA:0,cleanupAgents
DA:3,0
DA:4,0
DA:9,0
DA:10,0
DA:12,0
DA:13,0
DA:14,0
DA:15,0
DA:17,0
DA:21,0
DA:22,0
DA:30,0
DA:31,0
DA:33,0
DA:34,0
DA:41,0
DA:42,0
DA:43,0
DA:44,0
DA:46,0
DA:52,0
DA:53,0
DA:54,0
DA:56,0
DA:57,0
DA:58,0
DA:59,0
DA:62,0
DA:67,0
DA:68,0
DA:70,0
DA:71,0
LF:32
LH:0
BRDA:43,0,0,0
BRDA:43,0,1,0
BRDA:58,1,0,0
BRDA:58,1,1,0
BRF:4
BRH:0
end_of_record
TN:
SF:src\lib\agent\manager.ts
FN:120,(anonymous_0)
FN:165,(anonymous_1)
FN:206,(anonymous_2)
FN:225,(anonymous_3)
FN:237,(anonymous_4)
FN:244,(anonymous_5)
FN:251,(anonymous_6)
FN:258,(anonymous_7)
FN:291,(anonymous_8)
FN:302,(anonymous_9)
FN:332,(anonymous_10)
FN:339,(anonymous_11)
FN:364,(anonymous_12)
FN:375,(anonymous_13)
FN:385,(anonymous_14)
FN:409,(anonymous_15)
FN:436,(anonymous_16)
FN:455,(anonymous_17)
FN:470,(anonymous_18)
FN:558,(anonymous_19)
FN:565,(anonymous_20)
FN:566,(anonymous_21)
FN:587,(anonymous_22)
FN:606,(anonymous_23)
FN:621,(anonymous_24)
FN:636,(anonymous_25)
FN:643,(anonymous_26)
FN:660,(anonymous_27)
FN:684,(anonymous_28)
FN:702,(anonymous_29)
FN:709,(anonymous_30)
FN:717,(anonymous_31)
FN:746,(anonymous_32)
FN:747,(anonymous_33)
FNF:34
FNH:0
FNDA:0,(anonymous_0)
FNDA:0,(anonymous_1)
FNDA:0,(anonymous_2)
FNDA:0,(anonymous_3)
FNDA:0,(anonymous_4)
FNDA:0,(anonymous_5)
FNDA:0,(anonymous_6)
FNDA:0,(anonymous_7)
FNDA:0,(anonymous_8)
FNDA:0,(anonymous_9)
FNDA:0,(anonymous_10)
FNDA:0,(anonymous_11)
FNDA:0,(anonymous_12)
FNDA:0,(anonymous_13)
FNDA:0,(anonymous_14)
FNDA:0,(anonymous_15)
FNDA:0,(anonymous_16)
FNDA:0,(anonymous_17)
FNDA:0,(anonymous_18)
FNDA:0,(anonymous_19)
FNDA:0,(anonymous_20)
FNDA:0,(anonymous_21)
FNDA:0,(anonymous_22)
FNDA:0,(anonymous_23)
FNDA:0,(anonymous_24)
FNDA:0,(anonymous_25)
FNDA:0,(anonymous_26)
FNDA:0,(anonymous_27)
FNDA:0,(anonymous_28)
FNDA:0,(anonymous_29)
FNDA:0,(anonymous_30)
FNDA:0,(anonymous_31)
FNDA:0,(anonymous_32)
FNDA:0,(anonymous_33)
DA:10,0
DA:12,0
DA:14,0
DA:16,0
DA:110,0
DA:112,0
DA:113,0
DA:114,0
DA:118,0
DA:121,0
DA:123,0
DA:136,0
DA:151,0
DA:153,0
DA:154,0
DA:177,0
DA:178,0
DA:181,0
DA:193,0
DA:194,0
DA:195,0
DA:196,0
DA:201,0
DA:206,0
DA:207,0
DA:217,0
DA:218,0
DA:237,0
DA:238,0
DA:241,0
DA:244,0
DA:245,0
DA:246,0
DA:247,0
DA:250,0
DA:251,0
DA:262,0
DA:265,0
DA:267,0
DA:268,0
DA:269,0
DA:270,0
DA:274,0
DA:275,0
DA:280,0
DA:283,0
DA:284,0
DA:289,0
DA:291,0
DA:292,0
DA:293,0
DA:294,0
DA:297,0
DA:298,0
DA:301,0
DA:302,0
DA:303,0
DA:304,0
DA:307,0
DA:322,0
DA:333,0
DA:340,0
DA:341,0
DA:346,0
DA:349,0
DA:350,0
DA:352,0
DA:354,0
DA:358,0
DA:365,0
DA:376,0
DA:377,0
DA:379,0
DA:386,0
DA:411,0
DA:412,0
DA:413,0
DA:418,0
DA:421,0
DA:422,0
DA:423,0
DA:426,0
DA:438,0
DA:440,0
DA:441,0
DA:444,0
DA:445,0
DA:449,0
DA:456,0
DA:460,0
DA:461,0
DA:462,0
DA:471,0
DA:474,0
DA:481,0
DA:482,0
DA:487,0
DA:489,0
DA:491,0
DA:492,0
DA:496,0
DA:497,0
DA:498,0
DA:502,0
DA:505,0
DA:506,0
DA:507,0
DA:511,0
DA:512,0
DA:516,0
DA:517,0
DA:518,0
DA:520,0
DA:521,0
DA:523,0
DA:526,0
DA:527,0
DA:528,0
DA:529,0
DA:530,0
DA:534,0
DA:535,0
DA:536,0
DA:538,0
DA:539,0
DA:545,0
DA:548,0
DA:551,0
DA:562,0
DA:564,0
DA:565,0
DA:566,0
DA:567,0
DA:573,0
DA:577,0
DA:591,0
DA:592,0
DA:594,0
DA:595,0
DA:596,0
DA:599,0
DA:600,0
DA:611,0
DA:612,0
DA:622,0
DA:637,0
DA:647,0
DA:654,0
DA:661,0
DA:662,0
DA:663,0
DA:672,0
DA:673,0
DA:685,0
DA:687,0
DA:688,0
DA:689,0
DA:690,0
DA:691,0
DA:692,0
DA:693,0
DA:694,0
DA:696,0
DA:703,0
DA:709,0
DA:710,0
DA:721,0
DA:722,0
DA:723,0
DA:725,0
DA:726,0
DA:730,0
DA:732,0
DA:733,0
DA:735,0
DA:736,0
DA:738,0
DA:739,0
DA:747,0
DA:748,0
DA:760,0
LF:181
LH:0
BRDA:120,0,0,0
BRDA:153,1,0,0
BRDA:153,1,1,0
BRDA:168,2,0,0
BRDA:169,3,0,0
BRDA:178,4,0,0
BRDA:178,4,1,0
BRDA:193,5,0,0
BRDA:193,5,1,0
BRDA:193,6,0,0
BRDA:193,6,1,0
BRDA:195,7,0,0
BRDA:195,7,1,0
BRDA:238,8,0,0
BRDA:238,8,1,0
BRDA:245,9,0,0
BRDA:245,9,1,0
BRDA:247,10,0,0
BRDA:247,10,1,0
BRDA:247,11,0,0
BRDA:247,11,1,0
BRDA:247,12,0,0
BRDA:247,12,1,0
BRDA:265,13,0,0
BRDA:265,13,1,0
BRDA:269,14,0,0
BRDA:269,14,1,0
BRDA:283,15,0,0
BRDA:283,15,1,0
BRDA:283,16,0,0
BRDA:283,16,1,0
BRDA:289,17,0,0
BRDA:289,17,1,0
BRDA:293,18,0,0
BRDA:293,18,1,0
BRDA:303,19,0,0
BRDA:303,19,1,0
BRDA:312,20,0,0
BRDA:312,20,1,0
BRDA:312,21,0,0
BRDA:312,21,1,0
BRDA:312,22,0,0
BRDA:312,22,1,0
BRDA:341,23,0,0
BRDA:341,23,1,0
BRDA:342,24,0,0
BRDA:342,24,1,0
BRDA:342,24,2,0
BRDA:412,25,0,0
BRDA:412,25,1,0
BRDA:421,26,0,0
BRDA:421,26,1,0
BRDA:441,27,0,0
BRDA:441,27,1,0
BRDA:457,28,0,0
BRDA:457,28,1,0
BRDA:461,29,0,0
BRDA:461,29,1,0
BRDA:491,30,0,0
BRDA:491,30,1,0
BRDA:497,31,0,0
BRDA:497,31,1,0
BRDA:506,32,0,0
BRDA:506,32,1,0
BRDA:506,33,0,0
BRDA:506,33,1,0
BRDA:511,34,0,0
BRDA:511,34,1,0
BRDA:511,35,0,0
BRDA:511,35,1,0
BRDA:526,36,0,0
BRDA:526,36,1,0
BRDA:562,37,0,0
BRDA:562,37,1,0
BRDA:562,38,0,0
BRDA:562,38,1,0
BRDA:562,39,0,0
BRDA:562,39,1,0
BRDA:594,40,0,0
BRDA:594,40,1,0
BRDA:594,41,0,0
BRDA:594,41,1,0
BRDA:661,42,0,0
BRDA:661,42,1,0
BRDA:661,43,0,0
BRDA:661,43,1,0
BRDA:661,43,2,0
BRDA:665,44,0,0
BRDA:665,44,1,0
BRDA:675,45,0,0
BRDA:675,45,1,0
BRDA:675,46,0,0
BRDA:675,46,1,0
BRDA:675,47,0,0
BRDA:675,47,1,0
BRDA:687,48,0,0
BRDA:687,48,1,0
BRDA:688,49,0,0
BRDA:688,49,1,0
BRDA:689,50,0,0
BRDA:689,50,1,0
BRDA:691,51,0,0
BRDA:691,51,1,0
BRDA:693,52,0,0
BRDA:693,52,1,0
BRDA:725,53,0,0
BRDA:725,53,1,0
BRDA:730,54,0,0
BRDA:730,54,1,0
BRDA:730,54,2,0
BRF:110
BRH:0
end_of_record
TN:
SF:src\lib\agent\registry.ts
FN:94,(anonymous_0)
FN:101,(anonymous_1)
FN:103,(anonymous_2)
FN:118,(anonymous_3)
FN:169,(anonymous_4)
FN:191,(anonymous_5)
FN:205,(anonymous_6)
FN:227,(anonymous_7)
FN:252,(anonymous_8)
FN:281,(anonymous_9)
FN:289,(anonymous_10)
FN:296,(anonymous_11)
FN:304,(anonymous_12)
FN:307,(anonymous_13)
FN:308,(anonymous_14)
FN:314,(anonymous_15)
FN:321,(anonymous_16)
FN:334,(anonymous_17)
FN:341,(anonymous_18)
FN:352,(anonymous_19)
FN:359,(anonymous_20)
FN:367,(anonymous_21)
FN:401,(anonymous_22)
FN:410,(anonymous_23)
FN:422,(anonymous_24)
FN:440,(anonymous_25)
FN:464,(anonymous_26)
FN:479,(anonymous_27)
FN:491,(anonymous_28)
FN:515,(anonymous_29)
FN:541,(anonymous_30)
FN:561,(anonymous_31)
FN:588,(anonymous_32)
FN:593,(anonymous_33)
FN:594,(anonymous_34)
FN:602,(anonymous_35)
FN:603,(anonymous_36)
FN:611,(anonymous_37)
FN:618,(anonymous_38)
FN:642,(anonymous_39)
FN:646,(anonymous_40)
FN:653,(anonymous_41)
FN:657,(anonymous_42)
FN:682,(anonymous_43)
FN:683,(anonymous_44)
FN:689,(anonymous_45)
FN:700,(anonymous_46)
FN:726,(anonymous_47)
FN:735,(anonymous_48)
FN:747,(anonymous_49)
FN:759,(anonymous_50)
FN:774,(anonymous_51)
FN:808,(anonymous_52)
FN:839,(anonymous_53)
FN:844,(anonymous_54)
FN:886,(anonymous_55)
FN:947,(anonymous_56)
FN:984,(anonymous_57)
FNF:58
FNH:0
FNDA:0,(anonymous_0)
FNDA:0,(anonymous_1)
FNDA:0,(anonymous_2)
FNDA:0,(anonymous_3)
FNDA:0,(anonymous_4)
FNDA:0,(anonymous_5)
FNDA:0,(anonymous_6)
FNDA:0,(anonymous_7)
FNDA:0,(anonymous_8)
FNDA:0,(anonymous_9)
FNDA:0,(anonymous_10)
FNDA:0,(anonymous_11)
FNDA:0,(anonymous_12)
FNDA:0,(anonymous_13)
FNDA:0,(anonymous_14)
FNDA:0,(anonymous_15)
FNDA:0,(anonymous_16)
FNDA:0,(anonymous_17)
FNDA:0,(anonymous_18)
FNDA:0,(anonymous_19)
FNDA:0,(anonymous_20)
FNDA:0,(anonymous_21)
FNDA:0,(anonymous_22)
FNDA:0,(anonymous_23)
FNDA:0,(anonymous_24)
FNDA:0,(anonymous_25)
FNDA:0,(anonymous_26)
FNDA:0,(anonymous_27)
FNDA:0,(anonymous_28)
FNDA:0,(anonymous_29)
FNDA:0,(anonymous_30)
FNDA:0,(anonymous_31)
FNDA:0,(anonymous_32)
FNDA:0,(anonymous_33)
FNDA:0,(anonymous_34)
FNDA:0,(anonymous_35)
FNDA:0,(anonymous_36)
FNDA:0,(anonymous_37)
FNDA:0,(anonymous_38)
FNDA:0,(anonymous_39)
FNDA:0,(anonymous_40)
FNDA:0,(anonymous_41)
FNDA:0,(anonymous_42)
FNDA:0,(anonymous_43)
FNDA:0,(anonymous_44)
FNDA:0,(anonymous_45)
FNDA:0,(anonymous_46)
FNDA:0,(anonymous_47)
FNDA:0,(anonymous_48)
FNDA:0,(anonymous_49)
FNDA:0,(anonymous_50)
FNDA:0,(anonymous_51)
FNDA:0,(anonymous_52)
FNDA:0,(anonymous_53)
FNDA:0,(anonymous_54)
FNDA:0,(anonymous_55)
FNDA:0,(anonymous_56)
FNDA:0,(anonymous_57)
DA:11,0
DA:21,0
DA:28,0
DA:84,0
DA:85,0
DA:86,0
DA:87,0
DA:88,0
DA:89,0
DA:95,0
DA:96,0
DA:98,0
DA:103,0
DA:104,0
DA:108,0
DA:119,0
DA:120,0
DA:121,0
DA:127,0
DA:128,0
DA:141,0
DA:149,0
DA:150,0
DA:151,0
DA:152,0
DA:157,0
DA:160,0
DA:164,0
DA:165,0
DA:167,0
DA:168,0
DA:169,0
DA:171,0
DA:172,0
DA:174,0
DA:178,0
DA:185,0
DA:192,0
DA:193,0
DA:194,0
DA:197,0
DA:200,0
DA:203,0
DA:204,0
DA:205,0
DA:206,0
DA:207,0
DA:209,0
DA:210,0
DA:215,0
DA:221,0
DA:228,0
DA:229,0
DA:230,0
DA:233,0
DA:234,0
DA:237,0
DA:238,0
DA:246,0
DA:253,0
DA:254,0
DA:255,0
DA:258,0
DA:259,0
DA:262,0
DA:263,0
DA:271,0
DA:282,0
DA:283,0
DA:290,0
DA:297,0
DA:298,0
DA:305,0
DA:306,0
DA:307,0
DA:308,0
DA:315,0
DA:322,0
DA:323,0
DA:324,0
DA:325,0
DA:328,0
DA:335,0
DA:342,0
DA:343,0
DA:344,0
DA:346,0
DA:353,0
DA:360,0
DA:361,0
DA:373,0
DA:380,0
DA:381,0
DA:382,0
DA:384,0
DA:387,0
DA:388,0
DA:391,0
DA:402,0
DA:403,0
DA:404,0
DA:411,0
DA:412,0
DA:413,0
DA:414,0
DA:415,0
DA:423,0
DA:424,0
DA:425,0
DA:426,0
DA:428,0
DA:441,0
DA:442,0
DA:444,0
DA:445,0
DA:446,0
DA:447,0
DA:450,0
DA:454,0
DA:455,0
DA:458,0
DA:465,0
DA:467,0
DA:468,0
DA:469,0
DA:473,0
DA:480,0
DA:481,0
DA:492,0
DA:494,0
DA:495,0
DA:496,0
DA:497,0
DA:500,0
DA:501,0
DA:504,0
DA:505,0
DA:509,0
DA:521,0
DA:522,0
DA:523,0
DA:526,0
DA:546,0
DA:548,0
DA:551,0
DA:553,0
DA:554,0
DA:565,0
DA:566,0
DA:568,0
DA:569,0
DA:570,0
DA:571,0
DA:574,0
DA:578,0
DA:579,0
DA:582,0
DA:589,0
DA:592,0
DA:593,0
DA:594,0
DA:595,0
DA:601,0
DA:602,0
DA:603,0
DA:604,0
DA:610,0
DA:611,0
DA:612,0
DA:617,0
DA:618,0
DA:619,0
DA:621,0
DA:622,0
DA:623,0
DA:627,0
DA:631,0
DA:632,0
DA:636,0
DA:641,0
DA:642,0
DA:643,0
DA:644,0
DA:646,0
DA:647,0
DA:652,0
DA:653,0
DA:654,0
DA:655,0
DA:657,0
DA:658,0
DA:664,0
DA:665,0
DA:673,0
DA:674,0
DA:677,0
DA:678,0
DA:681,0
DA:682,0
DA:683,0
DA:698,0
DA:699,0
DA:701,0
DA:706,0
DA:708,0
DA:709,0
DA:710,0
DA:711,0
DA:726,0
DA:728,0
DA:729,0
DA:736,0
DA:741,0
DA:748,0
DA:753,0
DA:763,0
DA:768,0
DA:780,0
DA:781,0
DA:784,0
DA:785,0
DA:787,0
DA:788,0
DA:789,0
DA:792,0
DA:793,0
DA:797,0
DA:818,0
DA:819,0
DA:822,0
DA:824,0
DA:844,0
DA:848,0
DA:850,0
DA:851,0
DA:852,0
DA:854,0
DA:855,0
DA:856,0
DA:858,0
DA:859,0
DA:860,0
DA:862,0
DA:863,0
DA:864,0
DA:866,0
DA:867,0
DA:868,0
DA:870,0
DA:873,0
DA:874,0
DA:876,0
DA:877,0
DA:879,0
DA:890,0
DA:891,0
DA:894,0
DA:897,0
DA:898,0
DA:902,0
DA:903,0
DA:904,0
DA:908,0
DA:909,0
DA:910,0
DA:914,0
DA:919,0
DA:920,0
DA:924,0
DA:929,0
DA:931,0
DA:932,0
DA:933,0
DA:937,0
DA:938,0
DA:941,0
DA:952,0
DA:953,0
DA:955,0
DA:956,0
DA:959,0
DA:960,0
DA:963,0
DA:964,0
DA:965,0
DA:969,0
DA:970,0
DA:974,0
DA:975,0
DA:978,0
DA:989,0
DA:991,0
DA:992,0
DA:993,0
DA:996,0
DA:997,0
DA:998,0
DA:999,0
DA:1004,0
DA:1005,0
DA:1006,0
DA:1007,0
DA:1012,0
DA:1013,0
DA:1014,0
DA:1018,0
DA:1019,0
DA:1020,0
DA:1023,0
DA:1024,0
DA:1032,0
DA:1040,0
LF:312
LH:0
BRDA:95,0,0,0
BRDA:95,0,1,0
BRDA:119,1,0,0
BRDA:119,1,1,0
BRDA:122,2,0,0
BRDA:122,2,1,0
BRDA:128,3,0,0
BRDA:128,3,1,0
BRDA:149,4,0,0
BRDA:149,4,1,0
BRDA:151,5,0,0
BRDA:151,5,1,0
BRDA:164,6,0,0
BRDA:164,6,1,0
BRDA:171,7,0,0
BRDA:171,7,1,0
BRDA:193,8,0,0
BRDA:193,8,1,0
BRDA:204,9,0,0
BRDA:204,9,1,0
BRDA:206,10,0,0
BRDA:206,10,1,0
BRDA:209,11,0,0
BRDA:209,11,1,0
BRDA:229,12,0,0
BRDA:229,12,1,0
BRDA:237,13,0,0
BRDA:237,13,1,0
BRDA:254,14,0,0
BRDA:254,14,1,0
BRDA:262,15,0,0
BRDA:262,15,1,0
BRDA:283,16,0,0
BRDA:283,16,1,0
BRDA:283,17,0,0
BRDA:283,17,1,0
BRDA:298,18,0,0
BRDA:298,18,1,0
BRDA:298,19,0,0
BRDA:298,19,1,0
BRDA:305,20,0,0
BRDA:305,20,1,0
BRDA:315,21,0,0
BRDA:315,21,1,0
BRDA:324,22,0,0
BRDA:324,22,1,0
BRDA:361,23,0,0
BRDA:361,23,1,0
BRDA:381,24,0,0
BRDA:381,24,1,0
BRDA:388,25,0,0
BRDA:388,25,1,0
BRDA:402,26,0,0
BRDA:402,26,1,0
BRDA:411,27,0,0
BRDA:411,27,1,0
BRDA:413,28,0,0
BRDA:413,28,1,0
BRDA:423,29,0,0
BRDA:423,29,1,0
BRDA:446,30,0,0
BRDA:446,30,1,0
BRDA:454,31,0,0
BRDA:454,31,1,0
BRDA:468,32,0,0
BRDA:468,32,1,0
BRDA:495,33,0,0
BRDA:495,33,1,0
BRDA:502,34,0,0
BRDA:502,34,1,0
BRDA:502,35,0,0
BRDA:502,35,1,0
BRDA:502,36,0,0
BRDA:502,36,1,0
BRDA:502,37,0,0
BRDA:502,37,1,0
BRDA:551,38,0,0
BRDA:551,38,1,0
BRDA:551,39,0,0
BRDA:551,39,1,0
BRDA:570,40,0,0
BRDA:570,40,1,0
BRDA:578,41,0,0
BRDA:578,41,1,0
BRDA:588,42,0,0
BRDA:592,43,0,0
BRDA:592,43,1,0
BRDA:592,44,0,0
BRDA:592,44,1,0
BRDA:601,45,0,0
BRDA:601,45,1,0
BRDA:601,46,0,0
BRDA:601,46,1,0
BRDA:610,47,0,0
BRDA:610,47,1,0
BRDA:610,48,0,0
BRDA:610,48,1,0
BRDA:617,49,0,0
BRDA:617,49,1,0
BRDA:621,50,0,0
BRDA:621,50,1,0
BRDA:621,51,0,0
BRDA:621,51,1,0
BRDA:622,52,0,0
BRDA:622,52,1,0
BRDA:627,53,0,0
BRDA:627,53,1,0
BRDA:628,54,0,0
BRDA:628,54,1,0
BRDA:631,55,0,0
BRDA:631,55,1,0
BRDA:641,56,0,0
BRDA:641,56,1,0
BRDA:641,57,0,0
BRDA:641,57,1,0
BRDA:643,58,0,0
BRDA:643,58,1,0
BRDA:652,59,0,0
BRDA:652,59,1,0
BRDA:652,60,0,0
BRDA:652,60,1,0
BRDA:654,61,0,0
BRDA:654,61,1,0
BRDA:664,62,0,0
BRDA:664,62,1,0
BRDA:668,63,0,0
BRDA:668,63,1,0
BRDA:673,64,0,0
BRDA:673,64,1,0
BRDA:677,65,0,0
BRDA:677,65,1,0
BRDA:701,66,0,0
BRDA:701,66,1,0
BRDA:701,66,2,0
BRDA:702,67,0,0
BRDA:702,67,1,0
BRDA:702,68,0,0
BRDA:702,68,1,0
BRDA:710,69,0,0
BRDA:710,69,1,0
BRDA:728,70,0,0
BRDA:728,70,1,0
BRDA:728,71,0,0
BRDA:728,71,1,0
BRDA:728,72,0,0
BRDA:728,72,1,0
BRDA:760,73,0,0
BRDA:761,74,0,0
BRDA:765,75,0,0
BRDA:765,75,1,0
BRDA:789,76,0,0
BRDA:789,76,1,0
BRDA:793,77,0,0
BRDA:793,77,1,0
BRDA:848,78,0,0
BRDA:848,78,1,0
BRDA:848,78,2,0
BRDA:848,78,3,0
BRDA:848,78,4,0
BRDA:848,78,5,0
BRDA:858,79,0,0
BRDA:858,79,1,0
BRDA:859,80,0,0
BRDA:859,80,1,0
BRDA:862,81,0,0
BRDA:862,81,1,0
BRDA:863,82,0,0
BRDA:863,82,1,0
BRDA:866,83,0,0
BRDA:866,83,1,0
BRDA:867,84,0,0
BRDA:867,84,1,0
BRDA:873,85,0,0
BRDA:873,85,1,0
BRDA:874,86,0,0
BRDA:874,86,1,0
BRDA:876,87,0,0
BRDA:876,87,1,0
BRDA:877,88,0,0
BRDA:877,88,1,0
BRDA:897,89,0,0
BRDA:897,89,1,0
BRDA:902,90,0,0
BRDA:902,90,1,0
BRDA:910,91,0,0
BRDA:910,91,1,0
BRDA:911,92,0,0
BRDA:911,92,1,0
BRDA:920,93,0,0
BRDA:920,93,1,0
BRDA:921,94,0,0
BRDA:921,94,1,0
BRDA:929,95,0,0
BRDA:929,95,1,0
BRDA:937,96,0,0
BRDA:937,96,1,0
BRDA:937,97,0,0
BRDA:937,97,1,0
BRDA:955,98,0,0
BRDA:955,98,1,0
BRDA:955,99,0,0
BRDA:955,99,1,0
BRDA:959,100,0,0
BRDA:959,100,1,0
BRDA:959,101,0,0
BRDA:959,101,1,0
BRDA:965,102,0,0
BRDA:965,102,1,0
BRDA:966,103,0,0
BRDA:966,103,1,0
BRDA:974,104,0,0
BRDA:974,104,1,0
BRDA:996,105,0,0
BRDA:996,105,1,0
BRDA:997,106,0,0
BRDA:997,106,1,0
BRDA:1004,107,0,0
BRDA:1004,107,1,0
BRDA:1005,108,0,0
BRDA:1005,108,1,0
BRDA:1012,109,0,0
BRDA:1012,109,1,0
BRDA:1018,110,0,0
BRDA:1018,110,1,0
BRDA:1023,111,0,0
BRDA:1023,111,1,0
BRDA:1023,112,0,0
BRDA:1023,112,1,0
BRF:228
BRH:0
end_of_record
TN:
SF:src\lib\agent\types.ts
FN:42,(anonymous_9)
FN:103,createAgentError
FN:124,createAgentResult
FN:159,validateAgentContext
FN:188,generateCacheKey
FN:203,calculateExecutionStats
FN:245,createAgentEvent
FN:263,isValidAgentType
FN:268,isValidAgentStatus
FN:273,isValidTaskPriority
FN:280,isValidAgent
FNF:11
FNH:4
FNDA:6,(anonymous_9)
FNDA:74,createAgentError
FNDA:86,createAgentResult
FNDA:86,validateAgentContext
FNDA:0,generateCacheKey
FNDA:0,calculateExecutionStats
FNDA:0,createAgentEvent
FNDA:0,isValidAgentType
FNDA:0,isValidAgentStatus
FNDA:0,isValidTaskPriority
FNDA:0,isValidAgent
DA:14,6
DA:16,6
DA:42,6
DA:43,6
DA:44,6
DA:45,6
DA:46,6
DA:103,6
DA:111,74
DA:124,6
DA:141,86
DA:159,6
DA:163,86
DA:165,86
DA:166,29
DA:169,86
DA:170,0
DA:173,86
DA:174,74
DA:177,86
DA:178,0
DA:181,86
DA:188,6
DA:189,0
DA:196,0
DA:203,6
DA:209,0
DA:210,0
DA:212,0
DA:214,0
DA:216,0
DA:245,6
DA:250,0
DA:263,6
DA:264,0
DA:268,6
DA:269,0
DA:273,6
DA:276,0
DA:280,6
DA:281,0
DA:282,0
DA:284,0
DA:285,0
DA:298,6
LF:45
LH:28
BRDA:42,0,0,6
BRDA:42,0,1,6
BRDA:108,1,0,0
BRDA:127,2,0,0
BRDA:144,3,0,86
BRDA:144,3,1,59
BRDA:165,4,0,29
BRDA:165,4,1,57
BRDA:165,5,0,86
BRDA:165,5,1,57
BRDA:169,6,0,0
BRDA:169,6,1,86
BRDA:169,7,0,86
BRDA:169,7,1,86
BRDA:173,8,0,74
BRDA:173,8,1,12
BRDA:177,9,0,0
BRDA:177,9,1,86
BRDA:177,10,0,86
BRDA:177,10,1,0
BRDA:190,11,0,0
BRDA:190,11,1,0
BRDA:210,12,0,0
BRDA:210,12,1,0
BRDA:210,13,0,0
BRDA:210,13,1,0
BRDA:210,14,0,0
BRDA:210,14,1,0
BRDA:212,15,0,0
BRDA:212,15,1,0
BRDA:212,16,0,0
BRDA:212,16,1,0
BRDA:212,17,0,0
BRDA:212,17,1,0
BRDA:212,18,0,0
BRDA:212,18,1,0
BRDA:214,19,0,0
BRDA:214,19,1,0
BRDA:214,20,0,0
BRDA:214,20,1,0
BRDA:214,21,0,0
BRDA:214,21,1,0
BRDA:214,22,0,0
BRDA:214,22,1,0
BRDA:220,23,0,0
BRDA:220,23,1,0
BRDA:226,24,0,0
BRDA:226,24,1,0
BRDA:281,25,0,0
BRDA:281,25,1,0
BRDA:281,26,0,0
BRDA:281,26,1,0
BRDA:286,27,0,0
BRDA:286,27,1,0
BRDA:286,27,2,0
BRDA:286,27,3,0
BRDA:286,27,4,0
BRF:57
BRH:15
end_of_record
TN:
SF:src\lib\agent\action-tracker\action-logger.ts
FN:25,(anonymous_0)
FN:34,(anonymous_1)
FN:70,(anonymous_2)
FN:103,(anonymous_3)
FN:140,(anonymous_4)
FN:186,(anonymous_5)
FN:199,(anonymous_6)
FN:206,(anonymous_7)
FN:214,(anonymous_8)
FN:231,(anonymous_9)
FN:262,(anonymous_10)
FN:273,(anonymous_11)
FN:317,(anonymous_12)
FN:345,(anonymous_13)
FN:373,(anonymous_14)
FN:387,(anonymous_15)
FN:400,(anonymous_16)
FNF:17
FNH:0
FNDA:0,(anonymous_0)
FNDA:0,(anonymous_1)
FNDA:0,(anonymous_2)
FNDA:0,(anonymous_3)
FNDA:0,(anonymous_4)
FNDA:0,(anonymous_5)
FNDA:0,(anonymous_6)
FNDA:0,(anonymous_7)
FNDA:0,(anonymous_8)
FNDA:0,(anonymous_9)
FNDA:0,(anonymous_10)
FNDA:0,(anonymous_11)
FNDA:0,(anonymous_12)
FNDA:0,(anonymous_13)
FNDA:0,(anonymous_14)
FNDA:0,(anonymous_15)
FNDA:0,(anonymous_16)
DA:7,0
DA:8,0
DA:9,0
DA:22,0
DA:26,0
DA:35,0
DA:36,0
DA:53,0
DA:55,0
DA:61,0
DA:73,0
DA:74,0
DA:85,0
DA:91,0
DA:94,0
DA:104,0
DA:105,0
DA:107,0
DA:120,0
DA:127,0
DA:130,0
DA:144,0
DA:145,0
DA:150,0
DA:151,0
DA:153,0
DA:154,0
DA:155,0
DA:157,0
DA:165,0
DA:167,0
DA:169,0
DA:177,0
DA:187,0
DA:188,0
DA:195,0
DA:196,0
DA:199,0
DA:200,0
DA:202,0
DA:206,0
DA:214,0
DA:219,0
DA:222,0
DA:232,0
DA:233,0
DA:234,0
DA:236,0
DA:247,0
DA:249,0
DA:253,0
DA:263,0
DA:283,0
DA:285,0
DA:286,0
DA:288,0
DA:289,0
DA:291,0
DA:292,0
DA:294,0
DA:295,0
DA:296,0
DA:297,0
DA:299,0
DA:300,0
DA:304,0
DA:318,0
DA:319,0
DA:322,0
DA:323,0
DA:331,0
DA:332,0
DA:333,0
DA:337,0
DA:346,0
DA:348,0
DA:349,0
DA:354,0
DA:355,0
DA:356,0
DA:357,0
DA:365,0
DA:374,0
DA:375,0
DA:377,0
DA:392,0
DA:396,0
DA:397,0
DA:400,0
DA:401,0
DA:404,0
DA:411,0
LF:92
LH:0
BRDA:80,0,0,0
BRDA:80,0,1,0
BRDA:80,1,0,0
BRDA:80,1,1,0
BRDA:87,2,0,0
BRDA:87,2,1,0
BRDA:87,3,0,0
BRDA:87,3,1,0
BRDA:115,4,0,0
BRDA:115,4,1,0
BRDA:115,5,0,0
BRDA:115,5,1,0
BRDA:122,6,0,0
BRDA:122,6,1,0
BRDA:122,7,0,0
BRDA:122,7,1,0
BRDA:195,8,0,0
BRDA:195,8,1,0
BRDA:210,9,0,0
BRDA:210,9,1,0
BRDA:210,10,0,0
BRDA:210,10,1,0
BRDA:214,11,0,0
BRDA:214,11,1,0
BRDA:214,12,0,0
BRDA:214,12,1,0
BRDA:231,13,0,0
BRDA:285,14,0,0
BRDA:285,14,1,0
BRDA:288,15,0,0
BRDA:288,15,1,0
BRDA:291,16,0,0
BRDA:291,16,1,0
BRDA:294,17,0,0
BRDA:294,17,1,0
BRDA:294,18,0,0
BRDA:294,18,1,0
BRDA:296,19,0,0
BRDA:296,19,1,0
BRDA:299,20,0,0
BRDA:299,20,1,0
BRDA:318,21,0,0
BRDA:318,21,1,0
BRDA:318,22,0,0
BRDA:318,22,1,0
BRDA:332,23,0,0
BRDA:332,23,1,0
BRDA:348,24,0,0
BRDA:348,24,1,0
BRDA:349,25,0,0
BRDA:349,25,1,0
BRDA:354,26,0,0
BRDA:354,26,1,0
BRDA:354,27,0,0
BRDA:354,27,1,0
BRDA:356,28,0,0
BRDA:356,28,1,0
BRDA:374,29,0,0
BRDA:374,29,1,0
BRDA:375,30,0,0
BRDA:375,30,1,0
BRDA:377,31,0,0
BRDA:377,31,1,0
BRDA:390,32,0,0
BRDA:396,33,0,0
BRDA:396,33,1,0
BRDA:396,34,0,0
BRDA:396,34,1,0
BRDA:396,35,0,0
BRDA:396,35,1,0
BRDA:396,36,0,0
BRDA:396,36,1,0
BRF:72
BRH:0
end_of_record
TN:
SF:src\lib\agent\action-tracker\action-tracker.ts
FN:30,(anonymous_0)
FN:38,(anonymous_1)
FN:46,(anonymous_2)
FN:56,(anonymous_3)
FN:71,(anonymous_4)
FN:80,(anonymous_5)
FN:91,(anonymous_6)
FN:102,(anonymous_7)
FN:113,(anonymous_8)
FN:143,(anonymous_9)
FN:152,(anonymous_10)
FN:152,(anonymous_11)
FN:160,(anonymous_12)
FN:160,(anonymous_13)
FN:168,(anonymous_14)
FN:168,(anonymous_15)
FN:173,(anonymous_16)
FN:177,(anonymous_17)
FN:205,(anonymous_18)
FN:216,(anonymous_19)
FN:232,(anonymous_20)
FN:235,(anonymous_21)
FN:240,(anonymous_22)
FN:251,(anonymous_23)
FN:261,(anonymous_24)
FNF:25
FNH:0
FNDA:0,(anonymous_0)
FNDA:0,(anonymous_1)
FNDA:0,(anonymous_2)
FNDA:0,(anonymous_3)
FNDA:0,(anonymous_4)
FNDA:0,(anonymous_5)
FNDA:0,(anonymous_6)
FNDA:0,(anonymous_7)
FNDA:0,(anonymous_8)
FNDA:0,(anonymous_9)
FNDA:0,(anonymous_10)
FNDA:0,(anonymous_11)
FNDA:0,(anonymous_12)
FNDA:0,(anonymous_13)
FNDA:0,(anonymous_14)
FNDA:0,(anonymous_15)
FNDA:0,(anonymous_16)
FNDA:0,(anonymous_17)
FNDA:0,(anonymous_18)
FNDA:0,(anonymous_19)
FNDA:0,(anonymous_20)
FNDA:0,(anonymous_21)
FNDA:0,(anonymous_22)
FNDA:0,(anonymous_23)
FNDA:0,(anonymous_24)
DA:7,0
DA:8,0
DA:9,0
DA:10,0
DA:11,0
DA:27,0
DA:31,0
DA:39,0
DA:47,0
DA:60,0
DA:61,0
DA:63,0
DA:72,0
DA:83,0
DA:94,0
DA:105,0
DA:116,0
DA:119,0
DA:122,0
DA:127,0
DA:129,0
DA:144,0
DA:145,0
DA:148,0
DA:152,0
DA:153,0
DA:156,0
DA:160,0
DA:161,0
DA:164,0
DA:168,0
DA:169,0
DA:172,0
DA:173,0
DA:176,0
DA:177,0
DA:182,0
DA:184,0
DA:187,0
DA:189,0
DA:206,0
DA:220,0
DA:228,0
DA:229,0
DA:232,0
DA:234,0
DA:235,0
DA:240,0
DA:242,0
DA:245,0
DA:246,0
DA:247,0
DA:248,0
DA:251,0
DA:255,0
DA:256,0
DA:257,0
DA:258,0
DA:261,0
DA:265,0
DA:266,0
DA:267,0
DA:269,0
DA:270,0
DA:271,0
DA:272,0
DA:276,0
DA:279,0
DA:280,0
DA:281,0
DA:282,0
DA:283,0
DA:287,0
DA:301,0
LF:74
LH:0
BRDA:60,0,0,0
BRDA:60,0,1,0
BRDA:81,1,0,0
BRDA:92,2,0,0
BRDA:103,3,0,0
BRDA:114,4,0,0
BRDA:116,5,0,0
BRDA:116,5,1,0
BRDA:119,6,0,0
BRDA:119,6,1,0
BRDA:122,7,0,0
BRDA:122,7,1,0
BRDA:176,8,0,0
BRDA:176,8,1,0
BRDA:177,9,0,0
BRDA:177,9,1,0
BRDA:177,10,0,0
BRDA:177,10,1,0
BRDA:184,11,0,0
BRDA:184,11,1,0
BRDA:207,12,0,0
BRDA:207,12,1,0
BRDA:207,13,0,0
BRDA:207,13,1,0
BRDA:217,14,0,0
BRDA:234,15,0,0
BRDA:234,15,1,0
BRDA:235,16,0,0
BRDA:235,16,1,0
BRDA:235,17,0,0
BRDA:235,17,1,0
BRDA:242,18,0,0
BRDA:242,18,1,0
BRDA:247,19,0,0
BRDA:247,19,1,0
BRDA:247,20,0,0
BRDA:247,20,1,0
BRDA:251,21,0,0
BRDA:251,21,1,0
BRDA:251,22,0,0
BRDA:251,22,1,0
BRDA:251,23,0,0
BRDA:251,23,1,0
BRDA:251,24,0,0
BRDA:251,24,1,0
BRDA:257,25,0,0
BRDA:257,25,1,0
BRDA:257,26,0,0
BRDA:257,26,1,0
BRDA:261,27,0,0
BRDA:261,27,1,0
BRDA:261,28,0,0
BRDA:261,28,1,0
BRDA:261,29,0,0
BRDA:261,29,1,0
BRDA:261,30,0,0
BRDA:261,30,1,0
BRDA:270,31,0,0
BRDA:270,31,1,0
BRDA:270,32,0,0
BRDA:270,32,1,0
BRDA:271,33,0,0
BRDA:271,33,1,0
BRDA:271,34,0,0
BRDA:271,34,1,0
BRDA:274,35,0,0
BRDA:274,35,1,0
BRDA:274,36,0,0
BRDA:274,36,1,0
BRDA:280,37,0,0
BRDA:280,37,1,0
BRDA:280,38,0,0
BRDA:280,38,1,0
BRDA:282,39,0,0
BRDA:282,39,1,0
BRF:75
BRH:0
end_of_record
TN:
SF:src\lib\agent\action-tracker\behavior-analyzer.ts
FN:20,(anonymous_0)
FN:38,(anonymous_1)
FN:56,(anonymous_2)
FN:61,(anonymous_3)
FN:69,(anonymous_4)
FN:110,(anonymous_5)
FN:115,(anonymous_6)
FN:123,(anonymous_7)
FN:150,(anonymous_8)
FN:184,(anonymous_9)
FN:219,(anonymous_10)
FNF:11
FNH:0
FNDA:0,(anonymous_0)
FNDA:0,(anonymous_1)
FNDA:0,(anonymous_2)
FNDA:0,(anonymous_3)
FNDA:0,(anonymous_4)
FNDA:0,(anonymous_5)
FNDA:0,(anonymous_6)
FNDA:0,(anonymous_7)
FNDA:0,(anonymous_8)
FNDA:0,(anonymous_9)
FNDA:0,(anonymous_10)
DA:7,0
DA:8,0
DA:14,0
DA:28,0
DA:34,0
DA:36,0
DA:37,0
DA:38,0
DA:39,0
DA:40,0
DA:41,0
DA:42,0
DA:44,0
DA:45,0
DA:46,0
DA:48,0
DA:55,0
DA:56,0
DA:61,0
DA:76,0
DA:79,0
DA:89,0
DA:91,0
DA:93,0
DA:94,0
DA:96,0
DA:97,0
DA:98,0
DA:99,0
DA:102,0
DA:109,0
DA:110,0
DA:115,0
DA:126,0
DA:127,0
DA:130,0
DA:133,0
DA:135,0
DA:153,0
DA:155,0
DA:167,0
DA:169,0
DA:170,0
DA:176,0
DA:187,0
DA:190,0
DA:203,0
DA:204,0
DA:205,0
DA:206,0
DA:207,0
DA:211,0
DA:220,0
DA:222,0
DA:223,0
DA:225,0
DA:226,0
DA:228,0
DA:229,0
DA:231,0
DA:232,0
DA:234,0
DA:235,0
DA:237,0
DA:238,0
DA:240,0
DA:241,0
DA:242,0
DA:243,0
DA:245,0
DA:246,0
DA:250,0
DA:257,0
LF:73
LH:0
BRDA:20,0,0,0
BRDA:37,1,0,0
BRDA:37,1,1,0
BRDA:39,2,0,0
BRDA:39,2,1,0
BRDA:42,3,0,0
BRDA:42,3,1,0
BRDA:42,4,0,0
BRDA:42,4,1,0
BRDA:44,5,0,0
BRDA:44,5,1,0
BRDA:69,6,0,0
BRDA:96,7,0,0
BRDA:96,7,1,0
BRDA:98,8,0,0
BRDA:98,8,1,0
BRDA:104,9,0,0
BRDA:104,9,1,0
BRDA:104,10,0,0
BRDA:104,10,1,0
BRDA:124,11,0,0
BRDA:151,12,0,0
BRDA:172,13,0,0
BRDA:172,13,1,0
BRDA:172,14,0,0
BRDA:172,14,1,0
BRDA:185,15,0,0
BRDA:205,16,0,0
BRDA:205,16,1,0
BRDA:205,17,0,0
BRDA:205,17,1,0
BRDA:206,18,0,0
BRDA:206,18,1,0
BRDA:206,19,0,0
BRDA:206,19,1,0
BRDA:222,20,0,0
BRDA:222,20,1,0
BRDA:225,21,0,0
BRDA:225,21,1,0
BRDA:228,22,0,0
BRDA:228,22,1,0
BRDA:231,23,0,0
BRDA:231,23,1,0
BRDA:234,24,0,0
BRDA:234,24,1,0
BRDA:237,25,0,0
BRDA:237,25,1,0
BRDA:240,26,0,0
BRDA:240,26,1,0
BRDA:240,27,0,0
BRDA:240,27,1,0
BRDA:242,28,0,0
BRDA:242,28,1,0
BRDA:245,29,0,0
BRDA:245,29,1,0
BRF:55
BRH:0
end_of_record
TN:
SF:src\lib\agent\action-tracker\index.ts
FN:30,(anonymous_0)
FN:33,(anonymous_1)
FN:33,(anonymous_2)
FN:37,(anonymous_3)
FN:38,(anonymous_4)
FN:42,(anonymous_5)
FN:42,(anonymous_6)
FN:45,(anonymous_7)
FN:45,(anonymous_8)
FN:48,(anonymous_9)
FN:48,(anonymous_10)
FNF:11
FNH:0
FNDA:0,(anonymous_0)
FNDA:0,(anonymous_1)
FNDA:0,(anonymous_2)
FNDA:0,(anonymous_3)
FNDA:0,(anonymous_4)
FNDA:0,(anonymous_5)
FNDA:0,(anonymous_6)
FNDA:0,(anonymous_7)
FNDA:0,(anonymous_8)
FNDA:0,(anonymous_9)
FNDA:0,(anonymous_10)
DA:30,0
DA:33,0
DA:36,0
DA:37,0
DA:38,0
DA:42,0
DA:45,0
DA:48,0
LF:8
LH:0
BRF:0
BRH:0
end_of_record
TN:
SF:src\lib\agent\action-tracker\layer-statistics.ts
FN:20,(anonymous_0)
FN:78,(anonymous_1)
FN:123,(anonymous_2)
FN:145,(anonymous_3)
FN:208,(anonymous_4)
FNF:5
FNH:0
FNDA:0,(anonymous_0)
FNDA:0,(anonymous_1)
FNDA:0,(anonymous_2)
FNDA:0,(anonymous_3)
FNDA:0,(anonymous_4)
DA:7,0
DA:8,0
DA:14,0
DA:21,0
DA:22,0
DA:26,0
DA:29,0
DA:31,0
DA:33,0
DA:35,0
DA:38,0
DA:39,0
DA:40,0
DA:44,0
DA:48,0
DA:53,0
DA:59,0
DA:82,0
DA:88,0
DA:91,0
DA:92,0
DA:101,0
DA:102,0
DA:105,0
DA:111,0
DA:123,0
DA:128,0
DA:156,0
DA:162,0
DA:163,0
DA:164,0
DA:165,0
DA:166,0
DA:169,0
DA:170,0
DA:171,0
DA:172,0
DA:176,0
DA:177,0
DA:178,0
DA:179,0
DA:184,0
DA:185,0
DA:189,0
DA:190,0
DA:194,0
DA:198,0
DA:211,0
DA:213,0
DA:214,0
DA:216,0
DA:217,0
DA:219,0
DA:220,0
DA:222,0
DA:223,0
DA:225,0
DA:226,0
DA:228,0
DA:229,0
DA:230,0
DA:231,0
DA:233,0
DA:234,0
DA:238,0
DA:245,0
LF:66
LH:0
BRDA:20,0,0,0
BRDA:31,1,0,0
BRDA:31,1,1,0
BRDA:33,2,0,0
BRDA:33,2,1,0
BRDA:35,3,0,0
BRDA:35,3,1,0
BRDA:44,4,0,0
BRDA:44,4,1,0
BRDA:48,5,0,0
BRDA:48,5,1,0
BRDA:80,6,0,0
BRDA:102,7,0,0
BRDA:102,7,1,0
BRDA:130,8,0,0
BRDA:130,8,1,0
BRDA:130,9,0,0
BRDA:130,9,1,0
BRDA:164,10,0,0
BRDA:164,10,1,0
BRDA:169,11,0,0
BRDA:169,11,1,0
BRDA:169,12,0,0
BRDA:169,12,1,0
BRDA:171,13,0,0
BRDA:171,13,1,0
BRDA:171,14,0,0
BRDA:171,14,1,0
BRDA:176,15,0,0
BRDA:176,15,1,0
BRDA:176,16,0,0
BRDA:176,16,1,0
BRDA:178,17,0,0
BRDA:178,17,1,0
BRDA:178,18,0,0
BRDA:178,18,1,0
BRDA:185,19,0,0
BRDA:185,19,1,0
BRDA:186,20,0,0
BRDA:186,20,1,0
BRDA:190,21,0,0
BRDA:190,21,1,0
BRDA:191,22,0,0
BRDA:191,22,1,0
BRDA:213,23,0,0
BRDA:213,23,1,0
BRDA:216,24,0,0
BRDA:216,24,1,0
BRDA:219,25,0,0
BRDA:219,25,1,0
BRDA:222,26,0,0
BRDA:222,26,1,0
BRDA:225,27,0,0
BRDA:225,27,1,0
BRDA:228,28,0,0
BRDA:228,28,1,0
BRDA:228,29,0,0
BRDA:228,29,1,0
BRDA:230,30,0,0
BRDA:230,30,1,0
BRDA:233,31,0,0
BRDA:233,31,1,0
BRF:62
BRH:0
end_of_record
TN:
SF:src\lib\agent\action-tracker\performance-analyzer.ts
FN:24,(anonymous_0)
FN:47,(anonymous_1)
FN:66,(anonymous_2)
FN:75,(anonymous_3)
FN:131,(anonymous_4)
FN:175,(anonymous_5)
FN:213,(anonymous_6)
FN:251,(anonymous_7)
FN:262,(anonymous_8)
FN:270,(anonymous_9)
FN:281,(anonymous_10)
FN:289,(anonymous_11)
FN:300,(anonymous_12)
FNF:13
FNH:0
FNDA:0,(anonymous_0)
FNDA:0,(anonymous_1)
FNDA:0,(anonymous_2)
FNDA:0,(anonymous_3)
FNDA:0,(anonymous_4)
FNDA:0,(anonymous_5)
FNDA:0,(anonymous_6)
FNDA:0,(anonymous_7)
FNDA:0,(anonymous_8)
FNDA:0,(anonymous_9)
FNDA:0,(anonymous_10)
FNDA:0,(anonymous_11)
FNDA:0,(anonymous_12)
DA:7,0
DA:8,0
DA:18,0
DA:27,0
DA:29,0
DA:39,0
DA:48,0
DA:50,0
DA:51,0
DA:58,0
DA:67,0
DA:78,0
DA:81,0
DA:82,0
DA:83,0
DA:84,0
DA:88,0
DA:92,0
DA:93,0
DA:94,0
DA:95,0
DA:99,0
DA:103,0
DA:104,0
DA:105,0
DA:106,0
DA:110,0
DA:111,0
DA:115,0
DA:143,0
DA:144,0
DA:148,0
DA:155,0
DA:157,0
DA:159,0
DA:178,0
DA:181,0
DA:184,0
DA:185,0
DA:193,0
DA:194,0
DA:195,0
DA:197,0
DA:216,0
DA:218,0
DA:219,0
DA:221,0
DA:222,0
DA:224,0
DA:225,0
DA:227,0
DA:228,0
DA:230,0
DA:231,0
DA:233,0
DA:234,0
DA:235,0
DA:236,0
DA:238,0
DA:239,0
DA:243,0
DA:254,0
DA:262,0
DA:273,0
DA:281,0
DA:292,0
DA:300,0
DA:307,0
LF:68
LH:0
BRDA:25,0,0,0
BRDA:39,1,0,0
BRDA:39,1,1,0
BRDA:39,2,0,0
BRDA:39,2,1,0
BRDA:47,3,0,0
BRDA:58,4,0,0
BRDA:58,4,1,0
BRDA:66,5,0,0
BRDA:76,6,0,0
BRDA:110,7,0,0
BRDA:110,7,1,0
BRDA:148,8,0,0
BRDA:148,8,1,0
BRDA:194,9,0,0
BRDA:194,9,1,0
BRDA:199,10,0,0
BRDA:199,10,1,0
BRDA:199,11,0,0
BRDA:199,11,1,0
BRDA:200,12,0,0
BRDA:200,12,1,0
BRDA:200,13,0,0
BRDA:200,13,1,0
BRDA:201,14,0,0
BRDA:201,14,1,0
BRDA:201,15,0,0
BRDA:201,15,1,0
BRDA:204,16,0,0
BRDA:204,16,1,0
BRDA:204,17,0,0
BRDA:204,17,1,0
BRDA:218,18,0,0
BRDA:218,18,1,0
BRDA:221,19,0,0
BRDA:221,19,1,0
BRDA:224,20,0,0
BRDA:224,20,1,0
BRDA:227,21,0,0
BRDA:227,21,1,0
BRDA:230,22,0,0
BRDA:230,22,1,0
BRDA:233,23,0,0
BRDA:233,23,1,0
BRDA:233,24,0,0
BRDA:233,24,1,0
BRDA:235,25,0,0
BRDA:235,25,1,0
BRDA:238,26,0,0
BRDA:238,26,1,0
BRF:50
BRH:0
end_of_record
TN:
SF:src\lib\agent\action-tracker\types.ts
FNF:0
FNH:0
DA:389,0
LF:1
LH:0
BRF:0
BRH:0
end_of_record
TN:
SF:src\lib\agent\core-actions\ai-operations.ts
FN:13,call_ai_service
FN:59,search_database
FN:73,(anonymous_2)
FNF:3
FNH:0
FNDA:0,call_ai_service
FNDA:0,search_database
FNDA:0,(anonymous_2)
DA:13,0
DA:25,0
DA:27,0
DA:28,0
DA:38,0
DA:45,0
DA:59,0
DA:71,0
DA:73,0
DA:75,0
DA:79,0
DA:80,0
DA:81,0
DA:84,0
DA:88,0
DA:95,0
LF:16
LH:0
BRDA:41,0,0,0
BRDA:41,0,1,0
BRDA:48,1,0,0
BRDA:48,1,1,0
BRDA:50,2,0,0
BRDA:50,2,1,0
BRDA:80,3,0,0
BRDA:80,3,1,0
BRDA:84,4,0,0
BRDA:84,4,1,0
BRDA:85,5,0,0
BRDA:85,5,1,0
BRDA:98,6,0,0
BRDA:98,6,1,0
BRF:14
BRH:0
end_of_record
TN:
SF:src\lib\agent\core-actions\cache-operations.ts
FN:13,cache_result
FNF:1
FNH:0
FNDA:0,cache_result
DA:13,0
DA:20,0
DA:21,0
DA:29,0
DA:31,0
LF:5
LH:0
BRF:0
BRH:0
end_of_record
TN:
SF:src\lib\agent\core-actions\data-filter.ts
FN:12,filter_data
FNF:1
FNH:0
FNDA:0,filter_data
DA:12,0
DA:17,0
DA:18,0
DA:20,0
DA:21,0
DA:22,0
DA:24,0
LF:7
LH:0
BRDA:18,0,0,0
BRDA:18,1,0,0
BRDA:18,1,1,0
BRDA:21,2,0,0
BRDA:21,2,1,0
BRF:5
BRH:0
end_of_record
TN:
SF:src\lib\agent\core-actions\data-merge.ts
FN:12,merge_results
FN:40,(anonymous_1)
FNF:2
FNH:0
FNDA:0,merge_results
FNDA:0,(anonymous_1)
DA:12,0
DA:24,0
DA:25,0
DA:27,0
DA:28,0
DA:30,0
DA:31,0
DA:32,0
DA:35,0
DA:36,0
DA:38,0
DA:39,0
DA:40,0
DA:41,0
DA:42,0
DA:43,0
DA:45,0
DA:46,0
DA:50,0
LF:19
LH:0
BRDA:20,0,0,0
BRDA:27,1,0,0
BRDA:27,1,1,0
BRDA:31,2,0,0
BRDA:31,2,1,0
BRDA:38,3,0,0
BRDA:38,3,1,0
BRDA:38,4,0,0
BRDA:38,4,1,0
BRDA:42,5,0,0
BRDA:42,5,1,0
BRF:11
BRH:0
end_of_record
TN:
SF:src\lib\agent\core-actions\data-rank.ts
FN:12,rank_items
FN:37,(anonymous_1)
FN:42,(anonymous_2)
FN:47,(anonymous_3)
FN:48,(anonymous_4)
FNF:5
FNH:0
FNDA:0,rank_items
FNDA:0,(anonymous_1)
FNDA:0,(anonymous_2)
FNDA:0,(anonymous_3)
FNDA:0,(anonymous_4)
DA:12,0
DA:21,0
DA:23,0
DA:24,0
DA:25,0
DA:26,0
DA:28,0
DA:29,0
DA:30,0
DA:33,0
DA:34,0
DA:35,0
DA:37,0
DA:42,0
DA:43,0
DA:44,0
DA:47,0
DA:48,0
DA:50,0
LF:19
LH:0
BRDA:17,0,0,0
BRDA:23,1,0,0
BRDA:23,1,1,0
BRDA:30,2,0,0
BRDA:30,2,1,0
BRDA:44,3,0,0
BRDA:44,3,1,0
BRF:7
BRH:0
end_of_record
TN:
SF:src\lib\agent\core-actions\data-validation.ts
FN:12,validate_data
FNF:1
FNH:0
FNDA:0,validate_data
DA:12,0
DA:24,0
DA:25,0
DA:27,0
DA:28,0
DA:30,0
DA:31,0
DA:35,0
DA:38,0
DA:39,0
DA:40,0
DA:46,0
DA:47,0
DA:53,0
DA:54,0
DA:60,0
DA:61,0
DA:67,0
DA:68,0
DA:76,0
LF:20
LH:0
BRDA:30,0,0,0
BRDA:30,0,1,0
BRDA:30,1,0,0
BRDA:30,1,1,0
BRDA:38,2,0,0
BRDA:38,2,1,0
BRDA:39,3,0,0
BRDA:39,3,1,0
BRDA:46,4,0,0
BRDA:46,4,1,0
BRDA:46,5,0,0
BRDA:46,5,1,0
BRDA:53,6,0,0
BRDA:53,6,1,0
BRDA:53,7,0,0
BRDA:53,7,1,0
BRDA:60,8,0,0
BRDA:60,8,1,0
BRDA:60,9,0,0
BRDA:60,9,1,0
BRDA:67,10,0,0
BRDA:67,10,1,0
BRDA:67,11,0,0
BRDA:67,11,1,0
BRF:24
BRH:0
end_of_record
TN:
SF:src\lib\agent\core-actions\entity-extraction.ts
FN:12,extract_entities
FN:27,(anonymous_1)
FN:71,getAllPatterns
FNF:3
FNH:0
FNDA:0,extract_entities
FNDA:0,(anonymous_1)
FNDA:0,getAllPatterns
DA:12,0
DA:22,0
DA:24,0
DA:26,0
DA:27,0
DA:30,0
DA:31,0
DA:33,0
DA:34,0
DA:53,0
DA:54,0
DA:55,0
DA:56,0
DA:58,0
DA:61,0
DA:76,0
LF:16
LH:0
BRDA:26,0,0,0
BRDA:26,0,1,0
BRDA:55,1,0,0
BRDA:55,1,1,0
BRF:4
BRH:0
end_of_record
TN:
SF:src\lib\agent\core-actions\format-operations.ts
FN:12,transform_format
FN:28,format_transform
FNF:2
FNH:0
FNDA:0,transform_format
FNDA:0,format_transform
DA:12,0
DA:17,0
DA:28,0
DA:33,0
DA:34,0
DA:35,0
DA:37,0
DA:38,0
DA:42,0
DA:51,0
DA:52,0
DA:53,0
DA:54,0
DA:55,0
DA:57,0
DA:59,0
DA:60,0
DA:62,0
DA:65,0
LF:19
LH:0
BRDA:38,0,0,0
BRDA:38,0,1,0
BRDA:39,1,0,0
BRDA:39,1,1,0
BRDA:51,2,0,0
BRDA:51,2,1,0
BRDA:51,3,0,0
BRDA:51,3,1,0
BRDA:53,4,0,0
BRDA:53,4,1,0
BRDA:53,5,0,0
BRDA:53,5,1,0
BRDA:59,6,0,0
BRDA:59,6,1,0
BRDA:59,7,0,0
BRDA:59,7,1,0
BRF:16
BRH:0
end_of_record
TN:
SF:src\lib\agent\core-actions\index.ts
FN:8,(anonymous_0)
FN:9,(anonymous_1)
FN:10,(anonymous_2)
FN:12,(anonymous_3)
FN:15,(anonymous_4)
FN:16,(anonymous_5)
FN:17,(anonymous_6)
FN:18,(anonymous_7)
FN:19,(anonymous_8)
FN:22,(anonymous_9)
FN:22,(anonymous_10)
FN:25,(anonymous_11)
FN:25,(anonymous_12)
FN:28,(anonymous_13)
FN:31,(anonymous_14)
FN:31,(anonymous_15)
FN:31,(anonymous_16)
FN:34,(anonymous_17)
FN:37,(anonymous_18)
FNF:19
FNH:0
FNDA:0,(anonymous_0)
FNDA:0,(anonymous_1)
FNDA:0,(anonymous_2)
FNDA:0,(anonymous_3)
FNDA:0,(anonymous_4)
FNDA:0,(anonymous_5)
FNDA:0,(anonymous_6)
FNDA:0,(anonymous_7)
FNDA:0,(anonymous_8)
FNDA:0,(anonymous_9)
FNDA:0,(anonymous_10)
FNDA:0,(anonymous_11)
FNDA:0,(anonymous_12)
FNDA:0,(anonymous_13)
FNDA:0,(anonymous_14)
FNDA:0,(anonymous_15)
FNDA:0,(anonymous_16)
FNDA:0,(anonymous_17)
FNDA:0,(anonymous_18)
DA:7,0
DA:8,0
DA:9,0
DA:10,0
DA:12,0
DA:15,0
DA:16,0
DA:17,0
DA:18,0
DA:19,0
DA:22,0
DA:25,0
DA:28,0
DA:31,0
DA:34,0
DA:37,0
LF:16
LH:0
BRF:0
BRH:0
end_of_record
TN:
SF:src\lib\agent\core-actions\logging-operations.ts
FN:22,log_action
FN:67,verify_output
FN:137,(anonymous_2)
FN:148,handle_error
FNF:4
FNH:0
FNDA:0,log_action
FNDA:0,verify_output
FNDA:0,(anonymous_2)
FNDA:0,handle_error
DA:22,0
DA:35,0
DA:41,0
DA:43,0
DA:57,0
DA:67,0
DA:75,0
DA:77,0
DA:78,0
DA:85,0
DA:86,0
DA:93,0
DA:101,0
DA:102,0
DA:104,0
DA:109,0
DA:110,0
DA:111,0
DA:119,0
DA:123,0
DA:124,0
DA:125,0
DA:134,0
DA:136,0
DA:137,0
DA:148,0
DA:158,0
DA:171,0
DA:173,0
DA:186,0
LF:30
LH:0
BRDA:41,0,0,0
BRDA:41,0,1,0
BRDA:47,1,0,0
BRDA:47,1,1,0
BRDA:49,2,0,0
BRDA:49,2,1,0
BRDA:49,3,0,0
BRDA:49,3,1,0
BRDA:50,4,0,0
BRDA:50,4,1,0
BRDA:50,5,0,0
BRDA:50,5,1,0
BRDA:52,6,0,0
BRDA:52,6,1,0
BRDA:53,7,0,0
BRDA:53,7,1,0
BRDA:53,8,0,0
BRDA:53,8,1,0
BRDA:77,9,0,0
BRDA:77,9,1,0
BRDA:77,10,0,0
BRDA:77,10,1,0
BRDA:85,11,0,0
BRDA:85,11,1,0
BRDA:93,12,0,0
BRDA:93,12,1,0
BRDA:94,13,0,0
BRDA:94,13,1,0
BRDA:94,13,2,0
BRDA:94,13,3,0
BRDA:94,13,4,0
BRDA:94,13,5,0
BRDA:104,14,0,0
BRDA:104,14,1,0
BRDA:105,15,0,0
BRDA:105,15,1,0
BRDA:109,16,0,0
BRDA:109,16,1,0
BRDA:110,17,0,0
BRDA:110,17,1,0
BRDA:119,18,0,0
BRDA:119,18,1,0
BRDA:120,19,0,0
BRDA:120,19,1,0
BRDA:123,20,0,0
BRDA:123,20,1,0
BRDA:124,21,0,0
BRDA:124,21,1,0
BRDA:134,22,0,0
BRDA:134,22,1,0
BRDA:171,23,0,0
BRDA:171,23,1,0
BRDA:178,24,0,0
BRDA:178,24,1,0
BRDA:180,25,0,0
BRDA:180,25,1,0
BRF:56
BRH:0
end_of_record
TN:
SF:src\lib\agent\core-actions\memory-operations.ts
FN:13,update_memory
FNF:1
FNH:0
FNDA:0,update_memory
DA:13,0
DA:25,0
DA:26,0
DA:31,0
DA:32,0
DA:42,0
DA:49,0
DA:59,0
DA:65,0
LF:9
LH:0
BRDA:31,0,0,0
BRDA:31,0,1,0
BRF:2
BRH:0
end_of_record
TN:
SF:src\lib\agent\core-actions\retry-operations.ts
FN:12,retry_operation
FN:24,(anonymous_1)
FN:52,(anonymous_2)
FNF:3
FNH:0
FNDA:0,retry_operation
FNDA:0,(anonymous_1)
FNDA:0,(anonymous_2)
DA:12,0
DA:20,0
DA:21,0
DA:22,0
DA:23,0
DA:24,0
DA:26,0
DA:28,0
DA:29,0
DA:30,0
DA:31,0
DA:38,0
DA:39,0
DA:40,0
DA:48,0
DA:52,0
DA:56,0
LF:17
LH:0
BRDA:20,0,0,0
BRDA:20,0,1,0
BRDA:21,1,0,0
BRDA:21,1,1,0
BRDA:22,2,0,0
BRDA:22,2,1,0
BRDA:23,3,0,0
BRDA:23,3,1,0
BRDA:24,4,0,0
BRDA:24,4,1,0
BRDA:39,5,0,0
BRDA:39,5,1,0
BRDA:39,6,0,0
BRDA:39,6,1,0
BRF:14
BRH:0
end_of_record
TN:
SF:src\lib\agent\core-actions\script.ts
FN:26,batch_query_laws
FN:62,(anonymous_1)
FN:63,(anonymous_2)
FN:110,external_api_call
FN:116,(anonymous_4)
FN:119,(anonymous_5)
FN:180,generate_debate_arguments
FN:209,(anonymous_7)
FN:258,analyze_document_batch
FN:332,(anonymous_9)
FN:333,(anonymous_10)
FN:341,sync_with_external
FN:401,execute_workflow
FN:476,(anonymous_13)
FN:477,(anonymous_14)
FNF:15
FNH:0
FNDA:0,batch_query_laws
FNDA:0,(anonymous_1)
FNDA:0,(anonymous_2)
FNDA:0,external_api_call
FNDA:0,(anonymous_4)
FNDA:0,(anonymous_5)
FNDA:0,generate_debate_arguments
FNDA:0,(anonymous_7)
FNDA:0,analyze_document_batch
FNDA:0,(anonymous_9)
FNDA:0,(anonymous_10)
FNDA:0,sync_with_external
FNDA:0,execute_workflow
FNDA:0,(anonymous_13)
FNDA:0,(anonymous_14)
DA:9,0
DA:15,0
DA:26,0
DA:40,0
DA:41,0
DA:53,0
DA:55,0
DA:56,0
DA:59,0
DA:60,0
DA:61,0
DA:63,0
DA:70,0
DA:71,0
DA:72,0
DA:76,0
DA:78,0
DA:83,0
DA:88,0
DA:98,0
DA:110,0
DA:114,0
DA:116,0
DA:117,0
DA:118,0
DA:119,0
DA:123,0
DA:124,0
DA:131,0
DA:133,0
DA:134,0
DA:137,0
DA:139,0
DA:146,0
DA:148,0
DA:154,0
DA:158,0
DA:165,0
DA:166,0
DA:169,0
DA:180,0
DA:190,0
DA:192,0
DA:194,0
DA:206,0
DA:209,0
DA:212,0
DA:220,0
DA:232,0
DA:242,0
DA:244,0
DA:250,0
DA:258,0
DA:264,0
DA:270,0
DA:272,0
DA:273,0
DA:274,0
DA:282,0
DA:283,0
DA:287,0
DA:291,0
DA:298,0
DA:301,0
DA:312,0
DA:319,0
DA:329,0
DA:332,0
DA:333,0
DA:341,0
DA:354,0
DA:356,0
DA:366,0
DA:367,0
DA:377,0
DA:387,0
DA:401,0
DA:415,0
DA:421,0
DA:423,0
DA:424,0
DA:426,0
DA:428,0
DA:439,0
DA:441,0
DA:450,0
DA:452,0
DA:455,0
DA:461,0
DA:468,0
DA:476,0
DA:477,0
DA:479,0
DA:489,0
LF:94
LH:0
BRDA:41,0,0,0
BRDA:41,0,1,0
BRDA:71,1,0,0
BRDA:71,1,1,0
BRDA:94,2,0,0
BRDA:94,2,1,0
BRDA:120,3,0,0
BRDA:120,3,1,0
BRDA:127,4,0,0
BRDA:127,4,1,0
BRDA:133,5,0,0
BRDA:133,5,1,0
BRDA:160,6,0,0
BRDA:160,6,1,0
BRDA:160,7,0,0
BRDA:160,7,1,0
BRDA:160,8,0,0
BRDA:160,8,1,0
BRDA:161,9,0,0
BRDA:161,9,1,0
BRDA:161,10,0,0
BRDA:161,10,1,0
BRDA:161,11,0,0
BRDA:161,11,1,0
BRDA:162,12,0,0
BRDA:162,12,1,0
BRDA:162,13,0,0
BRDA:162,13,1,0
BRDA:162,14,0,0
BRDA:162,14,1,0
BRDA:165,15,0,0
BRDA:165,15,1,0
BRDA:172,16,0,0
BRDA:172,16,1,0
BRDA:172,17,0,0
BRDA:172,17,1,0
BRDA:282,18,0,0
BRDA:282,18,1,0
BRDA:366,19,0,0
BRDA:366,19,1,0
BRDA:379,20,0,0
BRDA:379,20,1,0
BRDA:390,21,0,0
BRDA:390,21,1,0
BRDA:426,22,0,0
BRDA:426,22,1,0
BRDA:426,22,2,0
BRDA:485,23,0,0
BRDA:485,23,1,0
BRF:49
BRH:0
end_of_record
TN:
SF:src\lib\agent\core-actions\text-analysis.ts
FN:17,analyze_text
FN:26,(anonymous_1)
FN:55,extractChinesePhrases
FN:83,classify_content
FN:144,classifyCaseType
FN:178,classifyDocumentType
FN:202,generate_summary
FN:248,extractKeyPoints
FN:254,(anonymous_8)
FNF:9
FNH:0
FNDA:0,analyze_text
FNDA:0,(anonymous_1)
FNDA:0,extractChinesePhrases
FNDA:0,classify_content
FNDA:0,classifyCaseType
FNDA:0,classifyDocumentType
FNDA:0,generate_summary
FNDA:0,extractKeyPoints
FNDA:0,(anonymous_8)
DA:17,0
DA:18,0
DA:19,0
DA:20,0
DA:22,0
DA:23,0
DA:26,0
DA:28,0
DA:29,0
DA:30,0
DA:33,0
DA:34,0
DA:35,0
DA:36,0
DA:37,0
DA:40,0
DA:56,0
DA:57,0
DA:69,0
DA:70,0
DA:71,0
DA:72,0
DA:76,0
DA:83,0
DA:87,0
DA:88,0
DA:90,0
DA:91,0
DA:92,0
DA:93,0
DA:94,0
DA:95,0
DA:96,0
DA:97,0
DA:98,0
DA:99,0
DA:100,0
DA:104,0
DA:107,0
DA:108,0
DA:115,0
DA:116,0
DA:117,0
DA:118,0
DA:119,0
DA:120,0
DA:123,0
DA:124,0
DA:125,0
DA:134,0
DA:148,0
DA:155,0
DA:156,0
DA:158,0
DA:159,0
DA:160,0
DA:161,0
DA:162,0
DA:165,0
DA:166,0
DA:167,0
DA:171,0
DA:172,0
DA:182,0
DA:183,0
DA:185,0
DA:186,0
DA:188,0
DA:189,0
DA:191,0
DA:192,0
DA:195,0
DA:202,0
DA:210,0
DA:212,0
DA:213,0
DA:214,0
DA:215,0
DA:217,0
DA:218,0
DA:219,0
DA:220,0
DA:223,0
DA:224,0
DA:226,0
DA:227,0
DA:228,0
DA:229,0
DA:230,0
DA:231,0
DA:234,0
DA:236,0
DA:249,0
DA:251,0
DA:252,0
DA:254,0
DA:255,0
DA:257,0
DA:258,0
DA:261,0
LF:100
LH:0
BRDA:22,0,0,0
BRDA:22,0,1,0
BRDA:29,1,0,0
BRDA:29,1,1,0
BRDA:34,2,0,0
BRDA:34,2,1,0
BRDA:36,3,0,0
BRDA:36,3,1,0
BRDA:71,4,0,0
BRDA:71,4,1,0
BRDA:90,5,0,0
BRDA:90,5,1,0
BRDA:94,6,0,0
BRDA:94,6,1,0
BRDA:98,7,0,0
BRDA:98,7,1,0
BRDA:107,8,0,0
BRDA:107,8,1,0
BRDA:116,9,0,0
BRDA:116,9,1,0
BRDA:119,10,0,0
BRDA:119,10,1,0
BRDA:123,11,0,0
BRDA:123,11,1,0
BRDA:161,12,0,0
BRDA:161,12,1,0
BRDA:165,13,0,0
BRDA:165,13,1,0
BRDA:171,14,0,0
BRDA:171,14,1,0
BRDA:182,15,0,0
BRDA:182,15,1,0
BRDA:182,16,0,0
BRDA:182,16,1,0
BRDA:185,17,0,0
BRDA:185,17,1,0
BRDA:188,18,0,0
BRDA:188,18,1,0
BRDA:188,19,0,0
BRDA:188,19,1,0
BRDA:191,20,0,0
BRDA:191,20,1,0
BRDA:191,21,0,0
BRDA:191,21,1,0
BRDA:212,22,0,0
BRDA:212,22,1,0
BRDA:215,23,0,0
BRDA:215,23,1,0
BRDA:215,24,0,0
BRDA:215,24,1,0
BRDA:220,25,0,0
BRDA:220,25,1,0
BRDA:220,26,0,0
BRDA:220,26,1,0
BRDA:226,27,0,0
BRDA:226,27,1,0
BRDA:226,28,0,0
BRDA:226,28,1,0
BRDA:227,29,0,0
BRDA:227,29,1,0
BRDA:229,30,0,0
BRDA:229,30,1,0
BRDA:229,31,0,0
BRDA:229,31,1,0
BRDA:251,32,0,0
BRDA:251,32,1,0
BRF:66
BRH:0
end_of_record
TN:
SF:src\lib\agent\core-actions\utility.ts
FN:39,parse_document
FN:89,search_laws
FN:117,(anonymous_2)
FN:156,generate_argument
FN:246,analyze_case
FN:316,extract_timeline
FN:341,compress_content
FN:365,validate_case_data
FN:396,(anonymous_8)
FN:414,(anonymous_9)
FN:423,search_and_rank
FN:477,merge_and_deduplicate
FNF:12
FNH:0
FNDA:0,parse_document
FNDA:0,search_laws
FNDA:0,(anonymous_2)
FNDA:0,generate_argument
FNDA:0,analyze_case
FNDA:0,extract_timeline
FNDA:0,compress_content
FNDA:0,validate_case_data
FNDA:0,(anonymous_8)
FNDA:0,(anonymous_9)
FNDA:0,search_and_rank
FNDA:0,merge_and_deduplicate
DA:9,0
DA:39,0
DA:44,0
DA:47,0
DA:51,0
DA:52,0
DA:61,0
DA:62,0
DA:65,0
DA:72,0
DA:82,0
DA:89,0
DA:95,0
DA:96,0
DA:99,0
DA:100,0
DA:101,0
DA:102,0
DA:107,0
DA:115,0
DA:117,0
DA:121,0
DA:134,0
DA:135,0
DA:139,0
DA:149,0
DA:156,0
DA:161,0
DA:164,0
DA:172,0
DA:183,0
DA:184,0
DA:188,0
DA:191,0
DA:210,0
DA:211,0
DA:212,0
DA:216,0
DA:221,0
DA:229,0
DA:239,0
DA:246,0
DA:257,0
DA:260,0
DA:263,0
DA:266,0
DA:272,0
DA:277,0
DA:287,0
DA:298,0
DA:309,0
DA:316,0
DA:320,0
DA:323,0
DA:325,0
DA:326,0
DA:327,0
DA:328,0
DA:329,0
DA:331,0
DA:334,0
DA:341,0
DA:351,0
DA:353,0
DA:365,0
DA:373,0
DA:397,0
DA:401,0
DA:403,0
DA:412,0
DA:414,0
DA:423,0
DA:439,0
DA:442,0
DA:443,0
DA:444,0
DA:445,0
DA:450,0
DA:457,0
DA:463,0
DA:466,0
DA:467,0
DA:470,0
DA:477,0
DA:486,0
DA:488,0
DA:497,0
LF:87
LH:0
BRDA:51,0,0,0
BRDA:51,0,1,0
BRDA:51,1,0,0
BRDA:51,1,1,0
BRDA:51,2,0,0
BRDA:51,2,1,0
BRDA:61,3,0,0
BRDA:61,3,1,0
BRDA:61,4,0,0
BRDA:61,4,1,0
BRDA:61,5,0,0
BRDA:61,5,1,0
BRDA:96,6,0,0
BRDA:96,6,1,0
BRDA:99,7,0,0
BRDA:99,7,1,0
BRDA:101,8,0,0
BRDA:101,8,1,0
BRDA:110,9,0,0
BRDA:110,9,1,0
BRDA:111,10,0,0
BRDA:111,10,1,0
BRDA:117,11,0,0
BRDA:117,11,1,0
BRDA:134,12,0,0
BRDA:134,12,1,0
BRDA:164,13,0,0
BRDA:164,13,1,0
BRDA:167,14,0,0
BRDA:167,14,1,0
BRDA:183,15,0,0
BRDA:183,15,1,0
BRDA:211,16,0,0
BRDA:211,16,1,0
BRDA:235,17,0,0
BRDA:235,17,1,0
BRDA:397,18,0,0
BRDA:397,18,1,0
BRDA:409,19,0,0
BRDA:409,19,1,0
BRDA:442,20,0,0
BRDA:442,20,1,0
BRDA:444,21,0,0
BRDA:444,21,1,0
BRDA:466,22,0,0
BRDA:466,22,1,0
BRF:46
BRH:0
end_of_record
TN:
SF:src\lib\agent\core-actions\version-compare.ts
FN:12,compare_versions
FNF:1
FNH:0
FNDA:0,compare_versions
DA:12,0
DA:19,0
DA:22,0
DA:26,0
DA:32,0
DA:34,0
DA:35,0
DA:36,0
DA:38,0
DA:39,0
DA:45,0
DA:46,0
DA:52,0
DA:53,0
DA:62,0
LF:15
LH:0
BRDA:26,0,0,0
BRDA:26,0,1,0
BRDA:38,1,0,0
BRDA:38,1,1,0
BRDA:38,2,0,0
BRDA:38,2,1,0
BRDA:45,3,0,0
BRDA:45,3,1,0
BRDA:45,4,0,0
BRDA:45,4,1,0
BRDA:52,5,0,0
BRDA:52,5,1,0
BRF:12
BRH:0
end_of_record
TN:
SF:src\lib\agent\doc-analyzer\adapter.ts
FN:14,(anonymous_0)
FN:21,(anonymous_1)
FN:28,(anonymous_2)
FN:35,(anonymous_3)
FN:73,(anonymous_4)
FN:80,(anonymous_5)
FNF:6
FNH:6
FNDA:1,(anonymous_0)
FNDA:1,(anonymous_1)
FNDA:1,(anonymous_2)
FNDA:12,(anonymous_3)
FNDA:2,(anonymous_4)
FNDA:1,(anonymous_5)
DA:7,1
DA:11,1
DA:15,1
DA:22,1
DA:29,1
DA:46,12
DA:47,12
DA:48,12
DA:49,12
DA:51,12
DA:58,0
DA:74,2
DA:81,1
LF:13
LH:12
BRDA:14,0,0,0
BRDA:62,1,0,0
BRDA:62,1,1,0
BRDA:63,2,0,0
BRDA:63,2,1,0
BRF:5
BRH:0
end_of_record
TN:
SF:src\lib\agent\doc-analyzer\doc-analyzer-agent.ts
FN:96,(anonymous_9)
FN:144,(anonymous_10)
FN:148,(anonymous_11)
FN:152,(anonymous_12)
FN:156,(anonymous_13)
FN:160,(anonymous_14)
FN:169,(anonymous_15)
FN:178,(anonymous_16)
FN:182,(anonymous_17)
FN:186,(anonymous_18)
FN:193,(anonymous_19)
FN:200,(anonymous_20)
FN:207,(anonymous_21)
FN:211,(anonymous_22)
FN:226,(anonymous_23)
FN:238,(anonymous_24)
FN:251,(anonymous_25)
FN:267,(anonymous_26)
FN:275,(anonymous_27)
FN:385,(anonymous_28)
FN:406,(anonymous_29)
FN:479,(anonymous_30)
FN:513,(anonymous_31)
FN:534,(anonymous_32)
FN:560,(anonymous_33)
FN:592,(anonymous_34)
FN:617,(anonymous_35)
FN:624,(anonymous_36)
FN:631,(anonymous_37)
FN:663,(anonymous_38)
FNF:30
FNH:17
FNDA:31,(anonymous_9)
FNDA:210,(anonymous_10)
FNDA:0,(anonymous_11)
FNDA:3,(anonymous_12)
FNDA:0,(anonymous_13)
FNDA:0,(anonymous_14)
FNDA:0,(anonymous_15)
FNDA:0,(anonymous_16)
FNDA:0,(anonymous_17)
FNDA:0,(anonymous_18)
FNDA:28,(anonymous_19)
FNDA:11,(anonymous_20)
FNDA:1,(anonymous_21)
FNDA:12,(anonymous_22)
FNDA:3,(anonymous_23)
FNDA:31,(anonymous_24)
FNDA:3,(anonymous_25)
FNDA:12,(anonymous_26)
FNDA:12,(anonymous_27)
FNDA:0,(anonymous_28)
FNDA:40,(anonymous_29)
FNDA:0,(anonymous_30)
FNDA:0,(anonymous_31)
FNDA:0,(anonymous_32)
FNDA:0,(anonymous_33)
FNDA:0,(anonymous_34)
FNDA:2,(anonymous_35)
FNDA:3,(anonymous_36)
FNDA:12,(anonymous_37)
FNDA:2,(anonymous_38)
DA:48,6
DA:49,6
DA:56,6
DA:57,6
DA:64,6
DA:65,6
DA:66,6
DA:67,6
DA:68,6
DA:69,6
DA:70,6
DA:71,6
DA:72,6
DA:73,6
DA:78,6
DA:79,6
DA:81,6
DA:89,31
DA:90,31
DA:98,31
DA:123,31
DA:124,31
DA:125,31
DA:126,31
DA:127,31
DA:128,31
DA:129,31
DA:130,31
DA:135,31
DA:136,31
DA:139,31
DA:140,31
DA:141,31
DA:145,210
DA:149,0
DA:153,3
DA:157,0
DA:161,0
DA:170,0
DA:179,0
DA:183,0
DA:187,0
DA:194,28
DA:201,11
DA:208,1
DA:212,12
DA:227,3
DA:230,3
DA:231,3
DA:239,31
DA:240,31
DA:242,31
DA:243,31
DA:245,31
DA:252,3
DA:253,0
DA:256,3
DA:257,3
DA:258,3
DA:259,3
DA:260,3
DA:263,0
DA:270,12
DA:271,12
DA:273,12
DA:275,24
DA:276,12
DA:279,11
DA:280,11
DA:281,11
DA:287,10
DA:288,0
DA:296,10
DA:302,10
DA:303,2
DA:307,8
DA:308,8
DA:309,0
DA:320,8
DA:321,8
DA:324,8
DA:327,8
DA:334,8
DA:340,8
DA:344,8
DA:348,8
DA:349,0
DA:357,8
DA:358,0
DA:367,8
DA:370,8
DA:377,8
DA:378,8
DA:379,0
DA:383,0
DA:385,0
DA:390,8
DA:391,8
DA:392,0
DA:393,0
DA:397,8
DA:400,8
DA:401,0
DA:405,8
DA:406,8
DA:407,40
DA:412,24
DA:417,8
DA:439,8
DA:446,8
DA:455,8
DA:457,2
DA:458,2
DA:463,2
DA:464,1
DA:467,1
DA:483,0
DA:492,0
DA:493,0
DA:504,0
DA:507,0
DA:508,0
DA:513,0
DA:514,0
DA:515,0
DA:520,0
DA:525,0
DA:529,0
DA:533,0
DA:534,0
DA:536,0
DA:537,0
DA:541,0
DA:548,0
DA:552,0
DA:553,0
DA:559,0
DA:560,0
DA:562,0
DA:563,0
DA:577,0
DA:583,0
DA:587,0
DA:591,0
DA:592,0
DA:594,0
DA:595,0
DA:599,0
DA:606,0
DA:609,0
DA:610,0
DA:614,0
DA:618,2
DA:625,3
DA:632,12
DA:667,2
DA:669,2
DA:675,2
LF:158
LH:103
BRDA:96,0,0,0
BRDA:230,1,0,3
BRDA:230,1,1,0
BRDA:252,2,0,0
BRDA:252,2,1,3
BRDA:258,3,0,3
BRDA:258,3,1,0
BRDA:279,4,0,11
BRDA:279,4,1,11
BRDA:280,5,0,11
BRDA:280,5,1,0
BRDA:287,6,0,0
BRDA:287,6,1,10
BRDA:287,7,0,0
BRDA:287,7,1,10
BRDA:287,8,0,10
BRDA:287,8,1,10
BRDA:302,9,0,2
BRDA:302,9,1,8
BRDA:308,10,0,0
BRDA:308,10,1,8
BRDA:310,11,0,0
BRDA:310,11,1,0
BRDA:311,12,0,0
BRDA:311,12,1,0
BRDA:348,13,0,0
BRDA:348,13,1,8
BRDA:348,14,0,0
BRDA:348,14,1,8
BRDA:348,15,0,8
BRDA:348,15,1,8
BRDA:357,16,0,0
BRDA:357,16,1,8
BRDA:357,17,0,0
BRDA:357,17,1,8
BRDA:357,18,0,8
BRDA:357,18,1,8
BRDA:367,19,0,8
BRDA:367,19,1,0
BRDA:378,20,0,0
BRDA:378,20,1,8
BRDA:378,21,0,8
BRDA:378,21,1,8
BRDA:391,22,0,0
BRDA:391,22,1,8
BRDA:400,23,0,0
BRDA:400,23,1,8
BRDA:400,24,0,8
BRDA:400,24,1,8
BRDA:405,25,0,8
BRDA:405,25,1,0
BRDA:405,26,0,8
BRDA:405,26,1,8
BRDA:407,27,0,24
BRDA:407,27,1,16
BRDA:408,28,0,40
BRDA:408,28,1,16
BRDA:408,28,2,16
BRDA:463,29,0,1
BRDA:463,29,1,1
BRDA:468,30,0,1
BRDA:468,30,1,0
BRDA:469,31,0,1
BRDA:469,31,1,0
BRDA:487,32,0,0
BRDA:487,32,1,0
BRDA:488,33,0,0
BRDA:488,33,1,0
BRDA:489,34,0,0
BRDA:489,34,1,0
BRDA:504,35,0,0
BRDA:504,35,1,0
BRDA:504,35,2,0
BRDA:504,35,3,0
BRDA:504,35,4,0
BRDA:507,36,0,0
BRDA:507,36,1,0
BRDA:514,37,0,0
BRDA:514,37,1,0
BRDA:514,38,0,0
BRDA:514,38,1,0
BRDA:516,39,0,0
BRDA:516,39,1,0
BRDA:529,40,0,0
BRDA:529,40,1,0
BRDA:530,41,0,0
BRDA:530,41,1,0
BRDA:536,42,0,0
BRDA:536,42,1,0
BRDA:552,43,0,0
BRDA:552,43,1,0
BRDA:560,44,0,0
BRDA:560,44,1,0
BRDA:562,45,0,0
BRDA:562,45,1,0
BRDA:562,46,0,0
BRDA:562,46,1,0
BRDA:562,46,2,0
BRDA:575,47,0,0
BRDA:575,47,1,0
BRDA:587,48,0,0
BRDA:587,48,1,0
BRDA:588,49,0,0
BRDA:588,49,1,0
BRDA:594,50,0,0
BRDA:594,50,1,0
BRDA:671,51,0,2
BRDA:671,51,1,0
BRDA:688,52,0,2
BRDA:688,52,1,0
BRF:110
BRH:43
end_of_record
TN:
SF:src\lib\agent\doc-analyzer\index.ts
FN:7,(anonymous_0)
FN:28,(anonymous_1)
FN:29,(anonymous_2)
FN:30,(anonymous_3)
FN:31,(anonymous_4)
FN:35,(anonymous_5)
FN:36,(anonymous_6)
FN:37,(anonymous_7)
FN:40,(anonymous_8)
FN:41,(anonymous_9)
FN:42,(anonymous_10)
FN:45,(anonymous_11)
FN:45,(anonymous_12)
FN:48,(anonymous_13)
FN:50,(anonymous_14)
FN:51,(anonymous_15)
FNF:16
FNH:0
FNDA:0,(anonymous_0)
FNDA:0,(anonymous_1)
FNDA:0,(anonymous_2)
FNDA:0,(anonymous_3)
FNDA:0,(anonymous_4)
FNDA:0,(anonymous_5)
FNDA:0,(anonymous_6)
FNDA:0,(anonymous_7)
FNDA:0,(anonymous_8)
FNDA:0,(anonymous_9)
FNDA:0,(anonymous_10)
FNDA:0,(anonymous_11)
FNDA:0,(anonymous_12)
FNDA:0,(anonymous_13)
FNDA:0,(anonymous_14)
FNDA:0,(anonymous_15)
DA:7,0
DA:27,0
DA:28,0
DA:29,0
DA:30,0
DA:31,0
DA:35,0
DA:36,0
DA:37,0
DA:40,0
DA:41,0
DA:42,0
DA:45,0
DA:48,0
DA:50,0
DA:51,0
LF:16
LH:0
BRF:0
BRH:0
end_of_record
TN:
SF:src\lib\agent\doc-analyzer\analyzers\comprehensive-analyzer.ts
FN:32,(anonymous_0)
FN:90,(anonymous_1)
FN:145,(anonymous_2)
FN:157,(anonymous_3)
FN:163,(anonymous_4)
FN:164,(anonymous_5)
FN:166,(anonymous_6)
FN:198,(anonymous_7)
FN:209,(anonymous_8)
FN:213,(anonymous_9)
FN:214,(anonymous_10)
FN:237,(anonymous_11)
FN:242,(anonymous_12)
FN:250,(anonymous_13)
FN:261,(anonymous_14)
FN:314,(anonymous_15)
FN:317,(anonymous_16)
FN:318,(anonymous_17)
FN:328,(anonymous_18)
FN:345,(anonymous_19)
FN:353,(anonymous_20)
FN:370,(anonymous_21)
FN:390,(anonymous_22)
FN:394,(anonymous_23)
FN:412,(anonymous_24)
FN:446,(anonymous_25)
FN:459,(anonymous_26)
FN:482,(anonymous_27)
FN:512,(anonymous_28)
FN:530,(anonymous_29)
FN:552,(anonymous_30)
FN:580,(anonymous_31)
FNF:32
FNH:0
FNDA:0,(anonymous_0)
FNDA:0,(anonymous_1)
FNDA:0,(anonymous_2)
FNDA:0,(anonymous_3)
FNDA:0,(anonymous_4)
FNDA:0,(anonymous_5)
FNDA:0,(anonymous_6)
FNDA:0,(anonymous_7)
FNDA:0,(anonymous_8)
FNDA:0,(anonymous_9)
FNDA:0,(anonymous_10)
FNDA:0,(anonymous_11)
FNDA:0,(anonymous_12)
FNDA:0,(anonymous_13)
FNDA:0,(anonymous_14)
FNDA:0,(anonymous_15)
FNDA:0,(anonymous_16)
FNDA:0,(anonymous_17)
FNDA:0,(anonymous_18)
FNDA:0,(anonymous_19)
FNDA:0,(anonymous_20)
FNDA:0,(anonymous_21)
FNDA:0,(anonymous_22)
FNDA:0,(anonymous_23)
FNDA:0,(anonymous_24)
FNDA:0,(anonymous_25)
FNDA:0,(anonymous_26)
FNDA:0,(anonymous_27)
FNDA:0,(anonymous_28)
FNDA:0,(anonymous_29)
FNDA:0,(anonymous_30)
FNDA:0,(anonymous_31)
DA:28,6
DA:38,0
DA:41,0
DA:48,0
DA:55,0
DA:61,0
DA:67,0
DA:73,0
DA:95,0
DA:98,0
DA:99,0
DA:102,0
DA:103,0
DA:106,0
DA:107,0
DA:110,0
DA:115,0
DA:119,0
DA:126,0
DA:130,0
DA:132,0
DA:149,0
DA:152,0
DA:153,0
DA:157,0
DA:163,0
DA:164,0
DA:165,0
DA:167,0
DA:172,0
DA:173,0
DA:182,0
DA:183,0
DA:192,0
DA:201,0
DA:203,0
DA:204,0
DA:208,0
DA:209,0
DA:213,0
DA:214,0
DA:216,0
DA:217,0
DA:218,0
DA:220,0
DA:221,0
DA:231,0
DA:238,0
DA:241,0
DA:242,0
DA:245,0
DA:246,0
DA:250,0
DA:255,0
DA:266,0
DA:269,0
DA:270,0
DA:273,0
DA:274,0
DA:277,0
DA:278,0
DA:281,0
DA:282,0
DA:285,0
DA:286,0
DA:287,0
DA:291,0
DA:295,0
DA:298,0
DA:300,0
DA:315,0
DA:317,0
DA:318,0
DA:320,0
DA:321,0
DA:323,0
DA:324,0
DA:327,0
DA:328,0
DA:330,0
DA:331,0
DA:334,0
DA:346,0
DA:348,0
DA:349,0
DA:352,0
DA:353,0
DA:355,0
DA:356,0
DA:359,0
DA:373,0
DA:375,0
DA:376,0
DA:379,0
DA:391,0
DA:393,0
DA:394,0
DA:397,0
DA:398,0
DA:401,0
DA:416,0
DA:419,0
DA:420,0
DA:421,0
DA:424,0
DA:431,0
DA:433,0
DA:449,0
DA:450,0
DA:451,0
DA:452,0
DA:453,0
DA:463,0
DA:466,0
DA:467,0
DA:468,0
DA:473,0
DA:476,0
DA:485,0
DA:487,0
DA:488,0
DA:489,0
DA:491,0
DA:492,0
DA:494,0
DA:495,0
DA:497,0
DA:498,0
DA:500,0
DA:501,0
DA:506,0
DA:518,0
DA:520,0
DA:521,0
DA:524,0
DA:535,0
DA:538,0
DA:539,0
DA:540,0
DA:541,0
DA:542,0
DA:546,0
DA:556,0
DA:559,0
DA:560,0
DA:561,0
DA:562,0
DA:566,0
DA:567,0
DA:568,0
DA:569,0
DA:570,0
DA:574,0
DA:584,0
DA:587,0
DA:588,0
DA:589,0
DA:590,0
DA:591,0
DA:595,0
LF:160
LH:1
BRDA:152,0,0,0
BRDA:152,0,1,0
BRDA:152,1,0,0
BRDA:152,1,1,0
BRDA:167,2,0,0
BRDA:167,2,1,0
BRDA:167,2,2,0
BRDA:172,3,0,0
BRDA:172,3,1,0
BRDA:172,4,0,0
BRDA:172,4,1,0
BRDA:182,5,0,0
BRDA:182,5,1,0
BRDA:182,6,0,0
BRDA:182,6,1,0
BRDA:203,7,0,0
BRDA:203,7,1,0
BRDA:216,8,0,0
BRDA:216,8,1,0
BRDA:216,9,0,0
BRDA:216,9,1,0
BRDA:220,10,0,0
BRDA:220,10,1,0
BRDA:225,11,0,0
BRDA:225,11,1,0
BRDA:225,12,0,0
BRDA:225,12,1,0
BRDA:242,13,0,0
BRDA:242,13,1,0
BRDA:245,14,0,0
BRDA:245,14,1,0
BRDA:285,15,0,0
BRDA:285,15,1,0
BRDA:286,16,0,0
BRDA:286,16,1,0
BRDA:287,17,0,0
BRDA:287,17,1,0
BRDA:320,18,0,0
BRDA:320,18,1,0
BRDA:323,19,0,0
BRDA:323,19,1,0
BRDA:328,20,0,0
BRDA:328,20,1,0
BRDA:330,21,0,0
BRDA:330,21,1,0
BRDA:348,22,0,0
BRDA:348,22,1,0
BRDA:353,23,0,0
BRDA:353,23,1,0
BRDA:355,24,0,0
BRDA:355,24,1,0
BRDA:375,25,0,0
BRDA:375,25,1,0
BRDA:394,26,0,0
BRDA:394,26,1,0
BRDA:397,27,0,0
BRDA:397,27,1,0
BRDA:449,28,0,0
BRDA:449,28,1,0
BRDA:450,29,0,0
BRDA:450,29,1,0
BRDA:451,30,0,0
BRDA:451,30,1,0
BRDA:452,31,0,0
BRDA:452,31,1,0
BRDA:467,32,0,0
BRDA:467,32,1,0
BRDA:488,33,0,0
BRDA:488,33,1,0
BRDA:489,34,0,0
BRDA:489,34,1,0
BRDA:489,34,2,0
BRDA:489,34,3,0
BRDA:520,35,0,0
BRDA:520,35,1,0
BRDA:539,36,0,0
BRDA:539,36,1,0
BRDA:541,37,0,0
BRDA:541,37,1,0
BRDA:559,38,0,0
BRDA:559,38,1,0
BRDA:561,39,0,0
BRDA:561,39,1,0
BRDA:567,40,0,0
BRDA:567,40,1,0
BRDA:569,41,0,0
BRDA:569,41,1,0
BRDA:588,42,0,0
BRDA:588,42,1,0
BRDA:590,43,0,0
BRDA:590,43,1,0
BRF:91
BRH:0
end_of_record
TN:
SF:src\lib\agent\doc-analyzer\analyzers\evidence-analyzer.ts
FN:33,(anonymous_0)
FN:43,(anonymous_1)
FN:93,(anonymous_2)
FN:121,(anonymous_3)
FN:126,(anonymous_4)
FN:128,(anonymous_5)
FN:132,(anonymous_6)
FN:138,(anonymous_7)
FN:155,(anonymous_8)
FN:171,(anonymous_9)
FNF:10
FNH:1
FNDA:31,(anonymous_0)
FNDA:0,(anonymous_1)
FNDA:0,(anonymous_2)
FNDA:0,(anonymous_3)
FNDA:0,(anonymous_4)
FNDA:0,(anonymous_5)
FNDA:0,(anonymous_6)
FNDA:0,(anonymous_7)
FNDA:0,(anonymous_8)
FNDA:0,(anonymous_9)
DA:18,6
DA:19,6
DA:20,6
DA:21,6
DA:27,6
DA:34,31
DA:35,31
DA:36,31
DA:37,31
DA:45,0
DA:48,0
DA:51,0
DA:57,0
DA:61,0
DA:64,0
DA:71,0
DA:76,0
DA:96,0
DA:97,0
DA:99,0
DA:100,0
DA:101,0
DA:102,0
DA:104,0
DA:115,0
DA:124,0
DA:125,0
DA:126,0
DA:128,0
DA:131,0
DA:132,0
DA:137,0
DA:138,0
DA:143,0
DA:144,0
DA:154,0
DA:155,0
DA:158,0
DA:175,0
DA:177,0
LF:40
LH:9
BRDA:131,0,0,0
BRDA:131,0,1,0
BRDA:137,1,0,0
BRDA:137,1,1,0
BRDA:175,2,0,0
BRDA:175,2,1,0
BRF:6
BRH:0
end_of_record
TN:
SF:src\lib\agent\doc-analyzer\analyzers\evidence-classifier.ts
FN:19,(anonymous_0)
FN:26,(anonymous_1)
FN:85,(anonymous_2)
FN:110,(anonymous_3)
FN:127,(anonymous_4)
FNF:5
FNH:2
FNDA:31,(anonymous_0)
FNDA:0,(anonymous_1)
FNDA:0,(anonymous_2)
FNDA:0,(anonymous_3)
FNDA:31,(anonymous_4)
DA:16,6
DA:20,31
DA:30,0
DA:33,0
DA:34,0
DA:35,0
DA:36,0
DA:37,0
DA:38,0
DA:46,0
DA:47,0
DA:48,0
DA:49,0
DA:50,0
DA:51,0
DA:59,0
DA:60,0
DA:61,0
DA:62,0
DA:63,0
DA:64,0
DA:72,0
DA:73,0
DA:74,0
DA:75,0
DA:79,0
DA:86,0
DA:87,0
DA:95,0
DA:96,0
DA:97,0
DA:98,0
DA:99,0
DA:104,0
DA:112,0
DA:113,0
DA:114,0
DA:115,0
DA:121,0
DA:128,31
DA:130,31
DA:135,31
DA:140,31
DA:145,31
DA:150,31
DA:155,31
DA:160,31
LF:47
LH:10
BRDA:33,0,0,0
BRDA:33,0,1,0
BRDA:35,1,0,0
BRDA:35,1,1,0
BRDA:37,2,0,0
BRDA:37,2,1,0
BRDA:37,3,0,0
BRDA:37,3,1,0
BRDA:46,4,0,0
BRDA:46,4,1,0
BRDA:48,5,0,0
BRDA:48,5,1,0
BRDA:50,6,0,0
BRDA:50,6,1,0
BRDA:50,7,0,0
BRDA:50,7,1,0
BRDA:59,8,0,0
BRDA:59,8,1,0
BRDA:61,9,0,0
BRDA:61,9,1,0
BRDA:63,10,0,0
BRDA:63,10,1,0
BRDA:63,11,0,0
BRDA:63,11,1,0
BRDA:74,12,0,0
BRDA:74,12,1,0
BRDA:98,13,0,0
BRDA:98,13,1,0
BRDA:98,14,0,0
BRDA:98,14,1,0
BRDA:114,15,0,0
BRDA:114,15,1,0
BRF:32
BRH:0
end_of_record
TN:
SF:src\lib\agent\doc-analyzer\analyzers\evidence-completeness-analyzer.ts
FN:25,(anonymous_0)
FN:35,(anonymous_1)
FN:42,(anonymous_2)
FN:51,(anonymous_3)
FN:63,(anonymous_4)
FN:67,(anonymous_5)
FN:90,(anonymous_6)
FN:105,(anonymous_7)
FN:138,(anonymous_8)
FN:149,(anonymous_9)
FN:164,(anonymous_10)
FN:167,(anonymous_11)
FNF:12
FNH:0
FNDA:0,(anonymous_0)
FNDA:0,(anonymous_1)
FNDA:0,(anonymous_2)
FNDA:0,(anonymous_3)
FNDA:0,(anonymous_4)
FNDA:0,(anonymous_5)
FNDA:0,(anonymous_6)
FNDA:0,(anonymous_7)
FNDA:0,(anonymous_8)
FNDA:0,(anonymous_9)
FNDA:0,(anonymous_10)
FNDA:0,(anonymous_11)
DA:21,6
DA:26,0
DA:28,0
DA:31,0
DA:32,0
DA:35,0
DA:36,0
DA:37,0
DA:41,0
DA:42,0
DA:45,0
DA:46,0
DA:50,0
DA:51,0
DA:54,0
DA:55,0
DA:57,0
DA:67,0
DA:70,0
DA:73,0
DA:74,0
DA:78,0
DA:83,0
DA:87,0
DA:91,0
DA:96,0
DA:99,0
DA:109,0
DA:112,0
DA:113,0
DA:115,0
DA:116,0
DA:118,0
DA:119,0
DA:121,0
DA:122,0
DA:124,0
DA:125,0
DA:127,0
DA:128,0
DA:130,0
DA:131,0
DA:133,0
DA:138,0
DA:139,0
DA:140,0
DA:143,0
DA:163,0
DA:164,0
DA:166,0
DA:167,0
DA:171,0
DA:177,0
DA:178,0
DA:179,0
DA:180,0
DA:181,0
DA:182,0
DA:184,0
DA:187,0
LF:60
LH:1
BRDA:26,0,0,0
BRDA:26,0,1,0
BRDA:41,1,0,0
BRDA:41,1,1,0
BRDA:50,2,0,0
BRDA:50,2,1,0
BRDA:73,3,0,0
BRDA:73,3,1,0
BRDA:78,4,0,0
BRDA:78,4,1,0
BRDA:79,5,0,0
BRDA:79,5,1,0
BRDA:79,5,2,0
BRDA:87,6,0,0
BRDA:87,6,1,0
BRDA:88,7,0,0
BRDA:88,7,1,0
BRDA:88,7,2,0
BRDA:91,8,0,0
BRDA:91,8,1,0
BRDA:113,9,0,0
BRDA:113,9,1,0
BRDA:113,9,2,0
BRDA:113,9,3,0
BRDA:113,9,4,0
BRDA:113,9,5,0
BRDA:113,9,6,0
BRDA:139,10,0,0
BRDA:139,10,1,0
BRDA:166,11,0,0
BRDA:166,11,1,0
BRDA:177,12,0,0
BRDA:177,12,1,0
BRDA:179,13,0,0
BRDA:179,13,1,0
BRDA:181,14,0,0
BRDA:181,14,1,0
BRF:37
BRH:0
end_of_record
TN:
SF:src\lib\agent\doc-analyzer\analyzers\evidence-relation-analyzer.ts
FN:25,(anonymous_0)
FN:82,(anonymous_1)
FN:102,(anonymous_2)
FN:125,(anonymous_3)
FN:148,(anonymous_4)
FN:154,(anonymous_5)
FN:161,(anonymous_6)
FN:172,(anonymous_7)
FN:175,(anonymous_8)
FN:178,(anonymous_9)
FNF:10
FNH:0
FNDA:0,(anonymous_0)
FNDA:0,(anonymous_1)
FNDA:0,(anonymous_2)
FNDA:0,(anonymous_3)
FNDA:0,(anonymous_4)
FNDA:0,(anonymous_5)
FNDA:0,(anonymous_6)
FNDA:0,(anonymous_7)
FNDA:0,(anonymous_8)
FNDA:0,(anonymous_9)
DA:21,6
DA:29,0
DA:32,0
DA:33,0
DA:37,0
DA:38,0
DA:44,0
DA:48,0
DA:52,0
DA:53,0
DA:62,0
DA:66,0
DA:67,0
DA:76,0
DA:86,0
DA:88,0
DA:90,0
DA:91,0
DA:92,0
DA:96,0
DA:106,0
DA:108,0
DA:110,0
DA:111,0
DA:115,0
DA:119,0
DA:129,0
DA:131,0
DA:133,0
DA:134,0
DA:138,0
DA:142,0
DA:152,0
DA:154,0
DA:155,0
DA:171,0
DA:172,0
DA:174,0
DA:175,0
DA:177,0
DA:178,0
DA:181,0
DA:183,0
LF:43
LH:1
BRDA:88,0,0,0
BRDA:88,0,1,0
BRDA:91,1,0,0
BRDA:91,1,1,0
BRDA:108,2,0,0
BRDA:108,2,1,0
BRDA:111,3,0,0
BRDA:111,3,1,0
BRDA:112,4,0,0
BRDA:112,4,1,0
BRDA:112,4,2,0
BRDA:131,5,0,0
BRDA:131,5,1,0
BRDA:134,6,0,0
BRDA:134,6,1,0
BRDA:135,7,0,0
BRDA:135,7,1,0
BRDA:152,8,0,0
BRDA:152,8,1,0
BRF:19
BRH:0
end_of_record
TN:
SF:src\lib\agent\doc-analyzer\analyzers\evidence-strength-analyzer.ts
FN:20,(anonymous_0)
FN:38,(anonymous_1)
FN:43,(anonymous_2)
FN:57,(anonymous_3)
FN:75,(anonymous_4)
FN:107,(anonymous_5)
FNF:6
FNH:0
FNDA:0,(anonymous_0)
FNDA:0,(anonymous_1)
FNDA:0,(anonymous_2)
FNDA:0,(anonymous_3)
FNDA:0,(anonymous_4)
FNDA:0,(anonymous_5)
DA:16,6
DA:21,0
DA:24,0
DA:34,0
DA:37,0
DA:38,0
DA:39,0
DA:42,0
DA:43,0
DA:44,0
DA:48,0
DA:49,0
DA:51,0
DA:58,0
DA:61,0
DA:62,0
DA:65,0
DA:66,0
DA:69,0
DA:81,0
DA:82,0
DA:85,0
DA:88,0
DA:89,0
DA:90,0
DA:91,0
DA:93,0
DA:96,0
DA:108,0
DA:111,0
DA:112,0
DA:116,0
DA:117,0
DA:121,0
DA:122,0
DA:126,0
DA:131,0
DA:132,0
DA:135,0
LF:39
LH:1
BRDA:38,0,0,0
BRDA:38,0,1,0
BRDA:43,1,0,0
BRDA:43,1,1,0
BRDA:48,2,0,0
BRDA:48,2,1,0
BRDA:49,3,0,0
BRDA:49,3,1,0
BRDA:61,4,0,0
BRDA:61,4,1,0
BRDA:61,5,0,0
BRDA:61,5,1,0
BRDA:65,6,0,0
BRDA:65,6,1,0
BRDA:65,7,0,0
BRDA:65,7,1,0
BRDA:88,8,0,0
BRDA:88,8,1,0
BRDA:90,9,0,0
BRDA:90,9,1,0
BRDA:111,10,0,0
BRDA:111,10,1,0
BRDA:116,11,0,0
BRDA:116,11,1,0
BRDA:121,12,0,0
BRDA:121,12,1,0
BRDA:122,13,0,0
BRDA:122,13,1,0
BRDA:123,14,0,0
BRDA:123,14,1,0
BRDA:131,15,0,0
BRDA:131,15,1,0
BRF:32
BRH:0
end_of_record
TN:
SF:src\lib\agent\doc-analyzer\analyzers\index.ts
FN:8,(anonymous_0)
FN:9,(anonymous_1)
FN:10,(anonymous_2)
FN:13,(anonymous_3)
FN:14,(anonymous_4)
FN:15,(anonymous_5)
FN:16,(anonymous_6)
FNF:7
FNH:3
FNDA:31,(anonymous_0)
FNDA:31,(anonymous_1)
FNDA:31,(anonymous_2)
FNDA:0,(anonymous_3)
FNDA:0,(anonymous_4)
FNDA:0,(anonymous_5)
FNDA:0,(anonymous_6)
DA:8,37
DA:9,37
DA:10,37
DA:13,6
DA:14,6
DA:15,6
DA:16,6
LF:7
LH:7
BRF:0
BRH:0
end_of_record
TN:
SF:src\lib\agent\doc-analyzer\analyzers\timeline-extractor.ts
FN:25,(anonymous_0)
FN:33,(anonymous_1)
FN:64,(anonymous_2)
FN:65,(anonymous_3)
FN:74,(anonymous_4)
FN:113,(anonymous_5)
FN:140,(anonymous_6)
FN:168,(anonymous_7)
FN:191,(anonymous_8)
FN:205,(anonymous_9)
FN:214,(anonymous_10)
FN:242,(anonymous_11)
FN:243,(anonymous_12)
FN:254,(anonymous_13)
FN:274,(anonymous_14)
FN:277,(anonymous_15)
FN:284,(anonymous_16)
FN:317,(anonymous_17)
FN:335,(anonymous_18)
FNF:19
FNH:19
FNDA:31,(anonymous_0)
FNDA:8,(anonymous_1)
FNDA:8,(anonymous_2)
FNDA:48,(anonymous_3)
FNDA:416,(anonymous_4)
FNDA:8,(anonymous_5)
FNDA:8,(anonymous_6)
FNDA:304,(anonymous_7)
FNDA:336,(anonymous_8)
FNDA:320,(anonymous_9)
FNDA:8,(anonymous_10)
FNDA:16,(anonymous_11)
FNDA:112,(anonymous_12)
FNDA:8,(anonymous_13)
FNDA:8,(anonymous_14)
FNDA:40,(anonymous_15)
FNDA:8,(anonymous_16)
FNDA:31,(anonymous_17)
FNDA:31,(anonymous_18)
DA:21,6
DA:26,31
DA:27,31
DA:35,8
DA:38,8
DA:41,8
DA:44,8
DA:47,8
DA:50,8
DA:52,8
DA:65,48
DA:76,416
DA:77,368
DA:81,48
DA:82,48
DA:83,48
DA:84,48
DA:88,0
DA:89,0
DA:90,0
DA:91,0
DA:95,0
DA:96,0
DA:97,0
DA:98,0
DA:102,0
DA:103,0
DA:104,0
DA:107,0
DA:114,8
DA:115,8
DA:116,8
DA:118,8
DA:119,304
DA:120,304
DA:122,304
DA:123,48
DA:134,8
DA:143,8
DA:144,8
DA:147,8
DA:149,32
DA:150,32
DA:151,0
DA:162,8
DA:169,304
DA:170,16
DA:172,288
DA:173,0
DA:175,288
DA:176,0
DA:178,288
DA:179,8
DA:181,280
DA:182,0
DA:185,280
DA:192,336
DA:193,1536
DA:194,1536
DA:195,48
DA:199,288
DA:206,320
DA:207,320
DA:208,320
DA:218,8
DA:221,8
DA:222,48
DA:223,48
DA:224,48
DA:229,8
DA:230,0
DA:231,0
DA:232,0
DA:236,8
DA:243,16
DA:244,112
DA:245,112
DA:246,112
DA:247,112
DA:255,8
DA:257,8
DA:258,40
DA:259,40
DA:261,40
DA:262,40
DA:264,40
DA:268,8
DA:275,8
DA:277,40
DA:278,8
DA:289,8
DA:290,0
DA:293,8
DA:294,8
DA:295,8
DA:297,8
DA:298,8
DA:300,8
DA:301,0
DA:305,8
DA:307,8
DA:318,31
DA:336,31
DA:338,31
DA:339,31
DA:340,31
DA:341,31
DA:342,31
DA:343,31
DA:344,31
DA:345,31
DA:347,31
LF:112
LH:91
BRDA:76,0,0,368
BRDA:76,0,1,48
BRDA:82,1,0,48
BRDA:82,1,1,0
BRDA:89,2,0,0
BRDA:89,2,1,0
BRDA:96,3,0,0
BRDA:96,3,1,0
BRDA:103,4,0,0
BRDA:103,4,1,0
BRDA:122,5,0,48
BRDA:122,5,1,256
BRDA:122,6,0,304
BRDA:122,6,1,48
BRDA:150,7,0,0
BRDA:150,7,1,32
BRDA:169,8,0,16
BRDA:169,8,1,288
BRDA:169,9,0,304
BRDA:169,9,1,304
BRDA:172,10,0,0
BRDA:172,10,1,288
BRDA:172,11,0,288
BRDA:172,11,1,288
BRDA:175,12,0,0
BRDA:175,12,1,288
BRDA:175,13,0,288
BRDA:175,13,1,288
BRDA:178,14,0,8
BRDA:178,14,1,280
BRDA:178,15,0,288
BRDA:178,15,1,280
BRDA:181,16,0,0
BRDA:181,16,1,280
BRDA:181,17,0,280
BRDA:181,17,1,280
BRDA:194,18,0,48
BRDA:194,18,1,1488
BRDA:208,19,0,0
BRDA:208,19,1,320
BRDA:223,20,0,48
BRDA:223,20,1,0
BRDA:231,21,0,0
BRDA:231,21,1,0
BRDA:246,22,0,0
BRDA:246,22,1,112
BRDA:246,23,0,112
BRDA:246,23,1,112
BRDA:261,24,0,40
BRDA:261,24,1,0
BRDA:261,25,0,40
BRDA:261,25,1,40
BRDA:275,26,0,0
BRDA:275,26,1,8
BRDA:289,27,0,0
BRDA:289,27,1,8
BRDA:300,28,0,0
BRDA:300,28,1,8
BRDA:300,29,0,8
BRDA:300,29,1,8
BRF:60
BRH:40
end_of_record
TN:
SF:src\lib\agent\doc-analyzer\core\constants.ts
FNF:0
FNH:0
DA:13,8
DA:43,8
DA:57,8
DA:72,8
DA:108,8
DA:120,8
DA:195,8
DA:205,8
DA:217,8
DA:258,8
DA:275,8
LF:11
LH:11
BRF:0
BRH:0
end_of_record
TN:
SF:src\lib\agent\doc-analyzer\extractors\amount-extractor.ts
FN:59,(anonymous_0)
FN:67,(anonymous_1)
FN:103,(anonymous_2)
FN:164,(anonymous_3)
FN:190,(anonymous_4)
FN:203,(anonymous_5)
FN:220,(anonymous_6)
FN:245,(anonymous_7)
FN:275,(anonymous_8)
FN:290,(anonymous_9)
FN:303,(anonymous_10)
FN:321,(anonymous_11)
FN:355,(anonymous_12)
FN:366,(anonymous_13)
FN:379,(anonymous_14)
FN:394,(anonymous_15)
FN:432,(anonymous_16)
FN:445,(anonymous_17)
FN:456,(anonymous_18)
FN:483,(anonymous_19)
FN:501,(anonymous_20)
FN:515,(anonymous_21)
FN:526,(anonymous_22)
FN:545,(anonymous_23)
FN:551,(anonymous_24)
FN:565,(anonymous_25)
FN:584,(anonymous_26)
FN:610,createAmountExtractor
FN:617,extractBestAmount
FN:628,(anonymous_29)
FNF:30
FNH:8
FNDA:34,(anonymous_0)
FNDA:16,(anonymous_1)
FNDA:16,(anonymous_2)
FNDA:0,(anonymous_3)
FNDA:0,(anonymous_4)
FNDA:0,(anonymous_5)
FNDA:0,(anonymous_6)
FNDA:0,(anonymous_7)
FNDA:0,(anonymous_8)
FNDA:0,(anonymous_9)
FNDA:0,(anonymous_10)
FNDA:0,(anonymous_11)
FNDA:16,(anonymous_12)
FNDA:0,(anonymous_13)
FNDA:0,(anonymous_14)
FNDA:16,(anonymous_15)
FNDA:16,(anonymous_16)
FNDA:0,(anonymous_17)
FNDA:16,(anonymous_18)
FNDA:0,(anonymous_19)
FNDA:16,(anonymous_20)
FNDA:0,(anonymous_21)
FNDA:0,(anonymous_22)
FNDA:0,(anonymous_23)
FNDA:0,(anonymous_24)
FNDA:0,(anonymous_25)
FNDA:0,(anonymous_26)
FNDA:0,createAmountExtractor
FNDA:0,extractBestAmount
FNDA:0,(anonymous_29)
DA:13,8
DA:17,8
DA:55,8
DA:60,34
DA:61,34
DA:72,16
DA:75,16
DA:81,16
DA:88,16
DA:91,16
DA:93,16
DA:128,16
DA:130,16
DA:132,0
DA:135,0
DA:141,0
DA:144,0
DA:151,0
DA:158,16
DA:170,0
DA:171,0
DA:180,0
DA:183,0
DA:200,0
DA:201,0
DA:203,0
DA:204,0
DA:208,0
DA:209,0
DA:214,0
DA:230,0
DA:231,0
DA:235,0
DA:236,0
DA:239,0
DA:251,0
DA:253,0
DA:254,0
DA:256,0
DA:259,0
DA:260,0
DA:262,0
DA:265,0
DA:266,0
DA:269,0
DA:284,0
DA:291,0
DA:292,0
DA:294,0
DA:295,0
DA:297,0
DA:304,0
DA:306,0
DA:307,0
DA:308,0
DA:309,0
DA:311,0
DA:315,0
DA:323,0
DA:324,0
DA:328,0
DA:329,0
DA:330,0
DA:337,0
DA:338,0
DA:339,0
DA:340,0
DA:341,0
DA:349,0
DA:365,16
DA:368,0
DA:369,0
DA:373,0
DA:374,0
DA:377,0
DA:379,0
DA:388,16
DA:409,16
DA:416,16
DA:418,16
DA:419,0
DA:420,0
DA:421,0
DA:422,0
DA:426,16
DA:441,16
DA:442,16
DA:445,0
DA:446,0
DA:447,0
DA:448,0
DA:450,0
DA:469,16
DA:472,16
DA:473,0
DA:474,0
DA:477,0
DA:478,0
DA:483,16
DA:484,16
DA:485,0
DA:489,16
DA:491,16
DA:505,16
DA:507,16
DA:508,0
DA:509,0
DA:517,0
DA:518,0
DA:520,0
DA:541,0
DA:542,0
DA:545,0
DA:552,0
DA:554,0
DA:555,0
DA:556,0
DA:559,0
DA:567,0
DA:570,0
DA:577,0
DA:578,0
DA:585,0
DA:590,0
DA:598,0
DA:599,0
DA:610,8
DA:611,0
DA:617,8
DA:621,0
DA:622,0
DA:624,0
DA:625,0
DA:628,0
DA:630,0
LF:135
LH:32
BRDA:69,0,0,16
BRDA:208,1,0,0
BRDA:208,1,1,0
BRDA:210,2,0,0
BRDA:210,2,1,0
BRDA:230,3,0,0
BRDA:230,3,1,0
BRDA:230,4,0,0
BRDA:230,4,1,0
BRDA:235,5,0,0
BRDA:235,5,1,0
BRDA:235,6,0,0
BRDA:235,6,1,0
BRDA:253,7,0,0
BRDA:253,7,1,0
BRDA:259,8,0,0
BRDA:259,8,1,0
BRDA:265,9,0,0
BRDA:265,9,1,0
BRDA:292,10,0,0
BRDA:292,10,1,0
BRDA:308,11,0,0
BRDA:308,11,1,0
BRDA:323,12,0,0
BRDA:323,12,1,0
BRDA:323,13,0,0
BRDA:323,13,1,0
BRDA:328,14,0,0
BRDA:328,14,1,0
BRDA:337,15,0,0
BRDA:337,15,1,0
BRDA:339,16,0,0
BRDA:339,16,1,0
BRDA:368,17,0,0
BRDA:368,17,1,0
BRDA:373,18,0,0
BRDA:373,18,1,0
BRDA:373,19,0,0
BRDA:373,19,1,0
BRDA:420,20,0,0
BRDA:420,20,1,0
BRDA:441,21,0,16
BRDA:441,21,1,0
BRDA:473,22,0,0
BRDA:473,22,1,0
BRDA:477,23,0,0
BRDA:477,23,1,0
BRDA:484,24,0,0
BRDA:484,24,1,16
BRDA:507,25,0,16
BRDA:507,25,1,0
BRDA:508,26,0,0
BRDA:508,26,1,0
BRDA:520,27,0,0
BRDA:520,27,1,0
BRDA:520,28,0,0
BRDA:520,28,1,0
BRDA:520,29,0,0
BRDA:520,29,1,0
BRDA:541,30,0,0
BRDA:541,30,1,0
BRDA:565,31,0,0
BRDA:567,32,0,0
BRDA:567,32,1,0
BRDA:577,33,0,0
BRDA:577,33,1,0
BRDA:584,34,0,0
BRDA:598,35,0,0
BRDA:598,35,1,0
BRDA:624,36,0,0
BRDA:624,36,1,0
BRF:71
BRH:4
end_of_record
TN:
SF:src\lib\agent\doc-analyzer\extractors\claim-extraction-rules.ts
FN:280,getClaimPatterns
FN:281,(anonymous_1)
FN:288,getHiddenPatterns
FN:289,(anonymous_3)
FN:296,textContainsClaimType
FN:301,(anonymous_5)
FN:302,(anonymous_6)
FN:309,likelyHasLitigationCost
FN:322,(anonymous_8)
FN:328,likelyHasPrincipal
FN:343,(anonymous_10)
FN:349,likelyHasInterest
FN:351,(anonymous_12)
FN:357,likelyHasPenalty
FN:359,(anonymous_14)
FN:366,shouldInferLitigationCost
FN:387,shouldInferInterest
FN:405,shouldInferPenalty
FN:419,identifyCompoundClaims
FN:441,getClaimTypeLabel
FNF:20
FNH:0
FNDA:0,getClaimPatterns
FNDA:0,(anonymous_1)
FNDA:0,getHiddenPatterns
FNDA:0,(anonymous_3)
FNDA:0,textContainsClaimType
FNDA:0,(anonymous_5)
FNDA:0,(anonymous_6)
FNDA:0,likelyHasLitigationCost
FNDA:0,(anonymous_8)
FNDA:0,likelyHasPrincipal
FNDA:0,(anonymous_10)
FNDA:0,likelyHasInterest
FNDA:0,(anonymous_12)
FNDA:0,likelyHasPenalty
FNDA:0,(anonymous_14)
FNDA:0,shouldInferLitigationCost
FNDA:0,shouldInferInterest
FNDA:0,shouldInferPenalty
FNDA:0,identifyCompoundClaims
FNDA:0,getClaimTypeLabel
DA:33,8
DA:79,8
DA:280,8
DA:281,0
DA:282,0
DA:288,8
DA:289,0
DA:290,0
DA:296,8
DA:297,0
DA:298,0
DA:300,0
DA:301,0
DA:302,0
DA:309,8
DA:310,0
DA:322,0
DA:328,8
DA:329,0
DA:343,0
DA:349,8
DA:350,0
DA:351,0
DA:357,8
DA:358,0
DA:359,0
DA:366,8
DA:367,0
DA:368,0
DA:372,0
DA:373,0
DA:376,0
DA:377,0
DA:378,0
DA:381,0
DA:387,8
DA:388,0
DA:390,0
DA:392,0
DA:393,0
DA:394,0
DA:395,0
DA:399,0
DA:405,8
DA:406,0
DA:407,0
DA:409,0
DA:410,0
DA:413,0
DA:419,8
DA:420,0
DA:422,0
DA:423,0
DA:427,0
DA:428,0
DA:429,0
DA:435,0
DA:441,8
DA:442,0
DA:452,0
LF:60
LH:14
BRDA:282,0,0,0
BRDA:282,0,1,0
BRDA:282,1,0,0
BRDA:282,1,1,0
BRDA:282,2,0,0
BRDA:282,2,1,0
BRDA:290,3,0,0
BRDA:290,3,1,0
BRDA:290,4,0,0
BRDA:290,4,1,0
BRDA:290,5,0,0
BRDA:290,5,1,0
BRDA:301,6,0,0
BRDA:301,6,1,0
BRDA:372,7,0,0
BRDA:372,7,1,0
BRDA:372,8,0,0
BRDA:372,8,1,0
BRDA:377,9,0,0
BRDA:377,9,1,0
BRDA:377,10,0,0
BRDA:377,10,1,0
BRDA:392,11,0,0
BRDA:392,11,1,0
BRDA:392,12,0,0
BRDA:392,12,1,0
BRDA:394,13,0,0
BRDA:394,13,1,0
BRDA:409,14,0,0
BRDA:409,14,1,0
BRDA:409,15,0,0
BRDA:409,15,1,0
BRDA:423,16,0,0
BRDA:423,16,1,0
BRDA:424,17,0,0
BRDA:424,17,1,0
BRDA:428,18,0,0
BRDA:428,18,1,0
BRDA:452,19,0,0
BRDA:452,19,1,0
BRF:40
BRH:0
end_of_record
TN:
SF:src\lib\agent\doc-analyzer\extractors\claim-extractor.ts
FN:42,(anonymous_0)
FN:49,(anonymous_1)
FN:71,(anonymous_2)
FN:86,(anonymous_3)
FN:100,(anonymous_4)
FN:113,(anonymous_5)
FN:153,(anonymous_6)
FN:201,(anonymous_7)
FN:228,(anonymous_8)
FN:241,(anonymous_9)
FN:253,(anonymous_10)
FN:277,(anonymous_11)
FN:300,(anonymous_12)
FN:309,(anonymous_13)
FN:323,(anonymous_14)
FN:327,(anonymous_15)
FN:348,(anonymous_16)
FN:350,(anonymous_17)
FN:409,(anonymous_18)
FN:442,(anonymous_19)
FN:464,(anonymous_20)
FN:492,createClaimExtractor
FN:499,extractClaimsFromText
FN:511,standardizeClaimType
FNF:24
FNH:7
FNDA:34,(anonymous_0)
FNDA:3,(anonymous_1)
FNDA:0,(anonymous_2)
FNDA:0,(anonymous_3)
FNDA:0,(anonymous_4)
FNDA:0,(anonymous_5)
FNDA:3,(anonymous_6)
FNDA:3,(anonymous_7)
FNDA:0,(anonymous_8)
FNDA:15,(anonymous_9)
FNDA:0,(anonymous_10)
FNDA:0,(anonymous_11)
FNDA:0,(anonymous_12)
FNDA:0,(anonymous_13)
FNDA:0,(anonymous_14)
FNDA:0,(anonymous_15)
FNDA:0,(anonymous_16)
FNDA:0,(anonymous_17)
FNDA:0,(anonymous_18)
FNDA:3,(anonymous_19)
FNDA:120,(anonymous_20)
FNDA:0,createClaimExtractor
FNDA:0,extractClaimsFromText
FNDA:0,standardizeClaimType
DA:8,8
DA:41,8
DA:53,3
DA:54,3
DA:57,3
DA:59,0
DA:60,0
DA:61,0
DA:65,3
DA:66,0
DA:70,3
DA:71,0
DA:74,3
DA:76,3
DA:87,0
DA:89,0
DA:90,0
DA:91,0
DA:94,0
DA:101,0
DA:114,0
DA:125,0
DA:126,0
DA:129,0
DA:147,0
DA:154,3
DA:157,3
DA:181,3
DA:182,3
DA:183,63
DA:184,63
DA:185,24
DA:186,24
DA:187,15
DA:188,15
DA:201,3
DA:202,0
DA:203,0
DA:204,0
DA:210,0
DA:222,3
DA:229,0
DA:230,0
DA:232,0
DA:233,0
DA:234,0
DA:235,0
DA:242,15
DA:243,15
DA:244,3
DA:245,3
DA:247,12
DA:254,0
DA:256,0
DA:257,0
DA:258,0
DA:259,0
DA:262,0
DA:266,0
DA:271,0
DA:281,0
DA:282,0
DA:284,0
DA:285,0
DA:286,0
DA:287,0
DA:288,0
DA:290,0
DA:294,0
DA:301,0
DA:303,0
DA:304,0
DA:308,0
DA:309,0
DA:310,0
DA:320,0
DA:323,0
DA:324,0
DA:325,0
DA:327,0
DA:329,0
DA:342,0
DA:349,0
DA:350,0
DA:353,0
DA:357,0
DA:360,0
DA:372,0
DA:377,0
DA:389,0
DA:390,0
DA:402,0
DA:403,0
DA:404,0
DA:407,0
DA:409,0
DA:410,0
DA:411,0
DA:412,0
DA:413,0
DA:414,0
DA:415,0
DA:416,0
DA:419,0
DA:425,0
DA:436,0
DA:448,3
DA:449,3
DA:450,3
DA:452,3
DA:463,3
DA:464,120
DA:467,3
DA:468,15
DA:469,0
DA:471,15
DA:472,0
DA:476,3
DA:492,8
DA:493,0
DA:499,8
DA:503,0
DA:504,0
DA:505,0
DA:511,8
DA:512,0
DA:529,0
LF:127
LH:39
BRDA:51,0,0,0
BRDA:57,1,0,0
BRDA:57,1,1,3
BRDA:65,2,0,0
BRDA:65,2,1,3
BRDA:70,3,0,0
BRDA:70,3,1,3
BRDA:79,4,0,3
BRDA:79,4,1,3
BRDA:104,5,0,0
BRDA:104,5,1,0
BRDA:105,6,0,0
BRDA:105,6,1,0
BRDA:106,7,0,0
BRDA:106,7,1,0
BRDA:125,8,0,0
BRDA:125,8,1,0
BRDA:147,9,0,0
BRDA:147,9,1,0
BRDA:186,10,0,15
BRDA:186,10,1,9
BRDA:186,11,0,24
BRDA:186,11,1,15
BRDA:201,12,0,0
BRDA:201,12,1,3
BRDA:203,13,0,0
BRDA:203,13,1,0
BRDA:204,14,0,0
BRDA:204,14,1,0
BRDA:205,15,0,0
BRDA:205,15,1,0
BRDA:205,15,2,0
BRDA:205,15,3,0
BRDA:230,16,0,0
BRDA:230,16,1,0
BRDA:233,17,0,0
BRDA:233,17,1,0
BRDA:234,18,0,0
BRDA:234,18,1,0
BRDA:242,19,0,0
BRDA:242,19,1,15
BRDA:242,20,0,15
BRDA:242,20,1,15
BRDA:243,21,0,3
BRDA:243,21,1,12
BRDA:245,22,0,0
BRDA:245,22,1,3
BRDA:258,23,0,0
BRDA:258,23,1,0
BRDA:262,24,0,0
BRDA:262,24,1,0
BRDA:263,25,0,0
BRDA:263,25,1,0
BRDA:263,25,2,0
BRDA:286,26,0,0
BRDA:286,26,1,0
BRDA:304,27,0,0
BRDA:304,27,1,0
BRDA:305,28,0,0
BRDA:305,28,1,0
BRDA:309,29,0,0
BRDA:309,29,1,0
BRDA:323,30,0,0
BRDA:323,30,1,0
BRDA:325,31,0,0
BRDA:325,31,1,0
BRDA:326,32,0,0
BRDA:326,32,1,0
BRDA:353,33,0,0
BRDA:353,33,1,0
BRDA:354,34,0,0
BRDA:354,34,1,0
BRDA:362,35,0,0
BRDA:362,35,1,0
BRDA:372,36,0,0
BRDA:372,36,1,0
BRDA:373,37,0,0
BRDA:373,37,1,0
BRDA:373,37,2,0
BRDA:389,38,0,0
BRDA:389,38,1,0
BRDA:389,39,0,0
BRDA:389,39,1,0
BRDA:407,40,0,0
BRDA:407,40,1,0
BRDA:410,41,0,0
BRDA:410,41,1,0
BRDA:410,42,0,0
BRDA:410,42,1,0
BRDA:410,42,2,0
BRDA:410,42,3,0
BRDA:411,43,0,0
BRDA:411,43,1,0
BRDA:413,44,0,0
BRDA:413,44,1,0
BRDA:415,45,0,0
BRDA:415,45,1,0
BRDA:419,46,0,0
BRDA:419,46,1,0
BRDA:420,47,0,0
BRDA:420,47,1,0
BRDA:420,47,2,0
BRDA:420,47,3,0
BRDA:468,48,0,0
BRDA:468,48,1,15
BRDA:468,49,0,15
BRDA:468,49,1,3
BRDA:471,50,0,0
BRDA:471,50,1,15
BRDA:529,51,0,0
BRDA:529,51,1,0
BRF:111
BRH:20
end_of_record
TN:
SF:src\lib\agent\doc-analyzer\extractors\dispute-focus-extractor.ts
FN:45,(anonymous_0)
FN:55,(anonymous_1)
FN:83,(anonymous_2)
FN:89,(anonymous_3)
FN:110,(anonymous_4)
FN:154,(anonymous_5)
FN:161,(anonymous_6)
FN:208,(anonymous_7)
FN:230,(anonymous_8)
FN:271,(anonymous_9)
FN:284,(anonymous_10)
FN:308,(anonymous_11)
FN:322,(anonymous_12)
FN:358,(anonymous_13)
FN:377,(anonymous_14)
FN:405,(anonymous_15)
FN:425,(anonymous_16)
FN:466,(anonymous_17)
FN:492,(anonymous_18)
FN:522,(anonymous_19)
FN:543,(anonymous_20)
FN:558,(anonymous_21)
FN:583,(anonymous_22)
FN:608,(anonymous_23)
FN:628,(anonymous_24)
FN:629,(anonymous_25)
FN:630,(anonymous_26)
FN:632,(anonymous_27)
FN:633,(anonymous_28)
FN:640,(anonymous_29)
FN:677,(anonymous_30)
FN:712,(anonymous_31)
FN:757,(anonymous_32)
[...]
BRDA:1034,99,1,0
BRDA:1063,100,0,0
BRDA:1063,100,1,0
BRDA:1068,101,0,0
BRDA:1068,101,1,0
BRDA:1098,102,0,0
BRDA:1098,102,1,0
BRDA:1111,103,0,0
BRDA:1111,103,1,0
BRDA:1125,104,0,0
BRDA:1125,104,1,0
BRDA:1125,105,0,0
BRDA:1125,105,1,0
BRDA:1126,106,0,0
BRDA:1126,106,1,0
BRDA:1148,107,0,0
BRDA:1148,107,1,82
BRDA:1156,108,0,0
BRDA:1156,108,1,82
BRDA:1162,109,0,0
BRDA:1162,109,1,0
BRDA:1171,110,0,0
BRDA:1171,110,1,0
BRDA:1188,111,0,66
BRDA:1191,112,0,0
BRDA:1191,112,1,66
BRDA:1192,113,0,0
BRDA:1192,113,1,0
BRDA:1203,114,0,4
BRDA:1203,114,1,62
BRDA:1211,115,0,0
BRDA:1211,115,1,0
BRF:240
BRH:109
end_of_record
TN:
SF:src\lib\ai\case\case-embedder.ts
FN:21,(anonymous_0)
FN:33,(anonymous_1)
FN:42,(anonymous_2)
FN:100,(anonymous_3)
FN:135,(anonymous_4)
FN:155,(anonymous_5)
FN:156,(anonymous_6)
FN:175,(anonymous_7)
FN:216,(anonymous_8)
FN:249,(anonymous_9)
FN:288,(anonymous_10)
FN:295,(anonymous_11)
FN:303,(anonymous_12)
FN:313,(anonymous_13)
FN:324,(anonymous_14)
FN:343,(anonymous_15)
FN:357,(anonymous_16)
FN:366,(anonymous_17)
FN:370,(anonymous_18)
FNF:19
FNH:0
FNDA:0,(anonymous_0)
FNDA:0,(anonymous_1)
FNDA:0,(anonymous_2)
FNDA:0,(anonymous_3)
FNDA:0,(anonymous_4)
FNDA:0,(anonymous_5)
FNDA:0,(anonymous_6)
FNDA:0,(anonymous_7)
FNDA:0,(anonymous_8)
FNDA:0,(anonymous_9)
FNDA:0,(anonymous_10)
FNDA:0,(anonymous_11)
FNDA:0,(anonymous_12)
FNDA:0,(anonymous_13)
FNDA:0,(anonymous_14)
FNDA:0,(anonymous_15)
FNDA:0,(anonymous_16)
FNDA:0,(anonymous_17)
FNDA:0,(anonymous_18)
DA:1,0
DA:8,0
DA:10,0
DA:16,0
DA:22,0
DA:27,0
DA:34,0
DA:35,0
DA:45,0
DA:47,0
DA:50,0
DA:51,0
DA:52,0
DA:53,0
DA:66,0
DA:67,0
DA:70,0
DA:72,0
DA:84,0
DA:85,0
DA:90,0
DA:128,0
DA:131,0
DA:132,0
DA:133,0
DA:134,0
DA:135,0
DA:138,0
DA:139,0
DA:140,0
DA:146,0
DA:155,0
DA:156,0
DA:158,0
DA:164,0
DA:176,0
DA:184,0
DA:186,0
DA:187,0
DA:190,0
DA:191,0
DA:194,0
DA:195,0
DA:198,0
DA:201,0
DA:202,0
DA:203,0
DA:204,0
DA:210,0
DA:217,0
DA:218,0
DA:229,0
DA:230,0
DA:232,0
DA:233,0
DA:236,0
DA:238,0
DA:242,0
DA:250,0
DA:252,0
DA:253,0
DA:254,0
DA:258,0
DA:259,0
DA:260,0
DA:261,0
DA:262,0
DA:264,0
DA:265,0
DA:270,0
DA:271,0
DA:272,0
DA:275,0
DA:277,0
DA:281,0
DA:289,0
DA:296,0
DA:297,0
DA:304,0
DA:314,0
DA:315,0
DA:325,0
DA:330,0
DA:340,0
DA:341,0
DA:347,0
DA:349,0
DA:350,0
DA:351,0
DA:354,0
DA:358,0
DA:359,0
DA:360,0
DA:361,0
DA:363,0
DA:367,0
DA:371,0
DA:372,0
DA:374,0
DA:378,0
LF:100
LH:0
BRDA:21,0,0,0
BRDA:23,1,0,0
BRDA:23,1,1,0
BRDA:24,2,0,0
BRDA:24,2,1,0
BRDA:25,3,0,0
BRDA:25,3,1,0
BRDA:34,4,0,0
BRDA:34,4,1,0
BRDA:52,5,0,0
BRDA:52,5,1,0
BRDA:84,6,0,0
BRDA:84,6,1,0
BRDA:87,7,0,0
BRDA:87,7,1,0
BRDA:139,8,0,0
BRDA:139,8,1,0
BRDA:149,9,0,0
BRDA:149,9,1,0
BRDA:149,10,0,0
BRDA:149,10,1,0
BRDA:149,11,0,0
BRDA:149,11,1,0
BRDA:186,12,0,0
BRDA:186,12,1,0
BRDA:190,13,0,0
BRDA:190,13,1,0
BRDA:190,14,0,0
BRDA:190,14,1,0
BRDA:194,15,0,0
BRDA:194,15,1,0
BRDA:194,16,0,0
BRDA:194,16,1,0
BRDA:198,17,0,0
BRDA:198,17,1,0
BRDA:201,18,0,0
BRDA:201,18,1,0
BRDA:201,19,0,0
BRDA:201,19,1,0
BRDA:202,20,0,0
BRDA:202,20,1,0
BRDA:229,21,0,0
BRDA:229,21,1,0
BRDA:229,22,0,0
BRDA:229,22,1,0
BRDA:229,23,0,0
BRDA:229,23,1,0
BRDA:229,24,0,0
BRDA:229,24,1,0
BRDA:230,25,0,0
BRDA:230,25,1,0
BRDA:240,26,0,0
BRDA:240,26,1,0
BRDA:253,27,0,0
BRDA:253,27,1,0
BRDA:259,28,0,0
BRDA:259,28,1,0
BRDA:261,29,0,0
BRDA:261,29,1,0
BRDA:264,30,0,0
BRDA:264,30,1,0
BRDA:271,31,0,0
BRDA:271,31,1,0
BRDA:271,32,0,0
BRDA:271,32,1,0
BRDA:279,33,0,0
BRDA:279,33,1,0
BRDA:344,34,0,0
BRDA:349,35,0,0
BRDA:349,35,1,0
BRDA:359,36,0,0
BRDA:359,36,1,0
BRF:72
BRH:0
end_of_record
TN:
SF:src\lib\ai\case\similarity-searcher.ts
FN:23,(anonymous_0)
FN:39,(anonymous_1)
FN:89,(anonymous_2)
FN:114,(anonymous_3)
FN:174,(anonymous_4)
FN:201,(anonymous_5)
FN:235,(anonymous_6)
FN:245,(anonymous_7)
FN:268,(anonymous_8)
FN:276,(anonymous_9)
FN:283,(anonymous_10)
FN:293,(anonymous_11)
FN:305,(anonymous_12)
FN:312,(anonymous_13)
FN:317,(anonymous_14)
FN:330,(anonymous_15)
FN:345,(anonymous_16)
FN:347,(anonymous_17)
FN:352,(anonymous_18)
FN:370,(anonymous_19)
FN:384,(anonymous_20)
FN:393,(anonymous_21)
FN:397,(anonymous_22)
FNF:23
FNH:0
FNDA:0,(anonymous_0)
FNDA:0,(anonymous_1)
FNDA:0,(anonymous_2)
FNDA:0,(anonymous_3)
FNDA:0,(anonymous_4)
FNDA:0,(anonymous_5)
FNDA:0,(anonymous_6)
FNDA:0,(anonymous_7)
FNDA:0,(anonymous_8)
FNDA:0,(anonymous_9)
FNDA:0,(anonymous_10)
FNDA:0,(anonymous_11)
FNDA:0,(anonymous_12)
FNDA:0,(anonymous_13)
FNDA:0,(anonymous_14)
FNDA:0,(anonymous_15)
FNDA:0,(anonymous_16)
FNDA:0,(anonymous_17)
FNDA:0,(anonymous_18)
FNDA:0,(anonymous_19)
FNDA:0,(anonymous_20)
FNDA:0,(anonymous_21)
FNDA:0,(anonymous_22)
DA:1,0
DA:2,0
DA:12,0
DA:19,0
DA:24,0
DA:33,0
DA:43,0
DA:45,0
DA:47,0
DA:48,0
DA:49,0
DA:55,0
DA:60,0
DA:62,0
DA:63,0
DA:64,0
DA:67,0
DA:71,0
DA:76,0
DA:77,0
DA:89,0
DA:92,0
DA:94,0
DA:95,0
DA:102,0
DA:105,0
DA:106,0
DA:107,0
DA:128,0
DA:131,0
DA:135,0
DA:136,0
DA:137,0
DA:138,0
DA:139,0
DA:144,0
DA:147,0
DA:151,0
DA:156,0
DA:159,0
DA:160,0
DA:168,0
DA:175,0
DA:176,0
DA:179,0
DA:181,0
DA:182,0
DA:183,0
DA:186,0
DA:188,0
DA:189,0
DA:190,0
DA:192,0
DA:195,0
DA:202,0
DA:205,0
DA:206,0
DA:208,0
DA:209,0
DA:210,0
DA:211,0
DA:214,0
DA:217,0
DA:218,0
DA:219,0
DA:220,0
DA:222,0
DA:225,0
DA:226,0
DA:229,0
DA:236,0
DA:237,0
DA:239,0
DA:246,0
DA:247,0
DA:251,0
DA:252,0
DA:253,0
DA:254,0
DA:258,0
DA:259,0
DA:269,0
DA:270,0
DA:277,0
DA:284,0
DA:294,0
DA:295,0
DA:306,0
DA:317,0
DA:319,0
DA:320,0
DA:321,0
DA:324,0
DA:336,0
DA:337,0
DA:345,0
DA:347,0
DA:348,0
DA:349,0
DA:352,0
DA:353,0
DA:355,0
DA:367,0
DA:368,0
DA:374,0
DA:376,0
DA:377,0
DA:378,0
DA:381,0
DA:385,0
DA:386,0
DA:387,0
DA:388,0
DA:390,0
DA:394,0
DA:398,0
DA:399,0
DA:401,0
DA:405,0
LF:119
LH:0
BRDA:48,0,0,0
BRDA:48,0,1,0
BRDA:50,1,0,0
BRDA:50,1,1,0
BRDA:50,2,0,0
BRDA:50,2,1,0
BRDA:55,3,0,0
BRDA:55,3,1,0
BRDA:63,4,0,0
BRDA:63,4,1,0
BRDA:63,5,0,0
BRDA:63,5,1,0
BRDA:67,6,0,0
BRDA:67,6,1,0
BRDA:76,7,0,0
BRDA:76,7,1,0
BRDA:105,8,0,0
BRDA:105,8,1,0
BRDA:131,9,0,0
BRDA:131,9,1,0
BRDA:138,10,0,0
BRDA:138,10,1,0
BRDA:142,11,0,0
BRDA:142,11,1,0
BRDA:142,12,0,0
BRDA:142,12,1,0
BRDA:147,13,0,0
BRDA:147,13,1,0
BRDA:159,14,0,0
BRDA:159,14,1,0
BRDA:175,15,0,0
BRDA:175,15,1,0
BRDA:179,16,0,0
BRDA:179,16,1,0
BRDA:186,17,0,0
BRDA:186,17,1,0
BRDA:217,18,0,0
BRDA:217,18,1,0
BRDA:219,19,0,0
BRDA:219,19,1,0
BRDA:225,20,0,0
BRDA:225,20,1,0
BRDA:236,21,0,0
BRDA:236,21,1,0
BRDA:246,22,0,0
BRDA:246,22,1,0
BRDA:251,23,0,0
BRDA:251,23,1,0
BRDA:253,24,0,0
BRDA:253,24,1,0
BRDA:336,25,0,0
BRDA:336,25,1,0
BRDA:371,26,0,0
BRDA:376,27,0,0
BRDA:376,27,1,0
BRDA:386,28,0,0
BRDA:386,28,1,0
BRF:57
BRH:0
end_of_record
TN:
SF:src\lib\ai\case\success-rate-analyzer.ts
FN:38,(anonymous_0)
FN:50,(anonymous_1)
FN:57,(anonymous_2)
FN:110,(anonymous_3)
FN:171,(anonymous_4)
FN:203,(anonymous_5)
FN:210,(anonymous_6)
FN:212,(anonymous_7)
FN:229,(anonymous_8)
FN:238,(anonymous_9)
FN:265,(anonymous_10)
FN:271,(anonymous_11)
FN:280,(anonymous_12)
FN:307,(anonymous_13)
FN:329,(anonymous_14)
FN:371,(anonymous_15)
FN:379,(anonymous_16)
FN:390,(anonymous_17)
FN:404,(anonymous_18)
FN:408,(anonymous_19)
FN:412,(anonymous_20)
FNF:21
FNH:0
FNDA:0,(anonymous_0)
FNDA:0,(anonymous_1)
FNDA:0,(anonymous_2)
FNDA:0,(anonymous_3)
FNDA:0,(anonymous_4)
FNDA:0,(anonymous_5)
FNDA:0,(anonymous_6)
FNDA:0,(anonymous_7)
FNDA:0,(anonymous_8)
FNDA:0,(anonymous_9)
FNDA:0,(anonymous_10)
FNDA:0,(anonymous_11)
FNDA:0,(anonymous_12)
FNDA:0,(anonymous_13)
FNDA:0,(anonymous_14)
FNDA:0,(anonymous_15)
FNDA:0,(anonymous_16)
FNDA:0,(anonymous_17)
FNDA:0,(anonymous_18)
FNDA:0,(anonymous_19)
FNDA:0,(anonymous_20)
DA:1,0
DA:2,0
DA:35,0
DA:39,0
DA:54,0
DA:56,0
DA:57,0
DA:61,0
DA:64,0
DA:67,0
DA:72,0
DA:75,0
DA:78,0
DA:85,0
DA:99,0
DA:100,0
DA:103,0
DA:113,0
DA:123,0
DA:124,0
DA:127,0
DA:128,0
DA:130,0
DA:131,0
DA:133,0
DA:135,0
DA:136,0
DA:137,0
DA:139,0
DA:140,0
DA:142,0
DA:143,0
DA:144,0
DA:146,0
DA:147,0
DA:150,0
DA:151,0
DA:156,0
DA:157,0
DA:161,0
DA:162,0
DA:165,0
DA:175,0
DA:176,0
DA:179,0
DA:180,0
DA:183,0
DA:184,0
DA:188,0
DA:189,0
DA:192,0
DA:195,0
DA:205,0
DA:206,0
DA:210,0
DA:212,0
DA:215,0
DA:218,0
DA:221,0
DA:223,0
DA:232,0
DA:233,0
DA:237,0
DA:239,0
DA:244,0
DA:245,0
DA:246,0
DA:248,0
DA:249,0
DA:252,0
DA:253,0
DA:254,0
DA:256,0
DA:257,0
DA:259,0
DA:266,0
DA:267,0
DA:270,0
DA:271,0
DA:274,0
DA:287,0
DA:290,0
DA:297,0
DA:312,0
DA:313,0
DA:317,0
DA:318,0
DA:320,0
DA:321,0
DA:323,0
DA:335,0
DA:338,0
DA:339,0
DA:340,0
DA:341,0
DA:343,0
DA:347,0
DA:348,0
DA:354,0
DA:355,0
DA:359,0
DA:360,0
DA:361,0
DA:362,0
DA:365,0
DA:372,0
DA:373,0
DA:380,0
DA:387,0
DA:388,0
DA:394,0
DA:396,0
DA:397,0
DA:398,0
DA:401,0
DA:405,0
DA:409,0
DA:413,0
DA:417,0
LF:119
LH:0
BRDA:57,0,0,0
BRDA:57,0,1,0
BRDA:57,1,0,0
BRDA:57,1,1,0
BRDA:61,2,0,0
BRDA:61,2,1,0
BRDA:61,3,0,0
BRDA:61,3,1,0
BRDA:67,4,0,0
BRDA:67,4,1,0
BRDA:68,5,0,0
BRDA:68,5,1,0
BRDA:68,6,0,0
BRDA:68,6,1,0
BRDA:69,7,0,0
BRDA:69,7,1,0
BRDA:69,8,0,0
BRDA:69,8,1,0
BRDA:99,9,0,0
BRDA:99,9,1,0
BRDA:123,10,0,0
BRDA:123,10,1,0
BRDA:133,11,0,0
BRDA:133,11,1,0
BRDA:133,11,2,0
BRDA:133,11,3,0
BRDA:150,12,0,0
BRDA:150,12,1,0
BRDA:156,13,0,0
BRDA:156,13,1,0
BRDA:161,14,0,0
BRDA:161,14,1,0
BRDA:179,15,0,0
BRDA:179,15,1,0
BRDA:183,16,0,0
BRDA:183,16,1,0
BRDA:188,17,0,0
BRDA:188,17,1,0
BRDA:188,18,0,0
BRDA:188,18,1,0
BRDA:205,19,0,0
BRDA:205,19,1,0
BRDA:232,20,0,0
BRDA:232,20,1,0
BRDA:253,21,0,0
BRDA:253,21,1,0
BRDA:256,22,0,0
BRDA:256,22,1,0
BRDA:266,23,0,0
BRDA:266,23,1,0
BRDA:312,24,0,0
BRDA:312,24,1,0
BRDA:317,25,0,0
BRDA:317,25,1,0
BRDA:320,26,0,0
BRDA:320,26,1,0
BRDA:338,27,0,0
BRDA:338,27,1,0
BRDA:340,28,0,0
BRDA:340,28,1,0
BRDA:347,29,0,0
BRDA:347,29,1,0
BRDA:354,30,0,0
BRDA:354,30,1,0
BRDA:359,31,0,0
BRDA:359,31,1,0
BRDA:361,32,0,0
BRDA:361,32,1,0
BRDA:391,33,0,0
BRDA:396,34,0,0
BRDA:396,34,1,0
BRF:71
BRH:0
end_of_record
TN:
SF:src\lib\ai\evidence\evidence-chain-builder.ts
FN:27,(anonymous_0)
FN:36,(anonymous_1)
FN:76,(anonymous_2)
FN:106,(anonymous_3)
FN:117,(anonymous_4)
FN:178,(anonymous_5)
FN:189,(anonymous_6)
FN:199,(anonymous_7)
FN:217,(anonymous_8)
FN:224,(anonymous_9)
FN:231,(anonymous_10)
FN:248,(anonymous_11)
FN:297,(anonymous_12)
FNF:13
FNH:0
FNDA:0,(anonymous_0)
FNDA:0,(anonymous_1)
FNDA:0,(anonymous_2)
FNDA:0,(anonymous_3)
FNDA:0,(anonymous_4)
FNDA:0,(anonymous_5)
FNDA:0,(anonymous_6)
FNDA:0,(anonymous_7)
FNDA:0,(anonymous_8)
FNDA:0,(anonymous_9)
FNDA:0,(anonymous_10)
FNDA:0,(anonymous_11)
FNDA:0,(anonymous_12)
DA:14,0
DA:15,0
DA:16,0
DA:22,0
DA:28,0
DA:29,0
DA:30,0
DA:39,0
DA:41,0
DA:44,0
DA:46,0
DA:48,0
DA:51,0
DA:55,0
DA:63,0
DA:65,0
DA:67,0
DA:92,0
DA:93,0
DA:97,0
DA:106,0
DA:145,0
DA:148,0
DA:150,0
DA:151,0
DA:154,0
DA:155,0
DA:158,0
DA:159,0
DA:162,0
DA:163,0
DA:167,0
DA:169,0
DA:172,0
DA:183,0
DA:196,0
DA:199,0
DA:200,0
DA:201,0
DA:204,0
DA:205,0
DA:208,0
DA:211,0
DA:218,0
DA:225,0
DA:232,0
DA:234,0
DA:237,0
DA:238,0
DA:239,0
DA:240,0
DA:241,0
DA:242,0
DA:245,0
DA:246,0
DA:247,0
DA:248,0
DA:249,0
DA:250,0
DA:253,0
DA:257,0
DA:258,0
DA:259,0
DA:263,0
DA:264,0
DA:265,0
DA:266,0
DA:268,0
DA:272,0
DA:273,0
DA:274,0
DA:275,0
DA:276,0
DA:277,0
DA:278,0
DA:282,0
DA:283,0
DA:284,0
DA:285,0
DA:286,0
DA:288,0
DA:291,0
DA:298,0
LF:83
LH:0
BRDA:44,0,0,0
BRDA:44,0,1,0
BRDA:46,1,0,0
BRDA:46,1,1,0
BRDA:46,2,0,0
BRDA:46,2,1,0
BRDA:46,3,0,0
BRDA:46,3,1,0
BRDA:92,4,0,0
BRDA:92,4,1,0
BRDA:158,5,0,0
BRDA:158,5,1,0
BRDA:167,6,0,0
BRDA:167,6,1,0
BRDA:167,7,0,0
BRDA:167,7,1,0
BRDA:167,8,0,0
BRDA:167,8,1,0
BRDA:167,9,0,0
BRDA:167,9,1,0
BRDA:200,10,0,0
BRDA:200,10,1,0
BRDA:200,11,0,0
BRDA:200,11,1,0
BRDA:200,12,0,0
BRDA:200,12,1,0
BRDA:200,13,0,0
BRDA:200,13,1,0
BRDA:204,14,0,0
BRDA:204,14,1,0
BRDA:204,15,0,0
BRDA:204,15,1,0
BRDA:204,16,0,0
BRDA:204,16,1,0
BRDA:204,17,0,0
BRDA:204,17,1,0
BRDA:245,18,0,0
BRDA:245,18,1,0
BRDA:249,19,0,0
BRDA:249,19,1,0
BRDA:257,20,0,0
BRDA:257,20,1,0
BRDA:263,21,0,0
BRDA:263,21,1,0
BRDA:273,22,0,0
BRDA:273,22,1,0
BRDA:283,23,0,0
BRDA:283,23,1,0
BRDA:285,24,0,0
BRDA:285,24,1,0
BRF:50
BRH:0
end_of_record
TN:
SF:src\lib\ai\risk\risk-advisor.ts
FN:51,(anonymous_0)
FN:60,(anonymous_1)
FN:69,(anonymous_2)
FN:95,(anonymous_3)
FN:127,(anonymous_4)
FN:142,(anonymous_5)
FN:177,(anonymous_6)
FN:184,(anonymous_7)
FN:212,(anonymous_8)
FN:233,(anonymous_9)
FN:245,(anonymous_10)
FN:261,(anonymous_11)
FN:400,(anonymous_12)
FN:421,(anonymous_13)
FN:439,(anonymous_14)
FN:446,(anonymous_15)
FN:462,(anonymous_16)
FNF:17
FNH:0
FNDA:0,(anonymous_0)
FNDA:0,(anonymous_1)
FNDA:0,(anonymous_2)
FNDA:0,(anonymous_3)
FNDA:0,(anonymous_4)
FNDA:0,(anonymous_5)
FNDA:0,(anonymous_6)
FNDA:0,(anonymous_7)
FNDA:0,(anonymous_8)
FNDA:0,(anonymous_9)
FNDA:0,(anonymous_10)
FNDA:0,(anonymous_11)
FNDA:0,(anonymous_12)
FNDA:0,(anonymous_13)
FNDA:0,(anonymous_14)
FNDA:0,(anonymous_15)
FNDA:0,(anonymous_16)
DA:15,0
DA:46,0
DA:52,0
DA:53,0
DA:54,0
DA:63,0
DA:64,0
DA:68,0
DA:70,0
DA:74,0
DA:76,0
DA:79,0
DA:80,0
DA:82,0
DA:84,0
DA:85,0
DA:88,0
DA:99,0
DA:101,0
DA:116,0
DA:118,0
DA:131,0
DA:134,0
DA:135,0
DA:136,0
DA:141,0
DA:142,0
DA:143,0
DA:147,0
DA:148,0
DA:149,0
DA:150,0
DA:151,0
DA:152,0
DA:155,0
DA:171,0
DA:178,0
DA:188,0
DA:189,0
DA:191,0
DA:192,0
DA:193,0
DA:195,0
DA:196,0
DA:197,0
DA:198,0
DA:202,0
DA:206,0
DA:216,0
DA:236,0
DA:238,0
DA:240,0
DA:241,0
DA:245,0
DA:246,0
DA:252,0
DA:255,0
DA:264,0
DA:266,0
DA:268,0
DA:281,0
DA:284,0
DA:297,0
DA:300,0
DA:310,0
DA:313,0
DA:323,0
DA:326,0
DA:336,0
DA:339,0
DA:352,0
DA:355,0
DA:365,0
DA:368,0
DA:378,0
DA:381,0
DA:391,0
DA:394,0
DA:401,0
DA:411,0
DA:412,0
DA:415,0
DA:422,0
DA:429,0
DA:430,0
DA:433,0
DA:440,0
DA:447,0
DA:456,0
DA:463,0
DA:469,0
LF:91
LH:0
BRDA:53,0,0,0
BRDA:53,0,1,0
BRDA:53,1,0,0
BRDA:53,1,1,0
BRDA:54,2,0,0
BRDA:54,2,1,0
BRDA:54,3,0,0
BRDA:54,3,1,0
BRDA:63,4,0,0
BRDA:63,4,1,0
BRDA:63,5,0,0
BRDA:63,5,1,0
BRDA:70,6,0,0
BRDA:70,6,1,0
BRDA:74,7,0,0
BRDA:74,7,1,0
BRDA:84,8,0,0
BRDA:84,8,1,0
BRDA:119,9,0,0
BRDA:119,9,1,0
BRDA:147,10,0,0
BRDA:147,10,1,0
BRDA:191,11,0,0
BRDA:191,11,1,0
BRDA:195,12,0,0
BRDA:195,12,1,0
BRDA:195,13,0,0
BRDA:195,13,1,0
BRDA:218,14,0,0
BRDA:218,14,1,0
BRDA:226,15,0,0
BRDA:226,15,1,0
BRDA:266,16,0,0
BRDA:266,16,1,0
BRDA:266,16,2,0
BRDA:266,16,3,0
BRDA:266,16,4,0
BRDA:266,16,5,0
BRDA:266,16,6,0
BRDA:266,16,7,0
BRDA:266,16,8,0
BRDA:273,17,0,0
BRDA:273,17,1,0
BRDA:289,18,0,0
BRDA:289,18,1,0
BRDA:344,19,0,0
BRDA:344,19,1,0
BRDA:411,20,0,0
BRDA:411,20,1,0
BRDA:429,21,0,0
BRDA:429,21,1,0
BRDA:456,22,0,0
BRDA:456,22,1,0
BRDA:469,23,0,0
BRDA:469,23,1,0
BRF:55
BRH:0
end_of_record
TN:
SF:src\lib\ai\risk\risk-identifier.ts
FN:63,(anonymous_0)
FN:73,(anonymous_1)
FN:119,(anonymous_2)
FN:134,(anonymous_3)
FN:156,(anonymous_4)
FN:163,(anonymous_5)
FN:171,(anonymous_6)
FN:182,(anonymous_7)
FN:217,(anonymous_8)
FN:251,(anonymous_9)
FN:281,(anonymous_10)
FN:290,(anonymous_11)
FN:305,(anonymous_12)
FN:322,(anonymous_13)
FN:339,(anonymous_14)
FN:434,(anonymous_15)
FN:457,(anonymous_16)
FN:475,(anonymous_17)
FN:496,(anonymous_18)
FN:507,(anonymous_19)
FNF:20
FNH:0
FNDA:0,(anonymous_0)
FNDA:0,(anonymous_1)
FNDA:0,(anonymous_2)
FNDA:0,(anonymous_3)
FNDA:0,(anonymous_4)
FNDA:0,(anonymous_5)
FNDA:0,(anonymous_6)
FNDA:0,(anonymous_7)
FNDA:0,(anonymous_8)
FNDA:0,(anonymous_9)
FNDA:0,(anonymous_10)
FNDA:0,(anonymous_11)
FNDA:0,(anonymous_12)
FNDA:0,(anonymous_13)
FNDA:0,(anonymous_14)
FNDA:0,(anonymous_15)
FNDA:0,(anonymous_16)
FNDA:0,(anonymous_17)
FNDA:0,(anonymous_18)
FNDA:0,(anonymous_19)
DA:14,0
DA:57,0
DA:64,0
DA:65,0
DA:66,0
DA:67,0
DA:77,0
DA:78,0
DA:81,0
DA:83,0
DA:84,0
DA:98,0
DA:100,0
DA:105,0
DA:108,0
DA:109,0
DA:112,0
DA:120,0
DA:121,0
DA:124,0
DA:125,0
DA:128,0
DA:135,0
DA:138,0
DA:139,0
DA:140,0
DA:144,0
DA:145,0
DA:146,0
DA:147,0
DA:149,0
DA:150,0
DA:155,0
DA:156,0
DA:157,0
DA:161,0
DA:162,0
DA:163,0
DA:164,0
DA:169,0
DA:170,0
DA:171,0
DA:172,0
DA:173,0
DA:174,0
DA:180,0
DA:181,0
DA:182,0
DA:183,0
DA:187,0
DA:211,0
DA:221,0
DA:222,0
DA:224,0
DA:225,0
DA:226,0
DA:228,0
DA:229,0
DA:230,0
DA:233,0
DA:234,0
DA:237,0
DA:241,0
DA:245,0
DA:255,0
DA:257,0
DA:290,0
DA:306,0
DA:316,0
DA:323,0
DA:333,0
DA:342,0
DA:345,0
DA:346,0
DA:373,0
DA:374,0
DA:401,0
DA:402,0
DA:428,0
DA:435,0
DA:447,0
DA:448,0
DA:451,0
DA:458,0
DA:465,0
DA:466,0
DA:469,0
DA:476,0
DA:486,0
DA:487,0
DA:490,0
DA:497,0
DA:498,0
DA:501,0
DA:508,0
DA:509,0
DA:512,0
LF:97
LH:0
BRDA:65,0,0,0
BRDA:65,0,1,0
BRDA:65,1,0,0
BRDA:65,1,1,0
BRDA:66,2,0,0
BRDA:66,2,1,0
BRDA:66,3,0,0
BRDA:66,3,1,0
BRDA:67,4,0,0
BRDA:67,4,1,0
BRDA:67,5,0,0
BRDA:67,5,1,0
BRDA:77,6,0,0
BRDA:77,6,1,0
BRDA:101,7,0,0
BRDA:101,7,1,0
BRDA:108,8,0,0
BRDA:108,8,1,0
BRDA:120,9,0,0
BRDA:120,9,1,0
BRDA:120,10,0,0
BRDA:120,10,1,0
BRDA:124,11,0,0
BRDA:124,11,1,0
BRDA:124,12,0,0
BRDA:124,12,1,0
BRDA:139,13,0,0
BRDA:139,13,1,0
BRDA:144,14,0,0
BRDA:144,14,1,0
BRDA:144,15,0,0
BRDA:144,15,1,0
BRDA:144,16,0,0
BRDA:144,16,1,0
BRDA:144,17,0,0
BRDA:144,17,1,0
BRDA:144,18,0,0
BRDA:144,18,1,0
BRDA:144,19,0,0
BRDA:144,19,1,0
BRDA:146,20,0,0
BRDA:146,20,1,0
BRDA:149,21,0,0
BRDA:149,21,1,0
BRDA:161,22,0,0
BRDA:161,22,1,0
BRDA:161,23,0,0
BRDA:161,23,1,0
BRDA:169,24,0,0
BRDA:169,24,1,0
BRDA:169,25,0,0
BRDA:169,25,1,0
BRDA:173,26,0,0
BRDA:173,26,1,0
BRDA:180,27,0,0
BRDA:180,27,1,0
BRDA:180,28,0,0
BRDA:180,28,1,0
BRDA:224,29,0,0
BRDA:224,29,1,0
BRDA:228,30,0,0
BRDA:228,30,1,0
BRDA:228,31,0,0
BRDA:228,31,1,0
BRDA:233,32,0,0
BRDA:233,32,1,0
BRDA:265,33,0,0
BRDA:265,33,1,0
BRDA:316,34,0,0
BRDA:316,34,1,0
BRDA:333,35,0,0
BRDA:333,35,1,0
BRDA:345,36,0,0
BRDA:345,36,1,0
BRDA:373,37,0,0
BRDA:373,37,1,0
BRDA:373,38,0,0
BRDA:373,38,1,0
BRDA:401,39,0,0
BRDA:401,39,1,0
BRDA:401,40,0,0
BRDA:401,40,1,0
BRDA:447,41,0,0
BRDA:447,41,1,0
BRDA:465,42,0,0
BRDA:465,42,1,0
BRDA:486,43,0,0
BRDA:486,43,1,0
BRDA:497,44,0,0
BRDA:497,44,1,0
BRDA:497,45,0,0
BRDA:497,45,1,0
BRDA:497,45,2,0
BRDA:508,46,0,0
BRDA:508,46,1,0
BRDA:508,47,0,0
BRDA:508,47,1,0
BRDA:508,47,2,0
BRF:98
BRH:0
end_of_record
TN:
SF:src\lib\ai\risk\risk-scorer.ts
FN:26,(anonymous_0)
FN:36,(anonymous_1)
FN:88,(anonymous_2)
FN:119,(anonymous_3)
FN:159,(anonymous_4)
FN:172,(anonymous_5)
FN:203,(anonymous_6)
FN:219,(anonymous_7)
FN:241,(anonymous_8)
FN:298,(anonymous_9)
FN:301,(anonymous_10)
FN:304,(anonymous_11)
FN:312,(anonymous_12)
FN:319,(anonymous_13)
FN:329,(anonymous_14)
FN:343,(anonymous_15)
FN:402,(anonymous_16)
FN:460,(anonymous_17)
FNF:18
FNH:0
FNDA:0,(anonymous_0)
FNDA:0,(anonymous_1)
FNDA:0,(anonymous_2)
FNDA:0,(anonymous_3)
FNDA:0,(anonymous_4)
FNDA:0,(anonymous_5)
FNDA:0,(anonymous_6)
FNDA:0,(anonymous_7)
FNDA:0,(anonymous_8)
FNDA:0,(anonymous_9)
FNDA:0,(anonymous_10)
FNDA:0,(anonymous_11)
FNDA:0,(anonymous_12)
FNDA:0,(anonymous_13)
FNDA:0,(anonymous_14)
FNDA:0,(anonymous_15)
FNDA:0,(anonymous_16)
FNDA:0,(anonymous_17)
DA:13,0
DA:23,0
DA:27,0
DA:40,0
DA:42,0
DA:43,0
DA:56,0
DA:62,0
DA:82,0
DA:85,0
DA:88,0
DA:99,0
DA:102,0
DA:104,0
DA:125,0
DA:149,0
DA:150,0
DA:154,0
DA:155,0
DA:156,0
DA:158,0
DA:159,0
DA:162,0
DA:166,0
DA:175,0
DA:176,0
DA:177,0
DA:179,0
DA:180,0
DA:181,0
DA:182,0
DA:183,0
DA:188,0
DA:189,0
DA:193,0
DA:194,0
DA:197,0
DA:204,0
DA:205,0
DA:207,0
DA:208,0
DA:210,0
DA:211,0
DA:213,0
DA:223,0
DA:224,0
DA:226,0
DA:227,0
DA:229,0
DA:230,0
DA:232,0
DA:233,0
DA:235,0
DA:244,0
DA:251,0
DA:258,0
DA:270,0
DA:272,0
DA:275,0
DA:278,0
DA:281,0
DA:283,0
DA:301,0
DA:304,0
DA:306,0
DA:313,0
DA:320,0
DA:330,0
DA:337,0
DA:349,0
DA:396,0
DA:408,0
DA:409,0
DA:411,0
DA:414,0
DA:421,0
DA:424,0
DA:427,0
DA:428,0
DA:432,0
DA:439,0
DA:450,0
DA:451,0
DA:452,0
DA:453,0
DA:456,0
DA:460,0
LF:87
LH:0
BRDA:42,0,0,0
BRDA:42,0,1,0
BRDA:42,1,0,0
BRDA:42,1,1,0
BRDA:92,2,0,0
BRDA:92,2,1,0
BRDA:92,3,0,0
BRDA:92,3,1,0
BRDA:92,4,0,0
BRDA:92,4,1,0
BRDA:93,5,0,0
BRDA:93,5,1,0
BRDA:93,6,0,0
BRDA:93,6,1,0
BRDA:93,7,0,0
BRDA:93,7,1,0
BRDA:156,8,0,0
BRDA:156,8,1,0
BRDA:180,9,0,0
BRDA:180,9,1,0
BRDA:188,10,0,0
BRDA:188,10,1,0
BRDA:193,11,0,0
BRDA:193,11,1,0
BRDA:204,12,0,0
BRDA:204,12,1,0
BRDA:207,13,0,0
BRDA:207,13,1,0
BRDA:210,14,0,0
BRDA:210,14,1,0
BRDA:224,15,0,0
BRDA:224,15,1,0
BRDA:224,16,0,0
BRDA:224,16,1,0
BRDA:224,17,0,0
BRDA:224,17,1,0
BRDA:226,18,0,0
BRDA:226,18,1,0
BRDA:229,19,0,0
BRDA:229,19,1,0
BRDA:229,20,0,0
BRDA:229,20,1,0
BRDA:232,21,0,0
BRDA:232,21,1,0
BRDA:396,22,0,0
BRDA:396,22,1,0
BRDA:427,23,0,0
BRDA:427,23,1,0
BRF:48
BRH:0
end_of_record
