<testsuites id="" name="" tests="35" failures="13" skipped="0" errors="0" time="74.884595">
<testsuite name="auth.spec.ts" timestamp="2026-01-11T15:09:50.209Z" hostname="chromium" tests="35" failures="13" skipped="0" time="22.589" errors="0">
<testcase name="用户注册与登录流程 › 应该成功注册新用户" classname="auth.spec.ts" time="1.609">
<system-out>
<![CDATA[[createTestUser] 注册响应状态: 201
[createTestUser] 响应数据: {
  "success": true,
  "message": "注册成功，请使用邮箱登录",
  "data": {
    "user": {
      "id": "cmk9veevz0000gc4xrlw08ksc",
      "email": "test-1768144191418@example.com",
      "username": "test191418",
      "name": "TestUser191418",
      "role": "USER",
      "createdAt": "2026-01-11T15:09:52.989Z"
    },
    "token": "eyJhbGciOiJIUzI1NiIsInR5cCI6IkpXVCJ9.eyJ1c2VySWQiOiJjbWs5dmVldnowMDAwZ2M0eHJsdzA4a3NjIiwiZW1haWwiOiJ0ZXN0LTE3NjgxNDQxOTE0MThAZXhhbXBsZS5jb20iLCJyb2xlIjoiVVNFUiIsImlhdCI6MTc2ODE0NDE5MiwiZXhwIjoxNzY4NzQ4OTkyfQ.U-0proLcUnmhQbvBTzR0G504zw8n0-NQDHrjX-uP3RQ"
  }
}
]]>
</system-out>
</testcase>
<testcase name="用户注册与登录流程 › 注册时应该验证邮箱格式" classname="auth.spec.ts" time="0.025">
</testcase>
<testcase name="用户注册与登录流程 › 注册时应该验证密码复杂度" classname="auth.spec.ts" time="0.021">
</testcase>
<testcase name="用户注册与登录流程 › 应该拒绝重复注册的邮箱" classname="auth.spec.ts" time="0.3">
<failure message="auth.spec.ts:242:7 应该拒绝重复注册的邮箱" type="FAILURE">
<![CDATA[  [chromium] › auth.spec.ts:242:7 › 用户注册与登录流程 › 应该拒绝重复注册的邮箱 ────────────────────────────────────────

    Error: expect(received).toContain(expected) // indexOf

    Expected substring: "已注册"
    Received string:    "USER_EXISTS"

      255 |     expect(response.status()).toBe(409);
      256 |     expect(data.success).toBe(false);
    > 257 |     expect(data.error).toContain("已注册");
          |                        ^
      258 |   });
      259 |
      260 |   test("应该成功登录已注册用户", async ({ request }) => {
        at D:\legal_debate_mvp\src\__tests__\e2e\auth.spec.ts:257:24
]]>
</failure>
<system-out>
<![CDATA[[createTestUser] 注册响应状态: 201
[createTestUser] 响应数据: {
  "success": true,
  "message": "注册成功，请使用邮箱登录",
  "data": {
    "user": {
      "id": "cmk9vef780001gc4x1xlb33ls",
      "email": "test-1768144193135@example.com",
      "username": "test193135",
      "name": "TestUser193135",
      "role": "USER",
      "createdAt": "2026-01-11T15:09:53.394Z"
    },
    "token": "eyJhbGciOiJIUzI1NiIsInR5cCI6IkpXVCJ9.eyJ1c2VySWQiOiJjbWs5dmVmNzgwMDAxZ2M0eDF4bGIzM2xzIiwiZW1haWwiOiJ0ZXN0LTE3NjgxNDQxOTMxMzVAZXhhbXBsZS5jb20iLCJyb2xlIjoiVVNFUiIsImlhdCI6MTc2ODE0NDE5MywiZXhwIjoxNzY4NzQ4OTkzfQ.BKqzcILzQ3jsgrQ0GT2kPkZiUil6xmQbEyeaUmdrY8o"
  }
}
]]>
</system-out>
</testcase>
<testcase name="用户注册与登录流程 › 应该成功登录已注册用户" classname="auth.spec.ts" time="1.138">
<system-out>
<![CDATA[[createTestUser] 注册响应状态: 201
[createTestUser] 响应数据: {
  "success": true,
  "message": "注册成功，请使用邮箱登录",
  "data": {
    "user": {
      "id": "cmk9vegn00002gc4x1rigyzw6",
      "email": "test-1768144194958@example.com",
      "username": "test194958",
      "name": "TestUser194958",
      "role": "USER",
      "createdAt": "2026-01-11T15:09:55.259Z"
    },
    "token": "eyJhbGciOiJIUzI1NiIsInR5cCI6IkpXVCJ9.eyJ1c2VySWQiOiJjbWs5dmVnbjAwMDAyZ2M0eDFyaWd5enc2IiwiZW1haWwiOiJ0ZXN0LTE3NjgxNDQxOTQ5NThAZXhhbXBsZS5jb20iLCJyb2xlIjoiVVNFUiIsImlhdCI6MTc2ODE0NDE5NSwiZXhwIjoxNzY4NzQ4OTk1fQ.qQfUpWKA2KojaGfj0QN_P6SejKZn7ZEQaWnqRn6ld28"
  }
}
]]>
</system-out>
</testcase>
<testcase name="用户注册与登录流程 › 应该拒绝错误的密码" classname="auth.spec.ts" time="0.553">
<system-out>
<![CDATA[[createTestUser] 注册响应状态: 201
[createTestUser] 响应数据: {
  "success": true,
  "message": "注册成功，请使用邮箱登录",
  "data": {
    "user": {
      "id": "cmk9vehht0003gc4xsdekop3v",
      "email": "test-1768144196104@example.com",
      "username": "test196104",
      "name": "TestUser196104",
      "role": "USER",
      "createdAt": "2026-01-11T15:09:56.367Z"
    },
    "token": "eyJhbGciOiJIUzI1NiIsInR5cCI6IkpXVCJ9.eyJ1c2VySWQiOiJjbWs5dmVoaHQwMDAzZ2M0eHNkZWtvcDN2IiwiZW1haWwiOiJ0ZXN0LTE3NjgxNDQxOTYxMDRAZXhhbXBsZS5jb20iLCJyb2xlIjoiVVNFUiIsImlhdCI6MTc2ODE0NDE5NiwiZXhwIjoxNzY4NzQ4OTk2fQ.7xkoL0r52U0Q9imXVnzOXijTHtFN57ZbjCteNFzucbc"
  }
}
]]>
</system-out>
</testcase>
<testcase name="用户注册与登录流程 › 应该获取当前用户信息" classname="auth.spec.ts" time="1.118">
<failure message="auth.spec.ts:287:7 应该获取当前用户信息" type="FAILURE">
<![CDATA[  [chromium] › auth.spec.ts:287:7 › 用户注册与登录流程 › 应该获取当前用户信息 ─────────────────────────────────────────

    TypeError: Cannot read properties of undefined (reading 'email')

      302 |     expect(response.ok()).toBeTruthy();
      303 |     expect(data.success).toBe(true);
    > 304 |     expect(data.data?.user.email).toBe(testUser.email);
          |                            ^
      305 |     expect(data.data?.user.id).toBe(testUser.id);
      306 |   });
      307 |
        at D:\legal_debate_mvp\src\__tests__\e2e\auth.spec.ts:304:28
]]>
</failure>
<system-out>
<![CDATA[[createTestUser] 注册响应状态: 201
[createTestUser] 响应数据: {
  "success": true,
  "message": "注册成功，请使用邮箱登录",
  "data": {
    "user": {
      "id": "cmk9vehyp0004gc4xea37l0mh",
      "email": "test-1768144196685@example.com",
      "username": "test196685",
      "name": "TestUser196685",
      "role": "USER",
      "createdAt": "2026-01-11T15:09:56.975Z"
    },
    "token": "eyJhbGciOiJIUzI1NiIsInR5cCI6IkpXVCJ9.eyJ1c2VySWQiOiJjbWs5dmVoeXAwMDA0Z2M0eGVhMzdsMG1oIiwiZW1haWwiOiJ0ZXN0LTE3NjgxNDQxOTY2ODVAZXhhbXBsZS5jb20iLCJyb2xlIjoiVVNFUiIsImlhdCI6MTc2ODE0NDE5NiwiZXhwIjoxNzY4NzQ4OTk2fQ._rk1_WjgObTsJr0lIhQrCAVRDb-Ut45oWzPT2VyxoT0"
  }
}
]]>
</system-out>
</testcase>
<testcase name="用户注册与登录流程 › 未认证用户应该无法获取当前用户信息" classname="auth.spec.ts" time="0.045">
</testcase>
<testcase name="用户会话管理 › 应该成功刷新访问令牌" classname="auth.spec.ts" time="1.136">
<failure message="auth.spec.ts:320:7 应该成功刷新访问令牌" type="FAILURE">
<![CDATA[  [chromium] › auth.spec.ts:320:7 › 用户会话管理 › 应该成功刷新访问令牌 ────────────────────────────────────────────

    Error: expect(received).toBeTruthy()

    Received: false

      192 |
      193 |   const data: RefreshResponseData = await response.json();
    > 194 |   expect(response.ok()).toBeTruthy();
          |                         ^
      195 |   expect(data.success).toBe(true);
      196 |
      197 |   return data.data?.token || "";
        at refreshToken (D:\legal_debate_mvp\src\__tests__\e2e\auth.spec.ts:194:25)
        at D:\legal_debate_mvp\src\__tests__\e2e\auth.spec.ts:332:22
]]>
</failure>
<system-out>
<![CDATA[[createTestUser] 注册响应状态: 201
[createTestUser] 响应数据: {
  "success": true,
  "message": "注册成功，请使用邮箱登录",
  "data": {
    "user": {
      "id": "cmk9vejvv0005gc4xz9cvdig3",
      "email": "test-1768144199110@example.com",
      "username": "test199110",
      "name": "TestUser199110",
      "role": "USER",
      "createdAt": "2026-01-11T15:09:59.466Z"
    },
    "token": "eyJhbGciOiJIUzI1NiIsInR5cCI6IkpXVCJ9.eyJ1c2VySWQiOiJjbWs5dmVqdnYwMDA1Z2M0eHo5Y3ZkaWczIiwiZW1haWwiOiJ0ZXN0LTE3NjgxNDQxOTkxMTBAZXhhbXBsZS5jb20iLCJyb2xlIjoiVVNFUiIsImlhdCI6MTc2ODE0NDE5OSwiZXhwIjoxNzY4NzQ4OTk5fQ.aipSa7BTsuLa8nZCBGaPyYTZ4NqDc8T9gXOvmyOsJ6E"
  }
}
]]>
</system-out>
</testcase>
<testcase name="用户会话管理 › 应该支持登出当前设备" classname="auth.spec.ts" time="1.174">
<system-out>
<![CDATA[[createTestUser] 注册响应状态: 201
[createTestUser] 响应数据: {
  "success": true,
  "message": "注册成功，请使用邮箱登录",
  "data": {
    "user": {
      "id": "cmk9velmp0006gc4xrahtt83w",
      "email": "test-1768144201444@example.com",
      "username": "test201444",
      "name": "TestUser201444",
      "role": "USER",
      "createdAt": "2026-01-11T15:10:01.728Z"
    },
    "token": "eyJhbGciOiJIUzI1NiIsInR5cCI6IkpXVCJ9.eyJ1c2VySWQiOiJjbWs5dmVsbXAwMDA2Z2M0eHJhaHR0ODN3IiwiZW1haWwiOiJ0ZXN0LTE3NjgxNDQyMDE0NDRAZXhhbXBsZS5jb20iLCJyb2xlIjoiVVNFUiIsImlhdCI6MTc2ODE0NDIwMSwiZXhwIjoxNzY4NzQ5MDAxfQ.hmf6aHgsBdMes3dPTfMzH0ZM5cCNJW5m4XskFJLOP3Y"
  }
}
]]>
</system-out>
</testcase>
<testcase name="用户会话管理 › 应该支持登出所有设备" classname="auth.spec.ts" time="0.52">
<system-out>
<![CDATA[[createTestUser] 注册响应状态: 201
[createTestUser] 响应数据: {
  "success": true,
  "message": "注册成功，请使用邮箱登录",
  "data": {
    "user": {
      "id": "cmk9vemie0007gc4x3mfb3u5e",
      "email": "test-1768144202627@example.com",
      "username": "test202627",
      "name": "TestUser202627",
      "role": "USER",
      "createdAt": "2026-01-11T15:10:02.869Z"
    },
    "token": "eyJhbGciOiJIUzI1NiIsInR5cCI6IkpXVCJ9.eyJ1c2VySWQiOiJjbWs5dmVtaWUwMDA3Z2M0eDNtZmIzdTVlIiwiZW1haWwiOiJ0ZXN0LTE3NjgxNDQyMDI2MjdAZXhhbXBsZS5jb20iLCJyb2xlIjoiVVNFUiIsImlhdCI6MTc2ODE0NDIwMiwiZXhwIjoxNzY4NzQ5MDAyfQ.4XHPk9d9nyWezgCk9DxODn_8gWQRLcDox9faPzH9fRo"
  }
}
]]>
</system-out>
</testcase>
<testcase name="用户会话管理 › 过期的令牌应该被拒绝" classname="auth.spec.ts" time="0.014">
</testcase>
<testcase name="密码找回与重置 › 应该发送密码重置验证码" classname="auth.spec.ts" time="1.759">
<system-out>
<![CDATA[[createTestUser] 注册响应状态: 201
[createTestUser] 响应数据: {
  "success": true,
  "message": "注册成功，请使用邮箱登录",
  "data": {
    "user": {
      "id": "cmk9vemy40008gc4xtuhuyy1y",
      "email": "test-1768144203195@example.com",
      "username": "test203195",
      "name": "TestUser203195",
      "role": "USER",
      "createdAt": "2026-01-11T15:10:03.435Z"
    },
    "token": "eyJhbGciOiJIUzI1NiIsInR5cCI6IkpXVCJ9.eyJ1c2VySWQiOiJjbWs5dmVteTQwMDA4Z2M0eHR1aHV5eTF5IiwiZW1haWwiOiJ0ZXN0LTE3NjgxNDQyMDMxOTVAZXhhbXBsZS5jb20iLCJyb2xlIjoiVVNFUiIsImlhdCI6MTc2ODE0NDIwMywiZXhwIjoxNzY4NzQ5MDAzfQ.hS5SXWDY2ugw3nW5LlJ5Bg2at6aRqvijr6atlBPVhSI"
  }
}
]]>
</system-out>
</testcase>
<testcase name="密码找回与重置 › 应该防止邮箱枚举攻击（不存在的用户也返回成功）" classname="auth.spec.ts" time="0.016">
</testcase>
<testcase name="密码找回与重置 › 应该验证验证码格式" classname="auth.spec.ts" time="0.507">
<system-out>
<![CDATA[[createTestUser] 注册响应状态: 201
[createTestUser] 响应数据: {
  "success": true,
  "message": "注册成功，请使用邮箱登录",
  "data": {
    "user": {
      "id": "cmk9veocd000bgc4xtgq9ejpn",
      "email": "test-1768144205004@example.com",
      "username": "test205004",
      "name": "TestUser205004",
      "role": "USER",
      "createdAt": "2026-01-11T15:10:05.244Z"
    },
    "token": "eyJhbGciOiJIUzI1NiIsInR5cCI6IkpXVCJ9.eyJ1c2VySWQiOiJjbWs5dmVvY2QwMDBiZ2M0eHRncTllanBuIiwiZW1haWwiOiJ0ZXN0LTE3NjgxNDQyMDUwMDRAZXhhbXBsZS5jb20iLCJyb2xlIjoiVVNFUiIsImlhdCI6MTc2ODE0NDIwNSwiZXhwIjoxNzY4NzQ5MDA1fQ.Rs9DO4CFHVvVwd5Ivs14z9AR3gfueQZIE2BzpxbFDAw"
  }
}
]]>
</system-out>
</testcase>
<testcase name="密码找回与重置 › 应该拒绝无效的验证码" classname="auth.spec.ts" time="0.258">
<system-out>
<![CDATA[[createTestUser] 注册响应状态: 201
[createTestUser] 响应数据: {
  "success": true,
  "message": "注册成功，请使用邮箱登录",
  "data": {
    "user": {
      "id": "cmk9veoqr000cgc4x3o2e49g8",
      "email": "test-1768144205523@example.com",
      "username": "test205523",
      "name": "TestUser205523",
      "role": "USER",
      "createdAt": "2026-01-11T15:10:05.763Z"
    },
    "token": "eyJhbGciOiJIUzI1NiIsInR5cCI6IkpXVCJ9.eyJ1c2VySWQiOiJjbWs5dmVvcXIwMDBjZ2M0eDNvMmU0OWc4IiwiZW1haWwiOiJ0ZXN0LTE3NjgxNDQyMDU1MjNAZXhhbXBsZS5jb20iLCJyb2xlIjoiVVNFUiIsImlhdCI6MTc2ODE0NDIwNSwiZXhwIjoxNzY4NzQ5MDA1fQ.A9g_qMuN1eTPrEwqEQbjOA6fGmOZve-mEBrPI7RrBxI"
  }
}
]]>
</system-out>
</testcase>
<testcase name="密码找回与重置 › 应该验证新密码复杂度" classname="auth.spec.ts" time="0.258">
<system-out>
<![CDATA[[createTestUser] 注册响应状态: 201
[createTestUser] 响应数据: {
  "success": true,
  "message": "注册成功，请使用邮箱登录",
  "data": {
    "user": {
      "id": "cmk9veoyd000dgc4xykfyl4ug",
      "email": "test-1768144205795@example.com",
      "username": "test205795",
      "name": "TestUser205795",
      "role": "USER",
      "createdAt": "2026-01-11T15:10:06.036Z"
    },
    "token": "eyJhbGciOiJIUzI1NiIsInR5cCI6IkpXVCJ9.eyJ1c2VySWQiOiJjbWs5dmVveWQwMDBkZ2M0eHlrZnlsNHVnIiwiZW1haWwiOiJ0ZXN0LTE3NjgxNDQyMDU3OTVAZXhhbXBsZS5jb20iLCJyb2xlIjoiVVNFUiIsImlhdCI6MTc2ODE0NDIwNiwiZXhwIjoxNzY4NzQ5MDA2fQ.UROhfSWJHzHsjQXwhMW7qt0LnKV6MuniFJ4-6WbG1LY"
  }
}
]]>
</system-out>
</testcase>
<testcase name="律师资格验证流程 › 应该提交律师资格申请" classname="auth.spec.ts" time="0.811">
<failure message="auth.spec.ts:495:7 应该提交律师资格申请" type="FAILURE">
<![CDATA[  [chromium] › auth.spec.ts:495:7 › 律师资格验证流程 › 应该提交律师资格申请 ──────────────────────────────────────────

    Error: expect(received).toBeTruthy()

    Received: false

      517 |
      518 |     const data: QualificationResponseData = await response.json();
    > 519 |     expect(response.ok()).toBeTruthy();
          |                           ^
      520 |     expect(data.success).toBe(true);
      521 |     expect(data.data?.qualification.status).toBe("PENDING");
      522 |   });
        at D:\legal_debate_mvp\src\__tests__\e2e\auth.spec.ts:519:27
]]>
</failure>
<system-out>
<![CDATA[[createTestUser] 注册响应状态: 201
[createTestUser] 响应数据: {
  "success": true,
  "message": "注册成功，请使用邮箱登录",
  "data": {
    "user": {
      "id": "cmk9vep5v000egc4x0vjfsuut",
      "email": "test-1768144206067@example.com",
      "username": "test206067",
      "name": "TestUser206067",
      "role": "USER",
      "createdAt": "2026-01-11T15:10:06.306Z"
    },
    "token": "eyJhbGciOiJIUzI1NiIsInR5cCI6IkpXVCJ9.eyJ1c2VySWQiOiJjbWs5dmVwNXYwMDBlZ2M0eDB2amZzdXV0IiwiZW1haWwiOiJ0ZXN0LTE3NjgxNDQyMDYwNjdAZXhhbXBsZS5jb20iLCJyb2xlIjoiVVNFUiIsImlhdCI6MTc2ODE0NDIwNiwiZXhwIjoxNzY4NzQ5MDA2fQ.ekq6Y_AnWqMbUAjPvQYJ5kABnWDnmLZuP4PD9ylZx7M"
  }
}
]]>
</system-out>
</testcase>
<testcase name="律师资格验证流程 › 应该验证执业证号格式" classname="auth.spec.ts" time="0.591">
<failure message="auth.spec.ts:524:7 应该验证执业证号格式" type="FAILURE">
<![CDATA[  [chromium] › auth.spec.ts:524:7 › 律师资格验证流程 › 应该验证执业证号格式 ──────────────────────────────────────────

    Error: expect(received).toBe(expected) // Object.is equality

    Expected: 400
    Received: 401

      545 |     );
      546 |
    > 547 |     expect(response.status()).toBe(400);
          |                               ^
      548 |   });
      549 |
      550 |   test("应该验证身份证号格式", async ({ request }) => {
        at D:\legal_debate_mvp\src\__tests__\e2e\auth.spec.ts:547:31
]]>
</failure>
<system-out>
<![CDATA[[createTestUser] 注册响应状态: 201
[createTestUser] 响应数据: {
  "success": true,
  "message": "注册成功，请使用邮箱登录",
  "data": {
    "user": {
      "id": "cmk9veqlk000fgc4xxpy7u5nx",
      "email": "test-1768144207866@example.com",
      "username": "test207866",
      "name": "TestUser207866",
      "role": "USER",
      "createdAt": "2026-01-11T15:10:08.167Z"
    },
    "token": "eyJhbGciOiJIUzI1NiIsInR5cCI6IkpXVCJ9.eyJ1c2VySWQiOiJjbWs5dmVxbGswMDBmZ2M0eHhweTd1NW54IiwiZW1haWwiOiJ0ZXN0LTE3NjgxNDQyMDc4NjZAZXhhbXBsZS5jb20iLCJyb2xlIjoiVVNFUiIsImlhdCI6MTc2ODE0NDIwOCwiZXhwIjoxNzY4NzQ5MDA4fQ.ssDiPv11FY4-5BNNaCApPAq1mVfhxhHEDcoT0Gv-jSs"
  }
}
]]>
</system-out>
</testcase>
<testcase name="律师资格验证流程 › 应该验证身份证号格式" classname="auth.spec.ts" time="0.542">
<failure message="auth.spec.ts:550:7 应该验证身份证号格式" type="FAILURE">
<![CDATA[  [chromium] › auth.spec.ts:550:7 › 律师资格验证流程 › 应该验证身份证号格式 ──────────────────────────────────────────

    Error: expect(received).toBe(expected) // Object.is equality

    Expected: 400
    Received: 401

      571 |     );
      572 |
    > 573 |     expect(response.status()).toBe(400);
          |                               ^
      574 |   });
      575 |
      576 |   test("应该获取当前用户的资格状态", async ({ request }) => {
        at D:\legal_debate_mvp\src\__tests__\e2e\auth.spec.ts:573:31
]]>
</failure>
<system-out>
<![CDATA[[createTestUser] 注册响应状态: 201
[createTestUser] 响应数据: {
  "success": true,
  "message": "注册成功，请使用邮箱登录",
  "data": {
    "user": {
      "id": "cmk9verql000ggc4x1xcd5wz0",
      "email": "test-1768144209389@example.com",
      "username": "test209389",
      "name": "TestUser209389",
      "role": "USER",
      "createdAt": "2026-01-11T15:10:09.644Z"
    },
    "token": "eyJhbGciOiJIUzI1NiIsInR5cCI6IkpXVCJ9.eyJ1c2VySWQiOiJjbWs5dmVycWwwMDBnZ2M0eDF4Y2Q1d3owIiwiZW1haWwiOiJ0ZXN0LTE3NjgxNDQyMDkzODlAZXhhbXBsZS5jb20iLCJyb2xlIjoiVVNFUiIsImlhdCI6MTc2ODE0NDIwOSwiZXhwIjoxNzY4NzQ5MDA5fQ.HysE_k0LVJAOFIRYSiZ4c7Nd8v5NsByUcgwE4BexVcc"
  }
}
]]>
</system-out>
</testcase>
<testcase name="律师资格验证流程 › 应该获取当前用户的资格状态" classname="auth.spec.ts" time="0.814">
<failure message="auth.spec.ts:576:7 应该获取当前用户的资格状态" type="FAILURE">
<![CDATA[  [chromium] › auth.spec.ts:576:7 › 律师资格验证流程 › 应该获取当前用户的资格状态 ───────────────────────────────────────

    Error: expect(received).toBeTruthy()

    Received: false

      603 |
      604 |     const data = await response.json();
    > 605 |     expect(response.ok()).toBeTruthy();
          |                           ^
      606 |     expect(data.success).toBe(true);
      607 |   });
      608 |
        at D:\legal_debate_mvp\src\__tests__\e2e\auth.spec.ts:605:27
]]>
</failure>
<system-out>
<![CDATA[[createTestUser] 注册响应状态: 201
[createTestUser] 响应数据: {
  "success": true,
  "message": "注册成功，请使用邮箱登录",
  "data": {
    "user": {
      "id": "cmk9vesx4000hgc4xgcmrzyah",
      "email": "test-1768144210894@example.com",
      "username": "test210894",
      "name": "TestUser210894",
      "role": "USER",
      "createdAt": "2026-01-11T15:10:11.175Z"
    },
    "token": "eyJhbGciOiJIUzI1NiIsInR5cCI6IkpXVCJ9.eyJ1c2VySWQiOiJjbWs5dmVzeDQwMDBoZ2M0eGdjbXJ6eWFoIiwiZW1haWwiOiJ0ZXN0LTE3NjgxNDQyMTA4OTRAZXhhbXBsZS5jb20iLCJyb2xlIjoiVVNFUiIsImlhdCI6MTc2ODE0NDIxMSwiZXhwIjoxNzY4NzQ5MDExfQ.0eQhfL-nRFfAxAV-R1MfhUkc9RBaKg62LAib-otgMLg"
  }
}
]]>
</system-out>
</testcase>
<testcase name="律师资格验证流程 › 管理员应该能够审核资格申请" classname="auth.spec.ts" time="1.648">
<failure message="auth.spec.ts:609:7 管理员应该能够审核资格申请" type="FAILURE">
<![CDATA[  [chromium] › auth.spec.ts:609:7 › 律师资格验证流程 › 管理员应该能够审核资格申请 ───────────────────────────────────────

    Error: expect(received).toBeTruthy()

    Received: false

      661 |
      662 |     const reviewData = await reviewResponse.json();
    > 663 |     expect(reviewResponse.ok()).toBeTruthy();
          |                                 ^
      664 |     expect(reviewData.success).toBe(true);
      665 |   });
      666 | });
        at D:\legal_debate_mvp\src\__tests__\e2e\auth.spec.ts:663:33
]]>
</failure>
<system-out>
<![CDATA[[createTestUser] 注册响应状态: 201
[createTestUser] 响应数据: {
  "success": true,
  "message": "注册成功，请使用邮箱登录",
  "data": {
    "user": {
      "id": "cmk9veug9000jgc4xafpn2zcv",
      "email": "test-1768144212919@example.com",
      "username": "test212919",
      "name": "TestUser212919",
      "role": "USER",
      "createdAt": "2026-01-11T15:10:13.160Z"
    },
    "token": "eyJhbGciOiJIUzI1NiIsInR5cCI6IkpXVCJ9.eyJ1c2VySWQiOiJjbWs5dmV1ZzkwMDBqZ2M0eGFmcG4yemN2IiwiZW1haWwiOiJ0ZXN0LTE3NjgxNDQyMTI5MTlAZXhhbXBsZS5jb20iLCJyb2xlIjoiVVNFUiIsImlhdCI6MTc2ODE0NDIxMywiZXhwIjoxNzY4NzQ5MDEzfQ.zyoZpY0PfBZQWkPmH35sxmYXKdAZ2IFa88Gc9JB8NfY"
  }
}
]]>
</system-out>
</testcase>
<testcase name="企业认证流程 › 应该提交企业注册申请" classname="auth.spec.ts" time="0.7">
<failure message="auth.spec.ts:673:7 应该提交企业注册申请" type="FAILURE">
<![CDATA[  [chromium] › auth.spec.ts:673:7 › 企业认证流程 › 应该提交企业注册申请 ────────────────────────────────────────────

    Error: expect(received).toBeTruthy()

    Received: false

      692 |
      693 |     const data: EnterpriseResponseData = await response.json();
    > 694 |     expect(response.ok()).toBeTruthy();
          |                           ^
      695 |     expect(data.success).toBe(true);
      696 |     expect(data.data?.enterprise.status).toBe("PENDING");
      697 |   });
        at D:\legal_debate_mvp\src\__tests__\e2e\auth.spec.ts:694:27
]]>
</failure>
<system-out>
<![CDATA[[createTestUser] 注册响应状态: 201
[createTestUser] 响应数据: {
  "success": true,
  "message": "注册成功，请使用邮箱登录",
  "data": {
    "user": {
      "id": "cmk9vew8m000kgc4xwboa34v6",
      "email": "test-1768144215221@example.com",
      "username": "test215221",
      "name": "TestUser215221",
      "role": "USER",
      "createdAt": "2026-01-11T15:10:15.477Z"
    },
    "token": "eyJhbGciOiJIUzI1NiIsInR5cCI6IkpXVCJ9.eyJ1c2VySWQiOiJjbWs5dmV3OG0wMDBrZ2M0eHdib2EzNHY2IiwiZW1haWwiOiJ0ZXN0LTE3NjgxNDQyMTUyMjFAZXhhbXBsZS5jb20iLCJyb2xlIjoiVVNFUiIsImlhdCI6MTc2ODE0NDIxNSwiZXhwIjoxNzY4NzQ5MDE1fQ.wRofRtVoyOWAMbkiFyQDUwaCgpFCZAeco4j4HrI77c4"
  }
}
]]>
</system-out>
</testcase>
<testcase name="企业认证流程 › 应该验证统一社会信用代码格式" classname="auth.spec.ts" time="0.543">
<system-out>
<![CDATA[[createTestUser] 注册响应状态: 201
[createTestUser] 响应数据: {
  "success": true,
  "message": "注册成功，请使用邮箱登录",
  "data": {
    "user": {
      "id": "cmk9vexia000lgc4xm06n25ia",
      "email": "test-1768144216863@example.com",
      "username": "test216863",
      "name": "TestUser216863",
      "role": "USER",
      "createdAt": "2026-01-11T15:10:17.116Z"
    },
    "token": "eyJhbGciOiJIUzI1NiIsInR5cCI6IkpXVCJ9.eyJ1c2VySWQiOiJjbWs5dmV4aWEwMDBsZ2M0eG0wNm4yNWlhIiwiZW1haWwiOiJ0ZXN0LTE3NjgxNDQyMTY4NjNAZXhhbXBsZS5jb20iLCJyb2xlIjoiVVNFUiIsImlhdCI6MTc2ODE0NDIxNywiZXhwIjoxNzY4NzQ5MDE3fQ.e2nRJnE-QulsCt1gzM7dv7msziaI2BiKJwhRchrFaEs"
  }
}
]]>
</system-out>
</testcase>
<testcase name="企业认证流程 › 应该获取当前用户的企业信息" classname="auth.spec.ts" time="0.699">
<failure message="auth.spec.ts:722:7 应该获取当前用户的企业信息" type="FAILURE">
<![CDATA[  [chromium] › auth.spec.ts:722:7 › 企业认证流程 › 应该获取当前用户的企业信息 ─────────────────────────────────────────

    Error: expect(received).toBeTruthy()

    Received: false

      749 |
      750 |     const data = await response.json();
    > 751 |     expect(response.ok()).toBeTruthy();
          |                           ^
      752 |     expect(data.success).toBe(true);
      753 |   });
      754 | });
        at D:\legal_debate_mvp\src\__tests__\e2e\auth.spec.ts:751:27
]]>
</failure>
<system-out>
<![CDATA[[createTestUser] 注册响应状态: 201
[createTestUser] 响应数据: {
  "success": true,
  "message": "注册成功，请使用邮箱登录",
  "data": {
    "user": {
      "id": "cmk9vexx7000mgc4xw0he4mqh",
      "email": "test-1768144217416@example.com",
      "username": "test217416",
      "name": "TestUser217416",
      "role": "USER",
      "createdAt": "2026-01-11T15:10:17.654Z"
    },
    "token": "eyJhbGciOiJIUzI1NiIsInR5cCI6IkpXVCJ9.eyJ1c2VySWQiOiJjbWs5dmV4eDcwMDBtZ2M0eHcwaGU0bXFoIiwiZW1haWwiOiJ0ZXN0LTE3NjgxNDQyMTc0MTZAZXhhbXBsZS5jb20iLCJyb2xlIjoiVVNFUiIsImlhdCI6MTc2ODE0NDIxNywiZXhwIjoxNzY4NzQ5MDE3fQ.aBbe08If3Tet_LjIjdqYNTSwFYl5FRmHkfpJI5pEe6c"
  }
}
]]>
</system-out>
</testcase>
<testcase name="第三方认证流程 › 应该支持微信OAuth授权流程" classname="auth.spec.ts" time="4.051">
</testcase>
<testcase name="第三方认证流程 › 应该支持QQ OAuth授权流程" classname="auth.spec.ts" time="0.253">
</testcase>
<testcase name="第三方认证流程 › 应该验证OAuth参数" classname="auth.spec.ts" time="0.054">
<failure message="auth.spec.ts:783:7 应该验证OAuth参数" type="FAILURE">
<![CDATA[  [chromium] › auth.spec.ts:783:7 › 第三方认证流程 › 应该验证OAuth参数 ──────────────────────────────────────────

    Error: expect(received).toBe(expected) // Object.is equality

    Expected: 400
    Received: 500

      785 |     const response = await request.get(`${BASE_URL}/api/auth/oauth/wechat`);
      786 |
    > 787 |     expect(response.status()).toBe(400);
          |                               ^
      788 |   });
      789 | });
      790 |
        at D:\legal_debate_mvp\src\__tests__\e2e\auth.spec.ts:787:31
]]>
</failure>
</testcase>
<testcase name="综合测试 - 完整用户生命周期 › 完整用户生命周期：注册到激活" classname="auth.spec.ts" time="0.546">
<failure message="auth.spec.ts:796:7 完整用户生命周期：注册到激活" type="FAILURE">
<![CDATA[  [chromium] › auth.spec.ts:796:7 › 综合测试 - 完整用户生命周期 › 完整用户生命周期：注册到激活 ───────────────────────────────

    TypeError: Cannot read properties of undefined (reading 'email')

      833 |     const meData: CurrentUserResponseData = await meResponse.json();
      834 |     expect(meResponse.ok()).toBeTruthy();
    > 835 |     expect(meData.data?.user.email).toBe(email);
          |                              ^
      836 |
      837 |     // 4. 刷新令牌
      838 |     const newToken = await refreshToken(request, rt);
        at D:\legal_debate_mvp\src\__tests__\e2e\auth.spec.ts:835:30
]]>
</failure>
</testcase>
<testcase name="安全和边界情况测试 › 应该拒绝无效的JWT令牌" classname="auth.spec.ts" time="0.043">
</testcase>
<testcase name="安全和边界情况测试 › 应该拒绝缺少Authorization头的请求" classname="auth.spec.ts" time="0.016">
</testcase>
<testcase name="安全和边界情况测试 › 应该拒绝格式错误的Authorization头" classname="auth.spec.ts" time="0.019">
</testcase>
<testcase name="安全和边界情况测试 › 应该处理过大的请求体" classname="auth.spec.ts" time="0.502">
<failure message="auth.spec.ts:917:7 应该处理过大的请求体" type="FAILURE">
<![CDATA[  [chromium] › auth.spec.ts:917:7 › 安全和边界情况测试 › 应该处理过大的请求体 ─────────────────────────────────────────

    Error: expect(received).toContain(expected) // indexOf

    Expected value: 200
    Received array: [400, 413]

      929 |
      930 |     // 应该返回413 Payload Too Large或处理错误
    > 931 |     expect([400, 413]).toContain(response.status());
          |                        ^
      932 |   });
      933 |
      934 |   test("应该处理缺失必填字段的请求", async ({ request }) => {
        at D:\legal_debate_mvp\src\__tests__\e2e\auth.spec.ts:931:24
]]>
</failure>
<system-out>
<![CDATA[[createTestUser] 注册响应状态: 201
[createTestUser] 响应数据: {
  "success": true,
  "message": "注册成功，请使用邮箱登录",
  "data": {
    "user": {
      "id": "cmk9vf4ko000ogc4x5b64j8jv",
      "email": "test-1768144226038@example.com",
      "username": "test226038",
      "name": "TestUser226038",
      "role": "USER",
      "createdAt": "2026-01-11T15:10:26.275Z"
    },
    "token": "eyJhbGciOiJIUzI1NiIsInR5cCI6IkpXVCJ9.eyJ1c2VySWQiOiJjbWs5dmY0a28wMDBvZ2M0eDViNjRqOGp2IiwiZW1haWwiOiJ0ZXN0LTE3NjgxNDQyMjYwMzhAZXhhbXBsZS5jb20iLCJyb2xlIjoiVVNFUiIsImlhdCI6MTc2ODE0NDIyNiwiZXhwIjoxNzY4NzQ5MDI2fQ.hvbZvQPSM1FEiZ5OxqwzNrAPaQu_SIsO8IWZVxV9Nu0"
  }
}
]]>
</system-out>
</testcase>
<testcase name="安全和边界情况测试 › 应该处理缺失必填字段的请求" classname="auth.spec.ts" time="0.292">
<system-out>
<![CDATA[[createTestUser] 注册响应状态: 201
[createTestUser] 响应数据: {
  "success": true,
  "message": "注册成功，请使用邮箱登录",
  "data": {
    "user": {
      "id": "cmk9vf5p0000pgc4x0cjj888l",
      "email": "test-1768144227474@example.com",
      "username": "test227474",
      "name": "TestUser227474",
      "role": "USER",
      "createdAt": "2026-01-11T15:10:27.726Z"
    },
    "token": "eyJhbGciOiJIUzI1NiIsInR5cCI6IkpXVCJ9.eyJ1c2VySWQiOiJjbWs5dmY1cDAwMDBwZ2M0eDBjamo4ODhsIiwiZW1haWwiOiJ0ZXN0LTE3NjgxNDQyMjc0NzRAZXhhbXBsZS5jb20iLCJyb2xlIjoiVVNFUiIsImlhdCI6MTc2ODE0NDIyNywiZXhwIjoxNzY4NzQ5MDI3fQ.3MiRotp38xqbR7XEi23R3XwK8BFhyn1Y-yNfot3grkc"
  }
}
]]>
</system-out>
</testcase>
<testcase name="安全和边界情况测试 › 应该处理空请求体" classname="auth.spec.ts" time="0.014">
</testcase>
</testsuite>
</testsuites>