<?xml version="1.0" encoding="UTF-8"?>
<coverage generated="1769751877754" clover="3.2.0">
  <project timestamp="1769751877754" name="All files">
    <metrics statements="193" coveredstatements="185" conditionals="67" coveredconditionals="51" methods="41" coveredmethods="40" elements="301" coveredelements="276" complexity="0" loc="193" ncloc="193" packages="1" files="2" classes="2"/>
    <file name="e2e-diagnosis-report-generator.ts" path="D:\legal_debate_mvp\src\lib\e2e\e2e-diagnosis-report-generator.ts">
      <metrics statements="92" coveredstatements="89" conditionals="25" coveredconditionals="19" methods="14" coveredmethods="14"/>
      <line num="6" count="1" type="stmt"/>
      <line num="45" count="1" type="stmt"/>
      <line num="50" count="8" type="stmt"/>
      <line num="52" count="8" type="stmt"/>
      <line num="73" count="3" type="stmt"/>
      <line num="74" count="3" type="stmt"/>
      <line num="77" count="3" type="stmt"/>
      <line num="78" count="3" type="stmt"/>
      <line num="79" count="3" type="stmt"/>
      <line num="80" count="3" type="stmt"/>
      <line num="83" count="3" type="stmt"/>
      <line num="84" count="3" type="stmt"/>
      <line num="85" count="3" type="stmt"/>
      <line num="86" count="3" type="stmt"/>
      <line num="87" count="3" type="stmt"/>
      <line num="88" count="3" type="stmt"/>
      <line num="89" count="3" type="stmt"/>
      <line num="90" count="3" type="stmt"/>
      <line num="91" count="3" type="stmt"/>
      <line num="92" count="3" type="stmt"/>
      <line num="95" count="3" type="stmt"/>
      <line num="98" count="3" type="cond" truecount="2" falsecount="0"/>
      <line num="99" count="2" type="stmt"/>
      <line num="100" count="2" type="stmt"/>
      <line num="101" count="2" type="stmt"/>
      <line num="102" count="2" type="stmt"/>
      <line num="103" count="2" type="stmt"/>
      <line num="106" count="2" type="stmt"/>
      <line num="109" count="2" type="stmt"/>
      <line num="110" count="2" type="stmt"/>
      <line num="111" count="2" type="stmt"/>
      <line num="114" count="2" type="stmt"/>
      <line num="115" count="2" type="stmt"/>
      <line num="118" count="2" type="stmt"/>
      <line num="123" count="2" type="cond" truecount="2" falsecount="0"/>
      <line num="126" count="2" type="stmt"/>
      <line num="131" count="2" type="cond" truecount="1" falsecount="1"/>
      <line num="134" count="2" type="stmt"/>
      <line num="139" count="2" type="cond" truecount="1" falsecount="1"/>
      <line num="142" count="2" type="cond" truecount="2" falsecount="0"/>
      <line num="143" count="1" type="stmt"/>
      <line num="144" count="1" type="stmt"/>
      <line num="145" count="1" type="stmt"/>
      <line num="146" count="1" type="stmt"/>
      <line num="148" count="1" type="stmt"/>
      <line num="151" count="1" type="stmt"/>
      <line num="152" count="1" type="stmt"/>
      <line num="153" count="1" type="stmt"/>
      <line num="154" count="1" type="stmt"/>
      <line num="157" count="3" type="stmt"/>
      <line num="164" count="2" type="stmt"/>
      <line num="165" count="2" type="stmt"/>
      <line num="172" count="11" type="cond" truecount="1" falsecount="1"/>
      <line num="175" count="11" type="stmt"/>
      <line num="178" count="11" type="stmt"/>
      <line num="179" count="7" type="stmt"/>
      <line num="180" count="7" type="cond" truecount="3" falsecount="0"/>
      <line num="182" count="5" type="stmt"/>
      <line num="183" count="5" type="stmt"/>
      <line num="185" count="1" type="stmt"/>
      <line num="186" count="1" type="stmt"/>
      <line num="188" count="1" type="stmt"/>
      <line num="189" count="1" type="stmt"/>
      <line num="193" count="11" type="stmt"/>
      <line num="200" count="6" type="cond" truecount="2" falsecount="0"/>
      <line num="201" count="4" type="cond" truecount="2" falsecount="0"/>
      <line num="202" count="3" type="stmt"/>
      <line num="213" count="8" type="cond" truecount="2" falsecount="0"/>
      <line num="215" count="2" type="stmt"/>
      <line num="216" count="2" type="stmt"/>
      <line num="217" count="2" type="stmt"/>
      <line num="219" count="2" type="stmt"/>
      <line num="220" count="2" type="stmt"/>
      <line num="221" count="2" type="stmt"/>
      <line num="222" count="2" type="stmt"/>
      <line num="223" count="2" type="stmt"/>
      <line num="224" count="2" type="stmt"/>
      <line num="225" count="3" type="stmt"/>
      <line num="227" count="2" type="stmt"/>
      <line num="228" count="2" type="stmt"/>
      <line num="229" count="2" type="stmt"/>
      <line num="232" count="2" type="stmt"/>
      <line num="244" count="8" type="stmt"/>
      <line num="246" count="6" type="stmt"/>
      <line num="249" count="6" type="stmt"/>
      <line num="252" count="6" type="stmt"/>
      <line num="254" count="6" type="stmt"/>
      <line num="262" count="2" type="cond" truecount="1" falsecount="3"/>
      <line num="264" count="2" type="stmt"/>
      <line num="266" count="0" type="stmt"/>
      <line num="268" count="0" type="stmt"/>
      <line num="270" count="0" type="stmt"/>
    </file>
    <file name="e2e-diagnosis-service.ts" path="D:\legal_debate_mvp\src\lib\e2e\e2e-diagnosis-service.ts">
      <metrics statements="101" coveredstatements="96" conditionals="42" coveredconditionals="32" methods="27" coveredmethods="26"/>
      <line num="9" count="2" type="cond" truecount="2" falsecount="0"/>
      <line num="10" count="2" type="stmt"/>
      <line num="11" count="2" type="stmt"/>
      <line num="12" count="2" type="stmt"/>
      <line num="13" count="2" type="stmt"/>
      <line num="19" count="2" type="cond" truecount="2" falsecount="0"/>
      <line num="20" count="2" type="stmt"/>
      <line num="21" count="2" type="stmt"/>
      <line num="22" count="2" type="stmt"/>
      <line num="73" count="2" type="stmt"/>
      <line num="75" count="22" type="stmt"/>
      <line num="86" count="22" type="stmt"/>
      <line num="97" count="22" type="stmt"/>
      <line num="110" count="11" type="stmt"/>
      <line num="111" count="27" type="stmt"/>
      <line num="113" count="11" type="stmt"/>
      <line num="114" count="17" type="cond" truecount="1" falsecount="1"/>
      <line num="116" count="17" type="stmt"/>
      <line num="117" count="74" type="cond" truecount="2" falsecount="0"/>
      <line num="118" count="9" type="stmt"/>
      <line num="119" count="3" type="stmt"/>
      <line num="122" count="9" type="cond" truecount="1" falsecount="1"/>
      <line num="123" count="0" type="stmt"/>
      <line num="125" count="9" type="stmt"/>
      <line num="133" count="9" type="stmt"/>
      <line num="138" count="11" type="stmt"/>
      <line num="145" count="11" type="stmt"/>
      <line num="146" count="27" type="stmt"/>
      <line num="148" count="11" type="stmt"/>
      <line num="149" count="17" type="cond" truecount="1" falsecount="1"/>
      <line num="151" count="17" type="stmt"/>
      <line num="152" count="91" type="cond" truecount="2" falsecount="0"/>
      <line num="153" count="6" type="stmt"/>
      <line num="154" count="1" type="stmt"/>
      <line num="157" count="6" type="cond" truecount="1" falsecount="1"/>
      <line num="158" count="0" type="stmt"/>
      <line num="160" count="6" type="stmt"/>
      <line num="168" count="6" type="stmt"/>
      <line num="173" count="11" type="stmt"/>
      <line num="180" count="11" type="stmt"/>
      <line num="181" count="27" type="stmt"/>
      <line num="183" count="11" type="stmt"/>
      <line num="184" count="17" type="cond" truecount="1" falsecount="1"/>
      <line num="186" count="17" type="stmt"/>
      <line num="187" count="78" type="cond" truecount="2" falsecount="0"/>
      <line num="188" count="6" type="stmt"/>
      <line num="189" count="0" type="stmt"/>
      <line num="192" count="6" type="cond" truecount="1" falsecount="1"/>
      <line num="193" count="0" type="stmt"/>
      <line num="195" count="6" type="stmt"/>
      <line num="203" count="6" type="stmt"/>
      <line num="208" count="11" type="stmt"/>
      <line num="215" count="7" type="stmt"/>
      <line num="216" count="23" type="stmt"/>
      <line num="217" count="23" type="stmt"/>
      <line num="218" count="23" type="stmt"/>
      <line num="219" count="7" type="cond" truecount="2" falsecount="0"/>
      <line num="222" count="7" type="stmt"/>
      <line num="223" count="7" type="stmt"/>
      <line num="224" count="7" type="stmt"/>
      <line num="227" count="7" type="stmt"/>
      <line num="228" count="7" type="stmt"/>
      <line num="229" count="8" type="stmt"/>
      <line num="234" count="8" type="stmt"/>
      <line num="238" count="7" type="stmt"/>
      <line num="246" count="7" type="stmt"/>
      <line num="248" count="7" type="stmt"/>
      <line num="264" count="3" type="cond" truecount="3" falsecount="1"/>
      <line num="266" count="1" type="stmt"/>
      <line num="268" count="1" type="stmt"/>
      <line num="270" count="1" type="stmt"/>
      <line num="272" count="0" type="stmt"/>
      <line num="285" count="7" type="cond" truecount="2" falsecount="0"/>
      <line num="286" count="2" type="stmt"/>
      <line num="289" count="5" type="stmt"/>
      <line num="290" count="6" type="stmt"/>
      <line num="293" count="5" type="stmt"/>
      <line num="294" count="3" type="stmt"/>
      <line num="297" count="5" type="stmt"/>
      <line num="298" count="3" type="stmt"/>
      <line num="301" count="5" type="stmt"/>
      <line num="302" count="5" type="stmt"/>
      <line num="304" count="5" type="stmt"/>
      <line num="316" count="7" type="stmt"/>
      <line num="317" count="12" type="stmt"/>
      <line num="319" count="7" type="cond" truecount="2" falsecount="0"/>
      <line num="320" count="4" type="stmt"/>
      <line num="321" count="4" type="stmt"/>
      <line num="324" count="7" type="cond" truecount="2" falsecount="0"/>
      <line num="325" count="2" type="stmt"/>
      <line num="326" count="2" type="stmt"/>
      <line num="329" count="7" type="cond" truecount="2" falsecount="0"/>
      <line num="330" count="3" type="stmt"/>
      <line num="331" count="3" type="stmt"/>
      <line num="334" count="7" type="stmt"/>
      <line num="341" count="9" type="stmt"/>
      <line num="350" count="9" type="cond" truecount="1" falsecount="1"/>
      <line num="357" count="6" type="stmt"/>
      <line num="366" count="6" type="cond" truecount="1" falsecount="1"/>
      <line num="373" count="6" type="stmt"/>
      <line num="381" count="6" type="cond" truecount="1" falsecount="1"/>
    </file>
  </project>
</coverage>
