TN:
SF:src\lib\e2e\e2e-diagnosis-report-generator.ts
FN:49,(anonymous_0)
FN:72,(anonymous_1)
FN:145,(anonymous_2)
FN:163,(anonymous_3)
FN:171,(anonymous_4)
FN:199,(anonymous_5)
FN:208,(anonymous_6)
FN:224,(anonymous_7)
FN:238,(anonymous_8)
FN:246,(anonymous_9)
FN:249,(anonymous_10)
FN:252,(anonymous_11)
FN:254,(anonymous_12)
FN:261,(anonymous_13)
FNF:14
FNH:14
FNDA:8,(anonymous_0)
FNDA:3,(anonymous_1)
FNDA:1,(anonymous_2)
FNDA:2,(anonymous_3)
FNDA:11,(anonymous_4)
FNDA:6,(anonymous_5)
FNDA:8,(anonymous_6)
FNDA:3,(anonymous_7)
FNDA:8,(anonymous_8)
FNDA:6,(anonymous_9)
FNDA:6,(anonymous_10)
FNDA:6,(anonymous_11)
FNDA:6,(anonymous_12)
FNDA:2,(anonymous_13)
DA:6,1
DA:45,1
DA:50,8
DA:52,8
DA:73,3
DA:74,3
DA:77,3
DA:78,3
DA:79,3
DA:80,3
DA:83,3
DA:84,3
DA:85,3
DA:86,3
DA:87,3
DA:88,3
DA:89,3
DA:90,3
DA:91,3
DA:92,3
DA:95,3
DA:98,3
DA:99,2
DA:100,2
DA:101,2
DA:102,2
DA:103,2
DA:106,2
DA:109,2
DA:110,2
DA:111,2
DA:114,2
DA:115,2
DA:118,2
DA:123,2
DA:126,2
DA:131,2
DA:134,2
DA:139,2
DA:142,2
DA:143,1
DA:144,1
DA:145,1
DA:146,1
DA:148,1
DA:151,1
DA:152,1
DA:153,1
DA:154,1
DA:157,3
DA:164,2
DA:165,2
DA:172,11
DA:175,11
DA:178,11
DA:179,7
DA:180,7
DA:182,5
DA:183,5
DA:185,1
DA:186,1
DA:188,1
DA:189,1
DA:193,11
DA:200,6
DA:201,4
DA:202,3
DA:213,8
DA:215,2
DA:216,2
DA:217,2
DA:219,2
DA:220,2
DA:221,2
DA:222,2
DA:223,2
DA:224,2
DA:225,3
DA:227,2
DA:228,2
DA:229,2
DA:232,2
DA:244,8
DA:246,6
DA:249,6
DA:252,6
DA:254,6
DA:262,2
DA:264,2
DA:266,0
DA:268,0
DA:270,0
LF:92
LH:89
BRDA:98,0,0,2
BRDA:98,0,1,1
BRDA:123,1,0,1
BRDA:123,1,1,1
BRDA:131,2,0,0
BRDA:131,2,1,2
BRDA:139,3,0,0
BRDA:139,3,1,2
BRDA:142,4,0,1
BRDA:142,4,1,1
BRDA:172,5,0,0
BRDA:172,5,1,11
BRDA:180,6,0,5
BRDA:180,6,1,1
BRDA:180,6,2,1
BRDA:200,7,0,2
BRDA:200,7,1,4
BRDA:201,8,0,1
BRDA:201,8,1,3
BRDA:213,9,0,6
BRDA:213,9,1,2
BRDA:262,10,0,2
BRDA:262,10,1,0
BRDA:262,10,2,0
BRDA:262,10,3,0
BRF:25
BRH:19
end_of_record
TN:
SF:src\lib\e2e\e2e-diagnosis-service.ts
FN:9,(anonymous_0)
FN:19,(anonymous_1)
FN:73,(anonymous_2)
FN:109,(anonymous_3)
FN:111,(anonymous_4)
FN:119,(anonymous_5)
FN:144,(anonymous_6)
FN:146,(anonymous_7)
FN:154,(anonymous_8)
FN:179,(anonymous_9)
FN:181,(anonymous_10)
FN:189,(anonymous_11)
FN:214,(anonymous_12)
FN:216,(anonymous_13)
FN:217,(anonymous_14)
FN:218,(anonymous_15)
FN:228,(anonymous_16)
FN:263,(anonymous_17)
FN:279,(anonymous_18)
FN:290,(anonymous_19)
FN:294,(anonymous_20)
FN:298,(anonymous_21)
FN:315,(anonymous_22)
FN:317,(anonymous_23)
FN:340,(anonymous_24)
FN:356,(anonymous_25)
FN:372,(anonymous_26)
FNF:27
FNH:26
FNDA:2,(anonymous_0)
FNDA:2,(anonymous_1)
FNDA:22,(anonymous_2)
FNDA:11,(anonymous_3)
FNDA:27,(anonymous_4)
FNDA:3,(anonymous_5)
FNDA:11,(anonymous_6)
FNDA:27,(anonymous_7)
FNDA:1,(anonymous_8)
FNDA:11,(anonymous_9)
FNDA:27,(anonymous_10)
FNDA:0,(anonymous_11)
FNDA:7,(anonymous_12)
FNDA:23,(anonymous_13)
FNDA:23,(anonymous_14)
FNDA:23,(anonymous_15)
FNDA:8,(anonymous_16)
FNDA:3,(anonymous_17)
FNDA:7,(anonymous_18)
FNDA:6,(anonymous_19)
FNDA:3,(anonymous_20)
FNDA:3,(anonymous_21)
FNDA:7,(anonymous_22)
FNDA:12,(anonymous_23)
FNDA:9,(anonymous_24)
FNDA:6,(anonymous_25)
FNDA:6,(anonymous_26)
DA:9,2
DA:10,2
DA:11,2
DA:12,2
DA:13,2
DA:19,2
DA:20,2
DA:21,2
DA:22,2
DA:73,2
DA:75,22
DA:86,22
DA:97,22
DA:110,11
DA:111,27
DA:113,11
DA:114,17
DA:116,17
DA:117,74
DA:118,9
DA:119,3
DA:122,9
DA:123,0
DA:125,9
DA:133,9
DA:138,11
DA:145,11
DA:146,27
DA:148,11
DA:149,17
DA:151,17
DA:152,91
DA:153,6
DA:154,1
DA:157,6
DA:158,0
DA:160,6
DA:168,6
DA:173,11
DA:180,11
DA:181,27
DA:183,11
DA:184,17
DA:186,17
DA:187,78
DA:188,6
DA:189,0
DA:192,6
DA:193,0
DA:195,6
DA:203,6
DA:208,11
DA:215,7
DA:216,23
DA:217,23
DA:218,23
DA:219,7
DA:222,7
DA:223,7
DA:224,7
DA:227,7
DA:228,7
DA:229,8
DA:234,8
DA:238,7
DA:246,7
DA:248,7
DA:264,3
DA:266,1
DA:268,1
DA:270,1
DA:272,0
DA:285,7
DA:286,2
DA:289,5
DA:290,6
DA:293,5
DA:294,3
DA:297,5
DA:298,3
DA:301,5
DA:302,5
DA:304,5
DA:316,7
DA:317,12
DA:319,7
DA:320,4
DA:321,4
DA:324,7
DA:325,2
DA:326,2
DA:329,7
DA:330,3
DA:331,3
DA:334,7
DA:341,9
DA:350,9
DA:357,6
DA:366,6
DA:373,6
DA:381,6
LF:101
LH:96
BRDA:9,0,0,2
BRDA:9,0,1,2
BRDA:19,1,0,2
BRDA:19,1,1,2
BRDA:114,2,0,0
BRDA:114,2,1,17
BRDA:117,3,0,9
BRDA:117,3,1,65
BRDA:122,4,0,0
BRDA:122,4,1,9
BRDA:149,5,0,0
BRDA:149,5,1,17
BRDA:152,6,0,6
BRDA:152,6,1,85
BRDA:157,7,0,0
BRDA:157,7,1,6
BRDA:184,8,0,0
BRDA:184,8,1,17
BRDA:187,9,0,6
BRDA:187,9,1,72
BRDA:192,10,0,0
BRDA:192,10,1,6
BRDA:219,11,0,6
BRDA:219,11,1,1
BRDA:264,12,0,1
BRDA:264,12,1,1
BRDA:264,12,2,1
BRDA:264,12,3,0
BRDA:285,13,0,2
BRDA:285,13,1,5
BRDA:319,14,0,4
BRDA:319,14,1,3
BRDA:324,15,0,2
BRDA:324,15,1,5
BRDA:329,16,0,3
BRDA:329,16,1,4
BRDA:350,17,0,9
BRDA:350,17,1,0
BRDA:366,18,0,6
BRDA:366,18,1,0
BRDA:381,19,0,6
BRDA:381,19,1,0
BRF:42
BRH:32
end_of_record
